[0.182s] Invoking command in '/home/kneely-ubuntu-22-04/project-repo/ucsd-mae-148-team-4/build/user_input_interfaces': CMAKE_PREFIX_PATH=${CMAKE_PREFIX_PATH}:/home/kneely-ubuntu-22-04/project-repo/ucsd-mae-148-team-4/install/ride_service_pkg:/home/kneely-ubuntu-22-04/project-repo/ucsd-mae-148-team-4/install/ride_request_pkg:/home/kneely-ubuntu-22-04/project-repo/ucsd-mae-148-team-4/install/face_rec_pkg:/opt/ros/iron /usr/bin/cmake --build /home/kneely-ubuntu-22-04/project-repo/ucsd-mae-148-team-4/build/user_input_interfaces -- -j8 -l8
[0.226s] -- Found ament_cmake: 2.0.4 (/opt/ros/iron/share/ament_cmake/cmake)
[0.564s] -- Found rosidl_default_generators: 1.5.0 (/opt/ros/iron/share/rosidl_default_generators/cmake)
[0.569s] -- Using all available rosidl_typesupport_c: rosidl_typesupport_fastrtps_c;rosidl_typesupport_introspection_c
[0.847s] -- Using all available rosidl_typesupport_cpp: rosidl_typesupport_fastrtps_cpp;rosidl_typesupport_introspection_cpp
[0.901s] -- Found rosidl_adapter: 4.0.1 (/opt/ros/iron/share/rosidl_adapter/cmake)
[1.516s] -- Found ament_cmake_ros: 0.11.2 (/opt/ros/iron/share/ament_cmake_ros/cmake)
[1.856s] -- Using all available rosidl_typesupport_c: rosidl_typesupport_fastrtps_c;rosidl_typesupport_introspection_c
[2.301s] -- Using all available rosidl_typesupport_cpp: rosidl_typesupport_fastrtps_cpp;rosidl_typesupport_introspection_cpp
[2.379s] -- Found python_cmake_module: 0.10.2 (/opt/ros/iron/share/python_cmake_module/cmake)
[2.468s] -- Using PYTHON_EXECUTABLE: /usr/bin/python3
[2.469s] -- Using PYTHON_INCLUDE_DIRS: /usr/include/python3.10
[2.470s] -- Using PYTHON_LIBRARIES: /usr/lib/x86_64-linux-gnu/libpython3.10.so
[2.512s] -- Found ament_lint_auto: 0.14.3 (/opt/ros/iron/share/ament_lint_auto/cmake)
[2.560s] -- Added test 'copyright' to check source files copyright and LICENSE
[2.565s] -- Added test 'lint_cmake' to check CMake code style
[2.567s] -- Added test 'xmllint' to check XML markup files
[2.574s] -- Configuring done
[2.686s] -- Generating done
[2.698s] -- Build files have been written to: /home/kneely-ubuntu-22-04/project-repo/ucsd-mae-148-team-4/build/user_input_interfaces
[2.877s] [  2%] [34m[1mGenerating type hashes for ROS interfaces[0m
[2.918s] [  2%] Built target ament_cmake_python_copy_user_input_interfaces
[3.565s] [  2%] Built target user_input_interfaces__rosidl_generator_type_description
[3.586s] [  4%] [34m[1mGenerating C code for ROS interfaces[0m
[3.615s] [  6%] [34m[1mGenerating C++ code for ROS interfaces[0m
[3.683s] running egg_info
[3.686s] writing user_input_interfaces.egg-info/PKG-INFO
[3.687s] writing dependency_links to user_input_interfaces.egg-info/dependency_links.txt
[3.688s] writing top-level names to user_input_interfaces.egg-info/top_level.txt
[3.697s] reading manifest file 'user_input_interfaces.egg-info/SOURCES.txt'
[3.699s] writing manifest file 'user_input_interfaces.egg-info/SOURCES.txt'
[3.829s] [  6%] Built target ament_cmake_python_build_user_input_interfaces_egg
[4.392s] [  6%] Built target user_input_interfaces__cpp
[4.497s] [35m[1mConsolidate compiler generated dependencies of target user_input_interfaces__rosidl_generator_c[0m
[4.519s] [ 13%] [32mBuilding C object CMakeFiles/user_input_interfaces__rosidl_generator_c.dir/rosidl_generator_c/user_input_interfaces/msg/detail/ride_request__functions.c.o[0m
[4.519s] [ 13%] [32mBuilding C object CMakeFiles/user_input_interfaces__rosidl_generator_c.dir/rosidl_generator_c/user_input_interfaces/msg/detail/ride_request__type_support.c.o[0m
[4.519s] [ 13%] [32mBuilding C object CMakeFiles/user_input_interfaces__rosidl_generator_c.dir/rosidl_generator_c/user_input_interfaces/msg/detail/ride_request__description.c.o[0m
[4.520s] [ 15%] [32mBuilding C object CMakeFiles/user_input_interfaces__rosidl_generator_c.dir/rosidl_generator_c/user_input_interfaces/msg/detail/ride_match__description.c.o[0m
[4.520s] [ 20%] [32mBuilding C object CMakeFiles/user_input_interfaces__rosidl_generator_c.dir/rosidl_generator_c/user_input_interfaces/msg/detail/ride_match__type_support.c.o[0m
[4.520s] [ 20%] [32mBuilding C object CMakeFiles/user_input_interfaces__rosidl_generator_c.dir/rosidl_generator_c/user_input_interfaces/msg/detail/ride_match__functions.c.o[0m
[4.649s] [ 22%] [32m[1mLinking C shared library libuser_input_interfaces__rosidl_generator_c.so[0m
[4.807s] [ 22%] Built target user_input_interfaces__rosidl_generator_c
[4.826s] [ 31%] [34m[1mGenerating C introspection for ROS interfaces[0m
[4.827s] [ 31%] [34m[1mGenerating C++ type support dispatch for ROS interfaces[0m
[4.827s] [ 31%] [34m[1mGenerating C type support dispatch for ROS interfaces[0m
[4.827s] [ 31%] [34m[1mGenerating C type support for eProsima Fast-RTPS[0m
[4.829s] [ 34%] [34m[1mGenerating C++ introspection for ROS interfaces[0m
[4.830s] [ 36%] [34m[1mGenerating C++ type support for eProsima Fast-RTPS[0m
[5.902s] [35m[1mConsolidate compiler generated dependencies of target user_input_interfaces__rosidl_typesupport_c[0m
[5.911s] [35m[1mConsolidate compiler generated dependencies of target user_input_interfaces__rosidl_typesupport_cpp[0m
[5.939s] [ 38%] [32mBuilding CXX object CMakeFiles/user_input_interfaces__rosidl_typesupport_c.dir/rosidl_typesupport_c/user_input_interfaces/msg/ride_request__type_support.cpp.o[0m
[5.964s] [ 40%] [32mBuilding CXX object CMakeFiles/user_input_interfaces__rosidl_typesupport_c.dir/rosidl_typesupport_c/user_input_interfaces/msg/ride_match__type_support.cpp.o[0m
[5.973s] [ 43%] [32mBuilding CXX object CMakeFiles/user_input_interfaces__rosidl_typesupport_cpp.dir/rosidl_typesupport_cpp/user_input_interfaces/msg/ride_request__type_support.cpp.o[0m
[5.985s] [ 45%] [32mBuilding CXX object CMakeFiles/user_input_interfaces__rosidl_typesupport_cpp.dir/rosidl_typesupport_cpp/user_input_interfaces/msg/ride_match__type_support.cpp.o[0m
[6.077s] [35m[1mConsolidate compiler generated dependencies of target user_input_interfaces__rosidl_typesupport_introspection_cpp[0m
[6.082s] [35m[1mConsolidate compiler generated dependencies of target user_input_interfaces__rosidl_typesupport_introspection_c[0m
[6.128s] [ 50%] [32mBuilding CXX object CMakeFiles/user_input_interfaces__rosidl_typesupport_introspection_cpp.dir/rosidl_typesupport_introspection_cpp/user_input_interfaces/msg/detail/ride_request__type_support.cpp.o[0m
[6.129s] [ 50%] [32mBuilding C object CMakeFiles/user_input_interfaces__rosidl_typesupport_introspection_c.dir/rosidl_typesupport_introspection_c/user_input_interfaces/msg/detail/ride_request__type_support.c.o[0m
[6.130s] [ 52%] [32m[1mLinking CXX shared library libuser_input_interfaces__rosidl_typesupport_c.so[0m
[6.132s] [35m[1mConsolidate compiler generated dependencies of target user_input_interfaces__rosidl_typesupport_fastrtps_c[0m
[6.133s] [35m[1mConsolidate compiler generated dependencies of target user_input_interfaces__rosidl_typesupport_fastrtps_cpp[0m
[6.136s] [ 54%] [32mBuilding CXX object CMakeFiles/user_input_interfaces__rosidl_typesupport_introspection_cpp.dir/rosidl_typesupport_introspection_cpp/user_input_interfaces/msg/detail/ride_match__type_support.cpp.o[0m
[6.184s] [ 56%] [32mBuilding CXX object CMakeFiles/user_input_interfaces__rosidl_typesupport_fastrtps_cpp.dir/rosidl_typesupport_fastrtps_cpp/user_input_interfaces/msg/detail/dds_fastrtps/ride_request__type_support.cpp.o[0m
[6.226s] [ 59%] [32mBuilding CXX object CMakeFiles/user_input_interfaces__rosidl_typesupport_fastrtps_c.dir/rosidl_typesupport_fastrtps_c/user_input_interfaces/msg/detail/ride_request__type_support_c.cpp.o[0m
[6.303s] [ 61%] [32mBuilding C object CMakeFiles/user_input_interfaces__rosidl_typesupport_introspection_c.dir/rosidl_typesupport_introspection_c/user_input_interfaces/msg/detail/ride_match__type_support.c.o[0m
[6.425s] [ 63%] [32m[1mLinking C shared library libuser_input_interfaces__rosidl_typesupport_introspection_c.so[0m
[6.590s] [ 63%] Built target user_input_interfaces__rosidl_typesupport_c
[6.630s] [ 65%] [32mBuilding CXX object CMakeFiles/user_input_interfaces__rosidl_typesupport_fastrtps_cpp.dir/rosidl_typesupport_fastrtps_cpp/user_input_interfaces/msg/detail/dds_fastrtps/ride_match__type_support.cpp.o[0m
[6.875s] [ 65%] Built target user_input_interfaces__rosidl_typesupport_introspection_c
[6.911s] [ 68%] [32mBuilding CXX object CMakeFiles/user_input_interfaces__rosidl_typesupport_fastrtps_c.dir/rosidl_typesupport_fastrtps_c/user_input_interfaces/msg/detail/ride_match__type_support_c.cpp.o[0m
[8.141s] [ 70%] [32m[1mLinking CXX shared library libuser_input_interfaces__rosidl_typesupport_cpp.so[0m
[8.396s] [ 72%] [32m[1mLinking CXX shared library libuser_input_interfaces__rosidl_typesupport_introspection_cpp.so[0m
[8.471s] [ 72%] Built target user_input_interfaces__rosidl_typesupport_cpp
[8.488s] [ 75%] [32m[1mLinking CXX shared library libuser_input_interfaces__rosidl_typesupport_fastrtps_c.so[0m
[8.828s] [ 75%] Built target user_input_interfaces__rosidl_typesupport_introspection_cpp
[8.956s] [ 75%] Built target user_input_interfaces__rosidl_typesupport_fastrtps_c
[9.129s] [ 77%] [32m[1mLinking CXX shared library libuser_input_interfaces__rosidl_typesupport_fastrtps_cpp.so[0m
[9.427s] [ 77%] Built target user_input_interfaces__rosidl_typesupport_fastrtps_cpp
[9.457s] [ 77%] Built target user_input_interfaces
[9.491s] [ 79%] [34m[1mGenerating Python code for ROS interfaces[0m
[10.192s] [ 79%] Built target user_input_interfaces__py
[10.218s] [35m[1mConsolidate compiler generated dependencies of target user_input_interfaces__rosidl_generator_py[0m
[10.245s] [ 84%] [32mBuilding C object CMakeFiles/user_input_interfaces__rosidl_generator_py.dir/rosidl_generator_py/user_input_interfaces/msg/_ride_match_s.c.o[0m
[10.245s] [ 84%] [32mBuilding C object CMakeFiles/user_input_interfaces__rosidl_generator_py.dir/rosidl_generator_py/user_input_interfaces/msg/_ride_request_s.c.o[0m
[10.478s] [ 86%] [32m[1mLinking C shared library rosidl_generator_py/user_input_interfaces/libuser_input_interfaces__rosidl_generator_py.so[0m
[10.621s] [ 86%] Built target user_input_interfaces__rosidl_generator_py
[10.638s] [35m[1mConsolidate compiler generated dependencies of target user_input_interfaces__rosidl_typesupport_c__pyext[0m
[10.638s] [35m[1mConsolidate compiler generated dependencies of target user_input_interfaces__rosidl_typesupport_fastrtps_c__pyext[0m
[10.639s] [35m[1mConsolidate compiler generated dependencies of target user_input_interfaces__rosidl_typesupport_introspection_c__pyext[0m
[10.661s] [ 93%] [32mBuilding C object CMakeFiles/user_input_interfaces__rosidl_typesupport_fastrtps_c__pyext.dir/rosidl_generator_py/user_input_interfaces/_user_input_interfaces_s.ep.rosidl_typesupport_fastrtps_c.c.o[0m
[10.661s] [ 93%] [32mBuilding C object CMakeFiles/user_input_interfaces__rosidl_typesupport_introspection_c__pyext.dir/rosidl_generator_py/user_input_interfaces/_user_input_interfaces_s.ep.rosidl_typesupport_introspection_c.c.o[0m
[10.662s] [ 93%] [32mBuilding C object CMakeFiles/user_input_interfaces__rosidl_typesupport_c__pyext.dir/rosidl_generator_py/user_input_interfaces/_user_input_interfaces_s.ep.rosidl_typesupport_c.c.o[0m
[10.867s] [ 95%] [32m[1mLinking C shared library rosidl_generator_py/user_input_interfaces/user_input_interfaces_s__rosidl_typesupport_fastrtps_c.cpython-310-x86_64-linux-gnu.so[0m
[10.875s] [ 97%] [32m[1mLinking C shared library rosidl_generator_py/user_input_interfaces/user_input_interfaces_s__rosidl_typesupport_c.cpython-310-x86_64-linux-gnu.so[0m
[10.885s] [100%] [32m[1mLinking C shared library rosidl_generator_py/user_input_interfaces/user_input_interfaces_s__rosidl_typesupport_introspection_c.cpython-310-x86_64-linux-gnu.so[0m
[11.032s] [100%] Built target user_input_interfaces__rosidl_typesupport_c__pyext
[11.039s] [100%] Built target user_input_interfaces__rosidl_typesupport_fastrtps_c__pyext
[11.052s] [100%] Built target user_input_interfaces__rosidl_typesupport_introspection_c__pyext
[11.077s] Invoked command in '/home/kneely-ubuntu-22-04/project-repo/ucsd-mae-148-team-4/build/user_input_interfaces' returned '0': CMAKE_PREFIX_PATH=${CMAKE_PREFIX_PATH}:/home/kneely-ubuntu-22-04/project-repo/ucsd-mae-148-team-4/install/ride_service_pkg:/home/kneely-ubuntu-22-04/project-repo/ucsd-mae-148-team-4/install/ride_request_pkg:/home/kneely-ubuntu-22-04/project-repo/ucsd-mae-148-team-4/install/face_rec_pkg:/opt/ros/iron /usr/bin/cmake --build /home/kneely-ubuntu-22-04/project-repo/ucsd-mae-148-team-4/build/user_input_interfaces -- -j8 -l8
[11.287s] Invoking command in '/home/kneely-ubuntu-22-04/project-repo/ucsd-mae-148-team-4/build/user_input_interfaces': CMAKE_PREFIX_PATH=${CMAKE_PREFIX_PATH}:/home/kneely-ubuntu-22-04/project-repo/ucsd-mae-148-team-4/install/ride_service_pkg:/home/kneely-ubuntu-22-04/project-repo/ucsd-mae-148-team-4/install/ride_request_pkg:/home/kneely-ubuntu-22-04/project-repo/ucsd-mae-148-team-4/install/face_rec_pkg:/opt/ros/iron /usr/bin/cmake --install /home/kneely-ubuntu-22-04/project-repo/ucsd-mae-148-team-4/build/user_input_interfaces
[11.303s] -- Install configuration: ""
[11.304s] -- Installing: /home/kneely-ubuntu-22-04/project-repo/ucsd-mae-148-team-4/install/user_input_interfaces/share/ament_index/resource_index/rosidl_interfaces/user_input_interfaces
[11.304s] -- Installing: /home/kneely-ubuntu-22-04/project-repo/ucsd-mae-148-team-4/install/user_input_interfaces/share/user_input_interfaces/msg/RideRequest.json
[11.306s] -- Installing: /home/kneely-ubuntu-22-04/project-repo/ucsd-mae-148-team-4/install/user_input_interfaces/share/user_input_interfaces/msg/RideMatch.json
[11.307s] -- Up-to-date: /home/kneely-ubuntu-22-04/project-repo/ucsd-mae-148-team-4/install/user_input_interfaces/include/user_input_interfaces/user_input_interfaces
[11.309s] -- Up-to-date: /home/kneely-ubuntu-22-04/project-repo/ucsd-mae-148-team-4/install/user_input_interfaces/include/user_input_interfaces/user_input_interfaces/msg
[11.310s] -- Installing: /home/kneely-ubuntu-22-04/project-repo/ucsd-mae-148-team-4/install/user_input_interfaces/include/user_input_interfaces/user_input_interfaces/msg/ride_match.h
[11.311s] -- Installing: /home/kneely-ubuntu-22-04/project-repo/ucsd-mae-148-team-4/install/user_input_interfaces/include/user_input_interfaces/user_input_interfaces/msg/ride_request.h
[11.312s] -- Up-to-date: /home/kneely-ubuntu-22-04/project-repo/ucsd-mae-148-team-4/install/user_input_interfaces/include/user_input_interfaces/user_input_interfaces/msg/detail
[11.312s] -- Installing: /home/kneely-ubuntu-22-04/project-repo/ucsd-mae-148-team-4/install/user_input_interfaces/include/user_input_interfaces/user_input_interfaces/msg/detail/ride_match__description.c
[11.313s] -- Installing: /home/kneely-ubuntu-22-04/project-repo/ucsd-mae-148-team-4/install/user_input_interfaces/include/user_input_interfaces/user_input_interfaces/msg/detail/ride_request__struct.h
[11.313s] -- Installing: /home/kneely-ubuntu-22-04/project-repo/ucsd-mae-148-team-4/install/user_input_interfaces/include/user_input_interfaces/user_input_interfaces/msg/detail/ride_match__type_support.c
[11.314s] -- Installing: /home/kneely-ubuntu-22-04/project-repo/ucsd-mae-148-team-4/install/user_input_interfaces/include/user_input_interfaces/user_input_interfaces/msg/detail/ride_match__functions.h
[11.315s] -- Installing: /home/kneely-ubuntu-22-04/project-repo/ucsd-mae-148-team-4/install/user_input_interfaces/include/user_input_interfaces/user_input_interfaces/msg/detail/ride_request__functions.c
[11.317s] -- Installing: /home/kneely-ubuntu-22-04/project-repo/ucsd-mae-148-team-4/install/user_input_interfaces/include/user_input_interfaces/user_input_interfaces/msg/detail/ride_request__type_support.c
[11.318s] -- Installing: /home/kneely-ubuntu-22-04/project-repo/ucsd-mae-148-team-4/install/user_input_interfaces/include/user_input_interfaces/user_input_interfaces/msg/detail/ride_match__functions.c
[11.318s] -- Installing: /home/kneely-ubuntu-22-04/project-repo/ucsd-mae-148-team-4/install/user_input_interfaces/include/user_input_interfaces/user_input_interfaces/msg/detail/ride_request__description.c
[11.320s] -- Installing: /home/kneely-ubuntu-22-04/project-repo/ucsd-mae-148-team-4/install/user_input_interfaces/include/user_input_interfaces/user_input_interfaces/msg/detail/ride_match__struct.h
[11.321s] -- Installing: /home/kneely-ubuntu-22-04/project-repo/ucsd-mae-148-team-4/install/user_input_interfaces/include/user_input_interfaces/user_input_interfaces/msg/detail/ride_request__type_support.h
[11.321s] -- Installing: /home/kneely-ubuntu-22-04/project-repo/ucsd-mae-148-team-4/install/user_input_interfaces/include/user_input_interfaces/user_input_interfaces/msg/detail/ride_match__type_support.h
[11.322s] -- Installing: /home/kneely-ubuntu-22-04/project-repo/ucsd-mae-148-team-4/install/user_input_interfaces/include/user_input_interfaces/user_input_interfaces/msg/detail/ride_request__functions.h
[11.323s] -- Up-to-date: /home/kneely-ubuntu-22-04/project-repo/ucsd-mae-148-team-4/install/user_input_interfaces/include/user_input_interfaces/user_input_interfaces/msg/rosidl_generator_c__visibility_control.h
[11.323s] -- Up-to-date: /home/kneely-ubuntu-22-04/project-repo/ucsd-mae-148-team-4/install/user_input_interfaces/share/user_input_interfaces/environment/library_path.sh
[11.323s] -- Up-to-date: /home/kneely-ubuntu-22-04/project-repo/ucsd-mae-148-team-4/install/user_input_interfaces/share/user_input_interfaces/environment/library_path.dsv
[11.323s] -- Installing: /home/kneely-ubuntu-22-04/project-repo/ucsd-mae-148-team-4/install/user_input_interfaces/lib/libuser_input_interfaces__rosidl_generator_c.so
[11.323s] -- Set runtime path of "/home/kneely-ubuntu-22-04/project-repo/ucsd-mae-148-team-4/install/user_input_interfaces/lib/libuser_input_interfaces__rosidl_generator_c.so" to ""
[11.323s] -- Up-to-date: /home/kneely-ubuntu-22-04/project-repo/ucsd-mae-148-team-4/install/user_input_interfaces/include/user_input_interfaces/user_input_interfaces
[11.324s] -- Up-to-date: /home/kneely-ubuntu-22-04/project-repo/ucsd-mae-148-team-4/install/user_input_interfaces/include/user_input_interfaces/user_input_interfaces/msg
[11.324s] -- Up-to-date: /home/kneely-ubuntu-22-04/project-repo/ucsd-mae-148-team-4/install/user_input_interfaces/include/user_input_interfaces/user_input_interfaces/msg/rosidl_typesupport_fastrtps_c__visibility_control.h
[11.324s] -- Up-to-date: /home/kneely-ubuntu-22-04/project-repo/ucsd-mae-148-team-4/install/user_input_interfaces/include/user_input_interfaces/user_input_interfaces/msg/detail
[11.324s] -- Installing: /home/kneely-ubuntu-22-04/project-repo/ucsd-mae-148-team-4/install/user_input_interfaces/include/user_input_interfaces/user_input_interfaces/msg/detail/ride_request__rosidl_typesupport_fastrtps_c.h
[11.325s] -- Installing: /home/kneely-ubuntu-22-04/project-repo/ucsd-mae-148-team-4/install/user_input_interfaces/include/user_input_interfaces/user_input_interfaces/msg/detail/ride_match__rosidl_typesupport_fastrtps_c.h
[11.325s] -- Installing: /home/kneely-ubuntu-22-04/project-repo/ucsd-mae-148-team-4/install/user_input_interfaces/lib/libuser_input_interfaces__rosidl_typesupport_fastrtps_c.so
[11.325s] -- Set runtime path of "/home/kneely-ubuntu-22-04/project-repo/ucsd-mae-148-team-4/install/user_input_interfaces/lib/libuser_input_interfaces__rosidl_typesupport_fastrtps_c.so" to ""
[11.325s] -- Up-to-date: /home/kneely-ubuntu-22-04/project-repo/ucsd-mae-148-team-4/install/user_input_interfaces/include/user_input_interfaces/user_input_interfaces
[11.326s] -- Up-to-date: /home/kneely-ubuntu-22-04/project-repo/ucsd-mae-148-team-4/install/user_input_interfaces/include/user_input_interfaces/user_input_interfaces/msg
[11.326s] -- Up-to-date: /home/kneely-ubuntu-22-04/project-repo/ucsd-mae-148-team-4/install/user_input_interfaces/include/user_input_interfaces/user_input_interfaces/msg/rosidl_typesupport_introspection_c__visibility_control.h
[11.327s] -- Up-to-date: /home/kneely-ubuntu-22-04/project-repo/ucsd-mae-148-team-4/install/user_input_interfaces/include/user_input_interfaces/user_input_interfaces/msg/detail
[11.327s] -- Installing: /home/kneely-ubuntu-22-04/project-repo/ucsd-mae-148-team-4/install/user_input_interfaces/include/user_input_interfaces/user_input_interfaces/msg/detail/ride_match__type_support.c
[11.328s] -- Installing: /home/kneely-ubuntu-22-04/project-repo/ucsd-mae-148-team-4/install/user_input_interfaces/include/user_input_interfaces/user_input_interfaces/msg/detail/ride_request__type_support.c
[11.329s] -- Installing: /home/kneely-ubuntu-22-04/project-repo/ucsd-mae-148-team-4/install/user_input_interfaces/include/user_input_interfaces/user_input_interfaces/msg/detail/ride_request__rosidl_typesupport_introspection_c.h
[11.329s] -- Installing: /home/kneely-ubuntu-22-04/project-repo/ucsd-mae-148-team-4/install/user_input_interfaces/include/user_input_interfaces/user_input_interfaces/msg/detail/ride_match__rosidl_typesupport_introspection_c.h
[11.330s] -- Installing: /home/kneely-ubuntu-22-04/project-repo/ucsd-mae-148-team-4/install/user_input_interfaces/lib/libuser_input_interfaces__rosidl_typesupport_introspection_c.so
[11.330s] -- Set runtime path of "/home/kneely-ubuntu-22-04/project-repo/ucsd-mae-148-team-4/install/user_input_interfaces/lib/libuser_input_interfaces__rosidl_typesupport_introspection_c.so" to ""
[11.331s] -- Installing: /home/kneely-ubuntu-22-04/project-repo/ucsd-mae-148-team-4/install/user_input_interfaces/lib/libuser_input_interfaces__rosidl_typesupport_c.so
[11.331s] -- Set runtime path of "/home/kneely-ubuntu-22-04/project-repo/ucsd-mae-148-team-4/install/user_input_interfaces/lib/libuser_input_interfaces__rosidl_typesupport_c.so" to ""
[11.332s] -- Up-to-date: /home/kneely-ubuntu-22-04/project-repo/ucsd-mae-148-team-4/install/user_input_interfaces/include/user_input_interfaces/user_input_interfaces
[11.333s] -- Up-to-date: /home/kneely-ubuntu-22-04/project-repo/ucsd-mae-148-team-4/install/user_input_interfaces/include/user_input_interfaces/user_input_interfaces/msg
[11.333s] -- Installing: /home/kneely-ubuntu-22-04/project-repo/ucsd-mae-148-team-4/install/user_input_interfaces/include/user_input_interfaces/user_input_interfaces/msg/ride_match.hpp
[11.334s] -- Up-to-date: /home/kneely-ubuntu-22-04/project-repo/ucsd-mae-148-team-4/install/user_input_interfaces/include/user_input_interfaces/user_input_interfaces/msg/detail
[11.334s] -- Installing: /home/kneely-ubuntu-22-04/project-repo/ucsd-mae-148-team-4/install/user_input_interfaces/include/user_input_interfaces/user_input_interfaces/msg/detail/ride_match__builder.hpp
[11.335s] -- Installing: /home/kneely-ubuntu-22-04/project-repo/ucsd-mae-148-team-4/install/user_input_interfaces/include/user_input_interfaces/user_input_interfaces/msg/detail/ride_match__struct.hpp
[11.335s] -- Installing: /home/kneely-ubuntu-22-04/project-repo/ucsd-mae-148-team-4/install/user_input_interfaces/include/user_input_interfaces/user_input_interfaces/msg/detail/ride_request__builder.hpp
[11.335s] -- Installing: /home/kneely-ubuntu-22-04/project-repo/ucsd-mae-148-team-4/install/user_input_interfaces/include/user_input_interfaces/user_input_interfaces/msg/detail/ride_match__traits.hpp
[11.336s] -- Installing: /home/kneely-ubuntu-22-04/project-repo/ucsd-mae-148-team-4/install/user_input_interfaces/include/user_input_interfaces/user_input_interfaces/msg/detail/ride_request__struct.hpp
[11.336s] -- Installing: /home/kneely-ubuntu-22-04/project-repo/ucsd-mae-148-team-4/install/user_input_interfaces/include/user_input_interfaces/user_input_interfaces/msg/detail/ride_request__traits.hpp
[11.337s] -- Installing: /home/kneely-ubuntu-22-04/project-repo/ucsd-mae-148-team-4/install/user_input_interfaces/include/user_input_interfaces/user_input_interfaces/msg/ride_request.hpp
[11.337s] -- Up-to-date: /home/kneely-ubuntu-22-04/project-repo/ucsd-mae-148-team-4/install/user_input_interfaces/include/user_input_interfaces/user_input_interfaces
[11.338s] -- Up-to-date: /home/kneely-ubuntu-22-04/project-repo/ucsd-mae-148-team-4/install/user_input_interfaces/include/user_input_interfaces/user_input_interfaces/msg
[11.338s] -- Up-to-date: /home/kneely-ubuntu-22-04/project-repo/ucsd-mae-148-team-4/install/user_input_interfaces/include/user_input_interfaces/user_input_interfaces/msg/rosidl_typesupport_fastrtps_cpp__visibility_control.h
[11.338s] -- Up-to-date: /home/kneely-ubuntu-22-04/project-repo/ucsd-mae-148-team-4/install/user_input_interfaces/include/user_input_interfaces/user_input_interfaces/msg/detail
[11.339s] -- Installing: /home/kneely-ubuntu-22-04/project-repo/ucsd-mae-148-team-4/install/user_input_interfaces/include/user_input_interfaces/user_input_interfaces/msg/detail/ride_match__rosidl_typesupport_fastrtps_cpp.hpp
[11.340s] -- Installing: /home/kneely-ubuntu-22-04/project-repo/ucsd-mae-148-team-4/install/user_input_interfaces/include/user_input_interfaces/user_input_interfaces/msg/detail/ride_request__rosidl_typesupport_fastrtps_cpp.hpp
[11.341s] -- Up-to-date: /home/kneely-ubuntu-22-04/project-repo/ucsd-mae-148-team-4/install/user_input_interfaces/include/user_input_interfaces/user_input_interfaces/msg/detail/dds_fastrtps
[11.341s] -- Installing: /home/kneely-ubuntu-22-04/project-repo/ucsd-mae-148-team-4/install/user_input_interfaces/lib/libuser_input_interfaces__rosidl_typesupport_fastrtps_cpp.so
[11.342s] -- Set runtime path of "/home/kneely-ubuntu-22-04/project-repo/ucsd-mae-148-team-4/install/user_input_interfaces/lib/libuser_input_interfaces__rosidl_typesupport_fastrtps_cpp.so" to ""
[11.342s] -- Up-to-date: /home/kneely-ubuntu-22-04/project-repo/ucsd-mae-148-team-4/install/user_input_interfaces/include/user_input_interfaces/user_input_interfaces
[11.343s] -- Up-to-date: /home/kneely-ubuntu-22-04/project-repo/ucsd-mae-148-team-4/install/user_input_interfaces/include/user_input_interfaces/user_input_interfaces/msg
[11.345s] -- Up-to-date: /home/kneely-ubuntu-22-04/project-repo/ucsd-mae-148-team-4/install/user_input_interfaces/include/user_input_interfaces/user_input_interfaces/msg/detail
[11.346s] -- Installing: /home/kneely-ubuntu-22-04/project-repo/ucsd-mae-148-team-4/install/user_input_interfaces/include/user_input_interfaces/user_input_interfaces/msg/detail/ride_request__rosidl_typesupport_introspection_cpp.hpp
[11.346s] -- Installing: /home/kneely-ubuntu-22-04/project-repo/ucsd-mae-148-team-4/install/user_input_interfaces/include/user_input_interfaces/user_input_interfaces/msg/detail/ride_match__type_support.cpp
[11.347s] -- Installing: /home/kneely-ubuntu-22-04/project-repo/ucsd-mae-148-team-4/install/user_input_interfaces/include/user_input_interfaces/user_input_interfaces/msg/detail/ride_request__type_support.cpp
[11.348s] -- Installing: /home/kneely-ubuntu-22-04/project-repo/ucsd-mae-148-team-4/install/user_input_interfaces/include/user_input_interfaces/user_input_interfaces/msg/detail/ride_match__rosidl_typesupport_introspection_cpp.hpp
[11.348s] -- Installing: /home/kneely-ubuntu-22-04/project-repo/ucsd-mae-148-team-4/install/user_input_interfaces/lib/libuser_input_interfaces__rosidl_typesupport_introspection_cpp.so
[11.348s] -- Set runtime path of "/home/kneely-ubuntu-22-04/project-repo/ucsd-mae-148-team-4/install/user_input_interfaces/lib/libuser_input_interfaces__rosidl_typesupport_introspection_cpp.so" to ""
[11.348s] -- Installing: /home/kneely-ubuntu-22-04/project-repo/ucsd-mae-148-team-4/install/user_input_interfaces/lib/libuser_input_interfaces__rosidl_typesupport_cpp.so
[11.348s] -- Set runtime path of "/home/kneely-ubuntu-22-04/project-repo/ucsd-mae-148-team-4/install/user_input_interfaces/lib/libuser_input_interfaces__rosidl_typesupport_cpp.so" to ""
[11.348s] -- Up-to-date: /home/kneely-ubuntu-22-04/project-repo/ucsd-mae-148-team-4/install/user_input_interfaces/share/user_input_interfaces/environment/pythonpath.sh
[11.349s] -- Up-to-date: /home/kneely-ubuntu-22-04/project-repo/ucsd-mae-148-team-4/install/user_input_interfaces/share/user_input_interfaces/environment/pythonpath.dsv
[11.349s] -- Up-to-date: /home/kneely-ubuntu-22-04/project-repo/ucsd-mae-148-team-4/install/user_input_interfaces/lib/python3.10/site-packages/user_input_interfaces-0.0.0-py3.10.egg-info
[11.349s] -- Installing: /home/kneely-ubuntu-22-04/project-repo/ucsd-mae-148-team-4/install/user_input_interfaces/lib/python3.10/site-packages/user_input_interfaces-0.0.0-py3.10.egg-info/PKG-INFO
[11.349s] -- Installing: /home/kneely-ubuntu-22-04/project-repo/ucsd-mae-148-team-4/install/user_input_interfaces/lib/python3.10/site-packages/user_input_interfaces-0.0.0-py3.10.egg-info/top_level.txt
[11.349s] -- Installing: /home/kneely-ubuntu-22-04/project-repo/ucsd-mae-148-team-4/install/user_input_interfaces/lib/python3.10/site-packages/user_input_interfaces-0.0.0-py3.10.egg-info/dependency_links.txt
[11.350s] -- Installing: /home/kneely-ubuntu-22-04/project-repo/ucsd-mae-148-team-4/install/user_input_interfaces/lib/python3.10/site-packages/user_input_interfaces-0.0.0-py3.10.egg-info/SOURCES.txt
[11.350s] -- Up-to-date: /home/kneely-ubuntu-22-04/project-repo/ucsd-mae-148-team-4/install/user_input_interfaces/lib/python3.10/site-packages/user_input_interfaces
[11.350s] -- Installing: /home/kneely-ubuntu-22-04/project-repo/ucsd-mae-148-team-4/install/user_input_interfaces/lib/python3.10/site-packages/user_input_interfaces/user_input_interfaces_s__rosidl_typesupport_c.cpython-310-x86_64-linux-gnu.so
[11.350s] -- Installing: /home/kneely-ubuntu-22-04/project-repo/ucsd-mae-148-team-4/install/user_input_interfaces/lib/python3.10/site-packages/user_input_interfaces/user_input_interfaces_s__rosidl_typesupport_introspection_c.cpython-310-x86_64-linux-gnu.so
[11.350s] -- Installing: /home/kneely-ubuntu-22-04/project-repo/ucsd-mae-148-team-4/install/user_input_interfaces/lib/python3.10/site-packages/user_input_interfaces/__init__.py
[11.351s] -- Up-to-date: /home/kneely-ubuntu-22-04/project-repo/ucsd-mae-148-team-4/install/user_input_interfaces/lib/python3.10/site-packages/user_input_interfaces/msg
[11.351s] -- Installing: /home/kneely-ubuntu-22-04/project-repo/ucsd-mae-148-team-4/install/user_input_interfaces/lib/python3.10/site-packages/user_input_interfaces/msg/__init__.py
[11.351s] -- Installing: /home/kneely-ubuntu-22-04/project-repo/ucsd-mae-148-team-4/install/user_input_interfaces/lib/python3.10/site-packages/user_input_interfaces/msg/_ride_request_s.c
[11.351s] -- Installing: /home/kneely-ubuntu-22-04/project-repo/ucsd-mae-148-team-4/install/user_input_interfaces/lib/python3.10/site-packages/user_input_interfaces/msg/_ride_match.py
[11.351s] -- Installing: /home/kneely-ubuntu-22-04/project-repo/ucsd-mae-148-team-4/install/user_input_interfaces/lib/python3.10/site-packages/user_input_interfaces/msg/_ride_match_s.c
[11.352s] -- Installing: /home/kneely-ubuntu-22-04/project-repo/ucsd-mae-148-team-4/install/user_input_interfaces/lib/python3.10/site-packages/user_input_interfaces/msg/_ride_request.py
[11.352s] -- Installing: /home/kneely-ubuntu-22-04/project-repo/ucsd-mae-148-team-4/install/user_input_interfaces/lib/python3.10/site-packages/user_input_interfaces/libuser_input_interfaces__rosidl_generator_py.so
[11.352s] -- Installing: /home/kneely-ubuntu-22-04/project-repo/ucsd-mae-148-team-4/install/user_input_interfaces/lib/python3.10/site-packages/user_input_interfaces/user_input_interfaces_s__rosidl_typesupport_fastrtps_c.cpython-310-x86_64-linux-gnu.so
[11.352s] -- Installing: /home/kneely-ubuntu-22-04/project-repo/ucsd-mae-148-team-4/install/user_input_interfaces/lib/python3.10/site-packages/user_input_interfaces/_user_input_interfaces_s.ep.rosidl_typesupport_fastrtps_c.c
[11.353s] -- Installing: /home/kneely-ubuntu-22-04/project-repo/ucsd-mae-148-team-4/install/user_input_interfaces/lib/python3.10/site-packages/user_input_interfaces/_user_input_interfaces_s.ep.rosidl_typesupport_c.c
[11.353s] -- Installing: /home/kneely-ubuntu-22-04/project-repo/ucsd-mae-148-team-4/install/user_input_interfaces/lib/python3.10/site-packages/user_input_interfaces/_user_input_interfaces_s.ep.rosidl_typesupport_introspection_c.c
[11.433s] Listing '/home/kneely-ubuntu-22-04/project-repo/ucsd-mae-148-team-4/install/user_input_interfaces/lib/python3.10/site-packages/user_input_interfaces'...
[11.433s] Compiling '/home/kneely-ubuntu-22-04/project-repo/ucsd-mae-148-team-4/install/user_input_interfaces/lib/python3.10/site-packages/user_input_interfaces/__init__.py'...
[11.434s] Listing '/home/kneely-ubuntu-22-04/project-repo/ucsd-mae-148-team-4/install/user_input_interfaces/lib/python3.10/site-packages/user_input_interfaces/msg'...
[11.434s] Compiling '/home/kneely-ubuntu-22-04/project-repo/ucsd-mae-148-team-4/install/user_input_interfaces/lib/python3.10/site-packages/user_input_interfaces/msg/__init__.py'...
[11.434s] Compiling '/home/kneely-ubuntu-22-04/project-repo/ucsd-mae-148-team-4/install/user_input_interfaces/lib/python3.10/site-packages/user_input_interfaces/msg/_ride_match.py'...
[11.434s] Compiling '/home/kneely-ubuntu-22-04/project-repo/ucsd-mae-148-team-4/install/user_input_interfaces/lib/python3.10/site-packages/user_input_interfaces/msg/_ride_request.py'...
[11.447s] -- Installing: /home/kneely-ubuntu-22-04/project-repo/ucsd-mae-148-team-4/install/user_input_interfaces/lib/python3.10/site-packages/user_input_interfaces/user_input_interfaces_s__rosidl_typesupport_fastrtps_c.cpython-310-x86_64-linux-gnu.so
[11.448s] -- Set runtime path of "/home/kneely-ubuntu-22-04/project-repo/ucsd-mae-148-team-4/install/user_input_interfaces/lib/python3.10/site-packages/user_input_interfaces/user_input_interfaces_s__rosidl_typesupport_fastrtps_c.cpython-310-x86_64-linux-gnu.so" to ""
[11.449s] -- Installing: /home/kneely-ubuntu-22-04/project-repo/ucsd-mae-148-team-4/install/user_input_interfaces/lib/python3.10/site-packages/user_input_interfaces/user_input_interfaces_s__rosidl_typesupport_introspection_c.cpython-310-x86_64-linux-gnu.so
[11.449s] -- Set runtime path of "/home/kneely-ubuntu-22-04/project-repo/ucsd-mae-148-team-4/install/user_input_interfaces/lib/python3.10/site-packages/user_input_interfaces/user_input_interfaces_s__rosidl_typesupport_introspection_c.cpython-310-x86_64-linux-gnu.so" to ""
[11.450s] -- Installing: /home/kneely-ubuntu-22-04/project-repo/ucsd-mae-148-team-4/install/user_input_interfaces/lib/python3.10/site-packages/user_input_interfaces/user_input_interfaces_s__rosidl_typesupport_c.cpython-310-x86_64-linux-gnu.so
[11.451s] -- Set runtime path of "/home/kneely-ubuntu-22-04/project-repo/ucsd-mae-148-team-4/install/user_input_interfaces/lib/python3.10/site-packages/user_input_interfaces/user_input_interfaces_s__rosidl_typesupport_c.cpython-310-x86_64-linux-gnu.so" to ""
[11.452s] -- Installing: /home/kneely-ubuntu-22-04/project-repo/ucsd-mae-148-team-4/install/user_input_interfaces/lib/libuser_input_interfaces__rosidl_generator_py.so
[11.453s] -- Set runtime path of "/home/kneely-ubuntu-22-04/project-repo/ucsd-mae-148-team-4/install/user_input_interfaces/lib/libuser_input_interfaces__rosidl_generator_py.so" to ""
[11.453s] -- Up-to-date: /home/kneely-ubuntu-22-04/project-repo/ucsd-mae-148-team-4/install/user_input_interfaces/share/user_input_interfaces/msg/RideRequest.idl
[11.454s] -- Installing: /home/kneely-ubuntu-22-04/project-repo/ucsd-mae-148-team-4/install/user_input_interfaces/share/user_input_interfaces/msg/RideMatch.idl
[11.454s] -- Up-to-date: /home/kneely-ubuntu-22-04/project-repo/ucsd-mae-148-team-4/install/user_input_interfaces/share/user_input_interfaces/msg/RideRequest.msg
[11.455s] -- Installing: /home/kneely-ubuntu-22-04/project-repo/ucsd-mae-148-team-4/install/user_input_interfaces/share/user_input_interfaces/msg/RideMatch.msg
[11.456s] -- Up-to-date: /home/kneely-ubuntu-22-04/project-repo/ucsd-mae-148-team-4/install/user_input_interfaces/share/ament_index/resource_index/package_run_dependencies/user_input_interfaces
[11.456s] -- Up-to-date: /home/kneely-ubuntu-22-04/project-repo/ucsd-mae-148-team-4/install/user_input_interfaces/share/ament_index/resource_index/parent_prefix_path/user_input_interfaces
[11.457s] -- Up-to-date: /home/kneely-ubuntu-22-04/project-repo/ucsd-mae-148-team-4/install/user_input_interfaces/share/user_input_interfaces/environment/ament_prefix_path.sh
[11.458s] -- Up-to-date: /home/kneely-ubuntu-22-04/project-repo/ucsd-mae-148-team-4/install/user_input_interfaces/share/user_input_interfaces/environment/ament_prefix_path.dsv
[11.458s] -- Up-to-date: /home/kneely-ubuntu-22-04/project-repo/ucsd-mae-148-team-4/install/user_input_interfaces/share/user_input_interfaces/environment/path.sh
[11.459s] -- Up-to-date: /home/kneely-ubuntu-22-04/project-repo/ucsd-mae-148-team-4/install/user_input_interfaces/share/user_input_interfaces/environment/path.dsv
[11.459s] -- Up-to-date: /home/kneely-ubuntu-22-04/project-repo/ucsd-mae-148-team-4/install/user_input_interfaces/share/user_input_interfaces/local_setup.bash
[11.459s] -- Up-to-date: /home/kneely-ubuntu-22-04/project-repo/ucsd-mae-148-team-4/install/user_input_interfaces/share/user_input_interfaces/local_setup.sh
[11.460s] -- Up-to-date: /home/kneely-ubuntu-22-04/project-repo/ucsd-mae-148-team-4/install/user_input_interfaces/share/user_input_interfaces/local_setup.zsh
[11.461s] -- Up-to-date: /home/kneely-ubuntu-22-04/project-repo/ucsd-mae-148-team-4/install/user_input_interfaces/share/user_input_interfaces/local_setup.dsv
[11.462s] -- Installing: /home/kneely-ubuntu-22-04/project-repo/ucsd-mae-148-team-4/install/user_input_interfaces/share/user_input_interfaces/package.dsv
[11.462s] -- Up-to-date: /home/kneely-ubuntu-22-04/project-repo/ucsd-mae-148-team-4/install/user_input_interfaces/share/ament_index/resource_index/packages/user_input_interfaces
[11.462s] -- Up-to-date: /home/kneely-ubuntu-22-04/project-repo/ucsd-mae-148-team-4/install/user_input_interfaces/share/user_input_interfaces/cmake/export_user_input_interfaces__rosidl_generator_cExport.cmake
[11.462s] -- Up-to-date: /home/kneely-ubuntu-22-04/project-repo/ucsd-mae-148-team-4/install/user_input_interfaces/share/user_input_interfaces/cmake/export_user_input_interfaces__rosidl_generator_cExport-noconfig.cmake
[11.463s] -- Up-to-date: /home/kneely-ubuntu-22-04/project-repo/ucsd-mae-148-team-4/install/user_input_interfaces/share/user_input_interfaces/cmake/export_user_input_interfaces__rosidl_typesupport_fastrtps_cExport.cmake
[11.463s] -- Up-to-date: /home/kneely-ubuntu-22-04/project-repo/ucsd-mae-148-team-4/install/user_input_interfaces/share/user_input_interfaces/cmake/export_user_input_interfaces__rosidl_typesupport_fastrtps_cExport-noconfig.cmake
[11.463s] -- Up-to-date: /home/kneely-ubuntu-22-04/project-repo/ucsd-mae-148-team-4/install/user_input_interfaces/share/user_input_interfaces/cmake/user_input_interfaces__rosidl_typesupport_introspection_cExport.cmake
[11.463s] -- Up-to-date: /home/kneely-ubuntu-22-04/project-repo/ucsd-mae-148-team-4/install/user_input_interfaces/share/user_input_interfaces/cmake/user_input_interfaces__rosidl_typesupport_introspection_cExport-noconfig.cmake
[11.463s] -- Up-to-date: /home/kneely-ubuntu-22-04/project-repo/ucsd-mae-148-team-4/install/user_input_interfaces/share/user_input_interfaces/cmake/user_input_interfaces__rosidl_typesupport_cExport.cmake
[11.463s] -- Up-to-date: /home/kneely-ubuntu-22-04/project-repo/ucsd-mae-148-team-4/install/user_input_interfaces/share/user_input_interfaces/cmake/user_input_interfaces__rosidl_typesupport_cExport-noconfig.cmake
[11.463s] -- Up-to-date: /home/kneely-ubuntu-22-04/project-repo/ucsd-mae-148-team-4/install/user_input_interfaces/share/user_input_interfaces/cmake/export_user_input_interfaces__rosidl_generator_cppExport.cmake
[11.464s] -- Up-to-date: /home/kneely-ubuntu-22-04/project-repo/ucsd-mae-148-team-4/install/user_input_interfaces/share/user_input_interfaces/cmake/export_user_input_interfaces__rosidl_typesupport_fastrtps_cppExport.cmake
[11.464s] -- Up-to-date: /home/kneely-ubuntu-22-04/project-repo/ucsd-mae-148-team-4/install/user_input_interfaces/share/user_input_interfaces/cmake/export_user_input_interfaces__rosidl_typesupport_fastrtps_cppExport-noconfig.cmake
[11.464s] -- Up-to-date: /home/kneely-ubuntu-22-04/project-repo/ucsd-mae-148-team-4/install/user_input_interfaces/share/user_input_interfaces/cmake/user_input_interfaces__rosidl_typesupport_introspection_cppExport.cmake
[11.464s] -- Up-to-date: /home/kneely-ubuntu-22-04/project-repo/ucsd-mae-148-team-4/install/user_input_interfaces/share/user_input_interfaces/cmake/user_input_interfaces__rosidl_typesupport_introspection_cppExport-noconfig.cmake
[11.464s] -- Up-to-date: /home/kneely-ubuntu-22-04/project-repo/ucsd-mae-148-team-4/install/user_input_interfaces/share/user_input_interfaces/cmake/user_input_interfaces__rosidl_typesupport_cppExport.cmake
[11.465s] -- Up-to-date: /home/kneely-ubuntu-22-04/project-repo/ucsd-mae-148-team-4/install/user_input_interfaces/share/user_input_interfaces/cmake/user_input_interfaces__rosidl_typesupport_cppExport-noconfig.cmake
[11.466s] -- Up-to-date: /home/kneely-ubuntu-22-04/project-repo/ucsd-mae-148-team-4/install/user_input_interfaces/share/user_input_interfaces/cmake/export_user_input_interfaces__rosidl_generator_pyExport.cmake
[11.466s] -- Up-to-date: /home/kneely-ubuntu-22-04/project-repo/ucsd-mae-148-team-4/install/user_input_interfaces/share/user_input_interfaces/cmake/export_user_input_interfaces__rosidl_generator_pyExport-noconfig.cmake
[11.466s] -- Installing: /home/kneely-ubuntu-22-04/project-repo/ucsd-mae-148-team-4/install/user_input_interfaces/share/user_input_interfaces/cmake/rosidl_cmake-extras.cmake
[11.467s] -- Up-to-date: /home/kneely-ubuntu-22-04/project-repo/ucsd-mae-148-team-4/install/user_input_interfaces/share/user_input_interfaces/cmake/ament_cmake_export_include_directories-extras.cmake
[11.467s] -- Up-to-date: /home/kneely-ubuntu-22-04/project-repo/ucsd-mae-148-team-4/install/user_input_interfaces/share/user_input_interfaces/cmake/ament_cmake_export_libraries-extras.cmake
[11.468s] -- Up-to-date: /home/kneely-ubuntu-22-04/project-repo/ucsd-mae-148-team-4/install/user_input_interfaces/share/user_input_interfaces/cmake/ament_cmake_export_targets-extras.cmake
[11.469s] -- Up-to-date: /home/kneely-ubuntu-22-04/project-repo/ucsd-mae-148-team-4/install/user_input_interfaces/share/user_input_interfaces/cmake/rosidl_cmake_export_typesupport_targets-extras.cmake
[11.469s] -- Up-to-date: /home/kneely-ubuntu-22-04/project-repo/ucsd-mae-148-team-4/install/user_input_interfaces/share/user_input_interfaces/cmake/ament_cmake_export_dependencies-extras.cmake
[11.469s] -- Up-to-date: /home/kneely-ubuntu-22-04/project-repo/ucsd-mae-148-team-4/install/user_input_interfaces/share/user_input_interfaces/cmake/rosidl_cmake_export_typesupport_libraries-extras.cmake
[11.470s] -- Up-to-date: /home/kneely-ubuntu-22-04/project-repo/ucsd-mae-148-team-4/install/user_input_interfaces/share/user_input_interfaces/cmake/user_input_interfacesConfig.cmake
[11.470s] -- Up-to-date: /home/kneely-ubuntu-22-04/project-repo/ucsd-mae-148-team-4/install/user_input_interfaces/share/user_input_interfaces/cmake/user_input_interfacesConfig-version.cmake
[11.470s] -- Up-to-date: /home/kneely-ubuntu-22-04/project-repo/ucsd-mae-148-team-4/install/user_input_interfaces/share/user_input_interfaces/package.xml
[11.472s] Invoked command in '/home/kneely-ubuntu-22-04/project-repo/ucsd-mae-148-team-4/build/user_input_interfaces' returned '0': CMAKE_PREFIX_PATH=${CMAKE_PREFIX_PATH}:/home/kneely-ubuntu-22-04/project-repo/ucsd-mae-148-team-4/install/ride_service_pkg:/home/kneely-ubuntu-22-04/project-repo/ucsd-mae-148-team-4/install/ride_request_pkg:/home/kneely-ubuntu-22-04/project-repo/ucsd-mae-148-team-4/install/face_rec_pkg:/opt/ros/iron /usr/bin/cmake --install /home/kneely-ubuntu-22-04/project-repo/ucsd-mae-148-team-4/build/user_input_interfaces
