[1.996s] DEBUG:colcon:Command line arguments: ['/usr/bin/colcon', 'build']
[1.996s] DEBUG:colcon:Parsed command line arguments: Namespace(log_base=None, log_level=None, verb_name='build', build_base='build', install_base='install', merge_install=False, symlink_install=False, test_result_base=None, continue_on_error=False, executor='parallel', parallel_workers=8, event_handlers=None, ignore_user_meta=False, metas=['./colcon.meta'], base_paths=['.'], packages_ignore=None, packages_ignore_regex=None, paths=None, packages_up_to=None, packages_up_to_regex=None, packages_above=None, packages_above_and_dependencies=None, packages_above_depth=None, packages_select_by_dep=None, packages_skip_by_dep=None, packages_skip_up_to=None, packages_select_build_failed=False, packages_skip_build_finished=False, packages_select_test_failures=False, packages_skip_test_passed=False, packages_select=None, packages_skip=None, packages_select_regex=None, packages_skip_regex=None, packages_start=None, packages_end=None, allow_overriding=[], cmake_args=None, cmake_target=None, cmake_target_skip_unavailable=False, cmake_clean_cache=False, cmake_clean_first=False, cmake_force_configure=False, ament_cmake_args=None, catkin_cmake_args=None, catkin_skip_building_tests=False, verb_parser=<colcon_defaults.argument_parser.defaults.DefaultArgumentsDecorator object at 0x7f22238c7460>, verb_extension=<colcon_core.verb.build.BuildVerb object at 0x7f22238c61d0>, main=<bound method BuildVerb.main of <colcon_core.verb.build.BuildVerb object at 0x7f22238c61d0>>)
[2.088s] Level 1:colcon.colcon_core.package_discovery:discover_packages(colcon_meta) check parameters
[2.088s] Level 1:colcon.colcon_core.package_discovery:discover_packages(recursive) check parameters
[2.088s] Level 1:colcon.colcon_core.package_discovery:discover_packages(ignore) check parameters
[2.088s] Level 1:colcon.colcon_core.package_discovery:discover_packages(path) check parameters
[2.088s] Level 1:colcon.colcon_core.package_discovery:discover_packages(colcon_meta) discover
[2.089s] Level 1:colcon.colcon_core.package_discovery:discover_packages(recursive) discover
[2.089s] INFO:colcon.colcon_core.package_discovery:Crawling recursively for packages in '/home/kneely-ubuntu-22-04/project-repo/ucsd-mae-148-team-4'
[2.089s] Level 1:colcon.colcon_core.package_identification:_identify(.) by extensions ['ignore', 'ignore_ament_install']
[2.089s] Level 1:colcon.colcon_core.package_identification:_identify(.) by extension 'ignore'
[2.089s] Level 1:colcon.colcon_core.package_identification:_identify(.) by extension 'ignore_ament_install'
[2.089s] Level 1:colcon.colcon_core.package_identification:_identify(.) by extensions ['colcon_pkg']
[2.089s] Level 1:colcon.colcon_core.package_identification:_identify(.) by extension 'colcon_pkg'
[2.089s] Level 1:colcon.colcon_core.package_identification:_identify(.) by extensions ['colcon_meta']
[2.090s] Level 1:colcon.colcon_core.package_identification:_identify(.) by extension 'colcon_meta'
[2.090s] Level 1:colcon.colcon_core.package_identification:_identify(.) by extensions ['ros']
[2.090s] Level 1:colcon.colcon_core.package_identification:_identify(.) by extension 'ros'
[2.111s] Level 1:colcon.colcon_core.package_identification:_identify(.) by extensions ['cmake', 'python']
[2.112s] Level 1:colcon.colcon_core.package_identification:_identify(.) by extension 'cmake'
[2.112s] Level 1:colcon.colcon_core.package_identification:_identify(.) by extension 'python'
[2.112s] Level 1:colcon.colcon_core.package_identification:_identify(.) by extensions ['python_setup_py']
[2.112s] Level 1:colcon.colcon_core.package_identification:_identify(.) by extension 'python_setup_py'
[2.112s] Level 1:colcon.colcon_core.package_identification:_identify(build) by extensions ['ignore', 'ignore_ament_install']
[2.112s] Level 1:colcon.colcon_core.package_identification:_identify(build) by extension 'ignore'
[2.112s] Level 1:colcon.colcon_core.package_identification:_identify(build) ignored
[2.113s] Level 1:colcon.colcon_core.package_identification:_identify(drafts) by extensions ['ignore', 'ignore_ament_install']
[2.113s] Level 1:colcon.colcon_core.package_identification:_identify(drafts) by extension 'ignore'
[2.113s] Level 1:colcon.colcon_core.package_identification:_identify(drafts) by extension 'ignore_ament_install'
[2.113s] Level 1:colcon.colcon_core.package_identification:_identify(drafts) by extensions ['colcon_pkg']
[2.113s] Level 1:colcon.colcon_core.package_identification:_identify(drafts) by extension 'colcon_pkg'
[2.113s] Level 1:colcon.colcon_core.package_identification:_identify(drafts) by extensions ['colcon_meta']
[2.113s] Level 1:colcon.colcon_core.package_identification:_identify(drafts) by extension 'colcon_meta'
[2.113s] Level 1:colcon.colcon_core.package_identification:_identify(drafts) by extensions ['ros']
[2.113s] Level 1:colcon.colcon_core.package_identification:_identify(drafts) by extension 'ros'
[2.114s] Level 1:colcon.colcon_core.package_identification:_identify(drafts) by extensions ['cmake', 'python']
[2.114s] Level 1:colcon.colcon_core.package_identification:_identify(drafts) by extension 'cmake'
[2.114s] Level 1:colcon.colcon_core.package_identification:_identify(drafts) by extension 'python'
[2.114s] Level 1:colcon.colcon_core.package_identification:_identify(drafts) by extensions ['python_setup_py']
[2.114s] Level 1:colcon.colcon_core.package_identification:_identify(drafts) by extension 'python_setup_py'
[2.114s] Level 1:colcon.colcon_core.package_identification:_identify(drafts/ride_service_pkg) by extensions ['ignore', 'ignore_ament_install']
[2.114s] Level 1:colcon.colcon_core.package_identification:_identify(drafts/ride_service_pkg) by extension 'ignore'
[2.114s] Level 1:colcon.colcon_core.package_identification:_identify(drafts/ride_service_pkg) ignored
[2.114s] Level 1:colcon.colcon_core.package_identification:_identify(images) by extensions ['ignore', 'ignore_ament_install']
[2.115s] Level 1:colcon.colcon_core.package_identification:_identify(images) by extension 'ignore'
[2.115s] Level 1:colcon.colcon_core.package_identification:_identify(images) by extension 'ignore_ament_install'
[2.115s] Level 1:colcon.colcon_core.package_identification:_identify(images) by extensions ['colcon_pkg']
[2.115s] Level 1:colcon.colcon_core.package_identification:_identify(images) by extension 'colcon_pkg'
[2.115s] Level 1:colcon.colcon_core.package_identification:_identify(images) by extensions ['colcon_meta']
[2.115s] Level 1:colcon.colcon_core.package_identification:_identify(images) by extension 'colcon_meta'
[2.115s] Level 1:colcon.colcon_core.package_identification:_identify(images) by extensions ['ros']
[2.115s] Level 1:colcon.colcon_core.package_identification:_identify(images) by extension 'ros'
[2.115s] Level 1:colcon.colcon_core.package_identification:_identify(images) by extensions ['cmake', 'python']
[2.115s] Level 1:colcon.colcon_core.package_identification:_identify(images) by extension 'cmake'
[2.115s] Level 1:colcon.colcon_core.package_identification:_identify(images) by extension 'python'
[2.115s] Level 1:colcon.colcon_core.package_identification:_identify(images) by extensions ['python_setup_py']
[2.115s] Level 1:colcon.colcon_core.package_identification:_identify(images) by extension 'python_setup_py'
[2.116s] Level 1:colcon.colcon_core.package_identification:_identify(install) by extensions ['ignore', 'ignore_ament_install']
[2.116s] Level 1:colcon.colcon_core.package_identification:_identify(install) by extension 'ignore'
[2.116s] Level 1:colcon.colcon_core.package_identification:_identify(install) ignored
[2.116s] Level 1:colcon.colcon_core.package_identification:_identify(log) by extensions ['ignore', 'ignore_ament_install']
[2.116s] Level 1:colcon.colcon_core.package_identification:_identify(log) by extension 'ignore'
[2.116s] Level 1:colcon.colcon_core.package_identification:_identify(log) ignored
[2.116s] Level 1:colcon.colcon_core.package_identification:_identify(src) by extensions ['ignore', 'ignore_ament_install']
[2.117s] Level 1:colcon.colcon_core.package_identification:_identify(src) by extension 'ignore'
[2.117s] Level 1:colcon.colcon_core.package_identification:_identify(src) by extension 'ignore_ament_install'
[2.117s] Level 1:colcon.colcon_core.package_identification:_identify(src) by extensions ['colcon_pkg']
[2.117s] Level 1:colcon.colcon_core.package_identification:_identify(src) by extension 'colcon_pkg'
[2.117s] Level 1:colcon.colcon_core.package_identification:_identify(src) by extensions ['colcon_meta']
[2.117s] Level 1:colcon.colcon_core.package_identification:_identify(src) by extension 'colcon_meta'
[2.117s] Level 1:colcon.colcon_core.package_identification:_identify(src) by extensions ['ros']
[2.117s] Level 1:colcon.colcon_core.package_identification:_identify(src) by extension 'ros'
[2.117s] Level 1:colcon.colcon_core.package_identification:_identify(src) by extensions ['cmake', 'python']
[2.117s] Level 1:colcon.colcon_core.package_identification:_identify(src) by extension 'cmake'
[2.117s] Level 1:colcon.colcon_core.package_identification:_identify(src) by extension 'python'
[2.117s] Level 1:colcon.colcon_core.package_identification:_identify(src) by extensions ['python_setup_py']
[2.117s] Level 1:colcon.colcon_core.package_identification:_identify(src) by extension 'python_setup_py'
[2.118s] Level 1:colcon.colcon_core.package_identification:_identify(src/face_rec_pkg) by extensions ['ignore', 'ignore_ament_install']
[2.118s] Level 1:colcon.colcon_core.package_identification:_identify(src/face_rec_pkg) by extension 'ignore'
[2.118s] Level 1:colcon.colcon_core.package_identification:_identify(src/face_rec_pkg) by extension 'ignore_ament_install'
[2.118s] Level 1:colcon.colcon_core.package_identification:_identify(src/face_rec_pkg) by extensions ['colcon_pkg']
[2.118s] Level 1:colcon.colcon_core.package_identification:_identify(src/face_rec_pkg) by extension 'colcon_pkg'
[2.118s] Level 1:colcon.colcon_core.package_identification:_identify(src/face_rec_pkg) by extensions ['colcon_meta']
[2.118s] Level 1:colcon.colcon_core.package_identification:_identify(src/face_rec_pkg) by extension 'colcon_meta'
[2.118s] Level 1:colcon.colcon_core.package_identification:_identify(src/face_rec_pkg) by extensions ['ros']
[2.118s] Level 1:colcon.colcon_core.package_identification:_identify(src/face_rec_pkg) by extension 'ros'
[2.123s] DEBUG:colcon.colcon_core.package_identification:Package 'src/face_rec_pkg' with type 'ros.ament_python' and name 'face_rec_pkg'
[2.123s] Level 1:colcon.colcon_core.package_identification:_identify(src/ride_request_pkg) by extensions ['ignore', 'ignore_ament_install']
[2.123s] Level 1:colcon.colcon_core.package_identification:_identify(src/ride_request_pkg) by extension 'ignore'
[2.124s] Level 1:colcon.colcon_core.package_identification:_identify(src/ride_request_pkg) by extension 'ignore_ament_install'
[2.124s] Level 1:colcon.colcon_core.package_identification:_identify(src/ride_request_pkg) by extensions ['colcon_pkg']
[2.124s] Level 1:colcon.colcon_core.package_identification:_identify(src/ride_request_pkg) by extension 'colcon_pkg'
[2.124s] Level 1:colcon.colcon_core.package_identification:_identify(src/ride_request_pkg) by extensions ['colcon_meta']
[2.124s] Level 1:colcon.colcon_core.package_identification:_identify(src/ride_request_pkg) by extension 'colcon_meta'
[2.124s] Level 1:colcon.colcon_core.package_identification:_identify(src/ride_request_pkg) by extensions ['ros']
[2.124s] Level 1:colcon.colcon_core.package_identification:_identify(src/ride_request_pkg) by extension 'ros'
[2.125s] DEBUG:colcon.colcon_core.package_identification:Package 'src/ride_request_pkg' with type 'ros.ament_python' and name 'ride_request_pkg'
[2.125s] Level 1:colcon.colcon_core.package_identification:_identify(src/user_input_interfaces) by extensions ['ignore', 'ignore_ament_install']
[2.126s] Level 1:colcon.colcon_core.package_identification:_identify(src/user_input_interfaces) by extension 'ignore'
[2.126s] Level 1:colcon.colcon_core.package_identification:_identify(src/user_input_interfaces) by extension 'ignore_ament_install'
[2.126s] Level 1:colcon.colcon_core.package_identification:_identify(src/user_input_interfaces) by extensions ['colcon_pkg']
[2.126s] Level 1:colcon.colcon_core.package_identification:_identify(src/user_input_interfaces) by extension 'colcon_pkg'
[2.126s] Level 1:colcon.colcon_core.package_identification:_identify(src/user_input_interfaces) by extensions ['colcon_meta']
[2.126s] Level 1:colcon.colcon_core.package_identification:_identify(src/user_input_interfaces) by extension 'colcon_meta'
[2.126s] Level 1:colcon.colcon_core.package_identification:_identify(src/user_input_interfaces) by extensions ['ros']
[2.126s] Level 1:colcon.colcon_core.package_identification:_identify(src/user_input_interfaces) by extension 'ros'
[2.127s] DEBUG:colcon.colcon_core.package_identification:Package 'src/user_input_interfaces' with type 'ros.ament_cmake' and name 'user_input_interfaces'
[2.128s] Level 1:colcon.colcon_core.package_discovery:discover_packages(recursive) using defaults
[2.128s] Level 1:colcon.colcon_core.package_discovery:discover_packages(ignore) discover
[2.128s] Level 1:colcon.colcon_core.package_discovery:discover_packages(ignore) using defaults
[2.128s] Level 1:colcon.colcon_core.package_discovery:discover_packages(path) discover
[2.128s] Level 1:colcon.colcon_core.package_discovery:discover_packages(path) using defaults
[2.299s] Level 1:colcon.colcon_core.package_discovery:discover_packages(prefix_path) check parameters
[2.300s] Level 1:colcon.colcon_core.package_discovery:discover_packages(prefix_path) discover
[2.328s] WARNING:colcon.colcon_ros.prefix_path.ament:The path '/home/kneely-ubuntu-22-04/project-repo/ucsd-mae-148-team-4/install/ride_service_pkg' in the environment variable AMENT_PREFIX_PATH doesn't exist
[2.358s] DEBUG:colcon.colcon_installed_package_information.package_discovery:Found 3 installed packages in /home/kneely-ubuntu-22-04/project-repo/ucsd-mae-148-team-4/install
[2.390s] DEBUG:colcon.colcon_installed_package_information.package_discovery:Found 296 installed packages in /opt/ros/iron
[2.393s] Level 1:colcon.colcon_core.package_discovery:discover_packages(prefix_path) using defaults
[2.588s] Level 5:colcon.colcon_core.verb:set package 'user_input_interfaces' build argument 'cmake_args' from command line to 'None'
[2.588s] Level 5:colcon.colcon_core.verb:set package 'user_input_interfaces' build argument 'cmake_target' from command line to 'None'
[2.588s] Level 5:colcon.colcon_core.verb:set package 'user_input_interfaces' build argument 'cmake_target_skip_unavailable' from command line to 'False'
[2.588s] Level 5:colcon.colcon_core.verb:set package 'user_input_interfaces' build argument 'cmake_clean_cache' from command line to 'False'
[2.588s] Level 5:colcon.colcon_core.verb:set package 'user_input_interfaces' build argument 'cmake_clean_first' from command line to 'False'
[2.588s] Level 5:colcon.colcon_core.verb:set package 'user_input_interfaces' build argument 'cmake_force_configure' from command line to 'False'
[2.588s] Level 5:colcon.colcon_core.verb:set package 'user_input_interfaces' build argument 'ament_cmake_args' from command line to 'None'
[2.588s] Level 5:colcon.colcon_core.verb:set package 'user_input_interfaces' build argument 'catkin_cmake_args' from command line to 'None'
[2.588s] Level 5:colcon.colcon_core.verb:set package 'user_input_interfaces' build argument 'catkin_skip_building_tests' from command line to 'False'
[2.588s] DEBUG:colcon.colcon_core.verb:Building package 'user_input_interfaces' with the following arguments: {'ament_cmake_args': None, 'build_base': '/home/kneely-ubuntu-22-04/project-repo/ucsd-mae-148-team-4/build/user_input_interfaces', 'catkin_cmake_args': None, 'catkin_skip_building_tests': False, 'cmake_args': None, 'cmake_clean_cache': False, 'cmake_clean_first': False, 'cmake_force_configure': False, 'cmake_target': None, 'cmake_target_skip_unavailable': False, 'install_base': '/home/kneely-ubuntu-22-04/project-repo/ucsd-mae-148-team-4/install/user_input_interfaces', 'merge_install': False, 'path': '/home/kneely-ubuntu-22-04/project-repo/ucsd-mae-148-team-4/src/user_input_interfaces', 'symlink_install': False, 'test_result_base': None}
[2.620s] Level 5:colcon.colcon_core.verb:set package 'face_rec_pkg' build argument 'cmake_args' from command line to 'None'
[2.621s] Level 5:colcon.colcon_core.verb:set package 'face_rec_pkg' build argument 'cmake_target' from command line to 'None'
[2.621s] Level 5:colcon.colcon_core.verb:set package 'face_rec_pkg' build argument 'cmake_target_skip_unavailable' from command line to 'False'
[2.621s] Level 5:colcon.colcon_core.verb:set package 'face_rec_pkg' build argument 'cmake_clean_cache' from command line to 'False'
[2.621s] Level 5:colcon.colcon_core.verb:set package 'face_rec_pkg' build argument 'cmake_clean_first' from command line to 'False'
[2.621s] Level 5:colcon.colcon_core.verb:set package 'face_rec_pkg' build argument 'cmake_force_configure' from command line to 'False'
[2.621s] Level 5:colcon.colcon_core.verb:set package 'face_rec_pkg' build argument 'ament_cmake_args' from command line to 'None'
[2.621s] Level 5:colcon.colcon_core.verb:set package 'face_rec_pkg' build argument 'catkin_cmake_args' from command line to 'None'
[2.621s] Level 5:colcon.colcon_core.verb:set package 'face_rec_pkg' build argument 'catkin_skip_building_tests' from command line to 'False'
[2.621s] DEBUG:colcon.colcon_core.verb:Building package 'face_rec_pkg' with the following arguments: {'ament_cmake_args': None, 'build_base': '/home/kneely-ubuntu-22-04/project-repo/ucsd-mae-148-team-4/build/face_rec_pkg', 'catkin_cmake_args': None, 'catkin_skip_building_tests': False, 'cmake_args': None, 'cmake_clean_cache': False, 'cmake_clean_first': False, 'cmake_force_configure': False, 'cmake_target': None, 'cmake_target_skip_unavailable': False, 'install_base': '/home/kneely-ubuntu-22-04/project-repo/ucsd-mae-148-team-4/install/face_rec_pkg', 'merge_install': False, 'path': '/home/kneely-ubuntu-22-04/project-repo/ucsd-mae-148-team-4/src/face_rec_pkg', 'symlink_install': False, 'test_result_base': None}
[2.663s] Level 5:colcon.colcon_core.verb:set package 'ride_request_pkg' build argument 'cmake_args' from command line to 'None'
[2.664s] Level 5:colcon.colcon_core.verb:set package 'ride_request_pkg' build argument 'cmake_target' from command line to 'None'
[2.664s] Level 5:colcon.colcon_core.verb:set package 'ride_request_pkg' build argument 'cmake_target_skip_unavailable' from command line to 'False'
[2.665s] Level 5:colcon.colcon_core.verb:set package 'ride_request_pkg' build argument 'cmake_clean_cache' from command line to 'False'
[2.665s] Level 5:colcon.colcon_core.verb:set package 'ride_request_pkg' build argument 'cmake_clean_first' from command line to 'False'
[2.665s] Level 5:colcon.colcon_core.verb:set package 'ride_request_pkg' build argument 'cmake_force_configure' from command line to 'False'
[2.665s] Level 5:colcon.colcon_core.verb:set package 'ride_request_pkg' build argument 'ament_cmake_args' from command line to 'None'
[2.665s] Level 5:colcon.colcon_core.verb:set package 'ride_request_pkg' build argument 'catkin_cmake_args' from command line to 'None'
[2.665s] Level 5:colcon.colcon_core.verb:set package 'ride_request_pkg' build argument 'catkin_skip_building_tests' from command line to 'False'
[2.665s] DEBUG:colcon.colcon_core.verb:Building package 'ride_request_pkg' with the following arguments: {'ament_cmake_args': None, 'build_base': '/home/kneely-ubuntu-22-04/project-repo/ucsd-mae-148-team-4/build/ride_request_pkg', 'catkin_cmake_args': None, 'catkin_skip_building_tests': False, 'cmake_args': None, 'cmake_clean_cache': False, 'cmake_clean_first': False, 'cmake_force_configure': False, 'cmake_target': None, 'cmake_target_skip_unavailable': False, 'install_base': '/home/kneely-ubuntu-22-04/project-repo/ucsd-mae-148-team-4/install/ride_request_pkg', 'merge_install': False, 'path': '/home/kneely-ubuntu-22-04/project-repo/ucsd-mae-148-team-4/src/ride_request_pkg', 'symlink_install': False, 'test_result_base': None}
[2.696s] INFO:colcon.colcon_core.executor:Executing jobs using 'parallel' executor
[2.734s] DEBUG:colcon.colcon_parallel_executor.executor.parallel:run_until_complete
[2.735s] INFO:colcon.colcon_ros.task.ament_cmake.build:Building ROS package in '/home/kneely-ubuntu-22-04/project-repo/ucsd-mae-148-team-4/src/user_input_interfaces' with build type 'ament_cmake'
[2.736s] INFO:colcon.colcon_cmake.task.cmake.build:Building CMake package in '/home/kneely-ubuntu-22-04/project-repo/ucsd-mae-148-team-4/src/user_input_interfaces'
[2.790s] INFO:colcon.colcon_core.plugin_system:Skipping extension 'colcon_core.shell.bat': Not used on non-Windows systems
[2.790s] INFO:colcon.colcon_core.shell:Skip shell extension 'powershell' for command environment: Not usable outside of PowerShell
[2.790s] DEBUG:colcon.colcon_core.shell:Skip shell extension 'dsv' for command environment
[2.918s] DEBUG:colcon.colcon_core.event_handler.log_command:Invoking command in '/home/kneely-ubuntu-22-04/project-repo/ucsd-mae-148-team-4/build/user_input_interfaces': CMAKE_PREFIX_PATH=${CMAKE_PREFIX_PATH}:/home/kneely-ubuntu-22-04/project-repo/ucsd-mae-148-team-4/install/ride_service_pkg:/home/kneely-ubuntu-22-04/project-repo/ucsd-mae-148-team-4/install/ride_request_pkg:/home/kneely-ubuntu-22-04/project-repo/ucsd-mae-148-team-4/install/face_rec_pkg:/opt/ros/iron /usr/bin/cmake --build /home/kneely-ubuntu-22-04/project-repo/ucsd-mae-148-team-4/build/user_input_interfaces -- -j8 -l8
[3.591s] DEBUG:colcon.colcon_core.event_handler.log_command:Invoked command in '/home/kneely-ubuntu-22-04/project-repo/ucsd-mae-148-team-4/build/user_input_interfaces' returned '2': CMAKE_PREFIX_PATH=${CMAKE_PREFIX_PATH}:/home/kneely-ubuntu-22-04/project-repo/ucsd-mae-148-team-4/install/ride_service_pkg:/home/kneely-ubuntu-22-04/project-repo/ucsd-mae-148-team-4/install/ride_request_pkg:/home/kneely-ubuntu-22-04/project-repo/ucsd-mae-148-team-4/install/face_rec_pkg:/opt/ros/iron /usr/bin/cmake --build /home/kneely-ubuntu-22-04/project-repo/ucsd-mae-148-team-4/build/user_input_interfaces -- -j8 -l8
[3.741s] Level 1:colcon.colcon_core.environment:create_environment_scripts_only(user_input_interfaces)
[3.783s] Level 1:colcon.colcon_core.environment:checking '/home/kneely-ubuntu-22-04/project-repo/ucsd-mae-148-team-4/install/user_input_interfaces' for CMake module files
[3.784s] Level 1:colcon.colcon_core.environment:checking '/home/kneely-ubuntu-22-04/project-repo/ucsd-mae-148-team-4/install/user_input_interfaces' for CMake config files
[3.785s] Level 1:colcon.colcon_core.shell:create_environment_hook('user_input_interfaces', 'cmake_prefix_path')
[3.819s] INFO:colcon.colcon_core.shell:Creating environment hook '/home/kneely-ubuntu-22-04/project-repo/ucsd-mae-148-team-4/install/user_input_interfaces/share/user_input_interfaces/hook/cmake_prefix_path.ps1'
[3.821s] INFO:colcon.colcon_core.shell:Creating environment descriptor '/home/kneely-ubuntu-22-04/project-repo/ucsd-mae-148-team-4/install/user_input_interfaces/share/user_input_interfaces/hook/cmake_prefix_path.dsv'
[3.822s] INFO:colcon.colcon_core.shell:Creating environment hook '/home/kneely-ubuntu-22-04/project-repo/ucsd-mae-148-team-4/install/user_input_interfaces/share/user_input_interfaces/hook/cmake_prefix_path.sh'
[3.825s] Level 1:colcon.colcon_core.environment:checking '/home/kneely-ubuntu-22-04/project-repo/ucsd-mae-148-team-4/install/user_input_interfaces/lib'
[3.826s] Level 1:colcon.colcon_core.shell:create_environment_hook('user_input_interfaces', 'ld_library_path_lib')
[3.870s] INFO:colcon.colcon_core.shell:Creating environment hook '/home/kneely-ubuntu-22-04/project-repo/ucsd-mae-148-team-4/install/user_input_interfaces/share/user_input_interfaces/hook/ld_library_path_lib.ps1'
[3.873s] INFO:colcon.colcon_core.shell:Creating environment descriptor '/home/kneely-ubuntu-22-04/project-repo/ucsd-mae-148-team-4/install/user_input_interfaces/share/user_input_interfaces/hook/ld_library_path_lib.dsv'
[3.875s] INFO:colcon.colcon_core.shell:Creating environment hook '/home/kneely-ubuntu-22-04/project-repo/ucsd-mae-148-team-4/install/user_input_interfaces/share/user_input_interfaces/hook/ld_library_path_lib.sh'
[3.878s] Level 1:colcon.colcon_core.environment:checking '/home/kneely-ubuntu-22-04/project-repo/ucsd-mae-148-team-4/install/user_input_interfaces/bin'
[3.878s] Level 1:colcon.colcon_core.environment:checking '/home/kneely-ubuntu-22-04/project-repo/ucsd-mae-148-team-4/install/user_input_interfaces/lib/pkgconfig/user_input_interfaces.pc'
[3.879s] Level 1:colcon.colcon_core.environment:checking '/home/kneely-ubuntu-22-04/project-repo/ucsd-mae-148-team-4/install/user_input_interfaces/lib/python3.10/site-packages'
[3.880s] Level 1:colcon.colcon_core.shell:create_environment_hook('user_input_interfaces', 'pythonpath')
[3.916s] INFO:colcon.colcon_core.shell:Creating environment hook '/home/kneely-ubuntu-22-04/project-repo/ucsd-mae-148-team-4/install/user_input_interfaces/share/user_input_interfaces/hook/pythonpath.ps1'
[3.918s] INFO:colcon.colcon_core.shell:Creating environment descriptor '/home/kneely-ubuntu-22-04/project-repo/ucsd-mae-148-team-4/install/user_input_interfaces/share/user_input_interfaces/hook/pythonpath.dsv'
[3.919s] INFO:colcon.colcon_core.shell:Creating environment hook '/home/kneely-ubuntu-22-04/project-repo/ucsd-mae-148-team-4/install/user_input_interfaces/share/user_input_interfaces/hook/pythonpath.sh'
[3.922s] Level 1:colcon.colcon_core.environment:checking '/home/kneely-ubuntu-22-04/project-repo/ucsd-mae-148-team-4/install/user_input_interfaces/bin'
[3.962s] INFO:colcon.colcon_core.shell:Creating package script '/home/kneely-ubuntu-22-04/project-repo/ucsd-mae-148-team-4/install/user_input_interfaces/share/user_input_interfaces/package.ps1'
[3.966s] INFO:colcon.colcon_core.shell:Creating package descriptor '/home/kneely-ubuntu-22-04/project-repo/ucsd-mae-148-team-4/install/user_input_interfaces/share/user_input_interfaces/package.dsv'
[3.969s] INFO:colcon.colcon_core.shell:Creating package script '/home/kneely-ubuntu-22-04/project-repo/ucsd-mae-148-team-4/install/user_input_interfaces/share/user_input_interfaces/package.sh'
[3.973s] INFO:colcon.colcon_core.shell:Creating package script '/home/kneely-ubuntu-22-04/project-repo/ucsd-mae-148-team-4/install/user_input_interfaces/share/user_input_interfaces/package.bash'
[3.976s] INFO:colcon.colcon_core.shell:Creating package script '/home/kneely-ubuntu-22-04/project-repo/ucsd-mae-148-team-4/install/user_input_interfaces/share/user_input_interfaces/package.zsh'
[3.979s] Level 1:colcon.colcon_core.environment:create_file_with_runtime_dependencies(/home/kneely-ubuntu-22-04/project-repo/ucsd-mae-148-team-4/install/user_input_interfaces/share/colcon-core/packages/user_input_interfaces)
[3.991s] DEBUG:colcon.colcon_parallel_executor.executor.parallel:closing loop
[3.992s] DEBUG:colcon.colcon_parallel_executor.executor.parallel:loop closed
[3.993s] DEBUG:colcon.colcon_parallel_executor.executor.parallel:run_until_complete finished with '2'
[3.994s] DEBUG:colcon.colcon_core.event_reactor:joining thread
[4.138s] INFO:colcon.colcon_core.plugin_system:Skipping extension 'colcon_notification.desktop_notification.notify_send': Could not find 'notify-send'
[4.138s] INFO:colcon.colcon_core.plugin_system:Skipping extension 'colcon_notification.desktop_notification.terminal_notifier': Not used on non-Darwin systems
[4.139s] INFO:colcon.colcon_core.plugin_system:Skipping extension 'colcon_notification.desktop_notification.win32': Not used on non-Windows systems
[4.139s] INFO:colcon.colcon_notification.desktop_notification:Sending desktop notification using 'notify2'
[4.142s] DEBUG:colcon.colcon_notification.desktop_notification.notify2:Failed to initialize notify2: org.freedesktop.DBus.Error.ServiceUnknown: The name org.freedesktop.Notifications was not provided by any .service files
[4.143s] DEBUG:colcon.colcon_core.event_reactor:joined thread
[4.193s] INFO:colcon.colcon_core.shell:Creating prefix script '/home/kneely-ubuntu-22-04/project-repo/ucsd-mae-148-team-4/install/local_setup.ps1'
[4.196s] INFO:colcon.colcon_core.shell:Creating prefix util module '/home/kneely-ubuntu-22-04/project-repo/ucsd-mae-148-team-4/install/_local_setup_util_ps1.py'
[4.199s] INFO:colcon.colcon_core.shell:Creating prefix chain script '/home/kneely-ubuntu-22-04/project-repo/ucsd-mae-148-team-4/install/setup.ps1'
[4.230s] INFO:colcon.colcon_core.shell:Creating prefix script '/home/kneely-ubuntu-22-04/project-repo/ucsd-mae-148-team-4/install/local_setup.sh'
[4.231s] INFO:colcon.colcon_core.shell:Creating prefix util module '/home/kneely-ubuntu-22-04/project-repo/ucsd-mae-148-team-4/install/_local_setup_util_sh.py'
[4.232s] INFO:colcon.colcon_core.shell:Creating prefix chain script '/home/kneely-ubuntu-22-04/project-repo/ucsd-mae-148-team-4/install/setup.sh'
[4.261s] INFO:colcon.colcon_core.shell:Creating prefix script '/home/kneely-ubuntu-22-04/project-repo/ucsd-mae-148-team-4/install/local_setup.bash'
[4.263s] INFO:colcon.colcon_core.shell:Creating prefix chain script '/home/kneely-ubuntu-22-04/project-repo/ucsd-mae-148-team-4/install/setup.bash'
[4.290s] INFO:colcon.colcon_core.shell:Creating prefix script '/home/kneely-ubuntu-22-04/project-repo/ucsd-mae-148-team-4/install/local_setup.zsh'
[4.292s] INFO:colcon.colcon_core.shell:Creating prefix chain script '/home/kneely-ubuntu-22-04/project-repo/ucsd-mae-148-team-4/install/setup.zsh'
