[3.629s] Invoking command in '/home/kneely-ubuntu-22-04/project-repo/ucsd-mae-148-team-4/src/face_rec_pkg': AMENT_PREFIX_PATH=/home/kneely-ubuntu-22-04/project-repo/ucsd-mae-148-team-4/install/user_input_interfaces:${AMENT_PREFIX_PATH} CMAKE_PREFIX_PATH=/home/kneely-ubuntu-22-04/project-repo/ucsd-mae-148-team-4/install/user_input_interfaces LD_LIBRARY_PATH=/home/kneely-ubuntu-22-04/project-repo/ucsd-mae-148-team-4/install/user_input_interfaces/lib:${LD_LIBRARY_PATH} PYTHONPATH=/home/kneely-ubuntu-22-04/project-repo/ucsd-mae-148-team-4/build/face_rec_pkg/prefix_override:/home/kneely-ubuntu-22-04/project-repo/ucsd-mae-148-team-4/install/face_rec_pkg/lib/python3.10/site-packages:/home/kneely-ubuntu-22-04/project-repo/ucsd-mae-148-team-4/install/user_input_interfaces/lib/python3.10/site-packages:${PYTHONPATH} WSLENV=ELECTRON_RUN_AS_NODE/w:WT_SESSION:WT_PROFILE_ID: /usr/bin/python3 setup.py egg_info --egg-base ../../build/face_rec_pkg build --build-base /home/kneely-ubuntu-22-04/project-repo/ucsd-mae-148-team-4/build/face_rec_pkg/build install --record /home/kneely-ubuntu-22-04/project-repo/ucsd-mae-148-team-4/build/face_rec_pkg/install.log --single-version-externally-managed
[4.270s] running egg_info
[4.273s] creating ../../build/face_rec_pkg/face_rec_pkg.egg-info
[4.275s] writing ../../build/face_rec_pkg/face_rec_pkg.egg-info/PKG-INFO
[4.276s] writing dependency_links to ../../build/face_rec_pkg/face_rec_pkg.egg-info/dependency_links.txt
[4.277s] writing entry points to ../../build/face_rec_pkg/face_rec_pkg.egg-info/entry_points.txt
[4.278s] writing requirements to ../../build/face_rec_pkg/face_rec_pkg.egg-info/requires.txt
[4.279s] writing top-level names to ../../build/face_rec_pkg/face_rec_pkg.egg-info/top_level.txt
[4.280s] writing manifest file '../../build/face_rec_pkg/face_rec_pkg.egg-info/SOURCES.txt'
[4.286s] reading manifest file '../../build/face_rec_pkg/face_rec_pkg.egg-info/SOURCES.txt'
[4.289s] writing manifest file '../../build/face_rec_pkg/face_rec_pkg.egg-info/SOURCES.txt'
[4.290s] running build
[4.291s] running build_py
[4.292s] creating /home/kneely-ubuntu-22-04/project-repo/ucsd-mae-148-team-4/build/face_rec_pkg/build
[4.297s] creating /home/kneely-ubuntu-22-04/project-repo/ucsd-mae-148-team-4/build/face_rec_pkg/build/lib
[4.297s] creating /home/kneely-ubuntu-22-04/project-repo/ucsd-mae-148-team-4/build/face_rec_pkg/build/lib/face_rec_pkg
[4.299s] copying face_rec_pkg/ride_match_publisher.py -> /home/kneely-ubuntu-22-04/project-repo/ucsd-mae-148-team-4/build/face_rec_pkg/build/lib/face_rec_pkg
[4.301s] copying face_rec_pkg/__init__.py -> /home/kneely-ubuntu-22-04/project-repo/ucsd-mae-148-team-4/build/face_rec_pkg/build/lib/face_rec_pkg
[4.303s] /usr/lib/python3/dist-packages/setuptools/command/install.py:34: SetuptoolsDeprecationWarning: setup.py install is deprecated. Use build and pip and other standards-based tools.
[4.303s]   warnings.warn(
[4.304s] copying face_rec_pkg/face_publisher.py -> /home/kneely-ubuntu-22-04/project-repo/ucsd-mae-148-team-4/build/face_rec_pkg/build/lib/face_rec_pkg
[4.304s] running install
[4.305s] running install_lib
[4.309s] creating /home/kneely-ubuntu-22-04/project-repo/ucsd-mae-148-team-4/install/face_rec_pkg/lib/python3.10/site-packages/face_rec_pkg
[4.311s] copying /home/kneely-ubuntu-22-04/project-repo/ucsd-mae-148-team-4/build/face_rec_pkg/build/lib/face_rec_pkg/ride_match_publisher.py -> /home/kneely-ubuntu-22-04/project-repo/ucsd-mae-148-team-4/install/face_rec_pkg/lib/python3.10/site-packages/face_rec_pkg
[4.312s] copying /home/kneely-ubuntu-22-04/project-repo/ucsd-mae-148-team-4/build/face_rec_pkg/build/lib/face_rec_pkg/__init__.py -> /home/kneely-ubuntu-22-04/project-repo/ucsd-mae-148-team-4/install/face_rec_pkg/lib/python3.10/site-packages/face_rec_pkg
[4.312s] copying /home/kneely-ubuntu-22-04/project-repo/ucsd-mae-148-team-4/build/face_rec_pkg/build/lib/face_rec_pkg/face_publisher.py -> /home/kneely-ubuntu-22-04/project-repo/ucsd-mae-148-team-4/install/face_rec_pkg/lib/python3.10/site-packages/face_rec_pkg
[4.314s] byte-compiling /home/kneely-ubuntu-22-04/project-repo/ucsd-mae-148-team-4/install/face_rec_pkg/lib/python3.10/site-packages/face_rec_pkg/ride_match_publisher.py to ride_match_publisher.cpython-310.pyc
[4.326s] byte-compiling /home/kneely-ubuntu-22-04/project-repo/ucsd-mae-148-team-4/install/face_rec_pkg/lib/python3.10/site-packages/face_rec_pkg/__init__.py to __init__.cpython-310.pyc
[4.330s] byte-compiling /home/kneely-ubuntu-22-04/project-repo/ucsd-mae-148-team-4/install/face_rec_pkg/lib/python3.10/site-packages/face_rec_pkg/face_publisher.py to face_publisher.cpython-310.pyc
[4.331s] running install_data
[4.331s] creating /home/kneely-ubuntu-22-04/project-repo/ucsd-mae-148-team-4/install/face_rec_pkg/share/ament_index
[4.332s] creating /home/kneely-ubuntu-22-04/project-repo/ucsd-mae-148-team-4/install/face_rec_pkg/share/ament_index/resource_index
[4.333s] creating /home/kneely-ubuntu-22-04/project-repo/ucsd-mae-148-team-4/install/face_rec_pkg/share/ament_index/resource_index/packages
[4.334s] error: can't copy 'resource/face_rec_pkg': doesn't exist or not a regular file
[4.444s] Invoked command in '/home/kneely-ubuntu-22-04/project-repo/ucsd-mae-148-team-4/src/face_rec_pkg' returned '1': AMENT_PREFIX_PATH=/home/kneely-ubuntu-22-04/project-repo/ucsd-mae-148-team-4/install/user_input_interfaces:${AMENT_PREFIX_PATH} CMAKE_PREFIX_PATH=/home/kneely-ubuntu-22-04/project-repo/ucsd-mae-148-team-4/install/user_input_interfaces LD_LIBRARY_PATH=/home/kneely-ubuntu-22-04/project-repo/ucsd-mae-148-team-4/install/user_input_interfaces/lib:${LD_LIBRARY_PATH} PYTHONPATH=/home/kneely-ubuntu-22-04/project-repo/ucsd-mae-148-team-4/build/face_rec_pkg/prefix_override:/home/kneely-ubuntu-22-04/project-repo/ucsd-mae-148-team-4/install/face_rec_pkg/lib/python3.10/site-packages:/home/kneely-ubuntu-22-04/project-repo/ucsd-mae-148-team-4/install/user_input_interfaces/lib/python3.10/site-packages:${PYTHONPATH} WSLENV=ELECTRON_RUN_AS_NODE/w:WT_SESSION:WT_PROFILE_ID: /usr/bin/python3 setup.py egg_info --egg-base ../../build/face_rec_pkg build --build-base /home/kneely-ubuntu-22-04/project-repo/ucsd-mae-148-team-4/build/face_rec_pkg/build install --record /home/kneely-ubuntu-22-04/project-repo/ucsd-mae-148-team-4/build/face_rec_pkg/install.log --single-version-externally-managed
