-- The C compiler identification is GNU 11.4.0
-- The CXX compiler identification is GNU 11.4.0
-- Detecting C compiler ABI info
-- Detecting C compiler ABI info - done
-- Check for working C compiler: /usr/bin/cc - skipped
-- Detecting C compile features
-- Detecting C compile features - done
-- Detecting CXX compiler ABI info
-- Detecting CXX compiler ABI info - done
-- Check for working CXX compiler: /usr/bin/c++ - skipped
-- Detecting CXX compile features
-- Detecting CXX compile features - done
-- Found ament_cmake: 2.0.4 (/opt/ros/iron/share/ament_cmake/cmake)
-- Found Python3: /usr/bin/python3.10 (found version "3.10.12") found components: Interpreter 
-- Found rosidl_default_generators: 1.5.0 (/opt/ros/iron/share/rosidl_default_generators/cmake)
-- Using all available rosidl_typesupport_c: rosidl_typesupport_fastrtps_c;rosidl_typesupport_introspection_c
-- Using all available rosidl_typesupport_cpp: rosidl_typesupport_fastrtps_cpp;rosidl_typesupport_introspection_cpp
-- Found rosidl_adapter: 4.0.1 (/opt/ros/iron/share/rosidl_adapter/cmake)
-- Found ament_cmake_ros: 0.11.2 (/opt/ros/iron/share/ament_cmake_ros/cmake)
-- Using all available rosidl_typesupport_c: rosidl_typesupport_fastrtps_c;rosidl_typesupport_introspection_c
-- Using all available rosidl_typesupport_cpp: rosidl_typesupport_fastrtps_cpp;rosidl_typesupport_introspection_cpp
-- Found PythonInterp: /usr/bin/python3 (found suitable version "3.10.12", minimum required is "3.6") 
-- Found python_cmake_module: 0.10.2 (/opt/ros/iron/share/python_cmake_module/cmake)
-- Found PythonLibs: /usr/lib/x86_64-linux-gnu/libpython3.10.so (found suitable version "3.10.12", minimum required is "3.5") 
-- Using PYTHON_EXECUTABLE: /usr/bin/python3
-- Using PYTHON_INCLUDE_DIRS: /usr/include/python3.10
-- Using PYTHON_LIBRARIES: /usr/lib/x86_64-linux-gnu/libpython3.10.so
-- Found PythonExtra: .so  
-- Found ament_lint_auto: 0.14.3 (/opt/ros/iron/share/ament_lint_auto/cmake)
-- Added test 'copyright' to check source files copyright and LICENSE
-- Added test 'lint_cmake' to check CMake code style
-- Added test 'xmllint' to check XML markup files
-- Configuring done
-- Generating done
-- Build files have been written to: /home/kneely-ubuntu-22-04/project-repo/ucsd-mae-148-team-4/build/user_input_interfaces
[  2%] [34m[1mGenerating type hashes for ROS interfaces[0m
[  2%] Built target ament_cmake_python_copy_user_input_interfaces
[  2%] Built target user_input_interfaces__rosidl_generator_type_description
[  5%] [34m[1mGenerating C code for ROS interfaces[0m
[  8%] [34m[1mGenerating C++ code for ROS interfaces[0m
running egg_info
creating user_input_interfaces.egg-info
writing user_input_interfaces.egg-info/PKG-INFO
writing dependency_links to user_input_interfaces.egg-info/dependency_links.txt
writing top-level names to user_input_interfaces.egg-info/top_level.txt
writing manifest file 'user_input_interfaces.egg-info/SOURCES.txt'
reading manifest file 'user_input_interfaces.egg-info/SOURCES.txt'
writing manifest file 'user_input_interfaces.egg-info/SOURCES.txt'
[  8%] Built target ament_cmake_python_build_user_input_interfaces_egg
[  8%] Built target user_input_interfaces__cpp
[ 17%] [32mBuilding C object CMakeFiles/user_input_interfaces__rosidl_generator_c.dir/rosidl_generator_c/user_input_interfaces/msg/detail/ride_request__type_support.c.o[0m
[ 17%] [32mBuilding C object CMakeFiles/user_input_interfaces__rosidl_generator_c.dir/rosidl_generator_c/user_input_interfaces/msg/detail/ride_request__description.c.o[0m
[ 17%] [32mBuilding C object CMakeFiles/user_input_interfaces__rosidl_generator_c.dir/rosidl_generator_c/user_input_interfaces/msg/detail/ride_request__functions.c.o[0m
[ 20%] [32m[1mLinking C shared library libuser_input_interfaces__rosidl_generator_c.so[0m
[ 20%] Built target user_input_interfaces__rosidl_generator_c
[ 26%] [34m[1mGenerating C type support for eProsima Fast-RTPS[0m
[ 26%] [34m[1mGenerating C++ type support dispatch for ROS interfaces[0m
[ 35%] [34m[1mGenerating C type support dispatch for ROS interfaces[0m
[ 35%] [34m[1mGenerating C introspection for ROS interfaces[0m
[ 35%] [34m[1mGenerating C++ introspection for ROS interfaces[0m
[ 38%] [34m[1mGenerating C++ type support for eProsima Fast-RTPS[0m
[ 41%] [32mBuilding CXX object CMakeFiles/user_input_interfaces__rosidl_typesupport_c.dir/rosidl_typesupport_c/user_input_interfaces/msg/ride_request__type_support.cpp.o[0m
[ 44%] [32mBuilding CXX object CMakeFiles/user_input_interfaces__rosidl_typesupport_cpp.dir/rosidl_typesupport_cpp/user_input_interfaces/msg/ride_request__type_support.cpp.o[0m
[ 47%] [32mBuilding C object CMakeFiles/user_input_interfaces__rosidl_typesupport_introspection_c.dir/rosidl_typesupport_introspection_c/user_input_interfaces/msg/detail/ride_request__type_support.c.o[0m
[ 50%] [32mBuilding CXX object CMakeFiles/user_input_interfaces__rosidl_typesupport_introspection_cpp.dir/rosidl_typesupport_introspection_cpp/user_input_interfaces/msg/detail/ride_request__type_support.cpp.o[0m
[ 52%] [32mBuilding CXX object CMakeFiles/user_input_interfaces__rosidl_typesupport_fastrtps_c.dir/rosidl_typesupport_fastrtps_c/user_input_interfaces/msg/detail/ride_request__type_support_c.cpp.o[0m
[ 55%] [32m[1mLinking CXX shared library libuser_input_interfaces__rosidl_typesupport_c.so[0m
[ 58%] [32mBuilding CXX object CMakeFiles/user_input_interfaces__rosidl_typesupport_fastrtps_cpp.dir/rosidl_typesupport_fastrtps_cpp/user_input_interfaces/msg/detail/dds_fastrtps/ride_request__type_support.cpp.o[0m
[ 61%] [32m[1mLinking C shared library libuser_input_interfaces__rosidl_typesupport_introspection_c.so[0m
[ 61%] Built target user_input_interfaces__rosidl_typesupport_introspection_c
[ 61%] Built target user_input_interfaces__rosidl_typesupport_c
[ 64%] [32m[1mLinking CXX shared library libuser_input_interfaces__rosidl_typesupport_cpp.so[0m
[ 67%] [32m[1mLinking CXX shared library libuser_input_interfaces__rosidl_typesupport_fastrtps_c.so[0m
[ 70%] [32m[1mLinking CXX shared library libuser_input_interfaces__rosidl_typesupport_introspection_cpp.so[0m
[ 70%] Built target user_input_interfaces__rosidl_typesupport_cpp
[ 70%] Built target user_input_interfaces__rosidl_typesupport_fastrtps_c
[ 70%] Built target user_input_interfaces__rosidl_typesupport_introspection_cpp
[ 73%] [32m[1mLinking CXX shared library libuser_input_interfaces__rosidl_typesupport_fastrtps_cpp.so[0m
[ 73%] Built target user_input_interfaces__rosidl_typesupport_fastrtps_cpp
[ 73%] Built target user_input_interfaces
[ 76%] [34m[1mGenerating Python code for ROS interfaces[0m
[ 76%] Built target user_input_interfaces__py
[ 79%] [32mBuilding C object CMakeFiles/user_input_interfaces__rosidl_generator_py.dir/rosidl_generator_py/user_input_interfaces/msg/_ride_request_s.c.o[0m
[ 82%] [32m[1mLinking C shared library rosidl_generator_py/user_input_interfaces/libuser_input_interfaces__rosidl_generator_py.so[0m
[ 82%] Built target user_input_interfaces__rosidl_generator_py
[ 91%] [32mBuilding C object CMakeFiles/user_input_interfaces__rosidl_typesupport_fastrtps_c__pyext.dir/rosidl_generator_py/user_input_interfaces/_user_input_interfaces_s.ep.rosidl_typesupport_fastrtps_c.c.o[0m
[ 91%] [32mBuilding C object CMakeFiles/user_input_interfaces__rosidl_typesupport_introspection_c__pyext.dir/rosidl_generator_py/user_input_interfaces/_user_input_interfaces_s.ep.rosidl_typesupport_introspection_c.c.o[0m
[ 91%] [32mBuilding C object CMakeFiles/user_input_interfaces__rosidl_typesupport_c__pyext.dir/rosidl_generator_py/user_input_interfaces/_user_input_interfaces_s.ep.rosidl_typesupport_c.c.o[0m
[ 94%] [32m[1mLinking C shared library rosidl_generator_py/user_input_interfaces/user_input_interfaces_s__rosidl_typesupport_introspection_c.cpython-310-x86_64-linux-gnu.so[0m
[100%] [32m[1mLinking C shared library rosidl_generator_py/user_input_interfaces/user_input_interfaces_s__rosidl_typesupport_fastrtps_c.cpython-310-x86_64-linux-gnu.so[0m
[100%] [32m[1mLinking C shared library rosidl_generator_py/user_input_interfaces/user_input_interfaces_s__rosidl_typesupport_c.cpython-310-x86_64-linux-gnu.so[0m
[100%] Built target user_input_interfaces__rosidl_typesupport_c__pyext
[100%] Built target user_input_interfaces__rosidl_typesupport_fastrtps_c__pyext
[100%] Built target user_input_interfaces__rosidl_typesupport_introspection_c__pyext
-- Install configuration: ""
-- Installing: /home/kneely-ubuntu-22-04/project-repo/ucsd-mae-148-team-4/install/user_input_interfaces/share/ament_index/resource_index/rosidl_interfaces/user_input_interfaces
-- Installing: /home/kneely-ubuntu-22-04/project-repo/ucsd-mae-148-team-4/install/user_input_interfaces/share/user_input_interfaces/msg/RideRequest.json
-- Installing: /home/kneely-ubuntu-22-04/project-repo/ucsd-mae-148-team-4/install/user_input_interfaces/include/user_input_interfaces/user_input_interfaces
-- Installing: /home/kneely-ubuntu-22-04/project-repo/ucsd-mae-148-team-4/install/user_input_interfaces/include/user_input_interfaces/user_input_interfaces/msg
-- Installing: /home/kneely-ubuntu-22-04/project-repo/ucsd-mae-148-team-4/install/user_input_interfaces/include/user_input_interfaces/user_input_interfaces/msg/ride_request.h
-- Installing: /home/kneely-ubuntu-22-04/project-repo/ucsd-mae-148-team-4/install/user_input_interfaces/include/user_input_interfaces/user_input_interfaces/msg/detail
-- Installing: /home/kneely-ubuntu-22-04/project-repo/ucsd-mae-148-team-4/install/user_input_interfaces/include/user_input_interfaces/user_input_interfaces/msg/detail/ride_request__struct.h
-- Installing: /home/kneely-ubuntu-22-04/project-repo/ucsd-mae-148-team-4/install/user_input_interfaces/include/user_input_interfaces/user_input_interfaces/msg/detail/ride_request__functions.c
-- Installing: /home/kneely-ubuntu-22-04/project-repo/ucsd-mae-148-team-4/install/user_input_interfaces/include/user_input_interfaces/user_input_interfaces/msg/detail/ride_request__type_support.c
-- Installing: /home/kneely-ubuntu-22-04/project-repo/ucsd-mae-148-team-4/install/user_input_interfaces/include/user_input_interfaces/user_input_interfaces/msg/detail/ride_request__description.c
-- Installing: /home/kneely-ubuntu-22-04/project-repo/ucsd-mae-148-team-4/install/user_input_interfaces/include/user_input_interfaces/user_input_interfaces/msg/detail/ride_request__type_support.h
-- Installing: /home/kneely-ubuntu-22-04/project-repo/ucsd-mae-148-team-4/install/user_input_interfaces/include/user_input_interfaces/user_input_interfaces/msg/detail/ride_request__functions.h
-- Installing: /home/kneely-ubuntu-22-04/project-repo/ucsd-mae-148-team-4/install/user_input_interfaces/include/user_input_interfaces/user_input_interfaces/msg/rosidl_generator_c__visibility_control.h
-- Installing: /home/kneely-ubuntu-22-04/project-repo/ucsd-mae-148-team-4/install/user_input_interfaces/share/user_input_interfaces/environment/library_path.sh
-- Installing: /home/kneely-ubuntu-22-04/project-repo/ucsd-mae-148-team-4/install/user_input_interfaces/share/user_input_interfaces/environment/library_path.dsv
-- Installing: /home/kneely-ubuntu-22-04/project-repo/ucsd-mae-148-team-4/install/user_input_interfaces/lib/libuser_input_interfaces__rosidl_generator_c.so
-- Set runtime path of "/home/kneely-ubuntu-22-04/project-repo/ucsd-mae-148-team-4/install/user_input_interfaces/lib/libuser_input_interfaces__rosidl_generator_c.so" to ""
-- Up-to-date: /home/kneely-ubuntu-22-04/project-repo/ucsd-mae-148-team-4/install/user_input_interfaces/include/user_input_interfaces/user_input_interfaces
-- Up-to-date: /home/kneely-ubuntu-22-04/project-repo/ucsd-mae-148-team-4/install/user_input_interfaces/include/user_input_interfaces/user_input_interfaces/msg
-- Installing: /home/kneely-ubuntu-22-04/project-repo/ucsd-mae-148-team-4/install/user_input_interfaces/include/user_input_interfaces/user_input_interfaces/msg/rosidl_typesupport_fastrtps_c__visibility_control.h
-- Up-to-date: /home/kneely-ubuntu-22-04/project-repo/ucsd-mae-148-team-4/install/user_input_interfaces/include/user_input_interfaces/user_input_interfaces/msg/detail
-- Installing: /home/kneely-ubuntu-22-04/project-repo/ucsd-mae-148-team-4/install/user_input_interfaces/include/user_input_interfaces/user_input_interfaces/msg/detail/ride_request__rosidl_typesupport_fastrtps_c.h
-- Installing: /home/kneely-ubuntu-22-04/project-repo/ucsd-mae-148-team-4/install/user_input_interfaces/lib/libuser_input_interfaces__rosidl_typesupport_fastrtps_c.so
-- Set runtime path of "/home/kneely-ubuntu-22-04/project-repo/ucsd-mae-148-team-4/install/user_input_interfaces/lib/libuser_input_interfaces__rosidl_typesupport_fastrtps_c.so" to ""
-- Up-to-date: /home/kneely-ubuntu-22-04/project-repo/ucsd-mae-148-team-4/install/user_input_interfaces/include/user_input_interfaces/user_input_interfaces
-- Up-to-date: /home/kneely-ubuntu-22-04/project-repo/ucsd-mae-148-team-4/install/user_input_interfaces/include/user_input_interfaces/user_input_interfaces/msg
-- Installing: /home/kneely-ubuntu-22-04/project-repo/ucsd-mae-148-team-4/install/user_input_interfaces/include/user_input_interfaces/user_input_interfaces/msg/rosidl_typesupport_introspection_c__visibility_control.h
-- Up-to-date: /home/kneely-ubuntu-22-04/project-repo/ucsd-mae-148-team-4/install/user_input_interfaces/include/user_input_interfaces/user_input_interfaces/msg/detail
-- Installing: /home/kneely-ubuntu-22-04/project-repo/ucsd-mae-148-team-4/install/user_input_interfaces/include/user_input_interfaces/user_input_interfaces/msg/detail/ride_request__type_support.c
-- Installing: /home/kneely-ubuntu-22-04/project-repo/ucsd-mae-148-team-4/install/user_input_interfaces/include/user_input_interfaces/user_input_interfaces/msg/detail/ride_request__rosidl_typesupport_introspection_c.h
-- Installing: /home/kneely-ubuntu-22-04/project-repo/ucsd-mae-148-team-4/install/user_input_interfaces/lib/libuser_input_interfaces__rosidl_typesupport_introspection_c.so
-- Set runtime path of "/home/kneely-ubuntu-22-04/project-repo/ucsd-mae-148-team-4/install/user_input_interfaces/lib/libuser_input_interfaces__rosidl_typesupport_introspection_c.so" to ""
-- Installing: /home/kneely-ubuntu-22-04/project-repo/ucsd-mae-148-team-4/install/user_input_interfaces/lib/libuser_input_interfaces__rosidl_typesupport_c.so
-- Set runtime path of "/home/kneely-ubuntu-22-04/project-repo/ucsd-mae-148-team-4/install/user_input_interfaces/lib/libuser_input_interfaces__rosidl_typesupport_c.so" to ""
-- Up-to-date: /home/kneely-ubuntu-22-04/project-repo/ucsd-mae-148-team-4/install/user_input_interfaces/include/user_input_interfaces/user_input_interfaces
-- Up-to-date: /home/kneely-ubuntu-22-04/project-repo/ucsd-mae-148-team-4/install/user_input_interfaces/include/user_input_interfaces/user_input_interfaces/msg
-- Up-to-date: /home/kneely-ubuntu-22-04/project-repo/ucsd-mae-148-team-4/install/user_input_interfaces/include/user_input_interfaces/user_input_interfaces/msg/detail
-- Installing: /home/kneely-ubuntu-22-04/project-repo/ucsd-mae-148-team-4/install/user_input_interfaces/include/user_input_interfaces/user_input_interfaces/msg/detail/ride_request__builder.hpp
-- Installing: /home/kneely-ubuntu-22-04/project-repo/ucsd-mae-148-team-4/install/user_input_interfaces/include/user_input_interfaces/user_input_interfaces/msg/detail/ride_request__struct.hpp
-- Installing: /home/kneely-ubuntu-22-04/project-repo/ucsd-mae-148-team-4/install/user_input_interfaces/include/user_input_interfaces/user_input_interfaces/msg/detail/ride_request__traits.hpp
-- Installing: /home/kneely-ubuntu-22-04/project-repo/ucsd-mae-148-team-4/install/user_input_interfaces/include/user_input_interfaces/user_input_interfaces/msg/ride_request.hpp
-- Up-to-date: /home/kneely-ubuntu-22-04/project-repo/ucsd-mae-148-team-4/install/user_input_interfaces/include/user_input_interfaces/user_input_interfaces
-- Up-to-date: /home/kneely-ubuntu-22-04/project-repo/ucsd-mae-148-team-4/install/user_input_interfaces/include/user_input_interfaces/user_input_interfaces/msg
-- Installing: /home/kneely-ubuntu-22-04/project-repo/ucsd-mae-148-team-4/install/user_input_interfaces/include/user_input_interfaces/user_input_interfaces/msg/rosidl_typesupport_fastrtps_cpp__visibility_control.h
-- Up-to-date: /home/kneely-ubuntu-22-04/project-repo/ucsd-mae-148-team-4/install/user_input_interfaces/include/user_input_interfaces/user_input_interfaces/msg/detail
-- Installing: /home/kneely-ubuntu-22-04/project-repo/ucsd-mae-148-team-4/install/user_input_interfaces/include/user_input_interfaces/user_input_interfaces/msg/detail/ride_request__rosidl_typesupport_fastrtps_cpp.hpp
-- Installing: /home/kneely-ubuntu-22-04/project-repo/ucsd-mae-148-team-4/install/user_input_interfaces/include/user_input_interfaces/user_input_interfaces/msg/detail/dds_fastrtps
-- Installing: /home/kneely-ubuntu-22-04/project-repo/ucsd-mae-148-team-4/install/user_input_interfaces/lib/libuser_input_interfaces__rosidl_typesupport_fastrtps_cpp.so
-- Set runtime path of "/home/kneely-ubuntu-22-04/project-repo/ucsd-mae-148-team-4/install/user_input_interfaces/lib/libuser_input_interfaces__rosidl_typesupport_fastrtps_cpp.so" to ""
-- Up-to-date: /home/kneely-ubuntu-22-04/project-repo/ucsd-mae-148-team-4/install/user_input_interfaces/include/user_input_interfaces/user_input_interfaces
-- Up-to-date: /home/kneely-ubuntu-22-04/project-repo/ucsd-mae-148-team-4/install/user_input_interfaces/include/user_input_interfaces/user_input_interfaces/msg
-- Up-to-date: /home/kneely-ubuntu-22-04/project-repo/ucsd-mae-148-team-4/install/user_input_interfaces/include/user_input_interfaces/user_input_interfaces/msg/detail
-- Installing: /home/kneely-ubuntu-22-04/project-repo/ucsd-mae-148-team-4/install/user_input_interfaces/include/user_input_interfaces/user_input_interfaces/msg/detail/ride_request__rosidl_typesupport_introspection_cpp.hpp
-- Installing: /home/kneely-ubuntu-22-04/project-repo/ucsd-mae-148-team-4/install/user_input_interfaces/include/user_input_interfaces/user_input_interfaces/msg/detail/ride_request__type_support.cpp
-- Installing: /home/kneely-ubuntu-22-04/project-repo/ucsd-mae-148-team-4/install/user_input_interfaces/lib/libuser_input_interfaces__rosidl_typesupport_introspection_cpp.so
-- Set runtime path of "/home/kneely-ubuntu-22-04/project-repo/ucsd-mae-148-team-4/install/user_input_interfaces/lib/libuser_input_interfaces__rosidl_typesupport_introspection_cpp.so" to ""
-- Installing: /home/kneely-ubuntu-22-04/project-repo/ucsd-mae-148-team-4/install/user_input_interfaces/lib/libuser_input_interfaces__rosidl_typesupport_cpp.so
-- Set runtime path of "/home/kneely-ubuntu-22-04/project-repo/ucsd-mae-148-team-4/install/user_input_interfaces/lib/libuser_input_interfaces__rosidl_typesupport_cpp.so" to ""
-- Installing: /home/kneely-ubuntu-22-04/project-repo/ucsd-mae-148-team-4/install/user_input_interfaces/share/user_input_interfaces/environment/pythonpath.sh
-- Installing: /home/kneely-ubuntu-22-04/project-repo/ucsd-mae-148-team-4/install/user_input_interfaces/share/user_input_interfaces/environment/pythonpath.dsv
-- Installing: /home/kneely-ubuntu-22-04/project-repo/ucsd-mae-148-team-4/install/user_input_interfaces/lib/python3.10/site-packages/user_input_interfaces-0.0.0-py3.10.egg-info
-- Installing: /home/kneely-ubuntu-22-04/project-repo/ucsd-mae-148-team-4/install/user_input_interfaces/lib/python3.10/site-packages/user_input_interfaces-0.0.0-py3.10.egg-info/PKG-INFO
-- Installing: /home/kneely-ubuntu-22-04/project-repo/ucsd-mae-148-team-4/install/user_input_interfaces/lib/python3.10/site-packages/user_input_interfaces-0.0.0-py3.10.egg-info/top_level.txt
-- Installing: /home/kneely-ubuntu-22-04/project-repo/ucsd-mae-148-team-4/install/user_input_interfaces/lib/python3.10/site-packages/user_input_interfaces-0.0.0-py3.10.egg-info/dependency_links.txt
-- Installing: /home/kneely-ubuntu-22-04/project-repo/ucsd-mae-148-team-4/install/user_input_interfaces/lib/python3.10/site-packages/user_input_interfaces-0.0.0-py3.10.egg-info/SOURCES.txt
-- Installing: /home/kneely-ubuntu-22-04/project-repo/ucsd-mae-148-team-4/install/user_input_interfaces/lib/python3.10/site-packages/user_input_interfaces
-- Installing: /home/kneely-ubuntu-22-04/project-repo/ucsd-mae-148-team-4/install/user_input_interfaces/lib/python3.10/site-packages/user_input_interfaces/user_input_interfaces_s__rosidl_typesupport_c.cpython-310-x86_64-linux-gnu.so
-- Installing: /home/kneely-ubuntu-22-04/project-repo/ucsd-mae-148-team-4/install/user_input_interfaces/lib/python3.10/site-packages/user_input_interfaces/user_input_interfaces_s__rosidl_typesupport_introspection_c.cpython-310-x86_64-linux-gnu.so
-- Installing: /home/kneely-ubuntu-22-04/project-repo/ucsd-mae-148-team-4/install/user_input_interfaces/lib/python3.10/site-packages/user_input_interfaces/__init__.py
-- Installing: /home/kneely-ubuntu-22-04/project-repo/ucsd-mae-148-team-4/install/user_input_interfaces/lib/python3.10/site-packages/user_input_interfaces/msg
-- Installing: /home/kneely-ubuntu-22-04/project-repo/ucsd-mae-148-team-4/install/user_input_interfaces/lib/python3.10/site-packages/user_input_interfaces/msg/__init__.py
-- Installing: /home/kneely-ubuntu-22-04/project-repo/ucsd-mae-148-team-4/install/user_input_interfaces/lib/python3.10/site-packages/user_input_interfaces/msg/_ride_request_s.c
-- Installing: /home/kneely-ubuntu-22-04/project-repo/ucsd-mae-148-team-4/install/user_input_interfaces/lib/python3.10/site-packages/user_input_interfaces/msg/_ride_request.py
-- Installing: /home/kneely-ubuntu-22-04/project-repo/ucsd-mae-148-team-4/install/user_input_interfaces/lib/python3.10/site-packages/user_input_interfaces/libuser_input_interfaces__rosidl_generator_py.so
-- Installing: /home/kneely-ubuntu-22-04/project-repo/ucsd-mae-148-team-4/install/user_input_interfaces/lib/python3.10/site-packages/user_input_interfaces/user_input_interfaces_s__rosidl_typesupport_fastrtps_c.cpython-310-x86_64-linux-gnu.so
-- Installing: /home/kneely-ubuntu-22-04/project-repo/ucsd-mae-148-team-4/install/user_input_interfaces/lib/python3.10/site-packages/user_input_interfaces/_user_input_interfaces_s.ep.rosidl_typesupport_fastrtps_c.c
-- Installing: /home/kneely-ubuntu-22-04/project-repo/ucsd-mae-148-team-4/install/user_input_interfaces/lib/python3.10/site-packages/user_input_interfaces/_user_input_interfaces_s.ep.rosidl_typesupport_c.c
-- Installing: /home/kneely-ubuntu-22-04/project-repo/ucsd-mae-148-team-4/install/user_input_interfaces/lib/python3.10/site-packages/user_input_interfaces/_user_input_interfaces_s.ep.rosidl_typesupport_introspection_c.c
Listing '/home/kneely-ubuntu-22-04/project-repo/ucsd-mae-148-team-4/install/user_input_interfaces/lib/python3.10/site-packages/user_input_interfaces'...
Compiling '/home/kneely-ubuntu-22-04/project-repo/ucsd-mae-148-team-4/install/user_input_interfaces/lib/python3.10/site-packages/user_input_interfaces/__init__.py'...
Listing '/home/kneely-ubuntu-22-04/project-repo/ucsd-mae-148-team-4/install/user_input_interfaces/lib/python3.10/site-packages/user_input_interfaces/msg'...
Compiling '/home/kneely-ubuntu-22-04/project-repo/ucsd-mae-148-team-4/install/user_input_interfaces/lib/python3.10/site-packages/user_input_interfaces/msg/__init__.py'...
Compiling '/home/kneely-ubuntu-22-04/project-repo/ucsd-mae-148-team-4/install/user_input_interfaces/lib/python3.10/site-packages/user_input_interfaces/msg/_ride_request.py'...
-- Installing: /home/kneely-ubuntu-22-04/project-repo/ucsd-mae-148-team-4/install/user_input_interfaces/lib/python3.10/site-packages/user_input_interfaces/user_input_interfaces_s__rosidl_typesupport_fastrtps_c.cpython-310-x86_64-linux-gnu.so
-- Set runtime path of "/home/kneely-ubuntu-22-04/project-repo/ucsd-mae-148-team-4/install/user_input_interfaces/lib/python3.10/site-packages/user_input_interfaces/user_input_interfaces_s__rosidl_typesupport_fastrtps_c.cpython-310-x86_64-linux-gnu.so" to ""
-- Installing: /home/kneely-ubuntu-22-04/project-repo/ucsd-mae-148-team-4/install/user_input_interfaces/lib/python3.10/site-packages/user_input_interfaces/user_input_interfaces_s__rosidl_typesupport_introspection_c.cpython-310-x86_64-linux-gnu.so
-- Set runtime path of "/home/kneely-ubuntu-22-04/project-repo/ucsd-mae-148-team-4/install/user_input_interfaces/lib/python3.10/site-packages/user_input_interfaces/user_input_interfaces_s__rosidl_typesupport_introspection_c.cpython-310-x86_64-linux-gnu.so" to ""
-- Installing: /home/kneely-ubuntu-22-04/project-repo/ucsd-mae-148-team-4/install/user_input_interfaces/lib/python3.10/site-packages/user_input_interfaces/user_input_interfaces_s__rosidl_typesupport_c.cpython-310-x86_64-linux-gnu.so
-- Set runtime path of "/home/kneely-ubuntu-22-04/project-repo/ucsd-mae-148-team-4/install/user_input_interfaces/lib/python3.10/site-packages/user_input_interfaces/user_input_interfaces_s__rosidl_typesupport_c.cpython-310-x86_64-linux-gnu.so" to ""
-- Installing: /home/kneely-ubuntu-22-04/project-repo/ucsd-mae-148-team-4/install/user_input_interfaces/lib/libuser_input_interfaces__rosidl_generator_py.so
-- Set runtime path of "/home/kneely-ubuntu-22-04/project-repo/ucsd-mae-148-team-4/install/user_input_interfaces/lib/libuser_input_interfaces__rosidl_generator_py.so" to ""
-- Installing: /home/kneely-ubuntu-22-04/project-repo/ucsd-mae-148-team-4/install/user_input_interfaces/share/user_input_interfaces/msg/RideRequest.idl
-- Installing: /home/kneely-ubuntu-22-04/project-repo/ucsd-mae-148-team-4/install/user_input_interfaces/share/user_input_interfaces/msg/RideRequest.msg
-- Installing: /home/kneely-ubuntu-22-04/project-repo/ucsd-mae-148-team-4/install/user_input_interfaces/share/ament_index/resource_index/package_run_dependencies/user_input_interfaces
-- Installing: /home/kneely-ubuntu-22-04/project-repo/ucsd-mae-148-team-4/install/user_input_interfaces/share/ament_index/resource_index/parent_prefix_path/user_input_interfaces
-- Installing: /home/kneely-ubuntu-22-04/project-repo/ucsd-mae-148-team-4/install/user_input_interfaces/share/user_input_interfaces/environment/ament_prefix_path.sh
-- Installing: /home/kneely-ubuntu-22-04/project-repo/ucsd-mae-148-team-4/install/user_input_interfaces/share/user_input_interfaces/environment/ament_prefix_path.dsv
-- Installing: /home/kneely-ubuntu-22-04/project-repo/ucsd-mae-148-team-4/install/user_input_interfaces/share/user_input_interfaces/environment/path.sh
-- Installing: /home/kneely-ubuntu-22-04/project-repo/ucsd-mae-148-team-4/install/user_input_interfaces/share/user_input_interfaces/environment/path.dsv
-- Installing: /home/kneely-ubuntu-22-04/project-repo/ucsd-mae-148-team-4/install/user_input_interfaces/share/user_input_interfaces/local_setup.bash
-- Installing: /home/kneely-ubuntu-22-04/project-repo/ucsd-mae-148-team-4/install/user_input_interfaces/share/user_input_interfaces/local_setup.sh
-- Installing: /home/kneely-ubuntu-22-04/project-repo/ucsd-mae-148-team-4/install/user_input_interfaces/share/user_input_interfaces/local_setup.zsh
-- Installing: /home/kneely-ubuntu-22-04/project-repo/ucsd-mae-148-team-4/install/user_input_interfaces/share/user_input_interfaces/local_setup.dsv
-- Installing: /home/kneely-ubuntu-22-04/project-repo/ucsd-mae-148-team-4/install/user_input_interfaces/share/user_input_interfaces/package.dsv
-- Installing: /home/kneely-ubuntu-22-04/project-repo/ucsd-mae-148-team-4/install/user_input_interfaces/share/ament_index/resource_index/packages/user_input_interfaces
-- Installing: /home/kneely-ubuntu-22-04/project-repo/ucsd-mae-148-team-4/install/user_input_interfaces/share/user_input_interfaces/cmake/export_user_input_interfaces__rosidl_generator_cExport.cmake
-- Installing: /home/kneely-ubuntu-22-04/project-repo/ucsd-mae-148-team-4/install/user_input_interfaces/share/user_input_interfaces/cmake/export_user_input_interfaces__rosidl_generator_cExport-noconfig.cmake
-- Installing: /home/kneely-ubuntu-22-04/project-repo/ucsd-mae-148-team-4/install/user_input_interfaces/share/user_input_interfaces/cmake/export_user_input_interfaces__rosidl_typesupport_fastrtps_cExport.cmake
-- Installing: /home/kneely-ubuntu-22-04/project-repo/ucsd-mae-148-team-4/install/user_input_interfaces/share/user_input_interfaces/cmake/export_user_input_interfaces__rosidl_typesupport_fastrtps_cExport-noconfig.cmake
-- Installing: /home/kneely-ubuntu-22-04/project-repo/ucsd-mae-148-team-4/install/user_input_interfaces/share/user_input_interfaces/cmake/user_input_interfaces__rosidl_typesupport_introspection_cExport.cmake
-- Installing: /home/kneely-ubuntu-22-04/project-repo/ucsd-mae-148-team-4/install/user_input_interfaces/share/user_input_interfaces/cmake/user_input_interfaces__rosidl_typesupport_introspection_cExport-noconfig.cmake
-- Installing: /home/kneely-ubuntu-22-04/project-repo/ucsd-mae-148-team-4/install/user_input_interfaces/share/user_input_interfaces/cmake/user_input_interfaces__rosidl_typesupport_cExport.cmake
-- Installing: /home/kneely-ubuntu-22-04/project-repo/ucsd-mae-148-team-4/install/user_input_interfaces/share/user_input_interfaces/cmake/user_input_interfaces__rosidl_typesupport_cExport-noconfig.cmake
-- Installing: /home/kneely-ubuntu-22-04/project-repo/ucsd-mae-148-team-4/install/user_input_interfaces/share/user_input_interfaces/cmake/export_user_input_interfaces__rosidl_generator_cppExport.cmake
-- Installing: /home/kneely-ubuntu-22-04/project-repo/ucsd-mae-148-team-4/install/user_input_interfaces/share/user_input_interfaces/cmake/export_user_input_interfaces__rosidl_typesupport_fastrtps_cppExport.cmake
-- Installing: /home/kneely-ubuntu-22-04/project-repo/ucsd-mae-148-team-4/install/user_input_interfaces/share/user_input_interfaces/cmake/export_user_input_interfaces__rosidl_typesupport_fastrtps_cppExport-noconfig.cmake
-- Installing: /home/kneely-ubuntu-22-04/project-repo/ucsd-mae-148-team-4/install/user_input_interfaces/share/user_input_interfaces/cmake/user_input_interfaces__rosidl_typesupport_introspection_cppExport.cmake
-- Installing: /home/kneely-ubuntu-22-04/project-repo/ucsd-mae-148-team-4/install/user_input_interfaces/share/user_input_interfaces/cmake/user_input_interfaces__rosidl_typesupport_introspection_cppExport-noconfig.cmake
-- Installing: /home/kneely-ubuntu-22-04/project-repo/ucsd-mae-148-team-4/install/user_input_interfaces/share/user_input_interfaces/cmake/user_input_interfaces__rosidl_typesupport_cppExport.cmake
-- Installing: /home/kneely-ubuntu-22-04/project-repo/ucsd-mae-148-team-4/install/user_input_interfaces/share/user_input_interfaces/cmake/user_input_interfaces__rosidl_typesupport_cppExport-noconfig.cmake
-- Installing: /home/kneely-ubuntu-22-04/project-repo/ucsd-mae-148-team-4/install/user_input_interfaces/share/user_input_interfaces/cmake/export_user_input_interfaces__rosidl_generator_pyExport.cmake
-- Installing: /home/kneely-ubuntu-22-04/project-repo/ucsd-mae-148-team-4/install/user_input_interfaces/share/user_input_interfaces/cmake/export_user_input_interfaces__rosidl_generator_pyExport-noconfig.cmake
-- Installing: /home/kneely-ubuntu-22-04/project-repo/ucsd-mae-148-team-4/install/user_input_interfaces/share/user_input_interfaces/cmake/rosidl_cmake-extras.cmake
-- Installing: /home/kneely-ubuntu-22-04/project-repo/ucsd-mae-148-team-4/install/user_input_interfaces/share/user_input_interfaces/cmake/ament_cmake_export_include_directories-extras.cmake
-- Installing: /home/kneely-ubuntu-22-04/project-repo/ucsd-mae-148-team-4/install/user_input_interfaces/share/user_input_interfaces/cmake/ament_cmake_export_libraries-extras.cmake
-- Installing: /home/kneely-ubuntu-22-04/project-repo/ucsd-mae-148-team-4/install/user_input_interfaces/share/user_input_interfaces/cmake/ament_cmake_export_targets-extras.cmake
-- Installing: /home/kneely-ubuntu-22-04/project-repo/ucsd-mae-148-team-4/install/user_input_interfaces/share/user_input_interfaces/cmake/rosidl_cmake_export_typesupport_targets-extras.cmake
-- Installing: /home/kneely-ubuntu-22-04/project-repo/ucsd-mae-148-team-4/install/user_input_interfaces/share/user_input_interfaces/cmake/ament_cmake_export_dependencies-extras.cmake
-- Installing: /home/kneely-ubuntu-22-04/project-repo/ucsd-mae-148-team-4/install/user_input_interfaces/share/user_input_interfaces/cmake/rosidl_cmake_export_typesupport_libraries-extras.cmake
-- Installing: /home/kneely-ubuntu-22-04/project-repo/ucsd-mae-148-team-4/install/user_input_interfaces/share/user_input_interfaces/cmake/user_input_interfacesConfig.cmake
-- Installing: /home/kneely-ubuntu-22-04/project-repo/ucsd-mae-148-team-4/install/user_input_interfaces/share/user_input_interfaces/cmake/user_input_interfacesConfig-version.cmake
-- Installing: /home/kneely-ubuntu-22-04/project-repo/ucsd-mae-148-team-4/install/user_input_interfaces/share/user_input_interfaces/package.xml
