running egg_info
writing ../../build/face_rec_pkg/face_rec_pkg.egg-info/PKG-INFO
writing dependency_links to ../../build/face_rec_pkg/face_rec_pkg.egg-info/dependency_links.txt
writing entry points to ../../build/face_rec_pkg/face_rec_pkg.egg-info/entry_points.txt
writing requirements to ../../build/face_rec_pkg/face_rec_pkg.egg-info/requires.txt
writing top-level names to ../../build/face_rec_pkg/face_rec_pkg.egg-info/top_level.txt
reading manifest file '../../build/face_rec_pkg/face_rec_pkg.egg-info/SOURCES.txt'
writing manifest file '../../build/face_rec_pkg/face_rec_pkg.egg-info/SOURCES.txt'
running build
running build_py
running install
/usr/lib/python3/dist-packages/setuptools/command/install.py:34: SetuptoolsDeprecationWarning: setup.py install is deprecated. Use build and pip and other standards-based tools.
  warnings.warn(
running install_lib
running install_data
copying resource/face_rec_pkg -> /home/kneely-ubuntu-22-04/project-repo/ucsd-mae-148-team-4/install/face_rec_pkg/share/ament_index/resource_index/packages
copying package.xml -> /home/kneely-ubuntu-22-04/project-repo/ucsd-mae-148-team-4/install/face_rec_pkg/share/face_rec_pkg
running install_egg_info
Copying ../../build/face_rec_pkg/face_rec_pkg.egg-info to /home/kneely-ubuntu-22-04/project-repo/ucsd-mae-148-team-4/install/face_rec_pkg/lib/python3.10/site-packages/face_rec_pkg-0.0.0-py3.10.egg-info
running install_scripts
Installing face_publisher script to /home/kneely-ubuntu-22-04/project-repo/ucsd-mae-148-team-4/install/face_rec_pkg/lib/face_rec_pkg
Installing ride_match_publisher script to /home/kneely-ubuntu-22-04/project-repo/ucsd-mae-148-team-4/install/face_rec_pkg/lib/face_rec_pkg
writing list of installed files to '/home/kneely-ubuntu-22-04/project-repo/ucsd-mae-148-team-4/build/face_rec_pkg/install.log'
