[0.158s] Invoking command in '/home/kneely-ubuntu-22-04/project-repo/ucsd-mae-148-team-4/build/user_input_interfaces': CMAKE_PREFIX_PATH=${CMAKE_PREFIX_PATH}:/home/kneely-ubuntu-22-04/project-repo/ucsd-mae-148-team-4/install/ride_service_pkg:/home/kneely-ubuntu-22-04/project-repo/ucsd-mae-148-team-4/install/ride_request_pkg:/home/kneely-ubuntu-22-04/project-repo/ucsd-mae-148-team-4/install/face_rec_pkg:/opt/ros/iron /usr/bin/cmake --build /home/kneely-ubuntu-22-04/project-repo/ucsd-mae-148-team-4/build/user_input_interfaces -- -j8 -l8
[0.237s] [  2%] Built target user_input_interfaces__rosidl_generator_type_description
[0.255s] [  2%] Built target ament_cmake_python_copy_user_input_interfaces
[0.271s] [  5%] Built target user_input_interfaces__cpp
[0.273s] [ 20%] Built target user_input_interfaces__rosidl_generator_c
[0.329s] [ 38%] Built target user_input_interfaces__rosidl_typesupport_cpp
[0.330s] [ 38%] Built target user_input_interfaces__rosidl_typesupport_introspection_c
[0.333s] [ 47%] Built target user_input_interfaces__rosidl_typesupport_fastrtps_c
[0.337s] [ 55%] Built target user_input_interfaces__rosidl_typesupport_introspection_cpp
[0.338s] [ 64%] Built target user_input_interfaces__rosidl_typesupport_c
[0.348s] [ 73%] Built target user_input_interfaces__rosidl_typesupport_fastrtps_cpp
[0.392s] [ 73%] Built target user_input_interfaces
[0.434s] [ 76%] Built target user_input_interfaces__py
[0.471s] [ 82%] Built target user_input_interfaces__rosidl_generator_py
[0.509s] [100%] Built target user_input_interfaces__rosidl_typesupport_introspection_c__pyext
[0.510s] [100%] Built target user_input_interfaces__rosidl_typesupport_c__pyext
[0.510s] [100%] Built target user_input_interfaces__rosidl_typesupport_fastrtps_c__pyext
[0.797s] running egg_info
[0.798s] writing user_input_interfaces.egg-info/PKG-INFO
[0.799s] writing dependency_links to user_input_interfaces.egg-info/dependency_links.txt
[0.800s] writing top-level names to user_input_interfaces.egg-info/top_level.txt
[0.806s] reading manifest file 'user_input_interfaces.egg-info/SOURCES.txt'
[0.806s] writing manifest file 'user_input_interfaces.egg-info/SOURCES.txt'
[0.882s] [100%] Built target ament_cmake_python_build_user_input_interfaces_egg
[0.901s] Invoked command in '/home/kneely-ubuntu-22-04/project-repo/ucsd-mae-148-team-4/build/user_input_interfaces' returned '0': CMAKE_PREFIX_PATH=${CMAKE_PREFIX_PATH}:/home/kneely-ubuntu-22-04/project-repo/ucsd-mae-148-team-4/install/ride_service_pkg:/home/kneely-ubuntu-22-04/project-repo/ucsd-mae-148-team-4/install/ride_request_pkg:/home/kneely-ubuntu-22-04/project-repo/ucsd-mae-148-team-4/install/face_rec_pkg:/opt/ros/iron /usr/bin/cmake --build /home/kneely-ubuntu-22-04/project-repo/ucsd-mae-148-team-4/build/user_input_interfaces -- -j8 -l8
[1.059s] Invoking command in '/home/kneely-ubuntu-22-04/project-repo/ucsd-mae-148-team-4/build/user_input_interfaces': CMAKE_PREFIX_PATH=${CMAKE_PREFIX_PATH}:/home/kneely-ubuntu-22-04/project-repo/ucsd-mae-148-team-4/install/ride_service_pkg:/home/kneely-ubuntu-22-04/project-repo/ucsd-mae-148-team-4/install/ride_request_pkg:/home/kneely-ubuntu-22-04/project-repo/ucsd-mae-148-team-4/install/face_rec_pkg:/opt/ros/iron /usr/bin/cmake --install /home/kneely-ubuntu-22-04/project-repo/ucsd-mae-148-team-4/build/user_input_interfaces
[1.069s] -- Install configuration: ""
[1.070s] -- Up-to-date: /home/kneely-ubuntu-22-04/project-repo/ucsd-mae-148-team-4/install/user_input_interfaces/share/ament_index/resource_index/rosidl_interfaces/user_input_interfaces
[1.070s] -- Up-to-date: /home/kneely-ubuntu-22-04/project-repo/ucsd-mae-148-team-4/install/user_input_interfaces/share/user_input_interfaces/msg/RideRequest.json
[1.071s] -- Up-to-date: /home/kneely-ubuntu-22-04/project-repo/ucsd-mae-148-team-4/install/user_input_interfaces/include/user_input_interfaces/user_input_interfaces
[1.071s] -- Up-to-date: /home/kneely-ubuntu-22-04/project-repo/ucsd-mae-148-team-4/install/user_input_interfaces/include/user_input_interfaces/user_input_interfaces/msg
[1.072s] -- Up-to-date: /home/kneely-ubuntu-22-04/project-repo/ucsd-mae-148-team-4/install/user_input_interfaces/include/user_input_interfaces/user_input_interfaces/msg/ride_request.h
[1.072s] -- Up-to-date: /home/kneely-ubuntu-22-04/project-repo/ucsd-mae-148-team-4/install/user_input_interfaces/include/user_input_interfaces/user_input_interfaces/msg/detail
[1.072s] -- Up-to-date: /home/kneely-ubuntu-22-04/project-repo/ucsd-mae-148-team-4/install/user_input_interfaces/include/user_input_interfaces/user_input_interfaces/msg/detail/ride_request__struct.h
[1.073s] -- Up-to-date: /home/kneely-ubuntu-22-04/project-repo/ucsd-mae-148-team-4/install/user_input_interfaces/include/user_input_interfaces/user_input_interfaces/msg/detail/ride_request__functions.c
[1.073s] -- Installing: /home/kneely-ubuntu-22-04/project-repo/ucsd-mae-148-team-4/install/user_input_interfaces/include/user_input_interfaces/user_input_interfaces/msg/detail/ride_request__type_support.c
[1.074s] -- Up-to-date: /home/kneely-ubuntu-22-04/project-repo/ucsd-mae-148-team-4/install/user_input_interfaces/include/user_input_interfaces/user_input_interfaces/msg/detail/ride_request__description.c
[1.074s] -- Up-to-date: /home/kneely-ubuntu-22-04/project-repo/ucsd-mae-148-team-4/install/user_input_interfaces/include/user_input_interfaces/user_input_interfaces/msg/detail/ride_request__type_support.h
[1.075s] -- Up-to-date: /home/kneely-ubuntu-22-04/project-repo/ucsd-mae-148-team-4/install/user_input_interfaces/include/user_input_interfaces/user_input_interfaces/msg/detail/ride_request__functions.h
[1.075s] -- Up-to-date: /home/kneely-ubuntu-22-04/project-repo/ucsd-mae-148-team-4/install/user_input_interfaces/include/user_input_interfaces/user_input_interfaces/msg/rosidl_generator_c__visibility_control.h
[1.076s] -- Up-to-date: /home/kneely-ubuntu-22-04/project-repo/ucsd-mae-148-team-4/install/user_input_interfaces/share/user_input_interfaces/environment/library_path.sh
[1.076s] -- Up-to-date: /home/kneely-ubuntu-22-04/project-repo/ucsd-mae-148-team-4/install/user_input_interfaces/share/user_input_interfaces/environment/library_path.dsv
[1.077s] -- Up-to-date: /home/kneely-ubuntu-22-04/project-repo/ucsd-mae-148-team-4/install/user_input_interfaces/lib/libuser_input_interfaces__rosidl_generator_c.so
[1.077s] -- Up-to-date: /home/kneely-ubuntu-22-04/project-repo/ucsd-mae-148-team-4/install/user_input_interfaces/include/user_input_interfaces/user_input_interfaces
[1.078s] -- Up-to-date: /home/kneely-ubuntu-22-04/project-repo/ucsd-mae-148-team-4/install/user_input_interfaces/include/user_input_interfaces/user_input_interfaces/msg
[1.078s] -- Up-to-date: /home/kneely-ubuntu-22-04/project-repo/ucsd-mae-148-team-4/install/user_input_interfaces/include/user_input_interfaces/user_input_interfaces/msg/rosidl_typesupport_fastrtps_c__visibility_control.h
[1.079s] -- Up-to-date: /home/kneely-ubuntu-22-04/project-repo/ucsd-mae-148-team-4/install/user_input_interfaces/include/user_input_interfaces/user_input_interfaces/msg/detail
[1.079s] -- Up-to-date: /home/kneely-ubuntu-22-04/project-repo/ucsd-mae-148-team-4/install/user_input_interfaces/include/user_input_interfaces/user_input_interfaces/msg/detail/ride_request__rosidl_typesupport_fastrtps_c.h
[1.079s] -- Up-to-date: /home/kneely-ubuntu-22-04/project-repo/ucsd-mae-148-team-4/install/user_input_interfaces/lib/libuser_input_interfaces__rosidl_typesupport_fastrtps_c.so
[1.080s] -- Up-to-date: /home/kneely-ubuntu-22-04/project-repo/ucsd-mae-148-team-4/install/user_input_interfaces/include/user_input_interfaces/user_input_interfaces
[1.080s] -- Up-to-date: /home/kneely-ubuntu-22-04/project-repo/ucsd-mae-148-team-4/install/user_input_interfaces/include/user_input_interfaces/user_input_interfaces/msg
[1.081s] -- Up-to-date: /home/kneely-ubuntu-22-04/project-repo/ucsd-mae-148-team-4/install/user_input_interfaces/include/user_input_interfaces/user_input_interfaces/msg/rosidl_typesupport_introspection_c__visibility_control.h
[1.081s] -- Up-to-date: /home/kneely-ubuntu-22-04/project-repo/ucsd-mae-148-team-4/install/user_input_interfaces/include/user_input_interfaces/user_input_interfaces/msg/detail
[1.082s] -- Installing: /home/kneely-ubuntu-22-04/project-repo/ucsd-mae-148-team-4/install/user_input_interfaces/include/user_input_interfaces/user_input_interfaces/msg/detail/ride_request__type_support.c
[1.082s] -- Up-to-date: /home/kneely-ubuntu-22-04/project-repo/ucsd-mae-148-team-4/install/user_input_interfaces/include/user_input_interfaces/user_input_interfaces/msg/detail/ride_request__rosidl_typesupport_introspection_c.h
[1.082s] -- Up-to-date: /home/kneely-ubuntu-22-04/project-repo/ucsd-mae-148-team-4/install/user_input_interfaces/lib/libuser_input_interfaces__rosidl_typesupport_introspection_c.so
[1.082s] -- Up-to-date: /home/kneely-ubuntu-22-04/project-repo/ucsd-mae-148-team-4/install/user_input_interfaces/lib/libuser_input_interfaces__rosidl_typesupport_c.so
[1.082s] -- Up-to-date: /home/kneely-ubuntu-22-04/project-repo/ucsd-mae-148-team-4/install/user_input_interfaces/include/user_input_interfaces/user_input_interfaces
[1.082s] -- Up-to-date: /home/kneely-ubuntu-22-04/project-repo/ucsd-mae-148-team-4/install/user_input_interfaces/include/user_input_interfaces/user_input_interfaces/msg
[1.083s] -- Up-to-date: /home/kneely-ubuntu-22-04/project-repo/ucsd-mae-148-team-4/install/user_input_interfaces/include/user_input_interfaces/user_input_interfaces/msg/detail
[1.083s] -- Up-to-date: /home/kneely-ubuntu-22-04/project-repo/ucsd-mae-148-team-4/install/user_input_interfaces/include/user_input_interfaces/user_input_interfaces/msg/detail/ride_request__builder.hpp
[1.083s] -- Up-to-date: /home/kneely-ubuntu-22-04/project-repo/ucsd-mae-148-team-4/install/user_input_interfaces/include/user_input_interfaces/user_input_interfaces/msg/detail/ride_request__struct.hpp
[1.083s] -- Up-to-date: /home/kneely-ubuntu-22-04/project-repo/ucsd-mae-148-team-4/install/user_input_interfaces/include/user_input_interfaces/user_input_interfaces/msg/detail/ride_request__traits.hpp
[1.083s] -- Up-to-date: /home/kneely-ubuntu-22-04/project-repo/ucsd-mae-148-team-4/install/user_input_interfaces/include/user_input_interfaces/user_input_interfaces/msg/ride_request.hpp
[1.083s] -- Up-to-date: /home/kneely-ubuntu-22-04/project-repo/ucsd-mae-148-team-4/install/user_input_interfaces/include/user_input_interfaces/user_input_interfaces
[1.084s] -- Up-to-date: /home/kneely-ubuntu-22-04/project-repo/ucsd-mae-148-team-4/install/user_input_interfaces/include/user_input_interfaces/user_input_interfaces/msg
[1.084s] -- Up-to-date: /home/kneely-ubuntu-22-04/project-repo/ucsd-mae-148-team-4/install/user_input_interfaces/include/user_input_interfaces/user_input_interfaces/msg/rosidl_typesupport_fastrtps_cpp__visibility_control.h
[1.084s] -- Up-to-date: /home/kneely-ubuntu-22-04/project-repo/ucsd-mae-148-team-4/install/user_input_interfaces/include/user_input_interfaces/user_input_interfaces/msg/detail
[1.084s] -- Up-to-date: /home/kneely-ubuntu-22-04/project-repo/ucsd-mae-148-team-4/install/user_input_interfaces/include/user_input_interfaces/user_input_interfaces/msg/detail/ride_request__rosidl_typesupport_fastrtps_cpp.hpp
[1.084s] -- Up-to-date: /home/kneely-ubuntu-22-04/project-repo/ucsd-mae-148-team-4/install/user_input_interfaces/include/user_input_interfaces/user_input_interfaces/msg/detail/dds_fastrtps
[1.084s] -- Up-to-date: /home/kneely-ubuntu-22-04/project-repo/ucsd-mae-148-team-4/install/user_input_interfaces/lib/libuser_input_interfaces__rosidl_typesupport_fastrtps_cpp.so
[1.084s] -- Up-to-date: /home/kneely-ubuntu-22-04/project-repo/ucsd-mae-148-team-4/install/user_input_interfaces/include/user_input_interfaces/user_input_interfaces
[1.085s] -- Up-to-date: /home/kneely-ubuntu-22-04/project-repo/ucsd-mae-148-team-4/install/user_input_interfaces/include/user_input_interfaces/user_input_interfaces/msg
[1.085s] -- Up-to-date: /home/kneely-ubuntu-22-04/project-repo/ucsd-mae-148-team-4/install/user_input_interfaces/include/user_input_interfaces/user_input_interfaces/msg/detail
[1.085s] -- Up-to-date: /home/kneely-ubuntu-22-04/project-repo/ucsd-mae-148-team-4/install/user_input_interfaces/include/user_input_interfaces/user_input_interfaces/msg/detail/ride_request__rosidl_typesupport_introspection_cpp.hpp
[1.085s] -- Up-to-date: /home/kneely-ubuntu-22-04/project-repo/ucsd-mae-148-team-4/install/user_input_interfaces/include/user_input_interfaces/user_input_interfaces/msg/detail/ride_request__type_support.cpp
[1.085s] -- Up-to-date: /home/kneely-ubuntu-22-04/project-repo/ucsd-mae-148-team-4/install/user_input_interfaces/lib/libuser_input_interfaces__rosidl_typesupport_introspection_cpp.so
[1.085s] -- Up-to-date: /home/kneely-ubuntu-22-04/project-repo/ucsd-mae-148-team-4/install/user_input_interfaces/lib/libuser_input_interfaces__rosidl_typesupport_cpp.so
[1.086s] -- Up-to-date: /home/kneely-ubuntu-22-04/project-repo/ucsd-mae-148-team-4/install/user_input_interfaces/share/user_input_interfaces/environment/pythonpath.sh
[1.086s] -- Up-to-date: /home/kneely-ubuntu-22-04/project-repo/ucsd-mae-148-team-4/install/user_input_interfaces/share/user_input_interfaces/environment/pythonpath.dsv
[1.086s] -- Up-to-date: /home/kneely-ubuntu-22-04/project-repo/ucsd-mae-148-team-4/install/user_input_interfaces/lib/python3.10/site-packages/user_input_interfaces-0.0.0-py3.10.egg-info
[1.086s] -- Installing: /home/kneely-ubuntu-22-04/project-repo/ucsd-mae-148-team-4/install/user_input_interfaces/lib/python3.10/site-packages/user_input_interfaces-0.0.0-py3.10.egg-info/PKG-INFO
[1.086s] -- Installing: /home/kneely-ubuntu-22-04/project-repo/ucsd-mae-148-team-4/install/user_input_interfaces/lib/python3.10/site-packages/user_input_interfaces-0.0.0-py3.10.egg-info/top_level.txt
[1.086s] -- Installing: /home/kneely-ubuntu-22-04/project-repo/ucsd-mae-148-team-4/install/user_input_interfaces/lib/python3.10/site-packages/user_input_interfaces-0.0.0-py3.10.egg-info/dependency_links.txt
[1.086s] -- Installing: /home/kneely-ubuntu-22-04/project-repo/ucsd-mae-148-team-4/install/user_input_interfaces/lib/python3.10/site-packages/user_input_interfaces-0.0.0-py3.10.egg-info/SOURCES.txt
[1.087s] -- Up-to-date: /home/kneely-ubuntu-22-04/project-repo/ucsd-mae-148-team-4/install/user_input_interfaces/lib/python3.10/site-packages/user_input_interfaces
[1.087s] -- Up-to-date: /home/kneely-ubuntu-22-04/project-repo/ucsd-mae-148-team-4/install/user_input_interfaces/lib/python3.10/site-packages/user_input_interfaces/user_input_interfaces_s__rosidl_typesupport_c.cpython-310-x86_64-linux-gnu.so
[1.087s] -- Up-to-date: /home/kneely-ubuntu-22-04/project-repo/ucsd-mae-148-team-4/install/user_input_interfaces/lib/python3.10/site-packages/user_input_interfaces/user_input_interfaces_s__rosidl_typesupport_introspection_c.cpython-310-x86_64-linux-gnu.so
[1.087s] -- Up-to-date: /home/kneely-ubuntu-22-04/project-repo/ucsd-mae-148-team-4/install/user_input_interfaces/lib/python3.10/site-packages/user_input_interfaces/__init__.py
[1.087s] -- Up-to-date: /home/kneely-ubuntu-22-04/project-repo/ucsd-mae-148-team-4/install/user_input_interfaces/lib/python3.10/site-packages/user_input_interfaces/msg
[1.087s] -- Up-to-date: /home/kneely-ubuntu-22-04/project-repo/ucsd-mae-148-team-4/install/user_input_interfaces/lib/python3.10/site-packages/user_input_interfaces/msg/__init__.py
[1.087s] -- Up-to-date: /home/kneely-ubuntu-22-04/project-repo/ucsd-mae-148-team-4/install/user_input_interfaces/lib/python3.10/site-packages/user_input_interfaces/msg/_ride_request_s.c
[1.088s] -- Up-to-date: /home/kneely-ubuntu-22-04/project-repo/ucsd-mae-148-team-4/install/user_input_interfaces/lib/python3.10/site-packages/user_input_interfaces/msg/_ride_request.py
[1.088s] -- Up-to-date: /home/kneely-ubuntu-22-04/project-repo/ucsd-mae-148-team-4/install/user_input_interfaces/lib/python3.10/site-packages/user_input_interfaces/libuser_input_interfaces__rosidl_generator_py.so
[1.088s] -- Up-to-date: /home/kneely-ubuntu-22-04/project-repo/ucsd-mae-148-team-4/install/user_input_interfaces/lib/python3.10/site-packages/user_input_interfaces/user_input_interfaces_s__rosidl_typesupport_fastrtps_c.cpython-310-x86_64-linux-gnu.so
[1.088s] -- Up-to-date: /home/kneely-ubuntu-22-04/project-repo/ucsd-mae-148-team-4/install/user_input_interfaces/lib/python3.10/site-packages/user_input_interfaces/_user_input_interfaces_s.ep.rosidl_typesupport_fastrtps_c.c
[1.088s] -- Up-to-date: /home/kneely-ubuntu-22-04/project-repo/ucsd-mae-148-team-4/install/user_input_interfaces/lib/python3.10/site-packages/user_input_interfaces/_user_input_interfaces_s.ep.rosidl_typesupport_c.c
[1.088s] -- Up-to-date: /home/kneely-ubuntu-22-04/project-repo/ucsd-mae-148-team-4/install/user_input_interfaces/lib/python3.10/site-packages/user_input_interfaces/_user_input_interfaces_s.ep.rosidl_typesupport_introspection_c.c
[1.149s] Listing '/home/kneely-ubuntu-22-04/project-repo/ucsd-mae-148-team-4/install/user_input_interfaces/lib/python3.10/site-packages/user_input_interfaces'...
[1.149s] Listing '/home/kneely-ubuntu-22-04/project-repo/ucsd-mae-148-team-4/install/user_input_interfaces/lib/python3.10/site-packages/user_input_interfaces/msg'...
[1.160s] -- Up-to-date: /home/kneely-ubuntu-22-04/project-repo/ucsd-mae-148-team-4/install/user_input_interfaces/lib/python3.10/site-packages/user_input_interfaces/user_input_interfaces_s__rosidl_typesupport_fastrtps_c.cpython-310-x86_64-linux-gnu.so
[1.161s] -- Up-to-date: /home/kneely-ubuntu-22-04/project-repo/ucsd-mae-148-team-4/install/user_input_interfaces/lib/python3.10/site-packages/user_input_interfaces/user_input_interfaces_s__rosidl_typesupport_introspection_c.cpython-310-x86_64-linux-gnu.so
[1.161s] -- Up-to-date: /home/kneely-ubuntu-22-04/project-repo/ucsd-mae-148-team-4/install/user_input_interfaces/lib/python3.10/site-packages/user_input_interfaces/user_input_interfaces_s__rosidl_typesupport_c.cpython-310-x86_64-linux-gnu.so
[1.162s] -- Up-to-date: /home/kneely-ubuntu-22-04/project-repo/ucsd-mae-148-team-4/install/user_input_interfaces/lib/libuser_input_interfaces__rosidl_generator_py.so
[1.162s] -- Up-to-date: /home/kneely-ubuntu-22-04/project-repo/ucsd-mae-148-team-4/install/user_input_interfaces/share/user_input_interfaces/msg/RideRequest.idl
[1.163s] -- Up-to-date: /home/kneely-ubuntu-22-04/project-repo/ucsd-mae-148-team-4/install/user_input_interfaces/share/user_input_interfaces/msg/RideRequest.msg
[1.163s] -- Up-to-date: /home/kneely-ubuntu-22-04/project-repo/ucsd-mae-148-team-4/install/user_input_interfaces/share/ament_index/resource_index/package_run_dependencies/user_input_interfaces
[1.164s] -- Up-to-date: /home/kneely-ubuntu-22-04/project-repo/ucsd-mae-148-team-4/install/user_input_interfaces/share/ament_index/resource_index/parent_prefix_path/user_input_interfaces
[1.164s] -- Up-to-date: /home/kneely-ubuntu-22-04/project-repo/ucsd-mae-148-team-4/install/user_input_interfaces/share/user_input_interfaces/environment/ament_prefix_path.sh
[1.165s] -- Up-to-date: /home/kneely-ubuntu-22-04/project-repo/ucsd-mae-148-team-4/install/user_input_interfaces/share/user_input_interfaces/environment/ament_prefix_path.dsv
[1.165s] -- Up-to-date: /home/kneely-ubuntu-22-04/project-repo/ucsd-mae-148-team-4/install/user_input_interfaces/share/user_input_interfaces/environment/path.sh
[1.166s] -- Up-to-date: /home/kneely-ubuntu-22-04/project-repo/ucsd-mae-148-team-4/install/user_input_interfaces/share/user_input_interfaces/environment/path.dsv
[1.166s] -- Up-to-date: /home/kneely-ubuntu-22-04/project-repo/ucsd-mae-148-team-4/install/user_input_interfaces/share/user_input_interfaces/local_setup.bash
[1.167s] -- Up-to-date: /home/kneely-ubuntu-22-04/project-repo/ucsd-mae-148-team-4/install/user_input_interfaces/share/user_input_interfaces/local_setup.sh
[1.168s] -- Up-to-date: /home/kneely-ubuntu-22-04/project-repo/ucsd-mae-148-team-4/install/user_input_interfaces/share/user_input_interfaces/local_setup.zsh
[1.168s] -- Up-to-date: /home/kneely-ubuntu-22-04/project-repo/ucsd-mae-148-team-4/install/user_input_interfaces/share/user_input_interfaces/local_setup.dsv
[1.169s] -- Installing: /home/kneely-ubuntu-22-04/project-repo/ucsd-mae-148-team-4/install/user_input_interfaces/share/user_input_interfaces/package.dsv
[1.169s] -- Up-to-date: /home/kneely-ubuntu-22-04/project-repo/ucsd-mae-148-team-4/install/user_input_interfaces/share/ament_index/resource_index/packages/user_input_interfaces
[1.171s] -- Up-to-date: /home/kneely-ubuntu-22-04/project-repo/ucsd-mae-148-team-4/install/user_input_interfaces/share/user_input_interfaces/cmake/export_user_input_interfaces__rosidl_generator_cExport.cmake
[1.171s] -- Up-to-date: /home/kneely-ubuntu-22-04/project-repo/ucsd-mae-148-team-4/install/user_input_interfaces/share/user_input_interfaces/cmake/export_user_input_interfaces__rosidl_generator_cExport-noconfig.cmake
[1.171s] -- Up-to-date: /home/kneely-ubuntu-22-04/project-repo/ucsd-mae-148-team-4/install/user_input_interfaces/share/user_input_interfaces/cmake/export_user_input_interfaces__rosidl_typesupport_fastrtps_cExport.cmake
[1.171s] -- Up-to-date: /home/kneely-ubuntu-22-04/project-repo/ucsd-mae-148-team-4/install/user_input_interfaces/share/user_input_interfaces/cmake/export_user_input_interfaces__rosidl_typesupport_fastrtps_cExport-noconfig.cmake
[1.172s] -- Up-to-date: /home/kneely-ubuntu-22-04/project-repo/ucsd-mae-148-team-4/install/user_input_interfaces/share/user_input_interfaces/cmake/user_input_interfaces__rosidl_typesupport_introspection_cExport.cmake
[1.172s] -- Up-to-date: /home/kneely-ubuntu-22-04/project-repo/ucsd-mae-148-team-4/install/user_input_interfaces/share/user_input_interfaces/cmake/user_input_interfaces__rosidl_typesupport_introspection_cExport-noconfig.cmake
[1.172s] -- Up-to-date: /home/kneely-ubuntu-22-04/project-repo/ucsd-mae-148-team-4/install/user_input_interfaces/share/user_input_interfaces/cmake/user_input_interfaces__rosidl_typesupport_cExport.cmake
[1.172s] -- Up-to-date: /home/kneely-ubuntu-22-04/project-repo/ucsd-mae-148-team-4/install/user_input_interfaces/share/user_input_interfaces/cmake/user_input_interfaces__rosidl_typesupport_cExport-noconfig.cmake
[1.173s] -- Up-to-date: /home/kneely-ubuntu-22-04/project-repo/ucsd-mae-148-team-4/install/user_input_interfaces/share/user_input_interfaces/cmake/export_user_input_interfaces__rosidl_generator_cppExport.cmake
[1.173s] -- Up-to-date: /home/kneely-ubuntu-22-04/project-repo/ucsd-mae-148-team-4/install/user_input_interfaces/share/user_input_interfaces/cmake/export_user_input_interfaces__rosidl_typesupport_fastrtps_cppExport.cmake
[1.173s] -- Up-to-date: /home/kneely-ubuntu-22-04/project-repo/ucsd-mae-148-team-4/install/user_input_interfaces/share/user_input_interfaces/cmake/export_user_input_interfaces__rosidl_typesupport_fastrtps_cppExport-noconfig.cmake
[1.173s] -- Up-to-date: /home/kneely-ubuntu-22-04/project-repo/ucsd-mae-148-team-4/install/user_input_interfaces/share/user_input_interfaces/cmake/user_input_interfaces__rosidl_typesupport_introspection_cppExport.cmake
[1.173s] -- Up-to-date: /home/kneely-ubuntu-22-04/project-repo/ucsd-mae-148-team-4/install/user_input_interfaces/share/user_input_interfaces/cmake/user_input_interfaces__rosidl_typesupport_introspection_cppExport-noconfig.cmake
[1.174s] -- Up-to-date: /home/kneely-ubuntu-22-04/project-repo/ucsd-mae-148-team-4/install/user_input_interfaces/share/user_input_interfaces/cmake/user_input_interfaces__rosidl_typesupport_cppExport.cmake
[1.174s] -- Up-to-date: /home/kneely-ubuntu-22-04/project-repo/ucsd-mae-148-team-4/install/user_input_interfaces/share/user_input_interfaces/cmake/user_input_interfaces__rosidl_typesupport_cppExport-noconfig.cmake
[1.175s] -- Up-to-date: /home/kneely-ubuntu-22-04/project-repo/ucsd-mae-148-team-4/install/user_input_interfaces/share/user_input_interfaces/cmake/export_user_input_interfaces__rosidl_generator_pyExport.cmake
[1.175s] -- Up-to-date: /home/kneely-ubuntu-22-04/project-repo/ucsd-mae-148-team-4/install/user_input_interfaces/share/user_input_interfaces/cmake/export_user_input_interfaces__rosidl_generator_pyExport-noconfig.cmake
[1.175s] -- Up-to-date: /home/kneely-ubuntu-22-04/project-repo/ucsd-mae-148-team-4/install/user_input_interfaces/share/user_input_interfaces/cmake/rosidl_cmake-extras.cmake
[1.176s] -- Up-to-date: /home/kneely-ubuntu-22-04/project-repo/ucsd-mae-148-team-4/install/user_input_interfaces/share/user_input_interfaces/cmake/ament_cmake_export_include_directories-extras.cmake
[1.176s] -- Up-to-date: /home/kneely-ubuntu-22-04/project-repo/ucsd-mae-148-team-4/install/user_input_interfaces/share/user_input_interfaces/cmake/ament_cmake_export_libraries-extras.cmake
[1.177s] -- Up-to-date: /home/kneely-ubuntu-22-04/project-repo/ucsd-mae-148-team-4/install/user_input_interfaces/share/user_input_interfaces/cmake/ament_cmake_export_targets-extras.cmake
[1.177s] -- Up-to-date: /home/kneely-ubuntu-22-04/project-repo/ucsd-mae-148-team-4/install/user_input_interfaces/share/user_input_interfaces/cmake/rosidl_cmake_export_typesupport_targets-extras.cmake
[1.178s] -- Up-to-date: /home/kneely-ubuntu-22-04/project-repo/ucsd-mae-148-team-4/install/user_input_interfaces/share/user_input_interfaces/cmake/ament_cmake_export_dependencies-extras.cmake
[1.179s] -- Up-to-date: /home/kneely-ubuntu-22-04/project-repo/ucsd-mae-148-team-4/install/user_input_interfaces/share/user_input_interfaces/cmake/rosidl_cmake_export_typesupport_libraries-extras.cmake
[1.179s] -- Up-to-date: /home/kneely-ubuntu-22-04/project-repo/ucsd-mae-148-team-4/install/user_input_interfaces/share/user_input_interfaces/cmake/user_input_interfacesConfig.cmake
[1.180s] -- Up-to-date: /home/kneely-ubuntu-22-04/project-repo/ucsd-mae-148-team-4/install/user_input_interfaces/share/user_input_interfaces/cmake/user_input_interfacesConfig-version.cmake
[1.180s] -- Up-to-date: /home/kneely-ubuntu-22-04/project-repo/ucsd-mae-148-team-4/install/user_input_interfaces/share/user_input_interfaces/package.xml
[1.182s] Invoked command in '/home/kneely-ubuntu-22-04/project-repo/ucsd-mae-148-team-4/build/user_input_interfaces' returned '0': CMAKE_PREFIX_PATH=${CMAKE_PREFIX_PATH}:/home/kneely-ubuntu-22-04/project-repo/ucsd-mae-148-team-4/install/ride_service_pkg:/home/kneely-ubuntu-22-04/project-repo/ucsd-mae-148-team-4/install/ride_request_pkg:/home/kneely-ubuntu-22-04/project-repo/ucsd-mae-148-team-4/install/face_rec_pkg:/opt/ros/iron /usr/bin/cmake --install /home/kneely-ubuntu-22-04/project-repo/ucsd-mae-148-team-4/build/user_input_interfaces
