[2.607s] Invoking command in '/home/kneely-ubuntu-22-04/project-repo/ucsd-mae-148-team-4/src/face_rec_pkg': PYTHONPATH=/home/kneely-ubuntu-22-04/project-repo/ucsd-mae-148-team-4/build/face_rec_pkg/prefix_override:/home/kneely-ubuntu-22-04/project-repo/ucsd-mae-148-team-4/install/face_rec_pkg/lib/python3.10/site-packages:/home/kneely-ubuntu-22-04/project-repo/ucsd-mae-148-team-4/install/user_input_interfaces/lib/python3.10/site-packages:/home/kneely-ubuntu-22-04/project-repo/ucsd-mae-148-team-4/install/ride_service_pkg/lib/python3.10/site-packages:/home/kneely-ubuntu-22-04/project-repo/ucsd-mae-148-team-4/install/ride_request_pkg/lib/python3.10/site-packages:/home/kneely-ubuntu-22-04/project-repo/ucsd-mae-148-team-4/install/face_rec_pkg/lib/python3.10/site-packages:/opt/ros/iron/lib/python3.10/site-packages /usr/bin/python3 setup.py egg_info --egg-base ../../build/face_rec_pkg build --build-base /home/kneely-ubuntu-22-04/project-repo/ucsd-mae-148-team-4/build/face_rec_pkg/build install --record /home/kneely-ubuntu-22-04/project-repo/ucsd-mae-148-team-4/build/face_rec_pkg/install.log --single-version-externally-managed
[3.155s] running egg_info
[3.158s] writing ../../build/face_rec_pkg/face_rec_pkg.egg-info/PKG-INFO
[3.159s] writing dependency_links to ../../build/face_rec_pkg/face_rec_pkg.egg-info/dependency_links.txt
[3.160s] writing entry points to ../../build/face_rec_pkg/face_rec_pkg.egg-info/entry_points.txt
[3.161s] writing requirements to ../../build/face_rec_pkg/face_rec_pkg.egg-info/requires.txt
[3.161s] writing top-level names to ../../build/face_rec_pkg/face_rec_pkg.egg-info/top_level.txt
[3.170s] reading manifest file '../../build/face_rec_pkg/face_rec_pkg.egg-info/SOURCES.txt'
[3.173s] writing manifest file '../../build/face_rec_pkg/face_rec_pkg.egg-info/SOURCES.txt'
[3.174s] running build
[3.174s] running build_py
[3.175s] running install
[3.176s] /usr/lib/python3/dist-packages/setuptools/command/install.py:34: SetuptoolsDeprecationWarning: setup.py install is deprecated. Use build and pip and other standards-based tools.
[3.176s]   warnings.warn(
[3.177s] running install_lib
[3.182s] running install_data
[3.183s] running install_egg_info
[3.188s] removing '/home/kneely-ubuntu-22-04/project-repo/ucsd-mae-148-team-4/install/face_rec_pkg/lib/python3.10/site-packages/face_rec_pkg-0.0.0-py3.10.egg-info' (and everything under it)
[3.188s] Copying ../../build/face_rec_pkg/face_rec_pkg.egg-info to /home/kneely-ubuntu-22-04/project-repo/ucsd-mae-148-team-4/install/face_rec_pkg/lib/python3.10/site-packages/face_rec_pkg-0.0.0-py3.10.egg-info
[3.191s] running install_scripts
[3.247s] Installing face_publisher script to /home/kneely-ubuntu-22-04/project-repo/ucsd-mae-148-team-4/install/face_rec_pkg/lib/face_rec_pkg
[3.248s] Installing ride_match_publisher script to /home/kneely-ubuntu-22-04/project-repo/ucsd-mae-148-team-4/install/face_rec_pkg/lib/face_rec_pkg
[3.249s] writing list of installed files to '/home/kneely-ubuntu-22-04/project-repo/ucsd-mae-148-team-4/build/face_rec_pkg/install.log'
[3.366s] Invoked command in '/home/kneely-ubuntu-22-04/project-repo/ucsd-mae-148-team-4/src/face_rec_pkg' returned '0': PYTHONPATH=/home/kneely-ubuntu-22-04/project-repo/ucsd-mae-148-team-4/build/face_rec_pkg/prefix_override:/home/kneely-ubuntu-22-04/project-repo/ucsd-mae-148-team-4/install/face_rec_pkg/lib/python3.10/site-packages:/home/kneely-ubuntu-22-04/project-repo/ucsd-mae-148-team-4/install/user_input_interfaces/lib/python3.10/site-packages:/home/kneely-ubuntu-22-04/project-repo/ucsd-mae-148-team-4/install/ride_service_pkg/lib/python3.10/site-packages:/home/kneely-ubuntu-22-04/project-repo/ucsd-mae-148-team-4/install/ride_request_pkg/lib/python3.10/site-packages:/home/kneely-ubuntu-22-04/project-repo/ucsd-mae-148-team-4/install/face_rec_pkg/lib/python3.10/site-packages:/opt/ros/iron/lib/python3.10/site-packages /usr/bin/python3 setup.py egg_info --egg-base ../../build/face_rec_pkg build --build-base /home/kneely-ubuntu-22-04/project-repo/ucsd-mae-148-team-4/build/face_rec_pkg/build install --record /home/kneely-ubuntu-22-04/project-repo/ucsd-mae-148-team-4/build/face_rec_pkg/install.log --single-version-externally-managed
