[1.969s] Invoking command in '/home/kneely-ubuntu-22-04/project-repo/ucsd-mae-148-team-4/src/face_rec_pkg': PYTHONPATH=/home/kneely-ubuntu-22-04/project-repo/ucsd-mae-148-team-4/build/face_rec_pkg/prefix_override:/home/kneely-ubuntu-22-04/project-repo/ucsd-mae-148-team-4/install/face_rec_pkg/lib/python3.10/site-packages:/home/kneely-ubuntu-22-04/project-repo/ucsd-mae-148-team-4/install/user_input_interfaces/lib/python3.10/site-packages:/home/kneely-ubuntu-22-04/project-repo/ucsd-mae-148-team-4/install/ride_service_pkg/lib/python3.10/site-packages:/home/kneely-ubuntu-22-04/project-repo/ucsd-mae-148-team-4/install/ride_request_pkg/lib/python3.10/site-packages:/home/kneely-ubuntu-22-04/project-repo/ucsd-mae-148-team-4/install/face_rec_pkg/lib/python3.10/site-packages:/opt/ros/iron/lib/python3.10/site-packages /usr/bin/python3 setup.py egg_info --egg-base ../../build/face_rec_pkg build --build-base /home/kneely-ubuntu-22-04/project-repo/ucsd-mae-148-team-4/build/face_rec_pkg/build install --record /home/kneely-ubuntu-22-04/project-repo/ucsd-mae-148-team-4/build/face_rec_pkg/install.log --single-version-externally-managed
[2.422s] running egg_info
[2.424s] writing ../../build/face_rec_pkg/face_rec_pkg.egg-info/PKG-INFO
[2.424s] writing dependency_links to ../../build/face_rec_pkg/face_rec_pkg.egg-info/dependency_links.txt
[2.425s] writing entry points to ../../build/face_rec_pkg/face_rec_pkg.egg-info/entry_points.txt
[2.426s] writing requirements to ../../build/face_rec_pkg/face_rec_pkg.egg-info/requires.txt
[2.426s] writing top-level names to ../../build/face_rec_pkg/face_rec_pkg.egg-info/top_level.txt
[2.430s] reading manifest file '../../build/face_rec_pkg/face_rec_pkg.egg-info/SOURCES.txt'
[2.433s] writing manifest file '../../build/face_rec_pkg/face_rec_pkg.egg-info/SOURCES.txt'
[2.433s] running build
[2.434s] running build_py
[2.434s] copying face_rec_pkg/face_publisher.py -> /home/kneely-ubuntu-22-04/project-repo/ucsd-mae-148-team-4/build/face_rec_pkg/build/lib/face_rec_pkg
[2.435s] running install
[2.435s] /usr/lib/python3/dist-packages/setuptools/command/install.py:34: SetuptoolsDeprecationWarning: setup.py install is deprecated. Use build and pip and other standards-based tools.
[2.436s]   warnings.warn(
[2.437s] running install_lib
[2.439s] copying /home/kneely-ubuntu-22-04/project-repo/ucsd-mae-148-team-4/build/face_rec_pkg/build/lib/face_rec_pkg/face_publisher.py -> /home/kneely-ubuntu-22-04/project-repo/ucsd-mae-148-team-4/install/face_rec_pkg/lib/python3.10/site-packages/face_rec_pkg
[2.442s] byte-compiling /home/kneely-ubuntu-22-04/project-repo/ucsd-mae-148-team-4/install/face_rec_pkg/lib/python3.10/site-packages/face_rec_pkg/face_publisher.py to face_publisher.cpython-310.pyc
[2.444s] running install_data
[2.446s] running install_egg_info
[2.450s] removing '/home/kneely-ubuntu-22-04/project-repo/ucsd-mae-148-team-4/install/face_rec_pkg/lib/python3.10/site-packages/face_rec_pkg-0.0.0-py3.10.egg-info' (and everything under it)
[2.451s] Copying ../../build/face_rec_pkg/face_rec_pkg.egg-info to /home/kneely-ubuntu-22-04/project-repo/ucsd-mae-148-team-4/install/face_rec_pkg/lib/python3.10/site-packages/face_rec_pkg-0.0.0-py3.10.egg-info
[2.456s] running install_scripts
[2.498s] Installing face_publisher script to /home/kneely-ubuntu-22-04/project-repo/ucsd-mae-148-team-4/install/face_rec_pkg/lib/face_rec_pkg
[2.498s] Installing ride_match_publisher script to /home/kneely-ubuntu-22-04/project-repo/ucsd-mae-148-team-4/install/face_rec_pkg/lib/face_rec_pkg
[2.499s] writing list of installed files to '/home/kneely-ubuntu-22-04/project-repo/ucsd-mae-148-team-4/build/face_rec_pkg/install.log'
[2.585s] Invoked command in '/home/kneely-ubuntu-22-04/project-repo/ucsd-mae-148-team-4/src/face_rec_pkg' returned '0': PYTHONPATH=/home/kneely-ubuntu-22-04/project-repo/ucsd-mae-148-team-4/build/face_rec_pkg/prefix_override:/home/kneely-ubuntu-22-04/project-repo/ucsd-mae-148-team-4/install/face_rec_pkg/lib/python3.10/site-packages:/home/kneely-ubuntu-22-04/project-repo/ucsd-mae-148-team-4/install/user_input_interfaces/lib/python3.10/site-packages:/home/kneely-ubuntu-22-04/project-repo/ucsd-mae-148-team-4/install/ride_service_pkg/lib/python3.10/site-packages:/home/kneely-ubuntu-22-04/project-repo/ucsd-mae-148-team-4/install/ride_request_pkg/lib/python3.10/site-packages:/home/kneely-ubuntu-22-04/project-repo/ucsd-mae-148-team-4/install/face_rec_pkg/lib/python3.10/site-packages:/opt/ros/iron/lib/python3.10/site-packages /usr/bin/python3 setup.py egg_info --egg-base ../../build/face_rec_pkg build --build-base /home/kneely-ubuntu-22-04/project-repo/ucsd-mae-148-team-4/build/face_rec_pkg/build install --record /home/kneely-ubuntu-22-04/project-repo/ucsd-mae-148-team-4/build/face_rec_pkg/install.log --single-version-externally-managed
