[3.460s] Invoking command in '/home/kneely-ubuntu-22-04/project-repo/ucsd-mae-148-team-4/src/ride_request_pkg': AMENT_PREFIX_PATH=/home/kneely-ubuntu-22-04/project-repo/ucsd-mae-148-team-4/install/user_input_interfaces:${AMENT_PREFIX_PATH} CMAKE_PREFIX_PATH=/home/kneely-ubuntu-22-04/project-repo/ucsd-mae-148-team-4/install/user_input_interfaces LD_LIBRARY_PATH=/home/kneely-ubuntu-22-04/project-repo/ucsd-mae-148-team-4/install/user_input_interfaces/lib:${LD_LIBRARY_PATH} PYTHONPATH=/home/kneely-ubuntu-22-04/project-repo/ucsd-mae-148-team-4/build/ride_request_pkg/prefix_override:/home/kneely-ubuntu-22-04/project-repo/ucsd-mae-148-team-4/install/ride_request_pkg/lib/python3.10/site-packages:/home/kneely-ubuntu-22-04/project-repo/ucsd-mae-148-team-4/install/user_input_interfaces/lib/python3.10/site-packages:${PYTHONPATH} WSLENV=ELECTRON_RUN_AS_NODE/w:WT_SESSION:WT_PROFILE_ID: /usr/bin/python3 setup.py egg_info --egg-base ../../build/ride_request_pkg build --build-base /home/kneely-ubuntu-22-04/project-repo/ucsd-mae-148-team-4/build/ride_request_pkg/build install --record /home/kneely-ubuntu-22-04/project-repo/ucsd-mae-148-team-4/build/ride_request_pkg/install.log --single-version-externally-managed
[4.132s] running egg_info
[4.135s] creating ../../build/ride_request_pkg/ride_request_pkg.egg-info
[4.140s] writing ../../build/ride_request_pkg/ride_request_pkg.egg-info/PKG-INFO
[4.141s] writing dependency_links to ../../build/ride_request_pkg/ride_request_pkg.egg-info/dependency_links.txt
[4.142s] writing entry points to ../../build/ride_request_pkg/ride_request_pkg.egg-info/entry_points.txt
[4.142s] writing requirements to ../../build/ride_request_pkg/ride_request_pkg.egg-info/requires.txt
[4.142s] writing top-level names to ../../build/ride_request_pkg/ride_request_pkg.egg-info/top_level.txt
[4.144s] writing manifest file '../../build/ride_request_pkg/ride_request_pkg.egg-info/SOURCES.txt'
[4.151s] reading manifest file '../../build/ride_request_pkg/ride_request_pkg.egg-info/SOURCES.txt'
[4.156s] writing manifest file '../../build/ride_request_pkg/ride_request_pkg.egg-info/SOURCES.txt'
[4.156s] running build
[4.157s] running build_py
[4.157s] creating /home/kneely-ubuntu-22-04/project-repo/ucsd-mae-148-team-4/build/ride_request_pkg/build
[4.157s] creating /home/kneely-ubuntu-22-04/project-repo/ucsd-mae-148-team-4/build/ride_request_pkg/build/lib
[4.159s] creating /home/kneely-ubuntu-22-04/project-repo/ucsd-mae-148-team-4/build/ride_request_pkg/build/lib/ride_request_pkg
[4.161s] copying ride_request_pkg/ride_request_publisher.py -> /home/kneely-ubuntu-22-04/project-repo/ucsd-mae-148-team-4/build/ride_request_pkg/build/lib/ride_request_pkg
[4.162s] copying ride_request_pkg/__init__.py -> /home/kneely-ubuntu-22-04/project-repo/ucsd-mae-148-team-4/build/ride_request_pkg/build/lib/ride_request_pkg
[4.170s] running install
[4.171s] running install_lib
[4.177s] /usr/lib/python3/dist-packages/setuptools/command/install.py:34: SetuptoolsDeprecationWarning: setup.py install is deprecated. Use build and pip and other standards-based tools.
[4.177s]   warnings.warn(
[4.177s] creating /home/kneely-ubuntu-22-04/project-repo/ucsd-mae-148-team-4/install/ride_request_pkg/lib/python3.10/site-packages/ride_request_pkg
[4.178s] copying /home/kneely-ubuntu-22-04/project-repo/ucsd-mae-148-team-4/build/ride_request_pkg/build/lib/ride_request_pkg/ride_request_publisher.py -> /home/kneely-ubuntu-22-04/project-repo/ucsd-mae-148-team-4/install/ride_request_pkg/lib/python3.10/site-packages/ride_request_pkg
[4.178s] copying /home/kneely-ubuntu-22-04/project-repo/ucsd-mae-148-team-4/build/ride_request_pkg/build/lib/ride_request_pkg/__init__.py -> /home/kneely-ubuntu-22-04/project-repo/ucsd-mae-148-team-4/install/ride_request_pkg/lib/python3.10/site-packages/ride_request_pkg
[4.179s] byte-compiling /home/kneely-ubuntu-22-04/project-repo/ucsd-mae-148-team-4/install/ride_request_pkg/lib/python3.10/site-packages/ride_request_pkg/ride_request_publisher.py to ride_request_publisher.cpython-310.pyc
[4.182s] byte-compiling /home/kneely-ubuntu-22-04/project-repo/ucsd-mae-148-team-4/install/ride_request_pkg/lib/python3.10/site-packages/ride_request_pkg/__init__.py to __init__.cpython-310.pyc
[4.184s] running install_data
[4.187s] creating /home/kneely-ubuntu-22-04/project-repo/ucsd-mae-148-team-4/install/ride_request_pkg/share/ament_index
[4.189s] creating /home/kneely-ubuntu-22-04/project-repo/ucsd-mae-148-team-4/install/ride_request_pkg/share/ament_index/resource_index
[4.191s] creating /home/kneely-ubuntu-22-04/project-repo/ucsd-mae-148-team-4/install/ride_request_pkg/share/ament_index/resource_index/packages
[4.192s] copying resource/ride_request_pkg -> /home/kneely-ubuntu-22-04/project-repo/ucsd-mae-148-team-4/install/ride_request_pkg/share/ament_index/resource_index/packages
[4.193s] copying package.xml -> /home/kneely-ubuntu-22-04/project-repo/ucsd-mae-148-team-4/install/ride_request_pkg/share/ride_request_pkg
[4.193s] running install_egg_info
[4.198s] Copying ../../build/ride_request_pkg/ride_request_pkg.egg-info to /home/kneely-ubuntu-22-04/project-repo/ucsd-mae-148-team-4/install/ride_request_pkg/lib/python3.10/site-packages/ride_request_pkg-0.0.0-py3.10.egg-info
[4.203s] running install_scripts
[4.267s] Installing ride_request script to /home/kneely-ubuntu-22-04/project-repo/ucsd-mae-148-team-4/install/ride_request_pkg/lib/ride_request_pkg
[4.271s] writing list of installed files to '/home/kneely-ubuntu-22-04/project-repo/ucsd-mae-148-team-4/build/ride_request_pkg/install.log'
