[2.001s] DEBUG:colcon:Command line arguments: ['/usr/bin/colcon', 'build']
[2.002s] DEBUG:colcon:Parsed command line arguments: Namespace(log_base=None, log_level=None, verb_name='build', build_base='build', install_base='install', merge_install=False, symlink_install=False, test_result_base=None, continue_on_error=False, executor='parallel', parallel_workers=8, event_handlers=None, ignore_user_meta=False, metas=['./colcon.meta'], base_paths=['.'], packages_ignore=None, packages_ignore_regex=None, paths=None, packages_up_to=None, packages_up_to_regex=None, packages_above=None, packages_above_and_dependencies=None, packages_above_depth=None, packages_select_by_dep=None, packages_skip_by_dep=None, packages_skip_up_to=None, packages_select_build_failed=False, packages_skip_build_finished=False, packages_select_test_failures=False, packages_skip_test_passed=False, packages_select=None, packages_skip=None, packages_select_regex=None, packages_skip_regex=None, packages_start=None, packages_end=None, allow_overriding=[], cmake_args=None, cmake_target=None, cmake_target_skip_unavailable=False, cmake_clean_cache=False, cmake_clean_first=False, cmake_force_configure=False, ament_cmake_args=None, catkin_cmake_args=None, catkin_skip_building_tests=False, verb_parser=<colcon_defaults.argument_parser.defaults.DefaultArgumentsDecorator object at 0x7fba0d6170a0>, verb_extension=<colcon_core.verb.build.BuildVerb object at 0x7fba0d6542e0>, main=<bound method BuildVerb.main of <colcon_core.verb.build.BuildVerb object at 0x7fba0d6542e0>>)
[2.087s] Level 1:colcon.colcon_core.package_discovery:discover_packages(colcon_meta) check parameters
[2.087s] Level 1:colcon.colcon_core.package_discovery:discover_packages(recursive) check parameters
[2.087s] Level 1:colcon.colcon_core.package_discovery:discover_packages(ignore) check parameters
[2.087s] Level 1:colcon.colcon_core.package_discovery:discover_packages(path) check parameters
[2.087s] Level 1:colcon.colcon_core.package_discovery:discover_packages(colcon_meta) discover
[2.087s] Level 1:colcon.colcon_core.package_discovery:discover_packages(recursive) discover
[2.088s] INFO:colcon.colcon_core.package_discovery:Crawling recursively for packages in '/home/kneely-ubuntu-22-04/project-repo/ucsd-mae-148-team-4'
[2.088s] Level 1:colcon.colcon_core.package_identification:_identify(.) by extensions ['ignore', 'ignore_ament_install']
[2.088s] Level 1:colcon.colcon_core.package_identification:_identify(.) by extension 'ignore'
[2.088s] Level 1:colcon.colcon_core.package_identification:_identify(.) by extension 'ignore_ament_install'
[2.088s] Level 1:colcon.colcon_core.package_identification:_identify(.) by extensions ['colcon_pkg']
[2.088s] Level 1:colcon.colcon_core.package_identification:_identify(.) by extension 'colcon_pkg'
[2.088s] Level 1:colcon.colcon_core.package_identification:_identify(.) by extensions ['colcon_meta']
[2.088s] Level 1:colcon.colcon_core.package_identification:_identify(.) by extension 'colcon_meta'
[2.089s] Level 1:colcon.colcon_core.package_identification:_identify(.) by extensions ['ros']
[2.089s] Level 1:colcon.colcon_core.package_identification:_identify(.) by extension 'ros'
[2.108s] Level 1:colcon.colcon_core.package_identification:_identify(.) by extensions ['cmake', 'python']
[2.108s] Level 1:colcon.colcon_core.package_identification:_identify(.) by extension 'cmake'
[2.108s] Level 1:colcon.colcon_core.package_identification:_identify(.) by extension 'python'
[2.108s] Level 1:colcon.colcon_core.package_identification:_identify(.) by extensions ['python_setup_py']
[2.108s] Level 1:colcon.colcon_core.package_identification:_identify(.) by extension 'python_setup_py'
[2.109s] Level 1:colcon.colcon_core.package_identification:_identify(build) by extensions ['ignore', 'ignore_ament_install']
[2.109s] Level 1:colcon.colcon_core.package_identification:_identify(build) by extension 'ignore'
[2.109s] Level 1:colcon.colcon_core.package_identification:_identify(build) ignored
[2.109s] Level 1:colcon.colcon_core.package_identification:_identify(drafts) by extensions ['ignore', 'ignore_ament_install']
[2.109s] Level 1:colcon.colcon_core.package_identification:_identify(drafts) by extension 'ignore'
[2.109s] Level 1:colcon.colcon_core.package_identification:_identify(drafts) by extension 'ignore_ament_install'
[2.110s] Level 1:colcon.colcon_core.package_identification:_identify(drafts) by extensions ['colcon_pkg']
[2.110s] Level 1:colcon.colcon_core.package_identification:_identify(drafts) by extension 'colcon_pkg'
[2.110s] Level 1:colcon.colcon_core.package_identification:_identify(drafts) by extensions ['colcon_meta']
[2.110s] Level 1:colcon.colcon_core.package_identification:_identify(drafts) by extension 'colcon_meta'
[2.110s] Level 1:colcon.colcon_core.package_identification:_identify(drafts) by extensions ['ros']
[2.110s] Level 1:colcon.colcon_core.package_identification:_identify(drafts) by extension 'ros'
[2.110s] Level 1:colcon.colcon_core.package_identification:_identify(drafts) by extensions ['cmake', 'python']
[2.110s] Level 1:colcon.colcon_core.package_identification:_identify(drafts) by extension 'cmake'
[2.111s] Level 1:colcon.colcon_core.package_identification:_identify(drafts) by extension 'python'
[2.111s] Level 1:colcon.colcon_core.package_identification:_identify(drafts) by extensions ['python_setup_py']
[2.111s] Level 1:colcon.colcon_core.package_identification:_identify(drafts) by extension 'python_setup_py'
[2.111s] Level 1:colcon.colcon_core.package_identification:_identify(drafts/ride_service_pkg) by extensions ['ignore', 'ignore_ament_install']
[2.111s] Level 1:colcon.colcon_core.package_identification:_identify(drafts/ride_service_pkg) by extension 'ignore'
[2.111s] Level 1:colcon.colcon_core.package_identification:_identify(drafts/ride_service_pkg) by extension 'ignore_ament_install'
[2.111s] Level 1:colcon.colcon_core.package_identification:_identify(drafts/ride_service_pkg) by extensions ['colcon_pkg']
[2.112s] Level 1:colcon.colcon_core.package_identification:_identify(drafts/ride_service_pkg) by extension 'colcon_pkg'
[2.112s] Level 1:colcon.colcon_core.package_identification:_identify(drafts/ride_service_pkg) by extensions ['colcon_meta']
[2.112s] Level 1:colcon.colcon_core.package_identification:_identify(drafts/ride_service_pkg) by extension 'colcon_meta'
[2.112s] Level 1:colcon.colcon_core.package_identification:_identify(drafts/ride_service_pkg) by extensions ['ros']
[2.112s] Level 1:colcon.colcon_core.package_identification:_identify(drafts/ride_service_pkg) by extension 'ros'
[2.117s] DEBUG:colcon.colcon_core.package_identification:Package 'drafts/ride_service_pkg' with type 'ros.ament_python' and name 'ride_service_pkg'
[2.117s] Level 1:colcon.colcon_core.package_identification:_identify(images) by extensions ['ignore', 'ignore_ament_install']
[2.117s] Level 1:colcon.colcon_core.package_identification:_identify(images) by extension 'ignore'
[2.118s] Level 1:colcon.colcon_core.package_identification:_identify(images) by extension 'ignore_ament_install'
[2.118s] Level 1:colcon.colcon_core.package_identification:_identify(images) by extensions ['colcon_pkg']
[2.118s] Level 1:colcon.colcon_core.package_identification:_identify(images) by extension 'colcon_pkg'
[2.118s] Level 1:colcon.colcon_core.package_identification:_identify(images) by extensions ['colcon_meta']
[2.118s] Level 1:colcon.colcon_core.package_identification:_identify(images) by extension 'colcon_meta'
[2.118s] Level 1:colcon.colcon_core.package_identification:_identify(images) by extensions ['ros']
[2.118s] Level 1:colcon.colcon_core.package_identification:_identify(images) by extension 'ros'
[2.118s] Level 1:colcon.colcon_core.package_identification:_identify(images) by extensions ['cmake', 'python']
[2.118s] Level 1:colcon.colcon_core.package_identification:_identify(images) by extension 'cmake'
[2.118s] Level 1:colcon.colcon_core.package_identification:_identify(images) by extension 'python'
[2.118s] Level 1:colcon.colcon_core.package_identification:_identify(images) by extensions ['python_setup_py']
[2.118s] Level 1:colcon.colcon_core.package_identification:_identify(images) by extension 'python_setup_py'
[2.119s] Level 1:colcon.colcon_core.package_identification:_identify(install) by extensions ['ignore', 'ignore_ament_install']
[2.119s] Level 1:colcon.colcon_core.package_identification:_identify(install) by extension 'ignore'
[2.119s] Level 1:colcon.colcon_core.package_identification:_identify(install) ignored
[2.119s] Level 1:colcon.colcon_core.package_identification:_identify(log) by extensions ['ignore', 'ignore_ament_install']
[2.120s] Level 1:colcon.colcon_core.package_identification:_identify(log) by extension 'ignore'
[2.120s] Level 1:colcon.colcon_core.package_identification:_identify(log) ignored
[2.120s] Level 1:colcon.colcon_core.package_identification:_identify(src) by extensions ['ignore', 'ignore_ament_install']
[2.120s] Level 1:colcon.colcon_core.package_identification:_identify(src) by extension 'ignore'
[2.121s] Level 1:colcon.colcon_core.package_identification:_identify(src) by extension 'ignore_ament_install'
[2.121s] Level 1:colcon.colcon_core.package_identification:_identify(src) by extensions ['colcon_pkg']
[2.121s] Level 1:colcon.colcon_core.package_identification:_identify(src) by extension 'colcon_pkg'
[2.121s] Level 1:colcon.colcon_core.package_identification:_identify(src) by extensions ['colcon_meta']
[2.121s] Level 1:colcon.colcon_core.package_identification:_identify(src) by extension 'colcon_meta'
[2.121s] Level 1:colcon.colcon_core.package_identification:_identify(src) by extensions ['ros']
[2.121s] Level 1:colcon.colcon_core.package_identification:_identify(src) by extension 'ros'
[2.121s] Level 1:colcon.colcon_core.package_identification:_identify(src) by extensions ['cmake', 'python']
[2.121s] Level 1:colcon.colcon_core.package_identification:_identify(src) by extension 'cmake'
[2.121s] Level 1:colcon.colcon_core.package_identification:_identify(src) by extension 'python'
[2.121s] Level 1:colcon.colcon_core.package_identification:_identify(src) by extensions ['python_setup_py']
[2.122s] Level 1:colcon.colcon_core.package_identification:_identify(src) by extension 'python_setup_py'
[2.122s] Level 1:colcon.colcon_core.package_identification:_identify(src/face_rec_pkg) by extensions ['ignore', 'ignore_ament_install']
[2.122s] Level 1:colcon.colcon_core.package_identification:_identify(src/face_rec_pkg) by extension 'ignore'
[2.122s] Level 1:colcon.colcon_core.package_identification:_identify(src/face_rec_pkg) by extension 'ignore_ament_install'
[2.122s] Level 1:colcon.colcon_core.package_identification:_identify(src/face_rec_pkg) by extensions ['colcon_pkg']
[2.122s] Level 1:colcon.colcon_core.package_identification:_identify(src/face_rec_pkg) by extension 'colcon_pkg'
[2.122s] Level 1:colcon.colcon_core.package_identification:_identify(src/face_rec_pkg) by extensions ['colcon_meta']
[2.122s] Level 1:colcon.colcon_core.package_identification:_identify(src/face_rec_pkg) by extension 'colcon_meta'
[2.122s] Level 1:colcon.colcon_core.package_identification:_identify(src/face_rec_pkg) by extensions ['ros']
[2.122s] Level 1:colcon.colcon_core.package_identification:_identify(src/face_rec_pkg) by extension 'ros'
[2.123s] DEBUG:colcon.colcon_core.package_identification:Package 'src/face_rec_pkg' with type 'ros.ament_python' and name 'face_rec_pkg'
[2.124s] Level 1:colcon.colcon_core.package_identification:_identify(src/ride_request_pkg) by extensions ['ignore', 'ignore_ament_install']
[2.124s] Level 1:colcon.colcon_core.package_identification:_identify(src/ride_request_pkg) by extension 'ignore'
[2.124s] Level 1:colcon.colcon_core.package_identification:_identify(src/ride_request_pkg) by extension 'ignore_ament_install'
[2.124s] Level 1:colcon.colcon_core.package_identification:_identify(src/ride_request_pkg) by extensions ['colcon_pkg']
[2.124s] Level 1:colcon.colcon_core.package_identification:_identify(src/ride_request_pkg) by extension 'colcon_pkg'
[2.124s] Level 1:colcon.colcon_core.package_identification:_identify(src/ride_request_pkg) by extensions ['colcon_meta']
[2.125s] Level 1:colcon.colcon_core.package_identification:_identify(src/ride_request_pkg) by extension 'colcon_meta'
[2.125s] Level 1:colcon.colcon_core.package_identification:_identify(src/ride_request_pkg) by extensions ['ros']
[2.125s] Level 1:colcon.colcon_core.package_identification:_identify(src/ride_request_pkg) by extension 'ros'
[2.126s] DEBUG:colcon.colcon_core.package_identification:Package 'src/ride_request_pkg' with type 'ros.ament_python' and name 'ride_request_pkg'
[2.126s] Level 1:colcon.colcon_core.package_identification:_identify(src/user_input_interfaces) by extensions ['ignore', 'ignore_ament_install']
[2.127s] Level 1:colcon.colcon_core.package_identification:_identify(src/user_input_interfaces) by extension 'ignore'
[2.127s] Level 1:colcon.colcon_core.package_identification:_identify(src/user_input_interfaces) by extension 'ignore_ament_install'
[2.128s] Level 1:colcon.colcon_core.package_identification:_identify(src/user_input_interfaces) by extensions ['colcon_pkg']
[2.128s] Level 1:colcon.colcon_core.package_identification:_identify(src/user_input_interfaces) by extension 'colcon_pkg'
[2.128s] Level 1:colcon.colcon_core.package_identification:_identify(src/user_input_interfaces) by extensions ['colcon_meta']
[2.128s] Level 1:colcon.colcon_core.package_identification:_identify(src/user_input_interfaces) by extension 'colcon_meta'
[2.128s] Level 1:colcon.colcon_core.package_identification:_identify(src/user_input_interfaces) by extensions ['ros']
[2.128s] Level 1:colcon.colcon_core.package_identification:_identify(src/user_input_interfaces) by extension 'ros'
[2.129s] DEBUG:colcon.colcon_core.package_identification:Package 'src/user_input_interfaces' with type 'ros.ament_cmake' and name 'user_input_interfaces'
[2.130s] Level 1:colcon.colcon_core.package_discovery:discover_packages(recursive) using defaults
[2.130s] Level 1:colcon.colcon_core.package_discovery:discover_packages(ignore) discover
[2.130s] Level 1:colcon.colcon_core.package_discovery:discover_packages(ignore) using defaults
[2.130s] Level 1:colcon.colcon_core.package_discovery:discover_packages(path) discover
[2.130s] Level 1:colcon.colcon_core.package_discovery:discover_packages(path) using defaults
[2.303s] Level 1:colcon.colcon_core.package_discovery:discover_packages(prefix_path) check parameters
[2.303s] Level 1:colcon.colcon_core.package_discovery:discover_packages(prefix_path) discover
[2.357s] DEBUG:colcon.colcon_installed_package_information.package_discovery:Found 1 installed packages in /home/kneely-ubuntu-22-04/project-repo/ucsd-mae-148-team-4/install
[2.383s] DEBUG:colcon.colcon_installed_package_information.package_discovery:Found 296 installed packages in /opt/ros/iron
[2.387s] Level 1:colcon.colcon_core.package_discovery:discover_packages(prefix_path) using defaults
[2.610s] Level 5:colcon.colcon_core.verb:set package 'user_input_interfaces' build argument 'cmake_args' from command line to 'None'
[2.610s] Level 5:colcon.colcon_core.verb:set package 'user_input_interfaces' build argument 'cmake_target' from command line to 'None'
[2.611s] Level 5:colcon.colcon_core.verb:set package 'user_input_interfaces' build argument 'cmake_target_skip_unavailable' from command line to 'False'
[2.611s] Level 5:colcon.colcon_core.verb:set package 'user_input_interfaces' build argument 'cmake_clean_cache' from command line to 'False'
[2.611s] Level 5:colcon.colcon_core.verb:set package 'user_input_interfaces' build argument 'cmake_clean_first' from command line to 'False'
[2.611s] Level 5:colcon.colcon_core.verb:set package 'user_input_interfaces' build argument 'cmake_force_configure' from command line to 'False'
[2.611s] Level 5:colcon.colcon_core.verb:set package 'user_input_interfaces' build argument 'ament_cmake_args' from command line to 'None'
[2.611s] Level 5:colcon.colcon_core.verb:set package 'user_input_interfaces' build argument 'catkin_cmake_args' from command line to 'None'
[2.611s] Level 5:colcon.colcon_core.verb:set package 'user_input_interfaces' build argument 'catkin_skip_building_tests' from command line to 'False'
[2.611s] DEBUG:colcon.colcon_core.verb:Building package 'user_input_interfaces' with the following arguments: {'ament_cmake_args': None, 'build_base': '/home/kneely-ubuntu-22-04/project-repo/ucsd-mae-148-team-4/build/user_input_interfaces', 'catkin_cmake_args': None, 'catkin_skip_building_tests': False, 'cmake_args': None, 'cmake_clean_cache': False, 'cmake_clean_first': False, 'cmake_force_configure': False, 'cmake_target': None, 'cmake_target_skip_unavailable': False, 'install_base': '/home/kneely-ubuntu-22-04/project-repo/ucsd-mae-148-team-4/install/user_input_interfaces', 'merge_install': False, 'path': '/home/kneely-ubuntu-22-04/project-repo/ucsd-mae-148-team-4/src/user_input_interfaces', 'symlink_install': False, 'test_result_base': None}
[2.649s] Level 5:colcon.colcon_core.verb:set package 'face_rec_pkg' build argument 'cmake_args' from command line to 'None'
[2.649s] Level 5:colcon.colcon_core.verb:set package 'face_rec_pkg' build argument 'cmake_target' from command line to 'None'
[2.649s] Level 5:colcon.colcon_core.verb:set package 'face_rec_pkg' build argument 'cmake_target_skip_unavailable' from command line to 'False'
[2.649s] Level 5:colcon.colcon_core.verb:set package 'face_rec_pkg' build argument 'cmake_clean_cache' from command line to 'False'
[2.649s] Level 5:colcon.colcon_core.verb:set package 'face_rec_pkg' build argument 'cmake_clean_first' from command line to 'False'
[2.649s] Level 5:colcon.colcon_core.verb:set package 'face_rec_pkg' build argument 'cmake_force_configure' from command line to 'False'
[2.649s] Level 5:colcon.colcon_core.verb:set package 'face_rec_pkg' build argument 'ament_cmake_args' from command line to 'None'
[2.650s] Level 5:colcon.colcon_core.verb:set package 'face_rec_pkg' build argument 'catkin_cmake_args' from command line to 'None'
[2.650s] Level 5:colcon.colcon_core.verb:set package 'face_rec_pkg' build argument 'catkin_skip_building_tests' from command line to 'False'
[2.650s] DEBUG:colcon.colcon_core.verb:Building package 'face_rec_pkg' with the following arguments: {'ament_cmake_args': None, 'build_base': '/home/kneely-ubuntu-22-04/project-repo/ucsd-mae-148-team-4/build/face_rec_pkg', 'catkin_cmake_args': None, 'catkin_skip_building_tests': False, 'cmake_args': None, 'cmake_clean_cache': False, 'cmake_clean_first': False, 'cmake_force_configure': False, 'cmake_target': None, 'cmake_target_skip_unavailable': False, 'install_base': '/home/kneely-ubuntu-22-04/project-repo/ucsd-mae-148-team-4/install/face_rec_pkg', 'merge_install': False, 'path': '/home/kneely-ubuntu-22-04/project-repo/ucsd-mae-148-team-4/src/face_rec_pkg', 'symlink_install': False, 'test_result_base': None}
[2.685s] Level 5:colcon.colcon_core.verb:set package 'ride_request_pkg' build argument 'cmake_args' from command line to 'None'
[2.686s] Level 5:colcon.colcon_core.verb:set package 'ride_request_pkg' build argument 'cmake_target' from command line to 'None'
[2.686s] Level 5:colcon.colcon_core.verb:set package 'ride_request_pkg' build argument 'cmake_target_skip_unavailable' from command line to 'False'
[2.686s] Level 5:colcon.colcon_core.verb:set package 'ride_request_pkg' build argument 'cmake_clean_cache' from command line to 'False'
[2.686s] Level 5:colcon.colcon_core.verb:set package 'ride_request_pkg' build argument 'cmake_clean_first' from command line to 'False'
[2.686s] Level 5:colcon.colcon_core.verb:set package 'ride_request_pkg' build argument 'cmake_force_configure' from command line to 'False'
[2.686s] Level 5:colcon.colcon_core.verb:set package 'ride_request_pkg' build argument 'ament_cmake_args' from command line to 'None'
[2.686s] Level 5:colcon.colcon_core.verb:set package 'ride_request_pkg' build argument 'catkin_cmake_args' from command line to 'None'
[2.686s] Level 5:colcon.colcon_core.verb:set package 'ride_request_pkg' build argument 'catkin_skip_building_tests' from command line to 'False'
[2.686s] DEBUG:colcon.colcon_core.verb:Building package 'ride_request_pkg' with the following arguments: {'ament_cmake_args': None, 'build_base': '/home/kneely-ubuntu-22-04/project-repo/ucsd-mae-148-team-4/build/ride_request_pkg', 'catkin_cmake_args': None, 'catkin_skip_building_tests': False, 'cmake_args': None, 'cmake_clean_cache': False, 'cmake_clean_first': False, 'cmake_force_configure': False, 'cmake_target': None, 'cmake_target_skip_unavailable': False, 'install_base': '/home/kneely-ubuntu-22-04/project-repo/ucsd-mae-148-team-4/install/ride_request_pkg', 'merge_install': False, 'path': '/home/kneely-ubuntu-22-04/project-repo/ucsd-mae-148-team-4/src/ride_request_pkg', 'symlink_install': False, 'test_result_base': None}
[2.718s] Level 5:colcon.colcon_core.verb:set package 'ride_service_pkg' build argument 'cmake_args' from command line to 'None'
[2.718s] Level 5:colcon.colcon_core.verb:set package 'ride_service_pkg' build argument 'cmake_target' from command line to 'None'
[2.719s] Level 5:colcon.colcon_core.verb:set package 'ride_service_pkg' build argument 'cmake_target_skip_unavailable' from command line to 'False'
[2.719s] Level 5:colcon.colcon_core.verb:set package 'ride_service_pkg' build argument 'cmake_clean_cache' from command line to 'False'
[2.719s] Level 5:colcon.colcon_core.verb:set package 'ride_service_pkg' build argument 'cmake_clean_first' from command line to 'False'
[2.719s] Level 5:colcon.colcon_core.verb:set package 'ride_service_pkg' build argument 'cmake_force_configure' from command line to 'False'
[2.719s] Level 5:colcon.colcon_core.verb:set package 'ride_service_pkg' build argument 'ament_cmake_args' from command line to 'None'
[2.719s] Level 5:colcon.colcon_core.verb:set package 'ride_service_pkg' build argument 'catkin_cmake_args' from command line to 'None'
[2.719s] Level 5:colcon.colcon_core.verb:set package 'ride_service_pkg' build argument 'catkin_skip_building_tests' from command line to 'False'
[2.719s] DEBUG:colcon.colcon_core.verb:Building package 'ride_service_pkg' with the following arguments: {'ament_cmake_args': None, 'build_base': '/home/kneely-ubuntu-22-04/project-repo/ucsd-mae-148-team-4/build/ride_service_pkg', 'catkin_cmake_args': None, 'catkin_skip_building_tests': False, 'cmake_args': None, 'cmake_clean_cache': False, 'cmake_clean_first': False, 'cmake_force_configure': False, 'cmake_target': None, 'cmake_target_skip_unavailable': False, 'install_base': '/home/kneely-ubuntu-22-04/project-repo/ucsd-mae-148-team-4/install/ride_service_pkg', 'merge_install': False, 'path': '/home/kneely-ubuntu-22-04/project-repo/ucsd-mae-148-team-4/drafts/ride_service_pkg', 'symlink_install': False, 'test_result_base': None}
[2.751s] INFO:colcon.colcon_core.executor:Executing jobs using 'parallel' executor
[2.787s] DEBUG:colcon.colcon_parallel_executor.executor.parallel:run_until_complete
[2.788s] INFO:colcon.colcon_ros.task.ament_cmake.build:Building ROS package in '/home/kneely-ubuntu-22-04/project-repo/ucsd-mae-148-team-4/src/user_input_interfaces' with build type 'ament_cmake'
[2.788s] INFO:colcon.colcon_cmake.task.cmake.build:Building CMake package in '/home/kneely-ubuntu-22-04/project-repo/ucsd-mae-148-team-4/src/user_input_interfaces'
[2.839s] INFO:colcon.colcon_core.plugin_system:Skipping extension 'colcon_core.shell.bat': Not used on non-Windows systems
[2.839s] INFO:colcon.colcon_core.shell:Skip shell extension 'powershell' for command environment: Not usable outside of PowerShell
[2.840s] DEBUG:colcon.colcon_core.shell:Skip shell extension 'dsv' for command environment
[2.953s] DEBUG:colcon.colcon_core.event_handler.log_command:Invoking command in '/home/kneely-ubuntu-22-04/project-repo/ucsd-mae-148-team-4/build/user_input_interfaces': CMAKE_PREFIX_PATH=${CMAKE_PREFIX_PATH}:/opt/ros/iron WSLENV=ELECTRON_RUN_AS_NODE/w:WT_SESSION:WT_PROFILE_ID: /usr/bin/cmake --build /home/kneely-ubuntu-22-04/project-repo/ucsd-mae-148-team-4/build/user_input_interfaces -- -j8 -l8
[3.711s] DEBUG:colcon.colcon_core.event_handler.log_command:Invoked command in '/home/kneely-ubuntu-22-04/project-repo/ucsd-mae-148-team-4/build/user_input_interfaces' returned '0': CMAKE_PREFIX_PATH=${CMAKE_PREFIX_PATH}:/opt/ros/iron WSLENV=ELECTRON_RUN_AS_NODE/w:WT_SESSION:WT_PROFILE_ID: /usr/bin/cmake --build /home/kneely-ubuntu-22-04/project-repo/ucsd-mae-148-team-4/build/user_input_interfaces -- -j8 -l8
[3.856s] DEBUG:colcon.colcon_core.event_handler.log_command:Invoking command in '/home/kneely-ubuntu-22-04/project-repo/ucsd-mae-148-team-4/build/user_input_interfaces': CMAKE_PREFIX_PATH=${CMAKE_PREFIX_PATH}:/opt/ros/iron WSLENV=ELECTRON_RUN_AS_NODE/w:WT_SESSION:WT_PROFILE_ID: /usr/bin/cmake --install /home/kneely-ubuntu-22-04/project-repo/ucsd-mae-148-team-4/build/user_input_interfaces
[3.965s] Level 1:colcon.colcon_core.environment:create_environment_scripts_only(user_input_interfaces)
[3.967s] DEBUG:colcon.colcon_core.event_handler.log_command:Invoked command in '/home/kneely-ubuntu-22-04/project-repo/ucsd-mae-148-team-4/build/user_input_interfaces' returned '0': CMAKE_PREFIX_PATH=${CMAKE_PREFIX_PATH}:/opt/ros/iron WSLENV=ELECTRON_RUN_AS_NODE/w:WT_SESSION:WT_PROFILE_ID: /usr/bin/cmake --install /home/kneely-ubuntu-22-04/project-repo/ucsd-mae-148-team-4/build/user_input_interfaces
[3.999s] Level 1:colcon.colcon_core.environment:checking '/home/kneely-ubuntu-22-04/project-repo/ucsd-mae-148-team-4/install/user_input_interfaces' for CMake module files
[4.000s] Level 1:colcon.colcon_core.environment:checking '/home/kneely-ubuntu-22-04/project-repo/ucsd-mae-148-team-4/install/user_input_interfaces' for CMake config files
[4.001s] Level 1:colcon.colcon_core.shell:create_environment_hook('user_input_interfaces', 'cmake_prefix_path')
[4.030s] INFO:colcon.colcon_core.shell:Creating environment hook '/home/kneely-ubuntu-22-04/project-repo/ucsd-mae-148-team-4/install/user_input_interfaces/share/user_input_interfaces/hook/cmake_prefix_path.ps1'
[4.032s] INFO:colcon.colcon_core.shell:Creating environment descriptor '/home/kneely-ubuntu-22-04/project-repo/ucsd-mae-148-team-4/install/user_input_interfaces/share/user_input_interfaces/hook/cmake_prefix_path.dsv'
[4.033s] INFO:colcon.colcon_core.shell:Creating environment hook '/home/kneely-ubuntu-22-04/project-repo/ucsd-mae-148-team-4/install/user_input_interfaces/share/user_input_interfaces/hook/cmake_prefix_path.sh'
[4.035s] Level 1:colcon.colcon_core.environment:checking '/home/kneely-ubuntu-22-04/project-repo/ucsd-mae-148-team-4/install/user_input_interfaces/lib'
[4.036s] Level 1:colcon.colcon_core.shell:create_environment_hook('user_input_interfaces', 'ld_library_path_lib')
[4.063s] INFO:colcon.colcon_core.shell:Creating environment hook '/home/kneely-ubuntu-22-04/project-repo/ucsd-mae-148-team-4/install/user_input_interfaces/share/user_input_interfaces/hook/ld_library_path_lib.ps1'
[4.064s] INFO:colcon.colcon_core.shell:Creating environment descriptor '/home/kneely-ubuntu-22-04/project-repo/ucsd-mae-148-team-4/install/user_input_interfaces/share/user_input_interfaces/hook/ld_library_path_lib.dsv'
[4.065s] INFO:colcon.colcon_core.shell:Creating environment hook '/home/kneely-ubuntu-22-04/project-repo/ucsd-mae-148-team-4/install/user_input_interfaces/share/user_input_interfaces/hook/ld_library_path_lib.sh'
[4.066s] Level 1:colcon.colcon_core.environment:checking '/home/kneely-ubuntu-22-04/project-repo/ucsd-mae-148-team-4/install/user_input_interfaces/bin'
[4.066s] Level 1:colcon.colcon_core.environment:checking '/home/kneely-ubuntu-22-04/project-repo/ucsd-mae-148-team-4/install/user_input_interfaces/lib/pkgconfig/user_input_interfaces.pc'
[4.067s] Level 1:colcon.colcon_core.environment:checking '/home/kneely-ubuntu-22-04/project-repo/ucsd-mae-148-team-4/install/user_input_interfaces/lib/python3.10/site-packages'
[4.067s] Level 1:colcon.colcon_core.shell:create_environment_hook('user_input_interfaces', 'pythonpath')
[4.093s] INFO:colcon.colcon_core.shell:Creating environment hook '/home/kneely-ubuntu-22-04/project-repo/ucsd-mae-148-team-4/install/user_input_interfaces/share/user_input_interfaces/hook/pythonpath.ps1'
[4.094s] INFO:colcon.colcon_core.shell:Creating environment descriptor '/home/kneely-ubuntu-22-04/project-repo/ucsd-mae-148-team-4/install/user_input_interfaces/share/user_input_interfaces/hook/pythonpath.dsv'
[4.095s] INFO:colcon.colcon_core.shell:Creating environment hook '/home/kneely-ubuntu-22-04/project-repo/ucsd-mae-148-team-4/install/user_input_interfaces/share/user_input_interfaces/hook/pythonpath.sh'
[4.096s] Level 1:colcon.colcon_core.environment:checking '/home/kneely-ubuntu-22-04/project-repo/ucsd-mae-148-team-4/install/user_input_interfaces/bin'
[4.133s] INFO:colcon.colcon_core.shell:Creating package script '/home/kneely-ubuntu-22-04/project-repo/ucsd-mae-148-team-4/install/user_input_interfaces/share/user_input_interfaces/package.ps1'
[4.135s] INFO:colcon.colcon_core.shell:Creating package descriptor '/home/kneely-ubuntu-22-04/project-repo/ucsd-mae-148-team-4/install/user_input_interfaces/share/user_input_interfaces/package.dsv'
[4.137s] INFO:colcon.colcon_core.shell:Creating package script '/home/kneely-ubuntu-22-04/project-repo/ucsd-mae-148-team-4/install/user_input_interfaces/share/user_input_interfaces/package.sh'
[4.138s] INFO:colcon.colcon_core.shell:Creating package script '/home/kneely-ubuntu-22-04/project-repo/ucsd-mae-148-team-4/install/user_input_interfaces/share/user_input_interfaces/package.bash'
[4.142s] INFO:colcon.colcon_core.shell:Creating package script '/home/kneely-ubuntu-22-04/project-repo/ucsd-mae-148-team-4/install/user_input_interfaces/share/user_input_interfaces/package.zsh'
[4.146s] Level 1:colcon.colcon_core.environment:create_file_with_runtime_dependencies(/home/kneely-ubuntu-22-04/project-repo/ucsd-mae-148-team-4/install/user_input_interfaces/share/colcon-core/packages/user_input_interfaces)
[4.300s] Level 1:colcon.colcon_core.environment:create_environment_scripts_only(user_input_interfaces)
[4.333s] Level 1:colcon.colcon_core.environment:checking '/home/kneely-ubuntu-22-04/project-repo/ucsd-mae-148-team-4/install/user_input_interfaces' for CMake module files
[4.334s] Level 1:colcon.colcon_core.environment:checking '/home/kneely-ubuntu-22-04/project-repo/ucsd-mae-148-team-4/install/user_input_interfaces' for CMake config files
[4.335s] Level 1:colcon.colcon_core.shell:create_environment_hook('user_input_interfaces', 'cmake_prefix_path')
[4.362s] INFO:colcon.colcon_core.shell:Creating environment hook '/home/kneely-ubuntu-22-04/project-repo/ucsd-mae-148-team-4/install/user_input_interfaces/share/user_input_interfaces/hook/cmake_prefix_path.ps1'
[4.363s] INFO:colcon.colcon_core.shell:Creating environment descriptor '/home/kneely-ubuntu-22-04/project-repo/ucsd-mae-148-team-4/install/user_input_interfaces/share/user_input_interfaces/hook/cmake_prefix_path.dsv'
[4.364s] INFO:colcon.colcon_core.shell:Creating environment hook '/home/kneely-ubuntu-22-04/project-repo/ucsd-mae-148-team-4/install/user_input_interfaces/share/user_input_interfaces/hook/cmake_prefix_path.sh'
[4.365s] Level 1:colcon.colcon_core.environment:checking '/home/kneely-ubuntu-22-04/project-repo/ucsd-mae-148-team-4/install/user_input_interfaces/lib'
[4.365s] Level 1:colcon.colcon_core.shell:create_environment_hook('user_input_interfaces', 'ld_library_path_lib')
[4.391s] INFO:colcon.colcon_core.shell:Creating environment hook '/home/kneely-ubuntu-22-04/project-repo/ucsd-mae-148-team-4/install/user_input_interfaces/share/user_input_interfaces/hook/ld_library_path_lib.ps1'
[4.392s] INFO:colcon.colcon_core.shell:Creating environment descriptor '/home/kneely-ubuntu-22-04/project-repo/ucsd-mae-148-team-4/install/user_input_interfaces/share/user_input_interfaces/hook/ld_library_path_lib.dsv'
[4.393s] INFO:colcon.colcon_core.shell:Creating environment hook '/home/kneely-ubuntu-22-04/project-repo/ucsd-mae-148-team-4/install/user_input_interfaces/share/user_input_interfaces/hook/ld_library_path_lib.sh'
[4.394s] Level 1:colcon.colcon_core.environment:checking '/home/kneely-ubuntu-22-04/project-repo/ucsd-mae-148-team-4/install/user_input_interfaces/bin'
[4.394s] Level 1:colcon.colcon_core.environment:checking '/home/kneely-ubuntu-22-04/project-repo/ucsd-mae-148-team-4/install/user_input_interfaces/lib/pkgconfig/user_input_interfaces.pc'
[4.395s] Level 1:colcon.colcon_core.environment:checking '/home/kneely-ubuntu-22-04/project-repo/ucsd-mae-148-team-4/install/user_input_interfaces/lib/python3.10/site-packages'
[4.395s] Level 1:colcon.colcon_core.shell:create_environment_hook('user_input_interfaces', 'pythonpath')
[4.424s] INFO:colcon.colcon_core.shell:Creating environment hook '/home/kneely-ubuntu-22-04/project-repo/ucsd-mae-148-team-4/install/user_input_interfaces/share/user_input_interfaces/hook/pythonpath.ps1'
[4.426s] INFO:colcon.colcon_core.shell:Creating environment descriptor '/home/kneely-ubuntu-22-04/project-repo/ucsd-mae-148-team-4/install/user_input_interfaces/share/user_input_interfaces/hook/pythonpath.dsv'
[4.426s] INFO:colcon.colcon_core.shell:Creating environment hook '/home/kneely-ubuntu-22-04/project-repo/ucsd-mae-148-team-4/install/user_input_interfaces/share/user_input_interfaces/hook/pythonpath.sh'
[4.427s] Level 1:colcon.colcon_core.environment:checking '/home/kneely-ubuntu-22-04/project-repo/ucsd-mae-148-team-4/install/user_input_interfaces/bin'
[4.455s] INFO:colcon.colcon_core.shell:Creating package script '/home/kneely-ubuntu-22-04/project-repo/ucsd-mae-148-team-4/install/user_input_interfaces/share/user_input_interfaces/package.ps1'
[4.457s] INFO:colcon.colcon_core.shell:Creating package descriptor '/home/kneely-ubuntu-22-04/project-repo/ucsd-mae-148-team-4/install/user_input_interfaces/share/user_input_interfaces/package.dsv'
[4.459s] INFO:colcon.colcon_core.shell:Creating package script '/home/kneely-ubuntu-22-04/project-repo/ucsd-mae-148-team-4/install/user_input_interfaces/share/user_input_interfaces/package.sh'
[4.461s] INFO:colcon.colcon_core.shell:Creating package script '/home/kneely-ubuntu-22-04/project-repo/ucsd-mae-148-team-4/install/user_input_interfaces/share/user_input_interfaces/package.bash'
[4.463s] INFO:colcon.colcon_core.shell:Creating package script '/home/kneely-ubuntu-22-04/project-repo/ucsd-mae-148-team-4/install/user_input_interfaces/share/user_input_interfaces/package.zsh'
[4.464s] Level 1:colcon.colcon_core.environment:create_file_with_runtime_dependencies(/home/kneely-ubuntu-22-04/project-repo/ucsd-mae-148-team-4/install/user_input_interfaces/share/colcon-core/packages/user_input_interfaces)
[4.465s] INFO:colcon.colcon_ros.task.ament_python.build:Building ROS package in '/home/kneely-ubuntu-22-04/project-repo/ucsd-mae-148-team-4/src/face_rec_pkg' with build type 'ament_python'
[4.467s] Level 1:colcon.colcon_core.shell:create_environment_hook('face_rec_pkg', 'ament_prefix_path')
[4.509s] INFO:colcon.colcon_core.shell:Creating environment hook '/home/kneely-ubuntu-22-04/project-repo/ucsd-mae-148-team-4/install/face_rec_pkg/share/face_rec_pkg/hook/ament_prefix_path.ps1'
[4.510s] INFO:colcon.colcon_core.shell:Creating environment descriptor '/home/kneely-ubuntu-22-04/project-repo/ucsd-mae-148-team-4/install/face_rec_pkg/share/face_rec_pkg/hook/ament_prefix_path.dsv'
[4.512s] INFO:colcon.colcon_core.shell:Creating environment hook '/home/kneely-ubuntu-22-04/project-repo/ucsd-mae-148-team-4/install/face_rec_pkg/share/face_rec_pkg/hook/ament_prefix_path.sh'
[4.550s] INFO:colcon.colcon_core.shell:Skip shell extension 'powershell' for command environment: Not usable outside of PowerShell
[4.551s] DEBUG:colcon.colcon_core.shell:Skip shell extension 'dsv' for command environment
[4.641s] INFO:colcon.colcon_ros.task.ament_python.build:Building ROS package in '/home/kneely-ubuntu-22-04/project-repo/ucsd-mae-148-team-4/src/ride_request_pkg' with build type 'ament_python'
[4.642s] Level 1:colcon.colcon_core.shell:create_environment_hook('ride_request_pkg', 'ament_prefix_path')
[4.678s] INFO:colcon.colcon_core.shell:Creating environment hook '/home/kneely-ubuntu-22-04/project-repo/ucsd-mae-148-team-4/install/ride_request_pkg/share/ride_request_pkg/hook/ament_prefix_path.ps1'
[4.683s] INFO:colcon.colcon_core.shell:Creating environment descriptor '/home/kneely-ubuntu-22-04/project-repo/ucsd-mae-148-team-4/install/ride_request_pkg/share/ride_request_pkg/hook/ament_prefix_path.dsv'
[4.686s] INFO:colcon.colcon_core.shell:Creating environment hook '/home/kneely-ubuntu-22-04/project-repo/ucsd-mae-148-team-4/install/ride_request_pkg/share/ride_request_pkg/hook/ament_prefix_path.sh'
[4.734s] INFO:colcon.colcon_core.shell:Skip shell extension 'powershell' for command environment: Not usable outside of PowerShell
[4.735s] DEBUG:colcon.colcon_core.shell:Skip shell extension 'dsv' for command environment
[4.896s] INFO:colcon.colcon_ros.task.ament_python.build:Building ROS package in '/home/kneely-ubuntu-22-04/project-repo/ucsd-mae-148-team-4/drafts/ride_service_pkg' with build type 'ament_python'
[4.897s] Level 1:colcon.colcon_core.shell:create_environment_hook('ride_service_pkg', 'ament_prefix_path')
[4.953s] INFO:colcon.colcon_core.shell:Creating environment hook '/home/kneely-ubuntu-22-04/project-repo/ucsd-mae-148-team-4/install/ride_service_pkg/share/ride_service_pkg/hook/ament_prefix_path.ps1'
[4.960s] INFO:colcon.colcon_core.shell:Creating environment descriptor '/home/kneely-ubuntu-22-04/project-repo/ucsd-mae-148-team-4/install/ride_service_pkg/share/ride_service_pkg/hook/ament_prefix_path.dsv'
[4.963s] INFO:colcon.colcon_core.shell:Creating environment hook '/home/kneely-ubuntu-22-04/project-repo/ucsd-mae-148-team-4/install/ride_service_pkg/share/ride_service_pkg/hook/ament_prefix_path.sh'
[5.027s] INFO:colcon.colcon_core.shell:Skip shell extension 'powershell' for command environment: Not usable outside of PowerShell
[5.027s] DEBUG:colcon.colcon_core.shell:Skip shell extension 'dsv' for command environment
[5.691s] INFO:colcon.colcon_core.task.python.build:Building Python package in '/home/kneely-ubuntu-22-04/project-repo/ucsd-mae-148-team-4/src/face_rec_pkg'
[5.717s] INFO:colcon.colcon_core.shell:Skip shell extension 'powershell' for command environment: Not usable outside of PowerShell
[5.717s] DEBUG:colcon.colcon_core.shell:Skip shell extension 'dsv' for command environment
[6.430s] INFO:colcon.colcon_core.task.python.build:Building Python package in '/home/kneely-ubuntu-22-04/project-repo/ucsd-mae-148-team-4/src/ride_request_pkg'
[6.461s] INFO:colcon.colcon_core.shell:Skip shell extension 'powershell' for command environment: Not usable outside of PowerShell
[6.461s] DEBUG:colcon.colcon_core.shell:Skip shell extension 'dsv' for command environment
[7.105s] INFO:colcon.colcon_core.task.python.build:Building Python package in '/home/kneely-ubuntu-22-04/project-repo/ucsd-mae-148-team-4/drafts/ride_service_pkg'
[7.131s] INFO:colcon.colcon_core.shell:Skip shell extension 'powershell' for command environment: Not usable outside of PowerShell
[7.131s] DEBUG:colcon.colcon_core.shell:Skip shell extension 'dsv' for command environment
[8.167s] DEBUG:colcon.colcon_core.event_handler.log_command:Invoking command in '/home/kneely-ubuntu-22-04/project-repo/ucsd-mae-148-team-4/src/ride_request_pkg': PYTHONPATH=/home/kneely-ubuntu-22-04/project-repo/ucsd-mae-148-team-4/build/ride_request_pkg/prefix_override:/home/kneely-ubuntu-22-04/project-repo/ucsd-mae-148-team-4/install/ride_request_pkg/lib/python3.10/site-packages:${PYTHONPATH} WSLENV=ELECTRON_RUN_AS_NODE/w:WT_SESSION:WT_PROFILE_ID: /usr/bin/python3 setup.py egg_info --egg-base ../../build/ride_request_pkg build --build-base /home/kneely-ubuntu-22-04/project-repo/ucsd-mae-148-team-4/build/ride_request_pkg/build install --record /home/kneely-ubuntu-22-04/project-repo/ucsd-mae-148-team-4/build/ride_request_pkg/install.log --single-version-externally-managed
[8.327s] DEBUG:colcon.colcon_core.event_handler.log_command:Invoking command in '/home/kneely-ubuntu-22-04/project-repo/ucsd-mae-148-team-4/src/face_rec_pkg': PYTHONPATH=/home/kneely-ubuntu-22-04/project-repo/ucsd-mae-148-team-4/build/face_rec_pkg/prefix_override:/home/kneely-ubuntu-22-04/project-repo/ucsd-mae-148-team-4/install/face_rec_pkg/lib/python3.10/site-packages:${PYTHONPATH} WSLENV=ELECTRON_RUN_AS_NODE/w:WT_SESSION:WT_PROFILE_ID: /usr/bin/python3 setup.py egg_info --egg-base ../../build/face_rec_pkg build --build-base /home/kneely-ubuntu-22-04/project-repo/ucsd-mae-148-team-4/build/face_rec_pkg/build install --record /home/kneely-ubuntu-22-04/project-repo/ucsd-mae-148-team-4/build/face_rec_pkg/install.log --single-version-externally-managed
[8.371s] DEBUG:colcon.colcon_core.event_handler.log_command:Invoking command in '/home/kneely-ubuntu-22-04/project-repo/ucsd-mae-148-team-4/drafts/ride_service_pkg': PYTHONPATH=/home/kneely-ubuntu-22-04/project-repo/ucsd-mae-148-team-4/build/ride_service_pkg/prefix_override:/home/kneely-ubuntu-22-04/project-repo/ucsd-mae-148-team-4/install/ride_service_pkg/lib/python3.10/site-packages:${PYTHONPATH} WSLENV=ELECTRON_RUN_AS_NODE/w:WT_SESSION:WT_PROFILE_ID: /usr/bin/python3 setup.py egg_info --egg-base ../../build/ride_service_pkg build --build-base /home/kneely-ubuntu-22-04/project-repo/ucsd-mae-148-team-4/build/ride_service_pkg/build install --record /home/kneely-ubuntu-22-04/project-repo/ucsd-mae-148-team-4/build/ride_service_pkg/install.log --single-version-externally-managed
[9.029s] DEBUG:colcon.colcon_core.event_handler.log_command:Invoked command in '/home/kneely-ubuntu-22-04/project-repo/ucsd-mae-148-team-4/src/ride_request_pkg' returned '0': PYTHONPATH=/home/kneely-ubuntu-22-04/project-repo/ucsd-mae-148-team-4/build/ride_request_pkg/prefix_override:/home/kneely-ubuntu-22-04/project-repo/ucsd-mae-148-team-4/install/ride_request_pkg/lib/python3.10/site-packages:${PYTHONPATH} WSLENV=ELECTRON_RUN_AS_NODE/w:WT_SESSION:WT_PROFILE_ID: /usr/bin/python3 setup.py egg_info --egg-base ../../build/ride_request_pkg build --build-base /home/kneely-ubuntu-22-04/project-repo/ucsd-mae-148-team-4/build/ride_request_pkg/build install --record /home/kneely-ubuntu-22-04/project-repo/ucsd-mae-148-team-4/build/ride_request_pkg/install.log --single-version-externally-managed
[9.108s] Level 1:colcon.colcon_core.environment:checking '/home/kneely-ubuntu-22-04/project-repo/ucsd-mae-148-team-4/install/ride_request_pkg' for CMake module files
[9.109s] Level 1:colcon.colcon_core.environment:checking '/home/kneely-ubuntu-22-04/project-repo/ucsd-mae-148-team-4/install/ride_request_pkg' for CMake config files
[9.112s] Level 1:colcon.colcon_core.environment:checking '/home/kneely-ubuntu-22-04/project-repo/ucsd-mae-148-team-4/install/ride_request_pkg/lib'
[9.114s] Level 1:colcon.colcon_core.environment:checking '/home/kneely-ubuntu-22-04/project-repo/ucsd-mae-148-team-4/install/ride_request_pkg/bin'
[9.117s] Level 1:colcon.colcon_core.environment:checking '/home/kneely-ubuntu-22-04/project-repo/ucsd-mae-148-team-4/install/ride_request_pkg/lib/pkgconfig/ride_request_pkg.pc'
[9.119s] Level 1:colcon.colcon_core.environment:checking '/home/kneely-ubuntu-22-04/project-repo/ucsd-mae-148-team-4/install/ride_request_pkg/lib/python3.10/site-packages'
[9.123s] Level 1:colcon.colcon_core.shell:create_environment_hook('ride_request_pkg', 'pythonpath')
[9.176s] INFO:colcon.colcon_core.shell:Creating environment hook '/home/kneely-ubuntu-22-04/project-repo/ucsd-mae-148-team-4/install/ride_request_pkg/share/ride_request_pkg/hook/pythonpath.ps1'
[9.177s] INFO:colcon.colcon_core.shell:Creating environment descriptor '/home/kneely-ubuntu-22-04/project-repo/ucsd-mae-148-team-4/install/ride_request_pkg/share/ride_request_pkg/hook/pythonpath.dsv'
[9.178s] INFO:colcon.colcon_core.shell:Creating environment hook '/home/kneely-ubuntu-22-04/project-repo/ucsd-mae-148-team-4/install/ride_request_pkg/share/ride_request_pkg/hook/pythonpath.sh'
[9.179s] Level 1:colcon.colcon_core.environment:checking '/home/kneely-ubuntu-22-04/project-repo/ucsd-mae-148-team-4/install/ride_request_pkg/bin'
[9.179s] Level 1:colcon.colcon_core.environment:create_environment_scripts_only(ride_request_pkg)
[9.223s] INFO:colcon.colcon_core.shell:Creating package script '/home/kneely-ubuntu-22-04/project-repo/ucsd-mae-148-team-4/install/ride_request_pkg/share/ride_request_pkg/package.ps1'
[9.225s] INFO:colcon.colcon_core.shell:Creating package descriptor '/home/kneely-ubuntu-22-04/project-repo/ucsd-mae-148-team-4/install/ride_request_pkg/share/ride_request_pkg/package.dsv'
[9.226s] INFO:colcon.colcon_core.shell:Creating package script '/home/kneely-ubuntu-22-04/project-repo/ucsd-mae-148-team-4/install/ride_request_pkg/share/ride_request_pkg/package.sh'
[9.228s] INFO:colcon.colcon_core.shell:Creating package script '/home/kneely-ubuntu-22-04/project-repo/ucsd-mae-148-team-4/install/ride_request_pkg/share/ride_request_pkg/package.bash'
[9.229s] INFO:colcon.colcon_core.shell:Creating package script '/home/kneely-ubuntu-22-04/project-repo/ucsd-mae-148-team-4/install/ride_request_pkg/share/ride_request_pkg/package.zsh'
[9.230s] Level 1:colcon.colcon_core.environment:create_file_with_runtime_dependencies(/home/kneely-ubuntu-22-04/project-repo/ucsd-mae-148-team-4/install/ride_request_pkg/share/colcon-core/packages/ride_request_pkg)
[9.243s] DEBUG:colcon.colcon_core.event_handler.log_command:Invoked command in '/home/kneely-ubuntu-22-04/project-repo/ucsd-mae-148-team-4/src/face_rec_pkg' returned '0': PYTHONPATH=/home/kneely-ubuntu-22-04/project-repo/ucsd-mae-148-team-4/build/face_rec_pkg/prefix_override:/home/kneely-ubuntu-22-04/project-repo/ucsd-mae-148-team-4/install/face_rec_pkg/lib/python3.10/site-packages:${PYTHONPATH} WSLENV=ELECTRON_RUN_AS_NODE/w:WT_SESSION:WT_PROFILE_ID: /usr/bin/python3 setup.py egg_info --egg-base ../../build/face_rec_pkg build --build-base /home/kneely-ubuntu-22-04/project-repo/ucsd-mae-148-team-4/build/face_rec_pkg/build install --record /home/kneely-ubuntu-22-04/project-repo/ucsd-mae-148-team-4/build/face_rec_pkg/install.log --single-version-externally-managed
[9.276s] Level 1:colcon.colcon_core.environment:checking '/home/kneely-ubuntu-22-04/project-repo/ucsd-mae-148-team-4/install/face_rec_pkg' for CMake module files
[9.277s] Level 1:colcon.colcon_core.environment:checking '/home/kneely-ubuntu-22-04/project-repo/ucsd-mae-148-team-4/install/face_rec_pkg' for CMake config files
[9.278s] Level 1:colcon.colcon_core.environment:checking '/home/kneely-ubuntu-22-04/project-repo/ucsd-mae-148-team-4/install/face_rec_pkg/lib'
[9.279s] Level 1:colcon.colcon_core.environment:checking '/home/kneely-ubuntu-22-04/project-repo/ucsd-mae-148-team-4/install/face_rec_pkg/bin'
[9.279s] Level 1:colcon.colcon_core.environment:checking '/home/kneely-ubuntu-22-04/project-repo/ucsd-mae-148-team-4/install/face_rec_pkg/lib/pkgconfig/face_rec_pkg.pc'
[9.280s] Level 1:colcon.colcon_core.environment:checking '/home/kneely-ubuntu-22-04/project-repo/ucsd-mae-148-team-4/install/face_rec_pkg/lib/python3.10/site-packages'
[9.281s] Level 1:colcon.colcon_core.shell:create_environment_hook('face_rec_pkg', 'pythonpath')
[9.317s] INFO:colcon.colcon_core.shell:Creating environment hook '/home/kneely-ubuntu-22-04/project-repo/ucsd-mae-148-team-4/install/face_rec_pkg/share/face_rec_pkg/hook/pythonpath.ps1'
[9.320s] INFO:colcon.colcon_core.shell:Creating environment descriptor '/home/kneely-ubuntu-22-04/project-repo/ucsd-mae-148-team-4/install/face_rec_pkg/share/face_rec_pkg/hook/pythonpath.dsv'
[9.321s] INFO:colcon.colcon_core.shell:Creating environment hook '/home/kneely-ubuntu-22-04/project-repo/ucsd-mae-148-team-4/install/face_rec_pkg/share/face_rec_pkg/hook/pythonpath.sh'
[9.323s] Level 1:colcon.colcon_core.environment:checking '/home/kneely-ubuntu-22-04/project-repo/ucsd-mae-148-team-4/install/face_rec_pkg/bin'
[9.323s] Level 1:colcon.colcon_core.environment:create_environment_scripts_only(face_rec_pkg)
[9.352s] INFO:colcon.colcon_core.shell:Creating package script '/home/kneely-ubuntu-22-04/project-repo/ucsd-mae-148-team-4/install/face_rec_pkg/share/face_rec_pkg/package.ps1'
[9.354s] INFO:colcon.colcon_core.shell:Creating package descriptor '/home/kneely-ubuntu-22-04/project-repo/ucsd-mae-148-team-4/install/face_rec_pkg/share/face_rec_pkg/package.dsv'
[9.355s] INFO:colcon.colcon_core.shell:Creating package script '/home/kneely-ubuntu-22-04/project-repo/ucsd-mae-148-team-4/install/face_rec_pkg/share/face_rec_pkg/package.sh'
[9.356s] INFO:colcon.colcon_core.shell:Creating package script '/home/kneely-ubuntu-22-04/project-repo/ucsd-mae-148-team-4/install/face_rec_pkg/share/face_rec_pkg/package.bash'
[9.356s] INFO:colcon.colcon_core.shell:Creating package script '/home/kneely-ubuntu-22-04/project-repo/ucsd-mae-148-team-4/install/face_rec_pkg/share/face_rec_pkg/package.zsh'
[9.357s] Level 1:colcon.colcon_core.environment:create_file_with_runtime_dependencies(/home/kneely-ubuntu-22-04/project-repo/ucsd-mae-148-team-4/install/face_rec_pkg/share/colcon-core/packages/face_rec_pkg)
[9.368s] DEBUG:colcon.colcon_core.event_handler.log_command:Invoked command in '/home/kneely-ubuntu-22-04/project-repo/ucsd-mae-148-team-4/drafts/ride_service_pkg' returned '0': PYTHONPATH=/home/kneely-ubuntu-22-04/project-repo/ucsd-mae-148-team-4/build/ride_service_pkg/prefix_override:/home/kneely-ubuntu-22-04/project-repo/ucsd-mae-148-team-4/install/ride_service_pkg/lib/python3.10/site-packages:${PYTHONPATH} WSLENV=ELECTRON_RUN_AS_NODE/w:WT_SESSION:WT_PROFILE_ID: /usr/bin/python3 setup.py egg_info --egg-base ../../build/ride_service_pkg build --build-base /home/kneely-ubuntu-22-04/project-repo/ucsd-mae-148-team-4/build/ride_service_pkg/build install --record /home/kneely-ubuntu-22-04/project-repo/ucsd-mae-148-team-4/build/ride_service_pkg/install.log --single-version-externally-managed
[9.406s] Level 1:colcon.colcon_core.environment:checking '/home/kneely-ubuntu-22-04/project-repo/ucsd-mae-148-team-4/install/ride_service_pkg' for CMake module files
[9.407s] Level 1:colcon.colcon_core.environment:checking '/home/kneely-ubuntu-22-04/project-repo/ucsd-mae-148-team-4/install/ride_service_pkg' for CMake config files
[9.409s] Level 1:colcon.colcon_core.environment:checking '/home/kneely-ubuntu-22-04/project-repo/ucsd-mae-148-team-4/install/ride_service_pkg/lib'
[9.409s] Level 1:colcon.colcon_core.environment:checking '/home/kneely-ubuntu-22-04/project-repo/ucsd-mae-148-team-4/install/ride_service_pkg/bin'
[9.410s] Level 1:colcon.colcon_core.environment:checking '/home/kneely-ubuntu-22-04/project-repo/ucsd-mae-148-team-4/install/ride_service_pkg/lib/pkgconfig/ride_service_pkg.pc'
[9.410s] Level 1:colcon.colcon_core.environment:checking '/home/kneely-ubuntu-22-04/project-repo/ucsd-mae-148-team-4/install/ride_service_pkg/lib/python3.10/site-packages'
[9.410s] Level 1:colcon.colcon_core.shell:create_environment_hook('ride_service_pkg', 'pythonpath')
[9.438s] INFO:colcon.colcon_core.shell:Creating environment hook '/home/kneely-ubuntu-22-04/project-repo/ucsd-mae-148-team-4/install/ride_service_pkg/share/ride_service_pkg/hook/pythonpath.ps1'
[9.439s] INFO:colcon.colcon_core.shell:Creating environment descriptor '/home/kneely-ubuntu-22-04/project-repo/ucsd-mae-148-team-4/install/ride_service_pkg/share/ride_service_pkg/hook/pythonpath.dsv'
[9.440s] INFO:colcon.colcon_core.shell:Creating environment hook '/home/kneely-ubuntu-22-04/project-repo/ucsd-mae-148-team-4/install/ride_service_pkg/share/ride_service_pkg/hook/pythonpath.sh'
[9.441s] Level 1:colcon.colcon_core.environment:checking '/home/kneely-ubuntu-22-04/project-repo/ucsd-mae-148-team-4/install/ride_service_pkg/bin'
[9.441s] Level 1:colcon.colcon_core.environment:create_environment_scripts_only(ride_service_pkg)
[9.467s] INFO:colcon.colcon_core.shell:Creating package script '/home/kneely-ubuntu-22-04/project-repo/ucsd-mae-148-team-4/install/ride_service_pkg/share/ride_service_pkg/package.ps1'
[9.468s] INFO:colcon.colcon_core.shell:Creating package descriptor '/home/kneely-ubuntu-22-04/project-repo/ucsd-mae-148-team-4/install/ride_service_pkg/share/ride_service_pkg/package.dsv'
[9.469s] INFO:colcon.colcon_core.shell:Creating package script '/home/kneely-ubuntu-22-04/project-repo/ucsd-mae-148-team-4/install/ride_service_pkg/share/ride_service_pkg/package.sh'
[9.470s] INFO:colcon.colcon_core.shell:Creating package script '/home/kneely-ubuntu-22-04/project-repo/ucsd-mae-148-team-4/install/ride_service_pkg/share/ride_service_pkg/package.bash'
[9.470s] INFO:colcon.colcon_core.shell:Creating package script '/home/kneely-ubuntu-22-04/project-repo/ucsd-mae-148-team-4/install/ride_service_pkg/share/ride_service_pkg/package.zsh'
[9.471s] Level 1:colcon.colcon_core.environment:create_file_with_runtime_dependencies(/home/kneely-ubuntu-22-04/project-repo/ucsd-mae-148-team-4/install/ride_service_pkg/share/colcon-core/packages/ride_service_pkg)
[9.472s] DEBUG:colcon.colcon_parallel_executor.executor.parallel:closing loop
[9.473s] DEBUG:colcon.colcon_parallel_executor.executor.parallel:loop closed
[9.473s] DEBUG:colcon.colcon_parallel_executor.executor.parallel:run_until_complete finished with '0'
[9.473s] DEBUG:colcon.colcon_core.event_reactor:joining thread
[9.578s] INFO:colcon.colcon_core.plugin_system:Skipping extension 'colcon_notification.desktop_notification.notify_send': Could not find 'notify-send'
[9.578s] INFO:colcon.colcon_core.plugin_system:Skipping extension 'colcon_notification.desktop_notification.terminal_notifier': Not used on non-Darwin systems
[9.578s] INFO:colcon.colcon_core.plugin_system:Skipping extension 'colcon_notification.desktop_notification.win32': Not used on non-Windows systems
[9.578s] INFO:colcon.colcon_notification.desktop_notification:Sending desktop notification using 'notify2'
[9.581s] DEBUG:colcon.colcon_notification.desktop_notification.notify2:Failed to initialize notify2: org.freedesktop.DBus.Error.ServiceUnknown: The name org.freedesktop.Notifications was not provided by any .service files
[9.581s] DEBUG:colcon.colcon_core.event_reactor:joined thread
[9.625s] INFO:colcon.colcon_core.shell:Creating prefix script '/home/kneely-ubuntu-22-04/project-repo/ucsd-mae-148-team-4/install/local_setup.ps1'
[9.627s] INFO:colcon.colcon_core.shell:Creating prefix util module '/home/kneely-ubuntu-22-04/project-repo/ucsd-mae-148-team-4/install/_local_setup_util_ps1.py'
[9.631s] INFO:colcon.colcon_core.shell:Creating prefix chain script '/home/kneely-ubuntu-22-04/project-repo/ucsd-mae-148-team-4/install/setup.ps1'
[9.665s] INFO:colcon.colcon_core.shell:Creating prefix script '/home/kneely-ubuntu-22-04/project-repo/ucsd-mae-148-team-4/install/local_setup.sh'
[9.666s] INFO:colcon.colcon_core.shell:Creating prefix util module '/home/kneely-ubuntu-22-04/project-repo/ucsd-mae-148-team-4/install/_local_setup_util_sh.py'
[9.668s] INFO:colcon.colcon_core.shell:Creating prefix chain script '/home/kneely-ubuntu-22-04/project-repo/ucsd-mae-148-team-4/install/setup.sh'
[9.697s] INFO:colcon.colcon_core.shell:Creating prefix script '/home/kneely-ubuntu-22-04/project-repo/ucsd-mae-148-team-4/install/local_setup.bash'
[9.698s] INFO:colcon.colcon_core.shell:Creating prefix chain script '/home/kneely-ubuntu-22-04/project-repo/ucsd-mae-148-team-4/install/setup.bash'
[9.737s] INFO:colcon.colcon_core.shell:Creating prefix script '/home/kneely-ubuntu-22-04/project-repo/ucsd-mae-148-team-4/install/local_setup.zsh'
[9.739s] INFO:colcon.colcon_core.shell:Creating prefix chain script '/home/kneely-ubuntu-22-04/project-repo/ucsd-mae-148-team-4/install/setup.zsh'
