[0.189s] Invoking command in '/home/kneely-ubuntu-22-04/project-repo/ucsd-mae-148-team-4/build/user_input_interfaces': CMAKE_PREFIX_PATH=${CMAKE_PREFIX_PATH}:/home/kneely-ubuntu-22-04/project-repo/ucsd-mae-148-team-4/install/ride_service_pkg:/home/kneely-ubuntu-22-04/project-repo/ucsd-mae-148-team-4/install/ride_request_pkg:/home/kneely-ubuntu-22-04/project-repo/ucsd-mae-148-team-4/install/face_rec_pkg:/opt/ros/iron /usr/bin/cmake --build /home/kneely-ubuntu-22-04/project-repo/ucsd-mae-148-team-4/build/user_input_interfaces -- -j8 -l8
[0.269s] [  2%] Built target user_input_interfaces__rosidl_generator_type_description
[0.284s] [  2%] Built target ament_cmake_python_copy_user_input_interfaces
[0.285s] [35m[1mConsolidate compiler generated dependencies of target user_input_interfaces__rosidl_generator_c[0m
[0.302s] [  5%] Built target user_input_interfaces__cpp
[0.309s] [ 20%] Built target user_input_interfaces__rosidl_generator_c
[0.337s] [35m[1mConsolidate compiler generated dependencies of target user_input_interfaces__rosidl_typesupport_introspection_cpp[0m
[0.337s] [35m[1mConsolidate compiler generated dependencies of target user_input_interfaces__rosidl_typesupport_c[0m
[0.337s] [35m[1mConsolidate compiler generated dependencies of target user_input_interfaces__rosidl_typesupport_fastrtps_c[0m
[0.338s] [35m[1mConsolidate compiler generated dependencies of target user_input_interfaces__rosidl_typesupport_cpp[0m
[0.338s] [35m[1mConsolidate compiler generated dependencies of target user_input_interfaces__rosidl_typesupport_introspection_c[0m
[0.338s] [35m[1mConsolidate compiler generated dependencies of target user_input_interfaces__rosidl_typesupport_fastrtps_cpp[0m
[0.367s] [ 38%] Built target user_input_interfaces__rosidl_typesupport_c
[0.367s] [ 38%] Built target user_input_interfaces__rosidl_typesupport_introspection_c
[0.368s] [ 55%] Built target user_input_interfaces__rosidl_typesupport_fastrtps_c
[0.369s] [ 55%] Built target user_input_interfaces__rosidl_typesupport_cpp
[0.370s] [ 64%] Built target user_input_interfaces__rosidl_typesupport_introspection_cpp
[0.371s] [ 73%] Built target user_input_interfaces__rosidl_typesupport_fastrtps_cpp
[0.415s] [ 73%] Built target user_input_interfaces
[0.455s] [ 76%] Built target user_input_interfaces__py
[0.474s] [35m[1mConsolidate compiler generated dependencies of target user_input_interfaces__rosidl_generator_py[0m
[0.501s] [ 82%] Built target user_input_interfaces__rosidl_generator_py
[0.522s] [35m[1mConsolidate compiler generated dependencies of target user_input_interfaces__rosidl_typesupport_introspection_c__pyext[0m
[0.522s] [35m[1mConsolidate compiler generated dependencies of target user_input_interfaces__rosidl_typesupport_fastrtps_c__pyext[0m
[0.523s] [35m[1mConsolidate compiler generated dependencies of target user_input_interfaces__rosidl_typesupport_c__pyext[0m
[0.554s] [ 94%] Built target user_input_interfaces__rosidl_typesupport_fastrtps_c__pyext
[0.554s] [ 94%] Built target user_input_interfaces__rosidl_typesupport_introspection_c__pyext
[0.556s] [100%] Built target user_input_interfaces__rosidl_typesupport_c__pyext
[0.913s] running egg_info
[0.918s] writing user_input_interfaces.egg-info/PKG-INFO
[0.919s] writing dependency_links to user_input_interfaces.egg-info/dependency_links.txt
[0.920s] writing top-level names to user_input_interfaces.egg-info/top_level.txt
[0.931s] reading manifest file 'user_input_interfaces.egg-info/SOURCES.txt'
[0.935s] writing manifest file 'user_input_interfaces.egg-info/SOURCES.txt'
[1.090s] [100%] Built target ament_cmake_python_build_user_input_interfaces_egg
[1.120s] Invoked command in '/home/kneely-ubuntu-22-04/project-repo/ucsd-mae-148-team-4/build/user_input_interfaces' returned '0': CMAKE_PREFIX_PATH=${CMAKE_PREFIX_PATH}:/home/kneely-ubuntu-22-04/project-repo/ucsd-mae-148-team-4/install/ride_service_pkg:/home/kneely-ubuntu-22-04/project-repo/ucsd-mae-148-team-4/install/ride_request_pkg:/home/kneely-ubuntu-22-04/project-repo/ucsd-mae-148-team-4/install/face_rec_pkg:/opt/ros/iron /usr/bin/cmake --build /home/kneely-ubuntu-22-04/project-repo/ucsd-mae-148-team-4/build/user_input_interfaces -- -j8 -l8
[1.360s] Invoking command in '/home/kneely-ubuntu-22-04/project-repo/ucsd-mae-148-team-4/build/user_input_interfaces': CMAKE_PREFIX_PATH=${CMAKE_PREFIX_PATH}:/home/kneely-ubuntu-22-04/project-repo/ucsd-mae-148-team-4/install/ride_service_pkg:/home/kneely-ubuntu-22-04/project-repo/ucsd-mae-148-team-4/install/ride_request_pkg:/home/kneely-ubuntu-22-04/project-repo/ucsd-mae-148-team-4/install/face_rec_pkg:/opt/ros/iron /usr/bin/cmake --install /home/kneely-ubuntu-22-04/project-repo/ucsd-mae-148-team-4/build/user_input_interfaces
[1.381s] -- Install configuration: ""
[1.389s] -- Installing: /home/kneely-ubuntu-22-04/project-repo/ucsd-mae-148-team-4/install/user_input_interfaces/share/ament_index/resource_index/rosidl_interfaces/user_input_interfaces
[1.393s] -- Installing: /home/kneely-ubuntu-22-04/project-repo/ucsd-mae-148-team-4/install/user_input_interfaces/share/user_input_interfaces/msg/RideRequest.json
[1.393s] -- Installing: /home/kneely-ubuntu-22-04/project-repo/ucsd-mae-148-team-4/install/user_input_interfaces/include/user_input_interfaces/user_input_interfaces
[1.399s] -- Installing: /home/kneely-ubuntu-22-04/project-repo/ucsd-mae-148-team-4/install/user_input_interfaces/include/user_input_interfaces/user_input_interfaces/msg
[1.401s] -- Installing: /home/kneely-ubuntu-22-04/project-repo/ucsd-mae-148-team-4/install/user_input_interfaces/include/user_input_interfaces/user_input_interfaces/msg/ride_request.h
[1.405s] -- Installing: /home/kneely-ubuntu-22-04/project-repo/ucsd-mae-148-team-4/install/user_input_interfaces/include/user_input_interfaces/user_input_interfaces/msg/detail
[1.406s] -- Installing: /home/kneely-ubuntu-22-04/project-repo/ucsd-mae-148-team-4/install/user_input_interfaces/include/user_input_interfaces/user_input_interfaces/msg/detail/ride_request__struct.h
[1.412s] -- Installing: /home/kneely-ubuntu-22-04/project-repo/ucsd-mae-148-team-4/install/user_input_interfaces/include/user_input_interfaces/user_input_interfaces/msg/detail/ride_request__functions.c
[1.412s] -- Installing: /home/kneely-ubuntu-22-04/project-repo/ucsd-mae-148-team-4/install/user_input_interfaces/include/user_input_interfaces/user_input_interfaces/msg/detail/ride_request__type_support.c
[1.413s] -- Installing: /home/kneely-ubuntu-22-04/project-repo/ucsd-mae-148-team-4/install/user_input_interfaces/include/user_input_interfaces/user_input_interfaces/msg/detail/ride_request__description.c
[1.413s] -- Installing: /home/kneely-ubuntu-22-04/project-repo/ucsd-mae-148-team-4/install/user_input_interfaces/include/user_input_interfaces/user_input_interfaces/msg/detail/ride_request__type_support.h
[1.413s] -- Installing: /home/kneely-ubuntu-22-04/project-repo/ucsd-mae-148-team-4/install/user_input_interfaces/include/user_input_interfaces/user_input_interfaces/msg/detail/ride_request__functions.h
[1.413s] -- Installing: /home/kneely-ubuntu-22-04/project-repo/ucsd-mae-148-team-4/install/user_input_interfaces/include/user_input_interfaces/user_input_interfaces/msg/rosidl_generator_c__visibility_control.h
[1.415s] -- Installing: /home/kneely-ubuntu-22-04/project-repo/ucsd-mae-148-team-4/install/user_input_interfaces/share/user_input_interfaces/environment/library_path.sh
[1.416s] -- Installing: /home/kneely-ubuntu-22-04/project-repo/ucsd-mae-148-team-4/install/user_input_interfaces/share/user_input_interfaces/environment/library_path.dsv
[1.418s] -- Installing: /home/kneely-ubuntu-22-04/project-repo/ucsd-mae-148-team-4/install/user_input_interfaces/lib/libuser_input_interfaces__rosidl_generator_c.so
[1.419s] -- Set runtime path of "/home/kneely-ubuntu-22-04/project-repo/ucsd-mae-148-team-4/install/user_input_interfaces/lib/libuser_input_interfaces__rosidl_generator_c.so" to ""
[1.420s] -- Up-to-date: /home/kneely-ubuntu-22-04/project-repo/ucsd-mae-148-team-4/install/user_input_interfaces/include/user_input_interfaces/user_input_interfaces
[1.420s] -- Up-to-date: /home/kneely-ubuntu-22-04/project-repo/ucsd-mae-148-team-4/install/user_input_interfaces/include/user_input_interfaces/user_input_interfaces/msg
[1.425s] -- Installing: /home/kneely-ubuntu-22-04/project-repo/ucsd-mae-148-team-4/install/user_input_interfaces/include/user_input_interfaces/user_input_interfaces/msg/rosidl_typesupport_fastrtps_c__visibility_control.h
[1.433s] -- Up-to-date: /home/kneely-ubuntu-22-04/project-repo/ucsd-mae-148-team-4/install/user_input_interfaces/include/user_input_interfaces/user_input_interfaces/msg/detail
[1.435s] -- Installing: /home/kneely-ubuntu-22-04/project-repo/ucsd-mae-148-team-4/install/user_input_interfaces/include/user_input_interfaces/user_input_interfaces/msg/detail/ride_request__rosidl_typesupport_fastrtps_c.h
[1.435s] -- Installing: /home/kneely-ubuntu-22-04/project-repo/ucsd-mae-148-team-4/install/user_input_interfaces/lib/libuser_input_interfaces__rosidl_typesupport_fastrtps_c.so
[1.436s] -- Set runtime path of "/home/kneely-ubuntu-22-04/project-repo/ucsd-mae-148-team-4/install/user_input_interfaces/lib/libuser_input_interfaces__rosidl_typesupport_fastrtps_c.so" to ""
[1.437s] -- Up-to-date: /home/kneely-ubuntu-22-04/project-repo/ucsd-mae-148-team-4/install/user_input_interfaces/include/user_input_interfaces/user_input_interfaces
[1.438s] -- Up-to-date: /home/kneely-ubuntu-22-04/project-repo/ucsd-mae-148-team-4/install/user_input_interfaces/include/user_input_interfaces/user_input_interfaces/msg
[1.439s] -- Installing: /home/kneely-ubuntu-22-04/project-repo/ucsd-mae-148-team-4/install/user_input_interfaces/include/user_input_interfaces/user_input_interfaces/msg/rosidl_typesupport_introspection_c__visibility_control.h
[1.440s] -- Up-to-date: /home/kneely-ubuntu-22-04/project-repo/ucsd-mae-148-team-4/install/user_input_interfaces/include/user_input_interfaces/user_input_interfaces/msg/detail
[1.441s] -- Installing: /home/kneely-ubuntu-22-04/project-repo/ucsd-mae-148-team-4/install/user_input_interfaces/include/user_input_interfaces/user_input_interfaces/msg/detail/ride_request__type_support.c
[1.442s] -- Installing: /home/kneely-ubuntu-22-04/project-repo/ucsd-mae-148-team-4/install/user_input_interfaces/include/user_input_interfaces/user_input_interfaces/msg/detail/ride_request__rosidl_typesupport_introspection_c.h
[1.444s] -- Installing: /home/kneely-ubuntu-22-04/project-repo/ucsd-mae-148-team-4/install/user_input_interfaces/lib/libuser_input_interfaces__rosidl_typesupport_introspection_c.so
[1.445s] -- Set runtime path of "/home/kneely-ubuntu-22-04/project-repo/ucsd-mae-148-team-4/install/user_input_interfaces/lib/libuser_input_interfaces__rosidl_typesupport_introspection_c.so" to ""
[1.446s] -- Installing: /home/kneely-ubuntu-22-04/project-repo/ucsd-mae-148-team-4/install/user_input_interfaces/lib/libuser_input_interfaces__rosidl_typesupport_c.so
[1.446s] -- Set runtime path of "/home/kneely-ubuntu-22-04/project-repo/ucsd-mae-148-team-4/install/user_input_interfaces/lib/libuser_input_interfaces__rosidl_typesupport_c.so" to ""
[1.447s] -- Up-to-date: /home/kneely-ubuntu-22-04/project-repo/ucsd-mae-148-team-4/install/user_input_interfaces/include/user_input_interfaces/user_input_interfaces
[1.447s] -- Up-to-date: /home/kneely-ubuntu-22-04/project-repo/ucsd-mae-148-team-4/install/user_input_interfaces/include/user_input_interfaces/user_input_interfaces/msg
[1.448s] -- Up-to-date: /home/kneely-ubuntu-22-04/project-repo/ucsd-mae-148-team-4/install/user_input_interfaces/include/user_input_interfaces/user_input_interfaces/msg/detail
[1.453s] -- Installing: /home/kneely-ubuntu-22-04/project-repo/ucsd-mae-148-team-4/install/user_input_interfaces/include/user_input_interfaces/user_input_interfaces/msg/detail/ride_request__builder.hpp
[1.466s] -- Installing: /home/kneely-ubuntu-22-04/project-repo/ucsd-mae-148-team-4/install/user_input_interfaces/include/user_input_interfaces/user_input_interfaces/msg/detail/ride_request__struct.hpp
[1.467s] -- Installing: /home/kneely-ubuntu-22-04/project-repo/ucsd-mae-148-team-4/install/user_input_interfaces/include/user_input_interfaces/user_input_interfaces/msg/detail/ride_request__traits.hpp
[1.467s] -- Installing: /home/kneely-ubuntu-22-04/project-repo/ucsd-mae-148-team-4/install/user_input_interfaces/include/user_input_interfaces/user_input_interfaces/msg/ride_request.hpp
[1.467s] -- Up-to-date: /home/kneely-ubuntu-22-04/project-repo/ucsd-mae-148-team-4/install/user_input_interfaces/include/user_input_interfaces/user_input_interfaces
[1.467s] -- Up-to-date: /home/kneely-ubuntu-22-04/project-repo/ucsd-mae-148-team-4/install/user_input_interfaces/include/user_input_interfaces/user_input_interfaces/msg
[1.467s] -- Installing: /home/kneely-ubuntu-22-04/project-repo/ucsd-mae-148-team-4/install/user_input_interfaces/include/user_input_interfaces/user_input_interfaces/msg/rosidl_typesupport_fastrtps_cpp__visibility_control.h
[1.468s] -- Up-to-date: /home/kneely-ubuntu-22-04/project-repo/ucsd-mae-148-team-4/install/user_input_interfaces/include/user_input_interfaces/user_input_interfaces/msg/detail
[1.476s] -- Installing: /home/kneely-ubuntu-22-04/project-repo/ucsd-mae-148-team-4/install/user_input_interfaces/include/user_input_interfaces/user_input_interfaces/msg/detail/ride_request__rosidl_typesupport_fastrtps_cpp.hpp
[1.477s] -- Installing: /home/kneely-ubuntu-22-04/project-repo/ucsd-mae-148-team-4/install/user_input_interfaces/include/user_input_interfaces/user_input_interfaces/msg/detail/dds_fastrtps
[1.477s] -- Installing: /home/kneely-ubuntu-22-04/project-repo/ucsd-mae-148-team-4/install/user_input_interfaces/lib/libuser_input_interfaces__rosidl_typesupport_fastrtps_cpp.so
[1.477s] -- Set runtime path of "/home/kneely-ubuntu-22-04/project-repo/ucsd-mae-148-team-4/install/user_input_interfaces/lib/libuser_input_interfaces__rosidl_typesupport_fastrtps_cpp.so" to ""
[1.478s] -- Up-to-date: /home/kneely-ubuntu-22-04/project-repo/ucsd-mae-148-team-4/install/user_input_interfaces/include/user_input_interfaces/user_input_interfaces
[1.478s] -- Up-to-date: /home/kneely-ubuntu-22-04/project-repo/ucsd-mae-148-team-4/install/user_input_interfaces/include/user_input_interfaces/user_input_interfaces/msg
[1.478s] -- Up-to-date: /home/kneely-ubuntu-22-04/project-repo/ucsd-mae-148-team-4/install/user_input_interfaces/include/user_input_interfaces/user_input_interfaces/msg/detail
[1.478s] -- Installing: /home/kneely-ubuntu-22-04/project-repo/ucsd-mae-148-team-4/install/user_input_interfaces/include/user_input_interfaces/user_input_interfaces/msg/detail/ride_request__rosidl_typesupport_introspection_cpp.hpp
[1.478s] -- Installing: /home/kneely-ubuntu-22-04/project-repo/ucsd-mae-148-team-4/install/user_input_interfaces/include/user_input_interfaces/user_input_interfaces/msg/detail/ride_request__type_support.cpp
[1.479s] -- Installing: /home/kneely-ubuntu-22-04/project-repo/ucsd-mae-148-team-4/install/user_input_interfaces/lib/libuser_input_interfaces__rosidl_typesupport_introspection_cpp.so
[1.479s] -- Set runtime path of "/home/kneely-ubuntu-22-04/project-repo/ucsd-mae-148-team-4/install/user_input_interfaces/lib/libuser_input_interfaces__rosidl_typesupport_introspection_cpp.so" to ""
[1.479s] -- Installing: /home/kneely-ubuntu-22-04/project-repo/ucsd-mae-148-team-4/install/user_input_interfaces/lib/libuser_input_interfaces__rosidl_typesupport_cpp.so
[1.484s] -- Set runtime path of "/home/kneely-ubuntu-22-04/project-repo/ucsd-mae-148-team-4/install/user_input_interfaces/lib/libuser_input_interfaces__rosidl_typesupport_cpp.so" to ""
[1.484s] -- Installing: /home/kneely-ubuntu-22-04/project-repo/ucsd-mae-148-team-4/install/user_input_interfaces/share/user_input_interfaces/environment/pythonpath.sh
[1.484s] -- Installing: /home/kneely-ubuntu-22-04/project-repo/ucsd-mae-148-team-4/install/user_input_interfaces/share/user_input_interfaces/environment/pythonpath.dsv
[1.484s] -- Installing: /home/kneely-ubuntu-22-04/project-repo/ucsd-mae-148-team-4/install/user_input_interfaces/lib/python3.10/site-packages/user_input_interfaces-0.0.0-py3.10.egg-info
[1.484s] -- Installing: /home/kneely-ubuntu-22-04/project-repo/ucsd-mae-148-team-4/install/user_input_interfaces/lib/python3.10/site-packages/user_input_interfaces-0.0.0-py3.10.egg-info/PKG-INFO
[1.485s] -- Installing: /home/kneely-ubuntu-22-04/project-repo/ucsd-mae-148-team-4/install/user_input_interfaces/lib/python3.10/site-packages/user_input_interfaces-0.0.0-py3.10.egg-info/top_level.txt
[1.485s] -- Installing: /home/kneely-ubuntu-22-04/project-repo/ucsd-mae-148-team-4/install/user_input_interfaces/lib/python3.10/site-packages/user_input_interfaces-0.0.0-py3.10.egg-info/dependency_links.txt
[1.485s] -- Installing: /home/kneely-ubuntu-22-04/project-repo/ucsd-mae-148-team-4/install/user_input_interfaces/lib/python3.10/site-packages/user_input_interfaces-0.0.0-py3.10.egg-info/SOURCES.txt
[1.485s] -- Installing: /home/kneely-ubuntu-22-04/project-repo/ucsd-mae-148-team-4/install/user_input_interfaces/lib/python3.10/site-packages/user_input_interfaces
[1.486s] -- Installing: /home/kneely-ubuntu-22-04/project-repo/ucsd-mae-148-team-4/install/user_input_interfaces/lib/python3.10/site-packages/user_input_interfaces/user_input_interfaces_s__rosidl_typesupport_c.cpython-310-x86_64-linux-gnu.so
[1.486s] -- Installing: /home/kneely-ubuntu-22-04/project-repo/ucsd-mae-148-team-4/install/user_input_interfaces/lib/python3.10/site-packages/user_input_interfaces/user_input_interfaces_s__rosidl_typesupport_introspection_c.cpython-310-x86_64-linux-gnu.so
[1.486s] -- Installing: /home/kneely-ubuntu-22-04/project-repo/ucsd-mae-148-team-4/install/user_input_interfaces/lib/python3.10/site-packages/user_input_interfaces/__init__.py
[1.486s] -- Installing: /home/kneely-ubuntu-22-04/project-repo/ucsd-mae-148-team-4/install/user_input_interfaces/lib/python3.10/site-packages/user_input_interfaces/msg
[1.486s] -- Installing: /home/kneely-ubuntu-22-04/project-repo/ucsd-mae-148-team-4/install/user_input_interfaces/lib/python3.10/site-packages/user_input_interfaces/msg/__init__.py
[1.486s] -- Installing: /home/kneely-ubuntu-22-04/project-repo/ucsd-mae-148-team-4/install/user_input_interfaces/lib/python3.10/site-packages/user_input_interfaces/msg/_ride_request_s.c
[1.487s] -- Installing: /home/kneely-ubuntu-22-04/project-repo/ucsd-mae-148-team-4/install/user_input_interfaces/lib/python3.10/site-packages/user_input_interfaces/msg/_ride_request.py
[1.487s] -- Installing: /home/kneely-ubuntu-22-04/project-repo/ucsd-mae-148-team-4/install/user_input_interfaces/lib/python3.10/site-packages/user_input_interfaces/libuser_input_interfaces__rosidl_generator_py.so
[1.487s] -- Installing: /home/kneely-ubuntu-22-04/project-repo/ucsd-mae-148-team-4/install/user_input_interfaces/lib/python3.10/site-packages/user_input_interfaces/user_input_interfaces_s__rosidl_typesupport_fastrtps_c.cpython-310-x86_64-linux-gnu.so
[1.487s] -- Installing: /home/kneely-ubuntu-22-04/project-repo/ucsd-mae-148-team-4/install/user_input_interfaces/lib/python3.10/site-packages/user_input_interfaces/_user_input_interfaces_s.ep.rosidl_typesupport_fastrtps_c.c
[1.487s] -- Installing: /home/kneely-ubuntu-22-04/project-repo/ucsd-mae-148-team-4/install/user_input_interfaces/lib/python3.10/site-packages/user_input_interfaces/_user_input_interfaces_s.ep.rosidl_typesupport_c.c
[1.488s] -- Installing: /home/kneely-ubuntu-22-04/project-repo/ucsd-mae-148-team-4/install/user_input_interfaces/lib/python3.10/site-packages/user_input_interfaces/_user_input_interfaces_s.ep.rosidl_typesupport_introspection_c.c
[1.685s] Listing '/home/kneely-ubuntu-22-04/project-repo/ucsd-mae-148-team-4/install/user_input_interfaces/lib/python3.10/site-packages/user_input_interfaces'...
[1.685s] Compiling '/home/kneely-ubuntu-22-04/project-repo/ucsd-mae-148-team-4/install/user_input_interfaces/lib/python3.10/site-packages/user_input_interfaces/__init__.py'...
[1.686s] Listing '/home/kneely-ubuntu-22-04/project-repo/ucsd-mae-148-team-4/install/user_input_interfaces/lib/python3.10/site-packages/user_input_interfaces/msg'...
[1.686s] Compiling '/home/kneely-ubuntu-22-04/project-repo/ucsd-mae-148-team-4/install/user_input_interfaces/lib/python3.10/site-packages/user_input_interfaces/msg/__init__.py'...
[1.686s] Compiling '/home/kneely-ubuntu-22-04/project-repo/ucsd-mae-148-team-4/install/user_input_interfaces/lib/python3.10/site-packages/user_input_interfaces/msg/_ride_request.py'...
[1.736s] -- Installing: /home/kneely-ubuntu-22-04/project-repo/ucsd-mae-148-team-4/install/user_input_interfaces/lib/python3.10/site-packages/user_input_interfaces/user_input_interfaces_s__rosidl_typesupport_fastrtps_c.cpython-310-x86_64-linux-gnu.so
[1.737s] -- Set runtime path of "/home/kneely-ubuntu-22-04/project-repo/ucsd-mae-148-team-4/install/user_input_interfaces/lib/python3.10/site-packages/user_input_interfaces/user_input_interfaces_s__rosidl_typesupport_fastrtps_c.cpython-310-x86_64-linux-gnu.so" to ""
[1.737s] -- Installing: /home/kneely-ubuntu-22-04/project-repo/ucsd-mae-148-team-4/install/user_input_interfaces/lib/python3.10/site-packages/user_input_interfaces/user_input_interfaces_s__rosidl_typesupport_introspection_c.cpython-310-x86_64-linux-gnu.so
[1.737s] -- Set runtime path of "/home/kneely-ubuntu-22-04/project-repo/ucsd-mae-148-team-4/install/user_input_interfaces/lib/python3.10/site-packages/user_input_interfaces/user_input_interfaces_s__rosidl_typesupport_introspection_c.cpython-310-x86_64-linux-gnu.so" to ""
[1.738s] -- Installing: /home/kneely-ubuntu-22-04/project-repo/ucsd-mae-148-team-4/install/user_input_interfaces/lib/python3.10/site-packages/user_input_interfaces/user_input_interfaces_s__rosidl_typesupport_c.cpython-310-x86_64-linux-gnu.so
[1.738s] -- Set runtime path of "/home/kneely-ubuntu-22-04/project-repo/ucsd-mae-148-team-4/install/user_input_interfaces/lib/python3.10/site-packages/user_input_interfaces/user_input_interfaces_s__rosidl_typesupport_c.cpython-310-x86_64-linux-gnu.so" to ""
[1.738s] -- Installing: /home/kneely-ubuntu-22-04/project-repo/ucsd-mae-148-team-4/install/user_input_interfaces/lib/libuser_input_interfaces__rosidl_generator_py.so
[1.739s] -- Set runtime path of "/home/kneely-ubuntu-22-04/project-repo/ucsd-mae-148-team-4/install/user_input_interfaces/lib/libuser_input_interfaces__rosidl_generator_py.so" to ""
[1.739s] -- Installing: /home/kneely-ubuntu-22-04/project-repo/ucsd-mae-148-team-4/install/user_input_interfaces/share/user_input_interfaces/msg/RideRequest.idl
[1.739s] -- Installing: /home/kneely-ubuntu-22-04/project-repo/ucsd-mae-148-team-4/install/user_input_interfaces/share/user_input_interfaces/msg/RideRequest.msg
[1.740s] -- Installing: /home/kneely-ubuntu-22-04/project-repo/ucsd-mae-148-team-4/install/user_input_interfaces/share/ament_index/resource_index/package_run_dependencies/user_input_interfaces
[1.740s] -- Installing: /home/kneely-ubuntu-22-04/project-repo/ucsd-mae-148-team-4/install/user_input_interfaces/share/ament_index/resource_index/parent_prefix_path/user_input_interfaces
[1.741s] -- Installing: /home/kneely-ubuntu-22-04/project-repo/ucsd-mae-148-team-4/install/user_input_interfaces/share/user_input_interfaces/environment/ament_prefix_path.sh
[1.741s] -- Installing: /home/kneely-ubuntu-22-04/project-repo/ucsd-mae-148-team-4/install/user_input_interfaces/share/user_input_interfaces/environment/ament_prefix_path.dsv
[1.742s] -- Installing: /home/kneely-ubuntu-22-04/project-repo/ucsd-mae-148-team-4/install/user_input_interfaces/share/user_input_interfaces/environment/path.sh
[1.743s] -- Installing: /home/kneely-ubuntu-22-04/project-repo/ucsd-mae-148-team-4/install/user_input_interfaces/share/user_input_interfaces/environment/path.dsv
[1.743s] -- Installing: /home/kneely-ubuntu-22-04/project-repo/ucsd-mae-148-team-4/install/user_input_interfaces/share/user_input_interfaces/local_setup.bash
[1.746s] -- Installing: /home/kneely-ubuntu-22-04/project-repo/ucsd-mae-148-team-4/install/user_input_interfaces/share/user_input_interfaces/local_setup.sh
[1.747s] -- Installing: /home/kneely-ubuntu-22-04/project-repo/ucsd-mae-148-team-4/install/user_input_interfaces/share/user_input_interfaces/local_setup.zsh
[1.747s] -- Installing: /home/kneely-ubuntu-22-04/project-repo/ucsd-mae-148-team-4/install/user_input_interfaces/share/user_input_interfaces/local_setup.dsv
[1.750s] -- Installing: /home/kneely-ubuntu-22-04/project-repo/ucsd-mae-148-team-4/install/user_input_interfaces/share/user_input_interfaces/package.dsv
[1.752s] -- Installing: /home/kneely-ubuntu-22-04/project-repo/ucsd-mae-148-team-4/install/user_input_interfaces/share/ament_index/resource_index/packages/user_input_interfaces
[1.757s] -- Installing: /home/kneely-ubuntu-22-04/project-repo/ucsd-mae-148-team-4/install/user_input_interfaces/share/user_input_interfaces/cmake/export_user_input_interfaces__rosidl_generator_cExport.cmake
[1.757s] -- Installing: /home/kneely-ubuntu-22-04/project-repo/ucsd-mae-148-team-4/install/user_input_interfaces/share/user_input_interfaces/cmake/export_user_input_interfaces__rosidl_generator_cExport-noconfig.cmake
[1.758s] -- Installing: /home/kneely-ubuntu-22-04/project-repo/ucsd-mae-148-team-4/install/user_input_interfaces/share/user_input_interfaces/cmake/export_user_input_interfaces__rosidl_typesupport_fastrtps_cExport.cmake
[1.760s] -- Installing: /home/kneely-ubuntu-22-04/project-repo/ucsd-mae-148-team-4/install/user_input_interfaces/share/user_input_interfaces/cmake/export_user_input_interfaces__rosidl_typesupport_fastrtps_cExport-noconfig.cmake
[1.761s] -- Installing: /home/kneely-ubuntu-22-04/project-repo/ucsd-mae-148-team-4/install/user_input_interfaces/share/user_input_interfaces/cmake/user_input_interfaces__rosidl_typesupport_introspection_cExport.cmake
[1.762s] -- Installing: /home/kneely-ubuntu-22-04/project-repo/ucsd-mae-148-team-4/install/user_input_interfaces/share/user_input_interfaces/cmake/user_input_interfaces__rosidl_typesupport_introspection_cExport-noconfig.cmake
[1.764s] -- Installing: /home/kneely-ubuntu-22-04/project-repo/ucsd-mae-148-team-4/install/user_input_interfaces/share/user_input_interfaces/cmake/user_input_interfaces__rosidl_typesupport_cExport.cmake
[1.766s] -- Installing: /home/kneely-ubuntu-22-04/project-repo/ucsd-mae-148-team-4/install/user_input_interfaces/share/user_input_interfaces/cmake/user_input_interfaces__rosidl_typesupport_cExport-noconfig.cmake
[1.769s] -- Installing: /home/kneely-ubuntu-22-04/project-repo/ucsd-mae-148-team-4/install/user_input_interfaces/share/user_input_interfaces/cmake/export_user_input_interfaces__rosidl_generator_cppExport.cmake
[1.771s] -- Installing: /home/kneely-ubuntu-22-04/project-repo/ucsd-mae-148-team-4/install/user_input_interfaces/share/user_input_interfaces/cmake/export_user_input_interfaces__rosidl_typesupport_fastrtps_cppExport.cmake
[1.773s] -- Installing: /home/kneely-ubuntu-22-04/project-repo/ucsd-mae-148-team-4/install/user_input_interfaces/share/user_input_interfaces/cmake/export_user_input_interfaces__rosidl_typesupport_fastrtps_cppExport-noconfig.cmake
[1.774s] -- Installing: /home/kneely-ubuntu-22-04/project-repo/ucsd-mae-148-team-4/install/user_input_interfaces/share/user_input_interfaces/cmake/user_input_interfaces__rosidl_typesupport_introspection_cppExport.cmake
[1.775s] -- Installing: /home/kneely-ubuntu-22-04/project-repo/ucsd-mae-148-team-4/install/user_input_interfaces/share/user_input_interfaces/cmake/user_input_interfaces__rosidl_typesupport_introspection_cppExport-noconfig.cmake
[1.775s] -- Installing: /home/kneely-ubuntu-22-04/project-repo/ucsd-mae-148-team-4/install/user_input_interfaces/share/user_input_interfaces/cmake/user_input_interfaces__rosidl_typesupport_cppExport.cmake
[1.776s] -- Installing: /home/kneely-ubuntu-22-04/project-repo/ucsd-mae-148-team-4/install/user_input_interfaces/share/user_input_interfaces/cmake/user_input_interfaces__rosidl_typesupport_cppExport-noconfig.cmake
[1.776s] -- Installing: /home/kneely-ubuntu-22-04/project-repo/ucsd-mae-148-team-4/install/user_input_interfaces/share/user_input_interfaces/cmake/export_user_input_interfaces__rosidl_generator_pyExport.cmake
[1.777s] -- Installing: /home/kneely-ubuntu-22-04/project-repo/ucsd-mae-148-team-4/install/user_input_interfaces/share/user_input_interfaces/cmake/export_user_input_interfaces__rosidl_generator_pyExport-noconfig.cmake
[1.777s] -- Installing: /home/kneely-ubuntu-22-04/project-repo/ucsd-mae-148-team-4/install/user_input_interfaces/share/user_input_interfaces/cmake/rosidl_cmake-extras.cmake
[1.777s] -- Installing: /home/kneely-ubuntu-22-04/project-repo/ucsd-mae-148-team-4/install/user_input_interfaces/share/user_input_interfaces/cmake/ament_cmake_export_include_directories-extras.cmake
[1.778s] -- Installing: /home/kneely-ubuntu-22-04/project-repo/ucsd-mae-148-team-4/install/user_input_interfaces/share/user_input_interfaces/cmake/ament_cmake_export_libraries-extras.cmake
[1.778s] -- Installing: /home/kneely-ubuntu-22-04/project-repo/ucsd-mae-148-team-4/install/user_input_interfaces/share/user_input_interfaces/cmake/ament_cmake_export_targets-extras.cmake
[1.778s] -- Installing: /home/kneely-ubuntu-22-04/project-repo/ucsd-mae-148-team-4/install/user_input_interfaces/share/user_input_interfaces/cmake/rosidl_cmake_export_typesupport_targets-extras.cmake
[1.778s] -- Installing: /home/kneely-ubuntu-22-04/project-repo/ucsd-mae-148-team-4/install/user_input_interfaces/share/user_input_interfaces/cmake/ament_cmake_export_dependencies-extras.cmake
[1.779s] -- Installing: /home/kneely-ubuntu-22-04/project-repo/ucsd-mae-148-team-4/install/user_input_interfaces/share/user_input_interfaces/cmake/rosidl_cmake_export_typesupport_libraries-extras.cmake
[1.780s] -- Installing: /home/kneely-ubuntu-22-04/project-repo/ucsd-mae-148-team-4/install/user_input_interfaces/share/user_input_interfaces/cmake/user_input_interfacesConfig.cmake
[1.782s] -- Installing: /home/kneely-ubuntu-22-04/project-repo/ucsd-mae-148-team-4/install/user_input_interfaces/share/user_input_interfaces/cmake/user_input_interfacesConfig-version.cmake
[1.783s] -- Installing: /home/kneely-ubuntu-22-04/project-repo/ucsd-mae-148-team-4/install/user_input_interfaces/share/user_input_interfaces/package.xml
[1.785s] Invoked command in '/home/kneely-ubuntu-22-04/project-repo/ucsd-mae-148-team-4/build/user_input_interfaces' returned '0': CMAKE_PREFIX_PATH=${CMAKE_PREFIX_PATH}:/home/kneely-ubuntu-22-04/project-repo/ucsd-mae-148-team-4/install/ride_service_pkg:/home/kneely-ubuntu-22-04/project-repo/ucsd-mae-148-team-4/install/ride_request_pkg:/home/kneely-ubuntu-22-04/project-repo/ucsd-mae-148-team-4/install/face_rec_pkg:/opt/ros/iron /usr/bin/cmake --install /home/kneely-ubuntu-22-04/project-repo/ucsd-mae-148-team-4/build/user_input_interfaces
