[1.235s] DEBUG:colcon:Command line arguments: ['/usr/bin/colcon', 'build', '--packages-select', 'face_rec_pkg']
[1.235s] DEBUG:colcon:Parsed command line arguments: Namespace(log_base=None, log_level=None, verb_name='build', build_base='build', install_base='install', merge_install=False, symlink_install=False, test_result_base=None, continue_on_error=False, executor='parallel', parallel_workers=8, event_handlers=None, ignore_user_meta=False, metas=['./colcon.meta'], base_paths=['.'], packages_ignore=None, packages_ignore_regex=None, paths=None, packages_up_to=None, packages_up_to_regex=None, packages_above=None, packages_above_and_dependencies=None, packages_above_depth=None, packages_select_by_dep=None, packages_skip_by_dep=None, packages_skip_up_to=None, packages_select_build_failed=False, packages_skip_build_finished=False, packages_select_test_failures=False, packages_skip_test_passed=False, packages_select=['face_rec_pkg'], packages_skip=None, packages_select_regex=None, packages_skip_regex=None, packages_start=None, packages_end=None, allow_overriding=[], cmake_args=None, cmake_target=None, cmake_target_skip_unavailable=False, cmake_clean_cache=False, cmake_clean_first=False, cmake_force_configure=False, ament_cmake_args=None, catkin_cmake_args=None, catkin_skip_building_tests=False, verb_parser=<colcon_defaults.argument_parser.defaults.DefaultArgumentsDecorator object at 0x7fe38f5cb490>, verb_extension=<colcon_core.verb.build.BuildVerb object at 0x7fe38f5c90f0>, main=<bound method BuildVerb.main of <colcon_core.verb.build.BuildVerb object at 0x7fe38f5c90f0>>)
[1.290s] Level 1:colcon.colcon_core.package_discovery:discover_packages(colcon_meta) check parameters
[1.290s] Level 1:colcon.colcon_core.package_discovery:discover_packages(recursive) check parameters
[1.290s] Level 1:colcon.colcon_core.package_discovery:discover_packages(ignore) check parameters
[1.290s] Level 1:colcon.colcon_core.package_discovery:discover_packages(path) check parameters
[1.290s] Level 1:colcon.colcon_core.package_discovery:discover_packages(colcon_meta) discover
[1.290s] Level 1:colcon.colcon_core.package_discovery:discover_packages(recursive) discover
[1.290s] INFO:colcon.colcon_core.package_discovery:Crawling recursively for packages in '/home/kneely-ubuntu-22-04/project-repo/ucsd-mae-148-team-4'
[1.291s] Level 1:colcon.colcon_core.package_identification:_identify(.) by extensions ['ignore', 'ignore_ament_install']
[1.291s] Level 1:colcon.colcon_core.package_identification:_identify(.) by extension 'ignore'
[1.291s] Level 1:colcon.colcon_core.package_identification:_identify(.) by extension 'ignore_ament_install'
[1.291s] Level 1:colcon.colcon_core.package_identification:_identify(.) by extensions ['colcon_pkg']
[1.291s] Level 1:colcon.colcon_core.package_identification:_identify(.) by extension 'colcon_pkg'
[1.291s] Level 1:colcon.colcon_core.package_identification:_identify(.) by extensions ['colcon_meta']
[1.291s] Level 1:colcon.colcon_core.package_identification:_identify(.) by extension 'colcon_meta'
[1.291s] Level 1:colcon.colcon_core.package_identification:_identify(.) by extensions ['ros']
[1.291s] Level 1:colcon.colcon_core.package_identification:_identify(.) by extension 'ros'
[1.303s] Level 1:colcon.colcon_core.package_identification:_identify(.) by extensions ['cmake', 'python']
[1.303s] Level 1:colcon.colcon_core.package_identification:_identify(.) by extension 'cmake'
[1.304s] Level 1:colcon.colcon_core.package_identification:_identify(.) by extension 'python'
[1.304s] Level 1:colcon.colcon_core.package_identification:_identify(.) by extensions ['python_setup_py']
[1.304s] Level 1:colcon.colcon_core.package_identification:_identify(.) by extension 'python_setup_py'
[1.304s] Level 1:colcon.colcon_core.package_identification:_identify(build) by extensions ['ignore', 'ignore_ament_install']
[1.304s] Level 1:colcon.colcon_core.package_identification:_identify(build) by extension 'ignore'
[1.304s] Level 1:colcon.colcon_core.package_identification:_identify(build) ignored
[1.304s] Level 1:colcon.colcon_core.package_identification:_identify(drafts) by extensions ['ignore', 'ignore_ament_install']
[1.304s] Level 1:colcon.colcon_core.package_identification:_identify(drafts) by extension 'ignore'
[1.304s] Level 1:colcon.colcon_core.package_identification:_identify(drafts) by extension 'ignore_ament_install'
[1.304s] Level 1:colcon.colcon_core.package_identification:_identify(drafts) by extensions ['colcon_pkg']
[1.304s] Level 1:colcon.colcon_core.package_identification:_identify(drafts) by extension 'colcon_pkg'
[1.304s] Level 1:colcon.colcon_core.package_identification:_identify(drafts) by extensions ['colcon_meta']
[1.304s] Level 1:colcon.colcon_core.package_identification:_identify(drafts) by extension 'colcon_meta'
[1.304s] Level 1:colcon.colcon_core.package_identification:_identify(drafts) by extensions ['ros']
[1.304s] Level 1:colcon.colcon_core.package_identification:_identify(drafts) by extension 'ros'
[1.305s] Level 1:colcon.colcon_core.package_identification:_identify(drafts) by extensions ['cmake', 'python']
[1.305s] Level 1:colcon.colcon_core.package_identification:_identify(drafts) by extension 'cmake'
[1.305s] Level 1:colcon.colcon_core.package_identification:_identify(drafts) by extension 'python'
[1.305s] Level 1:colcon.colcon_core.package_identification:_identify(drafts) by extensions ['python_setup_py']
[1.305s] Level 1:colcon.colcon_core.package_identification:_identify(drafts) by extension 'python_setup_py'
[1.305s] Level 1:colcon.colcon_core.package_identification:_identify(drafts/ride_service_pkg) by extensions ['ignore', 'ignore_ament_install']
[1.305s] Level 1:colcon.colcon_core.package_identification:_identify(drafts/ride_service_pkg) by extension 'ignore'
[1.305s] Level 1:colcon.colcon_core.package_identification:_identify(drafts/ride_service_pkg) ignored
[1.305s] Level 1:colcon.colcon_core.package_identification:_identify(images) by extensions ['ignore', 'ignore_ament_install']
[1.305s] Level 1:colcon.colcon_core.package_identification:_identify(images) by extension 'ignore'
[1.305s] Level 1:colcon.colcon_core.package_identification:_identify(images) by extension 'ignore_ament_install'
[1.305s] Level 1:colcon.colcon_core.package_identification:_identify(images) by extensions ['colcon_pkg']
[1.305s] Level 1:colcon.colcon_core.package_identification:_identify(images) by extension 'colcon_pkg'
[1.305s] Level 1:colcon.colcon_core.package_identification:_identify(images) by extensions ['colcon_meta']
[1.305s] Level 1:colcon.colcon_core.package_identification:_identify(images) by extension 'colcon_meta'
[1.305s] Level 1:colcon.colcon_core.package_identification:_identify(images) by extensions ['ros']
[1.305s] Level 1:colcon.colcon_core.package_identification:_identify(images) by extension 'ros'
[1.306s] Level 1:colcon.colcon_core.package_identification:_identify(images) by extensions ['cmake', 'python']
[1.306s] Level 1:colcon.colcon_core.package_identification:_identify(images) by extension 'cmake'
[1.306s] Level 1:colcon.colcon_core.package_identification:_identify(images) by extension 'python'
[1.306s] Level 1:colcon.colcon_core.package_identification:_identify(images) by extensions ['python_setup_py']
[1.306s] Level 1:colcon.colcon_core.package_identification:_identify(images) by extension 'python_setup_py'
[1.306s] Level 1:colcon.colcon_core.package_identification:_identify(install) by extensions ['ignore', 'ignore_ament_install']
[1.306s] Level 1:colcon.colcon_core.package_identification:_identify(install) by extension 'ignore'
[1.306s] Level 1:colcon.colcon_core.package_identification:_identify(install) ignored
[1.306s] Level 1:colcon.colcon_core.package_identification:_identify(log) by extensions ['ignore', 'ignore_ament_install']
[1.306s] Level 1:colcon.colcon_core.package_identification:_identify(log) by extension 'ignore'
[1.306s] Level 1:colcon.colcon_core.package_identification:_identify(log) ignored
[1.306s] Level 1:colcon.colcon_core.package_identification:_identify(src) by extensions ['ignore', 'ignore_ament_install']
[1.306s] Level 1:colcon.colcon_core.package_identification:_identify(src) by extension 'ignore'
[1.306s] Level 1:colcon.colcon_core.package_identification:_identify(src) by extension 'ignore_ament_install'
[1.307s] Level 1:colcon.colcon_core.package_identification:_identify(src) by extensions ['colcon_pkg']
[1.307s] Level 1:colcon.colcon_core.package_identification:_identify(src) by extension 'colcon_pkg'
[1.307s] Level 1:colcon.colcon_core.package_identification:_identify(src) by extensions ['colcon_meta']
[1.307s] Level 1:colcon.colcon_core.package_identification:_identify(src) by extension 'colcon_meta'
[1.307s] Level 1:colcon.colcon_core.package_identification:_identify(src) by extensions ['ros']
[1.307s] Level 1:colcon.colcon_core.package_identification:_identify(src) by extension 'ros'
[1.307s] Level 1:colcon.colcon_core.package_identification:_identify(src) by extensions ['cmake', 'python']
[1.307s] Level 1:colcon.colcon_core.package_identification:_identify(src) by extension 'cmake'
[1.307s] Level 1:colcon.colcon_core.package_identification:_identify(src) by extension 'python'
[1.307s] Level 1:colcon.colcon_core.package_identification:_identify(src) by extensions ['python_setup_py']
[1.307s] Level 1:colcon.colcon_core.package_identification:_identify(src) by extension 'python_setup_py'
[1.307s] Level 1:colcon.colcon_core.package_identification:_identify(src/face_rec_pkg) by extensions ['ignore', 'ignore_ament_install']
[1.307s] Level 1:colcon.colcon_core.package_identification:_identify(src/face_rec_pkg) by extension 'ignore'
[1.307s] Level 1:colcon.colcon_core.package_identification:_identify(src/face_rec_pkg) by extension 'ignore_ament_install'
[1.307s] Level 1:colcon.colcon_core.package_identification:_identify(src/face_rec_pkg) by extensions ['colcon_pkg']
[1.307s] Level 1:colcon.colcon_core.package_identification:_identify(src/face_rec_pkg) by extension 'colcon_pkg'
[1.307s] Level 1:colcon.colcon_core.package_identification:_identify(src/face_rec_pkg) by extensions ['colcon_meta']
[1.307s] Level 1:colcon.colcon_core.package_identification:_identify(src/face_rec_pkg) by extension 'colcon_meta'
[1.307s] Level 1:colcon.colcon_core.package_identification:_identify(src/face_rec_pkg) by extensions ['ros']
[1.308s] Level 1:colcon.colcon_core.package_identification:_identify(src/face_rec_pkg) by extension 'ros'
[1.310s] DEBUG:colcon.colcon_core.package_identification:Package 'src/face_rec_pkg' with type 'ros.ament_python' and name 'face_rec_pkg'
[1.310s] Level 1:colcon.colcon_core.package_identification:_identify(src/known_faces) by extensions ['ignore', 'ignore_ament_install']
[1.311s] Level 1:colcon.colcon_core.package_identification:_identify(src/known_faces) by extension 'ignore'
[1.311s] Level 1:colcon.colcon_core.package_identification:_identify(src/known_faces) by extension 'ignore_ament_install'
[1.311s] Level 1:colcon.colcon_core.package_identification:_identify(src/known_faces) by extensions ['colcon_pkg']
[1.311s] Level 1:colcon.colcon_core.package_identification:_identify(src/known_faces) by extension 'colcon_pkg'
[1.311s] Level 1:colcon.colcon_core.package_identification:_identify(src/known_faces) by extensions ['colcon_meta']
[1.311s] Level 1:colcon.colcon_core.package_identification:_identify(src/known_faces) by extension 'colcon_meta'
[1.311s] Level 1:colcon.colcon_core.package_identification:_identify(src/known_faces) by extensions ['ros']
[1.311s] Level 1:colcon.colcon_core.package_identification:_identify(src/known_faces) by extension 'ros'
[1.311s] Level 1:colcon.colcon_core.package_identification:_identify(src/known_faces) by extensions ['cmake', 'python']
[1.311s] Level 1:colcon.colcon_core.package_identification:_identify(src/known_faces) by extension 'cmake'
[1.311s] Level 1:colcon.colcon_core.package_identification:_identify(src/known_faces) by extension 'python'
[1.311s] Level 1:colcon.colcon_core.package_identification:_identify(src/known_faces) by extensions ['python_setup_py']
[1.311s] Level 1:colcon.colcon_core.package_identification:_identify(src/known_faces) by extension 'python_setup_py'
[1.311s] Level 1:colcon.colcon_core.package_identification:_identify(src/ride_request_pkg) by extensions ['ignore', 'ignore_ament_install']
[1.311s] Level 1:colcon.colcon_core.package_identification:_identify(src/ride_request_pkg) by extension 'ignore'
[1.312s] Level 1:colcon.colcon_core.package_identification:_identify(src/ride_request_pkg) by extension 'ignore_ament_install'
[1.312s] Level 1:colcon.colcon_core.package_identification:_identify(src/ride_request_pkg) by extensions ['colcon_pkg']
[1.312s] Level 1:colcon.colcon_core.package_identification:_identify(src/ride_request_pkg) by extension 'colcon_pkg'
[1.312s] Level 1:colcon.colcon_core.package_identification:_identify(src/ride_request_pkg) by extensions ['colcon_meta']
[1.312s] Level 1:colcon.colcon_core.package_identification:_identify(src/ride_request_pkg) by extension 'colcon_meta'
[1.312s] Level 1:colcon.colcon_core.package_identification:_identify(src/ride_request_pkg) by extensions ['ros']
[1.312s] Level 1:colcon.colcon_core.package_identification:_identify(src/ride_request_pkg) by extension 'ros'
[1.312s] DEBUG:colcon.colcon_core.package_identification:Package 'src/ride_request_pkg' with type 'ros.ament_python' and name 'ride_request_pkg'
[1.313s] Level 1:colcon.colcon_core.package_identification:_identify(src/user_input_interfaces) by extensions ['ignore', 'ignore_ament_install']
[1.313s] Level 1:colcon.colcon_core.package_identification:_identify(src/user_input_interfaces) by extension 'ignore'
[1.313s] Level 1:colcon.colcon_core.package_identification:_identify(src/user_input_interfaces) by extension 'ignore_ament_install'
[1.314s] Level 1:colcon.colcon_core.package_identification:_identify(src/user_input_interfaces) by extensions ['colcon_pkg']
[1.314s] Level 1:colcon.colcon_core.package_identification:_identify(src/user_input_interfaces) by extension 'colcon_pkg'
[1.314s] Level 1:colcon.colcon_core.package_identification:_identify(src/user_input_interfaces) by extensions ['colcon_meta']
[1.314s] Level 1:colcon.colcon_core.package_identification:_identify(src/user_input_interfaces) by extension 'colcon_meta'
[1.314s] Level 1:colcon.colcon_core.package_identification:_identify(src/user_input_interfaces) by extensions ['ros']
[1.314s] Level 1:colcon.colcon_core.package_identification:_identify(src/user_input_interfaces) by extension 'ros'
[1.315s] DEBUG:colcon.colcon_core.package_identification:Package 'src/user_input_interfaces' with type 'ros.ament_cmake' and name 'user_input_interfaces'
[1.315s] Level 1:colcon.colcon_core.package_discovery:discover_packages(recursive) using defaults
[1.316s] Level 1:colcon.colcon_core.package_discovery:discover_packages(ignore) discover
[1.316s] Level 1:colcon.colcon_core.package_discovery:discover_packages(ignore) using defaults
[1.316s] Level 1:colcon.colcon_core.package_discovery:discover_packages(path) discover
[1.316s] Level 1:colcon.colcon_core.package_discovery:discover_packages(path) using defaults
[1.390s] INFO:colcon.colcon_core.package_selection:Skipping not selected package 'user_input_interfaces' in 'src/user_input_interfaces'
[1.390s] INFO:colcon.colcon_core.package_selection:Skipping not selected package 'ride_request_pkg' in 'src/ride_request_pkg'
[1.426s] Level 1:colcon.colcon_core.package_discovery:discover_packages(prefix_path) check parameters
[1.426s] Level 1:colcon.colcon_core.package_discovery:discover_packages(prefix_path) discover
[1.443s] WARNING:colcon.colcon_ros.prefix_path.ament:The path '/home/kneely-ubuntu-22-04/project-repo/ucsd-mae-148-team-4/install/ride_service_pkg' in the environment variable AMENT_PREFIX_PATH doesn't exist
[1.463s] DEBUG:colcon.colcon_installed_package_information.package_discovery:Found 3 installed packages in /home/kneely-ubuntu-22-04/project-repo/ucsd-mae-148-team-4/install
[1.485s] DEBUG:colcon.colcon_installed_package_information.package_discovery:Found 296 installed packages in /opt/ros/iron
[1.487s] Level 1:colcon.colcon_core.package_discovery:discover_packages(prefix_path) using defaults
[1.609s] Level 5:colcon.colcon_core.verb:set package 'face_rec_pkg' build argument 'cmake_args' from command line to 'None'
[1.609s] Level 5:colcon.colcon_core.verb:set package 'face_rec_pkg' build argument 'cmake_target' from command line to 'None'
[1.609s] Level 5:colcon.colcon_core.verb:set package 'face_rec_pkg' build argument 'cmake_target_skip_unavailable' from command line to 'False'
[1.609s] Level 5:colcon.colcon_core.verb:set package 'face_rec_pkg' build argument 'cmake_clean_cache' from command line to 'False'
[1.609s] Level 5:colcon.colcon_core.verb:set package 'face_rec_pkg' build argument 'cmake_clean_first' from command line to 'False'
[1.609s] Level 5:colcon.colcon_core.verb:set package 'face_rec_pkg' build argument 'cmake_force_configure' from command line to 'False'
[1.609s] Level 5:colcon.colcon_core.verb:set package 'face_rec_pkg' build argument 'ament_cmake_args' from command line to 'None'
[1.609s] Level 5:colcon.colcon_core.verb:set package 'face_rec_pkg' build argument 'catkin_cmake_args' from command line to 'None'
[1.609s] Level 5:colcon.colcon_core.verb:set package 'face_rec_pkg' build argument 'catkin_skip_building_tests' from command line to 'False'
[1.609s] DEBUG:colcon.colcon_core.verb:Building package 'face_rec_pkg' with the following arguments: {'ament_cmake_args': None, 'build_base': '/home/kneely-ubuntu-22-04/project-repo/ucsd-mae-148-team-4/build/face_rec_pkg', 'catkin_cmake_args': None, 'catkin_skip_building_tests': False, 'cmake_args': None, 'cmake_clean_cache': False, 'cmake_clean_first': False, 'cmake_force_configure': False, 'cmake_target': None, 'cmake_target_skip_unavailable': False, 'install_base': '/home/kneely-ubuntu-22-04/project-repo/ucsd-mae-148-team-4/install/face_rec_pkg', 'merge_install': False, 'path': '/home/kneely-ubuntu-22-04/project-repo/ucsd-mae-148-team-4/src/face_rec_pkg', 'symlink_install': False, 'test_result_base': None}
[1.625s] INFO:colcon.colcon_core.executor:Executing jobs using 'parallel' executor
[1.643s] DEBUG:colcon.colcon_parallel_executor.executor.parallel:run_until_complete
[1.644s] INFO:colcon.colcon_ros.task.ament_python.build:Building ROS package in '/home/kneely-ubuntu-22-04/project-repo/ucsd-mae-148-team-4/src/face_rec_pkg' with build type 'ament_python'
[1.645s] Level 1:colcon.colcon_core.shell:create_environment_hook('face_rec_pkg', 'ament_prefix_path')
[1.666s] INFO:colcon.colcon_core.plugin_system:Skipping extension 'colcon_core.shell.bat': Not used on non-Windows systems
[1.666s] INFO:colcon.colcon_core.shell:Creating environment hook '/home/kneely-ubuntu-22-04/project-repo/ucsd-mae-148-team-4/install/face_rec_pkg/share/face_rec_pkg/hook/ament_prefix_path.ps1'
[1.667s] INFO:colcon.colcon_core.shell:Creating environment descriptor '/home/kneely-ubuntu-22-04/project-repo/ucsd-mae-148-team-4/install/face_rec_pkg/share/face_rec_pkg/hook/ament_prefix_path.dsv'
[1.667s] INFO:colcon.colcon_core.shell:Creating environment hook '/home/kneely-ubuntu-22-04/project-repo/ucsd-mae-148-team-4/install/face_rec_pkg/share/face_rec_pkg/hook/ament_prefix_path.sh'
[1.688s] INFO:colcon.colcon_core.shell:Skip shell extension 'powershell' for command environment: Not usable outside of PowerShell
[1.689s] DEBUG:colcon.colcon_core.shell:Skip shell extension 'dsv' for command environment
[2.124s] INFO:colcon.colcon_core.task.python.build:Building Python package in '/home/kneely-ubuntu-22-04/project-repo/ucsd-mae-148-team-4/src/face_rec_pkg'
[2.144s] INFO:colcon.colcon_core.shell:Skip shell extension 'powershell' for command environment: Not usable outside of PowerShell
[2.145s] DEBUG:colcon.colcon_core.shell:Skip shell extension 'dsv' for command environment
[2.716s] DEBUG:colcon.colcon_core.event_handler.log_command:Invoking command in '/home/kneely-ubuntu-22-04/project-repo/ucsd-mae-148-team-4/src/face_rec_pkg': PYTHONPATH=/home/kneely-ubuntu-22-04/project-repo/ucsd-mae-148-team-4/build/face_rec_pkg/prefix_override:/home/kneely-ubuntu-22-04/project-repo/ucsd-mae-148-team-4/install/face_rec_pkg/lib/python3.10/site-packages:/home/kneely-ubuntu-22-04/project-repo/ucsd-mae-148-team-4/install/user_input_interfaces/lib/python3.10/site-packages:/home/kneely-ubuntu-22-04/project-repo/ucsd-mae-148-team-4/install/ride_service_pkg/lib/python3.10/site-packages:/home/kneely-ubuntu-22-04/project-repo/ucsd-mae-148-team-4/install/ride_request_pkg/lib/python3.10/site-packages:/home/kneely-ubuntu-22-04/project-repo/ucsd-mae-148-team-4/install/face_rec_pkg/lib/python3.10/site-packages:/opt/ros/iron/lib/python3.10/site-packages /usr/bin/python3 setup.py egg_info --egg-base ../../build/face_rec_pkg build --build-base /home/kneely-ubuntu-22-04/project-repo/ucsd-mae-148-team-4/build/face_rec_pkg/build install --record /home/kneely-ubuntu-22-04/project-repo/ucsd-mae-148-team-4/build/face_rec_pkg/install.log --single-version-externally-managed
[3.058s] DEBUG:colcon.colcon_core.event_handler.log_command:Invoked command in '/home/kneely-ubuntu-22-04/project-repo/ucsd-mae-148-team-4/src/face_rec_pkg' returned '0': PYTHONPATH=/home/kneely-ubuntu-22-04/project-repo/ucsd-mae-148-team-4/build/face_rec_pkg/prefix_override:/home/kneely-ubuntu-22-04/project-repo/ucsd-mae-148-team-4/install/face_rec_pkg/lib/python3.10/site-packages:/home/kneely-ubuntu-22-04/project-repo/ucsd-mae-148-team-4/install/user_input_interfaces/lib/python3.10/site-packages:/home/kneely-ubuntu-22-04/project-repo/ucsd-mae-148-team-4/install/ride_service_pkg/lib/python3.10/site-packages:/home/kneely-ubuntu-22-04/project-repo/ucsd-mae-148-team-4/install/ride_request_pkg/lib/python3.10/site-packages:/home/kneely-ubuntu-22-04/project-repo/ucsd-mae-148-team-4/install/face_rec_pkg/lib/python3.10/site-packages:/opt/ros/iron/lib/python3.10/site-packages /usr/bin/python3 setup.py egg_info --egg-base ../../build/face_rec_pkg build --build-base /home/kneely-ubuntu-22-04/project-repo/ucsd-mae-148-team-4/build/face_rec_pkg/build install --record /home/kneely-ubuntu-22-04/project-repo/ucsd-mae-148-team-4/build/face_rec_pkg/install.log --single-version-externally-managed
[3.083s] Level 1:colcon.colcon_core.environment:checking '/home/kneely-ubuntu-22-04/project-repo/ucsd-mae-148-team-4/install/face_rec_pkg' for CMake module files
[3.083s] Level 1:colcon.colcon_core.environment:checking '/home/kneely-ubuntu-22-04/project-repo/ucsd-mae-148-team-4/install/face_rec_pkg' for CMake config files
[3.084s] Level 1:colcon.colcon_core.environment:checking '/home/kneely-ubuntu-22-04/project-repo/ucsd-mae-148-team-4/install/face_rec_pkg/lib'
[3.084s] Level 1:colcon.colcon_core.environment:checking '/home/kneely-ubuntu-22-04/project-repo/ucsd-mae-148-team-4/install/face_rec_pkg/bin'
[3.084s] Level 1:colcon.colcon_core.environment:checking '/home/kneely-ubuntu-22-04/project-repo/ucsd-mae-148-team-4/install/face_rec_pkg/lib/pkgconfig/face_rec_pkg.pc'
[3.085s] Level 1:colcon.colcon_core.environment:checking '/home/kneely-ubuntu-22-04/project-repo/ucsd-mae-148-team-4/install/face_rec_pkg/lib/python3.10/site-packages'
[3.085s] Level 1:colcon.colcon_core.shell:create_environment_hook('face_rec_pkg', 'pythonpath')
[3.101s] INFO:colcon.colcon_core.shell:Creating environment hook '/home/kneely-ubuntu-22-04/project-repo/ucsd-mae-148-team-4/install/face_rec_pkg/share/face_rec_pkg/hook/pythonpath.ps1'
[3.102s] INFO:colcon.colcon_core.shell:Creating environment descriptor '/home/kneely-ubuntu-22-04/project-repo/ucsd-mae-148-team-4/install/face_rec_pkg/share/face_rec_pkg/hook/pythonpath.dsv'
[3.103s] INFO:colcon.colcon_core.shell:Creating environment hook '/home/kneely-ubuntu-22-04/project-repo/ucsd-mae-148-team-4/install/face_rec_pkg/share/face_rec_pkg/hook/pythonpath.sh'
[3.103s] Level 1:colcon.colcon_core.environment:checking '/home/kneely-ubuntu-22-04/project-repo/ucsd-mae-148-team-4/install/face_rec_pkg/bin'
[3.104s] Level 1:colcon.colcon_core.environment:create_environment_scripts_only(face_rec_pkg)
[3.120s] INFO:colcon.colcon_core.shell:Creating package script '/home/kneely-ubuntu-22-04/project-repo/ucsd-mae-148-team-4/install/face_rec_pkg/share/face_rec_pkg/package.ps1'
[3.122s] INFO:colcon.colcon_core.shell:Creating package descriptor '/home/kneely-ubuntu-22-04/project-repo/ucsd-mae-148-team-4/install/face_rec_pkg/share/face_rec_pkg/package.dsv'
[3.122s] INFO:colcon.colcon_core.shell:Creating package script '/home/kneely-ubuntu-22-04/project-repo/ucsd-mae-148-team-4/install/face_rec_pkg/share/face_rec_pkg/package.sh'
[3.124s] INFO:colcon.colcon_core.shell:Creating package script '/home/kneely-ubuntu-22-04/project-repo/ucsd-mae-148-team-4/install/face_rec_pkg/share/face_rec_pkg/package.bash'
[3.125s] INFO:colcon.colcon_core.shell:Creating package script '/home/kneely-ubuntu-22-04/project-repo/ucsd-mae-148-team-4/install/face_rec_pkg/share/face_rec_pkg/package.zsh'
[3.125s] Level 1:colcon.colcon_core.environment:create_file_with_runtime_dependencies(/home/kneely-ubuntu-22-04/project-repo/ucsd-mae-148-team-4/install/face_rec_pkg/share/colcon-core/packages/face_rec_pkg)
[3.126s] DEBUG:colcon.colcon_parallel_executor.executor.parallel:closing loop
[3.127s] DEBUG:colcon.colcon_parallel_executor.executor.parallel:loop closed
[3.128s] DEBUG:colcon.colcon_parallel_executor.executor.parallel:run_until_complete finished with '0'
[3.128s] DEBUG:colcon.colcon_core.event_reactor:joining thread
[3.189s] INFO:colcon.colcon_core.plugin_system:Skipping extension 'colcon_notification.desktop_notification.notify_send': Could not find 'notify-send'
[3.190s] INFO:colcon.colcon_core.plugin_system:Skipping extension 'colcon_notification.desktop_notification.terminal_notifier': Not used on non-Darwin systems
[3.190s] INFO:colcon.colcon_core.plugin_system:Skipping extension 'colcon_notification.desktop_notification.win32': Not used on non-Windows systems
[3.190s] INFO:colcon.colcon_notification.desktop_notification:Sending desktop notification using 'notify2'
[3.191s] DEBUG:colcon.colcon_notification.desktop_notification.notify2:Failed to initialize notify2: org.freedesktop.DBus.Error.ServiceUnknown: The name org.freedesktop.Notifications was not provided by any .service files
[3.192s] DEBUG:colcon.colcon_core.event_reactor:joined thread
[3.209s] INFO:colcon.colcon_core.shell:Creating prefix script '/home/kneely-ubuntu-22-04/project-repo/ucsd-mae-148-team-4/install/local_setup.ps1'
[3.211s] INFO:colcon.colcon_core.shell:Creating prefix util module '/home/kneely-ubuntu-22-04/project-repo/ucsd-mae-148-team-4/install/_local_setup_util_ps1.py'
[3.212s] INFO:colcon.colcon_core.shell:Creating prefix chain script '/home/kneely-ubuntu-22-04/project-repo/ucsd-mae-148-team-4/install/setup.ps1'
[3.230s] INFO:colcon.colcon_core.shell:Creating prefix script '/home/kneely-ubuntu-22-04/project-repo/ucsd-mae-148-team-4/install/local_setup.sh'
[3.231s] INFO:colcon.colcon_core.shell:Creating prefix util module '/home/kneely-ubuntu-22-04/project-repo/ucsd-mae-148-team-4/install/_local_setup_util_sh.py'
[3.231s] INFO:colcon.colcon_core.shell:Creating prefix chain script '/home/kneely-ubuntu-22-04/project-repo/ucsd-mae-148-team-4/install/setup.sh'
[3.250s] INFO:colcon.colcon_core.shell:Creating prefix script '/home/kneely-ubuntu-22-04/project-repo/ucsd-mae-148-team-4/install/local_setup.bash'
[3.250s] INFO:colcon.colcon_core.shell:Creating prefix chain script '/home/kneely-ubuntu-22-04/project-repo/ucsd-mae-148-team-4/install/setup.bash'
[3.275s] INFO:colcon.colcon_core.shell:Creating prefix script '/home/kneely-ubuntu-22-04/project-repo/ucsd-mae-148-team-4/install/local_setup.zsh'
[3.276s] INFO:colcon.colcon_core.shell:Creating prefix chain script '/home/kneely-ubuntu-22-04/project-repo/ucsd-mae-148-team-4/install/setup.zsh'
