[3.338s] Invoking command in '/home/kneely-ubuntu-22-04/project-repo/ucsd-mae-148-team-4/drafts/ride_service_pkg': AMENT_PREFIX_PATH=/home/kneely-ubuntu-22-04/project-repo/ucsd-mae-148-team-4/install/user_input_interfaces:${AMENT_PREFIX_PATH} CMAKE_PREFIX_PATH=/home/kneely-ubuntu-22-04/project-repo/ucsd-mae-148-team-4/install/user_input_interfaces LD_LIBRARY_PATH=/home/kneely-ubuntu-22-04/project-repo/ucsd-mae-148-team-4/install/user_input_interfaces/lib:${LD_LIBRARY_PATH} PYTHONPATH=/home/kneely-ubuntu-22-04/project-repo/ucsd-mae-148-team-4/build/ride_service_pkg/prefix_override:/home/kneely-ubuntu-22-04/project-repo/ucsd-mae-148-team-4/install/ride_service_pkg/lib/python3.10/site-packages:/home/kneely-ubuntu-22-04/project-repo/ucsd-mae-148-team-4/install/user_input_interfaces/lib/python3.10/site-packages:${PYTHONPATH} WSLENV=ELECTRON_RUN_AS_NODE/w:WT_SESSION:WT_PROFILE_ID: /usr/bin/python3 setup.py egg_info --egg-base ../../build/ride_service_pkg build --build-base /home/kneely-ubuntu-22-04/project-repo/ucsd-mae-148-team-4/build/ride_service_pkg/build install --record /home/kneely-ubuntu-22-04/project-repo/ucsd-mae-148-team-4/build/ride_service_pkg/install.log --single-version-externally-managed
[4.018s] running egg_info
[4.020s] creating ../../build/ride_service_pkg/ride_service_pkg.egg-info
[4.024s] writing ../../build/ride_service_pkg/ride_service_pkg.egg-info/PKG-INFO
[4.024s] writing dependency_links to ../../build/ride_service_pkg/ride_service_pkg.egg-info/dependency_links.txt
[4.024s] writing entry points to ../../build/ride_service_pkg/ride_service_pkg.egg-info/entry_points.txt
[4.024s] writing requirements to ../../build/ride_service_pkg/ride_service_pkg.egg-info/requires.txt
[4.024s] writing top-level names to ../../build/ride_service_pkg/ride_service_pkg.egg-info/top_level.txt
[4.024s] writing manifest file '../../build/ride_service_pkg/ride_service_pkg.egg-info/SOURCES.txt'
[4.029s] reading manifest file '../../build/ride_service_pkg/ride_service_pkg.egg-info/SOURCES.txt'
[4.033s] writing manifest file '../../build/ride_service_pkg/ride_service_pkg.egg-info/SOURCES.txt'
[4.033s] running build
[4.034s] running build_py
[4.034s] creating /home/kneely-ubuntu-22-04/project-repo/ucsd-mae-148-team-4/build/ride_service_pkg/build
[4.034s] creating /home/kneely-ubuntu-22-04/project-repo/ucsd-mae-148-team-4/build/ride_service_pkg/build/lib
[4.035s] creating /home/kneely-ubuntu-22-04/project-repo/ucsd-mae-148-team-4/build/ride_service_pkg/build/lib/ride_service_pkg
[4.036s] copying ride_service_pkg/ride_request_server.py -> /home/kneely-ubuntu-22-04/project-repo/ucsd-mae-148-team-4/build/ride_service_pkg/build/lib/ride_service_pkg
[4.037s] copying ride_service_pkg/__init__.py -> /home/kneely-ubuntu-22-04/project-repo/ucsd-mae-148-team-4/build/ride_service_pkg/build/lib/ride_service_pkg
[4.039s] copying ride_service_pkg/ride_request_client.py -> /home/kneely-ubuntu-22-04/project-repo/ucsd-mae-148-team-4/build/ride_service_pkg/build/lib/ride_service_pkg
[4.041s] running install
[4.042s] /usr/lib/python3/dist-packages/setuptools/command/install.py:34: SetuptoolsDeprecationWarning: setup.py install is deprecated. Use build and pip and other standards-based tools.
[4.043s]   warnings.warn(
[4.043s] running install_lib
[4.044s] creating /home/kneely-ubuntu-22-04/project-repo/ucsd-mae-148-team-4/install/ride_service_pkg/lib/python3.10/site-packages/ride_service_pkg
[4.045s] copying /home/kneely-ubuntu-22-04/project-repo/ucsd-mae-148-team-4/build/ride_service_pkg/build/lib/ride_service_pkg/ride_request_server.py -> /home/kneely-ubuntu-22-04/project-repo/ucsd-mae-148-team-4/install/ride_service_pkg/lib/python3.10/site-packages/ride_service_pkg
[4.046s] copying /home/kneely-ubuntu-22-04/project-repo/ucsd-mae-148-team-4/build/ride_service_pkg/build/lib/ride_service_pkg/__init__.py -> /home/kneely-ubuntu-22-04/project-repo/ucsd-mae-148-team-4/install/ride_service_pkg/lib/python3.10/site-packages/ride_service_pkg
[4.046s] copying /home/kneely-ubuntu-22-04/project-repo/ucsd-mae-148-team-4/build/ride_service_pkg/build/lib/ride_service_pkg/ride_request_client.py -> /home/kneely-ubuntu-22-04/project-repo/ucsd-mae-148-team-4/install/ride_service_pkg/lib/python3.10/site-packages/ride_service_pkg
[4.046s] byte-compiling /home/kneely-ubuntu-22-04/project-repo/ucsd-mae-148-team-4/install/ride_service_pkg/lib/python3.10/site-packages/ride_service_pkg/ride_request_server.py to ride_request_server.cpython-310.pyc
[4.049s] byte-compiling /home/kneely-ubuntu-22-04/project-repo/ucsd-mae-148-team-4/install/ride_service_pkg/lib/python3.10/site-packages/ride_service_pkg/__init__.py to __init__.cpython-310.pyc
[4.050s] byte-compiling /home/kneely-ubuntu-22-04/project-repo/ucsd-mae-148-team-4/install/ride_service_pkg/lib/python3.10/site-packages/ride_service_pkg/ride_request_client.py to ride_request_client.cpython-310.pyc
[4.051s]   File "/home/kneely-ubuntu-22-04/project-repo/ucsd-mae-148-team-4/install/ride_service_pkg/lib/python3.10/site-packages/ride_service_pkg/ride_request_client.py", line 35
[4.052s]     else:
[4.052s]     ^^^^
[4.052s] SyntaxError: expected 'except' or 'finally' block
[4.052s] 
[4.052s] running install_data
[4.053s] creating /home/kneely-ubuntu-22-04/project-repo/ucsd-mae-148-team-4/install/ride_service_pkg/share/ament_index
[4.055s] creating /home/kneely-ubuntu-22-04/project-repo/ucsd-mae-148-team-4/install/ride_service_pkg/share/ament_index/resource_index
[4.057s] creating /home/kneely-ubuntu-22-04/project-repo/ucsd-mae-148-team-4/install/ride_service_pkg/share/ament_index/resource_index/packages
[4.059s] copying resource/ride_service_pkg -> /home/kneely-ubuntu-22-04/project-repo/ucsd-mae-148-team-4/install/ride_service_pkg/share/ament_index/resource_index/packages
[4.060s] copying package.xml -> /home/kneely-ubuntu-22-04/project-repo/ucsd-mae-148-team-4/install/ride_service_pkg/share/ride_service_pkg
[4.060s] creating /home/kneely-ubuntu-22-04/project-repo/ucsd-mae-148-team-4/install/ride_service_pkg/share/ride_service_pkg/launch
[4.062s] copying launch/ride_service_pkg_launch.launch.py -> /home/kneely-ubuntu-22-04/project-repo/ucsd-mae-148-team-4/install/ride_service_pkg/share/ride_service_pkg/launch
[4.062s] running install_egg_info
[4.072s] Copying ../../build/ride_service_pkg/ride_service_pkg.egg-info to /home/kneely-ubuntu-22-04/project-repo/ucsd-mae-148-team-4/install/ride_service_pkg/lib/python3.10/site-packages/ride_service_pkg-0.0.1-py3.10.egg-info
[4.076s] running install_scripts
[4.134s] Installing ride_request_client script to /home/kneely-ubuntu-22-04/project-repo/ucsd-mae-148-team-4/install/ride_service_pkg/lib/ride_service_pkg
[4.136s] Installing ride_request_server script to /home/kneely-ubuntu-22-04/project-repo/ucsd-mae-148-team-4/install/ride_service_pkg/lib/ride_service_pkg
[4.137s] writing list of installed files to '/home/kneely-ubuntu-22-04/project-repo/ucsd-mae-148-team-4/build/ride_service_pkg/install.log'
