[0.150s] Invoking command in '/home/kneely-ubuntu-22-04/project-repo/ucsd-mae-148-team-4/build/user_input_interfaces': CMAKE_PREFIX_PATH=/opt/ros/iron WSLENV=ELECTRON_RUN_AS_NODE/w:WT_SESSION:WT_PROFILE_ID: /usr/bin/cmake --build /home/kneely-ubuntu-22-04/project-repo/ucsd-mae-148-team-4/build/user_input_interfaces -- -j8 -l8
[0.235s] [  2%] Built target user_input_interfaces__rosidl_generator_type_description
[0.254s] [  2%] Built target ament_cmake_python_copy_user_input_interfaces
[0.255s] [35m[1mConsolidate compiler generated dependencies of target user_input_interfaces__rosidl_generator_c[0m
[0.271s] [  5%] Built target user_input_interfaces__cpp
[0.275s] [ 20%] Built target user_input_interfaces__rosidl_generator_c
[0.303s] [35m[1mConsolidate compiler generated dependencies of target user_input_interfaces__rosidl_typesupport_introspection_cpp[0m
[0.304s] [35m[1mConsolidate compiler generated dependencies of target user_input_interfaces__rosidl_typesupport_cpp[0m
[0.304s] [35m[1mConsolidate compiler generated dependencies of target user_input_interfaces__rosidl_typesupport_fastrtps_c[0m
[0.305s] [35m[1mConsolidate compiler generated dependencies of target user_input_interfaces__rosidl_typesupport_introspection_c[0m
[0.306s] [35m[1mConsolidate compiler generated dependencies of target user_input_interfaces__rosidl_typesupport_fastrtps_cpp[0m
[0.307s] [35m[1mConsolidate compiler generated dependencies of target user_input_interfaces__rosidl_typesupport_c[0m
[0.339s] [ 29%] Built target user_input_interfaces__rosidl_typesupport_introspection_cpp
[0.346s] [ 50%] Built target user_input_interfaces__rosidl_typesupport_introspection_c
[0.346s] [ 52%] Built target user_input_interfaces__rosidl_typesupport_c
[0.347s] [ 55%] Built target user_input_interfaces__rosidl_typesupport_fastrtps_cpp
[0.347s] [ 64%] Built target user_input_interfaces__rosidl_typesupport_fastrtps_c
[0.354s] [ 73%] Built target user_input_interfaces__rosidl_typesupport_cpp
[0.388s] [ 73%] Built target user_input_interfaces
[0.429s] [ 76%] Built target user_input_interfaces__py
[0.452s] [35m[1mConsolidate compiler generated dependencies of target user_input_interfaces__rosidl_generator_py[0m
[0.475s] [ 82%] Built target user_input_interfaces__rosidl_generator_py
[0.493s] [35m[1mConsolidate compiler generated dependencies of target user_input_interfaces__rosidl_typesupport_fastrtps_c__pyext[0m
[0.494s] [35m[1mConsolidate compiler generated dependencies of target user_input_interfaces__rosidl_typesupport_c__pyext[0m
[0.495s] [35m[1mConsolidate compiler generated dependencies of target user_input_interfaces__rosidl_typesupport_introspection_c__pyext[0m
[0.522s] [ 91%] Built target user_input_interfaces__rosidl_typesupport_c__pyext
[0.522s] [ 94%] Built target user_input_interfaces__rosidl_typesupport_fastrtps_c__pyext
[0.526s] [100%] Built target user_input_interfaces__rosidl_typesupport_introspection_c__pyext
[0.880s] running egg_info
[0.882s] writing user_input_interfaces.egg-info/PKG-INFO
[0.883s] writing dependency_links to user_input_interfaces.egg-info/dependency_links.txt
[0.883s] writing top-level names to user_input_interfaces.egg-info/top_level.txt
[0.889s] reading manifest file 'user_input_interfaces.egg-info/SOURCES.txt'
[0.890s] writing manifest file 'user_input_interfaces.egg-info/SOURCES.txt'
[0.990s] [100%] Built target ament_cmake_python_build_user_input_interfaces_egg
[1.017s] Invoked command in '/home/kneely-ubuntu-22-04/project-repo/ucsd-mae-148-team-4/build/user_input_interfaces' returned '0': CMAKE_PREFIX_PATH=/opt/ros/iron WSLENV=ELECTRON_RUN_AS_NODE/w:WT_SESSION:WT_PROFILE_ID: /usr/bin/cmake --build /home/kneely-ubuntu-22-04/project-repo/ucsd-mae-148-team-4/build/user_input_interfaces -- -j8 -l8
[1.204s] Invoking command in '/home/kneely-ubuntu-22-04/project-repo/ucsd-mae-148-team-4/build/user_input_interfaces': CMAKE_PREFIX_PATH=/opt/ros/iron WSLENV=ELECTRON_RUN_AS_NODE/w:WT_SESSION:WT_PROFILE_ID: /usr/bin/cmake --install /home/kneely-ubuntu-22-04/project-repo/ucsd-mae-148-team-4/build/user_input_interfaces
[1.240s] -- Install configuration: ""
[1.246s] -- Up-to-date: /home/kneely-ubuntu-22-04/project-repo/ucsd-mae-148-team-4/install/user_input_interfaces/share/ament_index/resource_index/rosidl_interfaces/user_input_interfaces
[1.247s] -- Up-to-date: /home/kneely-ubuntu-22-04/project-repo/ucsd-mae-148-team-4/install/user_input_interfaces/share/user_input_interfaces/msg/RideRequest.json
[1.248s] -- Up-to-date: /home/kneely-ubuntu-22-04/project-repo/ucsd-mae-148-team-4/install/user_input_interfaces/include/user_input_interfaces/user_input_interfaces
[1.249s] -- Up-to-date: /home/kneely-ubuntu-22-04/project-repo/ucsd-mae-148-team-4/install/user_input_interfaces/include/user_input_interfaces/user_input_interfaces/msg
[1.249s] -- Up-to-date: /home/kneely-ubuntu-22-04/project-repo/ucsd-mae-148-team-4/install/user_input_interfaces/include/user_input_interfaces/user_input_interfaces/msg/ride_request.h
[1.249s] -- Up-to-date: /home/kneely-ubuntu-22-04/project-repo/ucsd-mae-148-team-4/install/user_input_interfaces/include/user_input_interfaces/user_input_interfaces/msg/detail
[1.250s] -- Up-to-date: /home/kneely-ubuntu-22-04/project-repo/ucsd-mae-148-team-4/install/user_input_interfaces/include/user_input_interfaces/user_input_interfaces/msg/detail/ride_request__struct.h
[1.250s] -- Up-to-date: /home/kneely-ubuntu-22-04/project-repo/ucsd-mae-148-team-4/install/user_input_interfaces/include/user_input_interfaces/user_input_interfaces/msg/detail/ride_request__functions.c
[1.251s] -- Installing: /home/kneely-ubuntu-22-04/project-repo/ucsd-mae-148-team-4/install/user_input_interfaces/include/user_input_interfaces/user_input_interfaces/msg/detail/ride_request__type_support.c
[1.253s] -- Up-to-date: /home/kneely-ubuntu-22-04/project-repo/ucsd-mae-148-team-4/install/user_input_interfaces/include/user_input_interfaces/user_input_interfaces/msg/detail/ride_request__description.c
[1.254s] -- Up-to-date: /home/kneely-ubuntu-22-04/project-repo/ucsd-mae-148-team-4/install/user_input_interfaces/include/user_input_interfaces/user_input_interfaces/msg/detail/ride_request__type_support.h
[1.255s] -- Up-to-date: /home/kneely-ubuntu-22-04/project-repo/ucsd-mae-148-team-4/install/user_input_interfaces/include/user_input_interfaces/user_input_interfaces/msg/detail/ride_request__functions.h
[1.255s] -- Up-to-date: /home/kneely-ubuntu-22-04/project-repo/ucsd-mae-148-team-4/install/user_input_interfaces/include/user_input_interfaces/user_input_interfaces/msg/rosidl_generator_c__visibility_control.h
[1.256s] -- Up-to-date: /home/kneely-ubuntu-22-04/project-repo/ucsd-mae-148-team-4/install/user_input_interfaces/share/user_input_interfaces/environment/library_path.sh
[1.257s] -- Up-to-date: /home/kneely-ubuntu-22-04/project-repo/ucsd-mae-148-team-4/install/user_input_interfaces/share/user_input_interfaces/environment/library_path.dsv
[1.258s] -- Up-to-date: /home/kneely-ubuntu-22-04/project-repo/ucsd-mae-148-team-4/install/user_input_interfaces/lib/libuser_input_interfaces__rosidl_generator_c.so
[1.262s] -- Up-to-date: /home/kneely-ubuntu-22-04/project-repo/ucsd-mae-148-team-4/install/user_input_interfaces/include/user_input_interfaces/user_input_interfaces
[1.263s] -- Up-to-date: /home/kneely-ubuntu-22-04/project-repo/ucsd-mae-148-team-4/install/user_input_interfaces/include/user_input_interfaces/user_input_interfaces/msg
[1.263s] -- Up-to-date: /home/kneely-ubuntu-22-04/project-repo/ucsd-mae-148-team-4/install/user_input_interfaces/include/user_input_interfaces/user_input_interfaces/msg/rosidl_typesupport_fastrtps_c__visibility_control.h
[1.263s] -- Up-to-date: /home/kneely-ubuntu-22-04/project-repo/ucsd-mae-148-team-4/install/user_input_interfaces/include/user_input_interfaces/user_input_interfaces/msg/detail
[1.263s] -- Up-to-date: /home/kneely-ubuntu-22-04/project-repo/ucsd-mae-148-team-4/install/user_input_interfaces/include/user_input_interfaces/user_input_interfaces/msg/detail/ride_request__rosidl_typesupport_fastrtps_c.h
[1.264s] -- Up-to-date: /home/kneely-ubuntu-22-04/project-repo/ucsd-mae-148-team-4/install/user_input_interfaces/lib/libuser_input_interfaces__rosidl_typesupport_fastrtps_c.so
[1.264s] -- Up-to-date: /home/kneely-ubuntu-22-04/project-repo/ucsd-mae-148-team-4/install/user_input_interfaces/include/user_input_interfaces/user_input_interfaces
[1.264s] -- Up-to-date: /home/kneely-ubuntu-22-04/project-repo/ucsd-mae-148-team-4/install/user_input_interfaces/include/user_input_interfaces/user_input_interfaces/msg
[1.264s] -- Up-to-date: /home/kneely-ubuntu-22-04/project-repo/ucsd-mae-148-team-4/install/user_input_interfaces/include/user_input_interfaces/user_input_interfaces/msg/rosidl_typesupport_introspection_c__visibility_control.h
[1.264s] -- Up-to-date: /home/kneely-ubuntu-22-04/project-repo/ucsd-mae-148-team-4/install/user_input_interfaces/include/user_input_interfaces/user_input_interfaces/msg/detail
[1.264s] -- Installing: /home/kneely-ubuntu-22-04/project-repo/ucsd-mae-148-team-4/install/user_input_interfaces/include/user_input_interfaces/user_input_interfaces/msg/detail/ride_request__type_support.c
[1.264s] -- Up-to-date: /home/kneely-ubuntu-22-04/project-repo/ucsd-mae-148-team-4/install/user_input_interfaces/include/user_input_interfaces/user_input_interfaces/msg/detail/ride_request__rosidl_typesupport_introspection_c.h
[1.265s] -- Up-to-date: /home/kneely-ubuntu-22-04/project-repo/ucsd-mae-148-team-4/install/user_input_interfaces/lib/libuser_input_interfaces__rosidl_typesupport_introspection_c.so
[1.265s] -- Up-to-date: /home/kneely-ubuntu-22-04/project-repo/ucsd-mae-148-team-4/install/user_input_interfaces/lib/libuser_input_interfaces__rosidl_typesupport_c.so
[1.265s] -- Up-to-date: /home/kneely-ubuntu-22-04/project-repo/ucsd-mae-148-team-4/install/user_input_interfaces/include/user_input_interfaces/user_input_interfaces
[1.265s] -- Up-to-date: /home/kneely-ubuntu-22-04/project-repo/ucsd-mae-148-team-4/install/user_input_interfaces/include/user_input_interfaces/user_input_interfaces/msg
[1.265s] -- Up-to-date: /home/kneely-ubuntu-22-04/project-repo/ucsd-mae-148-team-4/install/user_input_interfaces/include/user_input_interfaces/user_input_interfaces/msg/detail
[1.266s] -- Up-to-date: /home/kneely-ubuntu-22-04/project-repo/ucsd-mae-148-team-4/install/user_input_interfaces/include/user_input_interfaces/user_input_interfaces/msg/detail/ride_request__builder.hpp
[1.266s] -- Up-to-date: /home/kneely-ubuntu-22-04/project-repo/ucsd-mae-148-team-4/install/user_input_interfaces/include/user_input_interfaces/user_input_interfaces/msg/detail/ride_request__struct.hpp
[1.266s] -- Up-to-date: /home/kneely-ubuntu-22-04/project-repo/ucsd-mae-148-team-4/install/user_input_interfaces/include/user_input_interfaces/user_input_interfaces/msg/detail/ride_request__traits.hpp
[1.266s] -- Up-to-date: /home/kneely-ubuntu-22-04/project-repo/ucsd-mae-148-team-4/install/user_input_interfaces/include/user_input_interfaces/user_input_interfaces/msg/ride_request.hpp
[1.266s] -- Up-to-date: /home/kneely-ubuntu-22-04/project-repo/ucsd-mae-148-team-4/install/user_input_interfaces/include/user_input_interfaces/user_input_interfaces
[1.266s] -- Up-to-date: /home/kneely-ubuntu-22-04/project-repo/ucsd-mae-148-team-4/install/user_input_interfaces/include/user_input_interfaces/user_input_interfaces/msg
[1.267s] -- Up-to-date: /home/kneely-ubuntu-22-04/project-repo/ucsd-mae-148-team-4/install/user_input_interfaces/include/user_input_interfaces/user_input_interfaces/msg/rosidl_typesupport_fastrtps_cpp__visibility_control.h
[1.267s] -- Up-to-date: /home/kneely-ubuntu-22-04/project-repo/ucsd-mae-148-team-4/install/user_input_interfaces/include/user_input_interfaces/user_input_interfaces/msg/detail
[1.268s] -- Up-to-date: /home/kneely-ubuntu-22-04/project-repo/ucsd-mae-148-team-4/install/user_input_interfaces/include/user_input_interfaces/user_input_interfaces/msg/detail/ride_request__rosidl_typesupport_fastrtps_cpp.hpp
[1.268s] -- Up-to-date: /home/kneely-ubuntu-22-04/project-repo/ucsd-mae-148-team-4/install/user_input_interfaces/include/user_input_interfaces/user_input_interfaces/msg/detail/dds_fastrtps
[1.268s] -- Up-to-date: /home/kneely-ubuntu-22-04/project-repo/ucsd-mae-148-team-4/install/user_input_interfaces/lib/libuser_input_interfaces__rosidl_typesupport_fastrtps_cpp.so
[1.268s] -- Up-to-date: /home/kneely-ubuntu-22-04/project-repo/ucsd-mae-148-team-4/install/user_input_interfaces/include/user_input_interfaces/user_input_interfaces
[1.268s] -- Up-to-date: /home/kneely-ubuntu-22-04/project-repo/ucsd-mae-148-team-4/install/user_input_interfaces/include/user_input_interfaces/user_input_interfaces/msg
[1.268s] -- Up-to-date: /home/kneely-ubuntu-22-04/project-repo/ucsd-mae-148-team-4/install/user_input_interfaces/include/user_input_interfaces/user_input_interfaces/msg/detail
[1.269s] -- Up-to-date: /home/kneely-ubuntu-22-04/project-repo/ucsd-mae-148-team-4/install/user_input_interfaces/include/user_input_interfaces/user_input_interfaces/msg/detail/ride_request__rosidl_typesupport_introspection_cpp.hpp
[1.269s] -- Up-to-date: /home/kneely-ubuntu-22-04/project-repo/ucsd-mae-148-team-4/install/user_input_interfaces/include/user_input_interfaces/user_input_interfaces/msg/detail/ride_request__type_support.cpp
[1.269s] -- Up-to-date: /home/kneely-ubuntu-22-04/project-repo/ucsd-mae-148-team-4/install/user_input_interfaces/lib/libuser_input_interfaces__rosidl_typesupport_introspection_cpp.so
[1.269s] -- Up-to-date: /home/kneely-ubuntu-22-04/project-repo/ucsd-mae-148-team-4/install/user_input_interfaces/lib/libuser_input_interfaces__rosidl_typesupport_cpp.so
[1.269s] -- Up-to-date: /home/kneely-ubuntu-22-04/project-repo/ucsd-mae-148-team-4/install/user_input_interfaces/share/user_input_interfaces/environment/pythonpath.sh
[1.269s] -- Up-to-date: /home/kneely-ubuntu-22-04/project-repo/ucsd-mae-148-team-4/install/user_input_interfaces/share/user_input_interfaces/environment/pythonpath.dsv
[1.270s] -- Up-to-date: /home/kneely-ubuntu-22-04/project-repo/ucsd-mae-148-team-4/install/user_input_interfaces/lib/python3.10/site-packages/user_input_interfaces-0.0.0-py3.10.egg-info
[1.270s] -- Installing: /home/kneely-ubuntu-22-04/project-repo/ucsd-mae-148-team-4/install/user_input_interfaces/lib/python3.10/site-packages/user_input_interfaces-0.0.0-py3.10.egg-info/PKG-INFO
[1.270s] -- Installing: /home/kneely-ubuntu-22-04/project-repo/ucsd-mae-148-team-4/install/user_input_interfaces/lib/python3.10/site-packages/user_input_interfaces-0.0.0-py3.10.egg-info/top_level.txt
[1.270s] -- Installing: /home/kneely-ubuntu-22-04/project-repo/ucsd-mae-148-team-4/install/user_input_interfaces/lib/python3.10/site-packages/user_input_interfaces-0.0.0-py3.10.egg-info/dependency_links.txt
[1.270s] -- Installing: /home/kneely-ubuntu-22-04/project-repo/ucsd-mae-148-team-4/install/user_input_interfaces/lib/python3.10/site-packages/user_input_interfaces-0.0.0-py3.10.egg-info/SOURCES.txt
[1.271s] -- Up-to-date: /home/kneely-ubuntu-22-04/project-repo/ucsd-mae-148-team-4/install/user_input_interfaces/lib/python3.10/site-packages/user_input_interfaces
[1.271s] -- Up-to-date: /home/kneely-ubuntu-22-04/project-repo/ucsd-mae-148-team-4/install/user_input_interfaces/lib/python3.10/site-packages/user_input_interfaces/user_input_interfaces_s__rosidl_typesupport_c.cpython-310-x86_64-linux-gnu.so
[1.271s] -- Up-to-date: /home/kneely-ubuntu-22-04/project-repo/ucsd-mae-148-team-4/install/user_input_interfaces/lib/python3.10/site-packages/user_input_interfaces/user_input_interfaces_s__rosidl_typesupport_introspection_c.cpython-310-x86_64-linux-gnu.so
[1.271s] -- Up-to-date: /home/kneely-ubuntu-22-04/project-repo/ucsd-mae-148-team-4/install/user_input_interfaces/lib/python3.10/site-packages/user_input_interfaces/__init__.py
[1.271s] -- Up-to-date: /home/kneely-ubuntu-22-04/project-repo/ucsd-mae-148-team-4/install/user_input_interfaces/lib/python3.10/site-packages/user_input_interfaces/msg
[1.271s] -- Up-to-date: /home/kneely-ubuntu-22-04/project-repo/ucsd-mae-148-team-4/install/user_input_interfaces/lib/python3.10/site-packages/user_input_interfaces/msg/__init__.py
[1.272s] -- Up-to-date: /home/kneely-ubuntu-22-04/project-repo/ucsd-mae-148-team-4/install/user_input_interfaces/lib/python3.10/site-packages/user_input_interfaces/msg/_ride_request_s.c
[1.272s] -- Up-to-date: /home/kneely-ubuntu-22-04/project-repo/ucsd-mae-148-team-4/install/user_input_interfaces/lib/python3.10/site-packages/user_input_interfaces/msg/_ride_request.py
[1.272s] -- Up-to-date: /home/kneely-ubuntu-22-04/project-repo/ucsd-mae-148-team-4/install/user_input_interfaces/lib/python3.10/site-packages/user_input_interfaces/libuser_input_interfaces__rosidl_generator_py.so
[1.272s] -- Up-to-date: /home/kneely-ubuntu-22-04/project-repo/ucsd-mae-148-team-4/install/user_input_interfaces/lib/python3.10/site-packages/user_input_interfaces/user_input_interfaces_s__rosidl_typesupport_fastrtps_c.cpython-310-x86_64-linux-gnu.so
[1.272s] -- Up-to-date: /home/kneely-ubuntu-22-04/project-repo/ucsd-mae-148-team-4/install/user_input_interfaces/lib/python3.10/site-packages/user_input_interfaces/_user_input_interfaces_s.ep.rosidl_typesupport_fastrtps_c.c
[1.272s] -- Up-to-date: /home/kneely-ubuntu-22-04/project-repo/ucsd-mae-148-team-4/install/user_input_interfaces/lib/python3.10/site-packages/user_input_interfaces/_user_input_interfaces_s.ep.rosidl_typesupport_c.c
[1.272s] -- Up-to-date: /home/kneely-ubuntu-22-04/project-repo/ucsd-mae-148-team-4/install/user_input_interfaces/lib/python3.10/site-packages/user_input_interfaces/_user_input_interfaces_s.ep.rosidl_typesupport_introspection_c.c
[1.373s] Listing '/home/kneely-ubuntu-22-04/project-repo/ucsd-mae-148-team-4/install/user_input_interfaces/lib/python3.10/site-packages/user_input_interfaces'...
[1.373s] Listing '/home/kneely-ubuntu-22-04/project-repo/ucsd-mae-148-team-4/install/user_input_interfaces/lib/python3.10/site-packages/user_input_interfaces/msg'...
[1.393s] -- Up-to-date: /home/kneely-ubuntu-22-04/project-repo/ucsd-mae-148-team-4/install/user_input_interfaces/lib/python3.10/site-packages/user_input_interfaces/user_input_interfaces_s__rosidl_typesupport_fastrtps_c.cpython-310-x86_64-linux-gnu.so
[1.394s] -- Up-to-date: /home/kneely-ubuntu-22-04/project-repo/ucsd-mae-148-team-4/install/user_input_interfaces/lib/python3.10/site-packages/user_input_interfaces/user_input_interfaces_s__rosidl_typesupport_introspection_c.cpython-310-x86_64-linux-gnu.so
[1.394s] -- Up-to-date: /home/kneely-ubuntu-22-04/project-repo/ucsd-mae-148-team-4/install/user_input_interfaces/lib/python3.10/site-packages/user_input_interfaces/user_input_interfaces_s__rosidl_typesupport_c.cpython-310-x86_64-linux-gnu.so
[1.395s] -- Up-to-date: /home/kneely-ubuntu-22-04/project-repo/ucsd-mae-148-team-4/install/user_input_interfaces/lib/libuser_input_interfaces__rosidl_generator_py.so
[1.397s] -- Up-to-date: /home/kneely-ubuntu-22-04/project-repo/ucsd-mae-148-team-4/install/user_input_interfaces/share/user_input_interfaces/msg/RideRequest.idl
[1.398s] -- Up-to-date: /home/kneely-ubuntu-22-04/project-repo/ucsd-mae-148-team-4/install/user_input_interfaces/share/user_input_interfaces/msg/RideRequest.msg
[1.399s] -- Up-to-date: /home/kneely-ubuntu-22-04/project-repo/ucsd-mae-148-team-4/install/user_input_interfaces/share/ament_index/resource_index/package_run_dependencies/user_input_interfaces
[1.399s] -- Up-to-date: /home/kneely-ubuntu-22-04/project-repo/ucsd-mae-148-team-4/install/user_input_interfaces/share/ament_index/resource_index/parent_prefix_path/user_input_interfaces
[1.400s] -- Up-to-date: /home/kneely-ubuntu-22-04/project-repo/ucsd-mae-148-team-4/install/user_input_interfaces/share/user_input_interfaces/environment/ament_prefix_path.sh
[1.400s] -- Up-to-date: /home/kneely-ubuntu-22-04/project-repo/ucsd-mae-148-team-4/install/user_input_interfaces/share/user_input_interfaces/environment/ament_prefix_path.dsv
[1.400s] -- Up-to-date: /home/kneely-ubuntu-22-04/project-repo/ucsd-mae-148-team-4/install/user_input_interfaces/share/user_input_interfaces/environment/path.sh
[1.401s] -- Up-to-date: /home/kneely-ubuntu-22-04/project-repo/ucsd-mae-148-team-4/install/user_input_interfaces/share/user_input_interfaces/environment/path.dsv
[1.401s] -- Up-to-date: /home/kneely-ubuntu-22-04/project-repo/ucsd-mae-148-team-4/install/user_input_interfaces/share/user_input_interfaces/local_setup.bash
[1.402s] -- Up-to-date: /home/kneely-ubuntu-22-04/project-repo/ucsd-mae-148-team-4/install/user_input_interfaces/share/user_input_interfaces/local_setup.sh
[1.403s] -- Up-to-date: /home/kneely-ubuntu-22-04/project-repo/ucsd-mae-148-team-4/install/user_input_interfaces/share/user_input_interfaces/local_setup.zsh
[1.403s] -- Up-to-date: /home/kneely-ubuntu-22-04/project-repo/ucsd-mae-148-team-4/install/user_input_interfaces/share/user_input_interfaces/local_setup.dsv
[1.404s] -- Installing: /home/kneely-ubuntu-22-04/project-repo/ucsd-mae-148-team-4/install/user_input_interfaces/share/user_input_interfaces/package.dsv
[1.406s] -- Up-to-date: /home/kneely-ubuntu-22-04/project-repo/ucsd-mae-148-team-4/install/user_input_interfaces/share/ament_index/resource_index/packages/user_input_interfaces
[1.406s] -- Up-to-date: /home/kneely-ubuntu-22-04/project-repo/ucsd-mae-148-team-4/install/user_input_interfaces/share/user_input_interfaces/cmake/export_user_input_interfaces__rosidl_generator_cExport.cmake
[1.406s] -- Up-to-date: /home/kneely-ubuntu-22-04/project-repo/ucsd-mae-148-team-4/install/user_input_interfaces/share/user_input_interfaces/cmake/export_user_input_interfaces__rosidl_generator_cExport-noconfig.cmake
[1.406s] -- Up-to-date: /home/kneely-ubuntu-22-04/project-repo/ucsd-mae-148-team-4/install/user_input_interfaces/share/user_input_interfaces/cmake/export_user_input_interfaces__rosidl_typesupport_fastrtps_cExport.cmake
[1.406s] -- Up-to-date: /home/kneely-ubuntu-22-04/project-repo/ucsd-mae-148-team-4/install/user_input_interfaces/share/user_input_interfaces/cmake/export_user_input_interfaces__rosidl_typesupport_fastrtps_cExport-noconfig.cmake
[1.406s] -- Up-to-date: /home/kneely-ubuntu-22-04/project-repo/ucsd-mae-148-team-4/install/user_input_interfaces/share/user_input_interfaces/cmake/user_input_interfaces__rosidl_typesupport_introspection_cExport.cmake
[1.407s] -- Up-to-date: /home/kneely-ubuntu-22-04/project-repo/ucsd-mae-148-team-4/install/user_input_interfaces/share/user_input_interfaces/cmake/user_input_interfaces__rosidl_typesupport_introspection_cExport-noconfig.cmake
[1.407s] -- Up-to-date: /home/kneely-ubuntu-22-04/project-repo/ucsd-mae-148-team-4/install/user_input_interfaces/share/user_input_interfaces/cmake/user_input_interfaces__rosidl_typesupport_cExport.cmake
[1.408s] -- Up-to-date: /home/kneely-ubuntu-22-04/project-repo/ucsd-mae-148-team-4/install/user_input_interfaces/share/user_input_interfaces/cmake/user_input_interfaces__rosidl_typesupport_cExport-noconfig.cmake
[1.408s] -- Up-to-date: /home/kneely-ubuntu-22-04/project-repo/ucsd-mae-148-team-4/install/user_input_interfaces/share/user_input_interfaces/cmake/export_user_input_interfaces__rosidl_generator_cppExport.cmake
[1.409s] -- Up-to-date: /home/kneely-ubuntu-22-04/project-repo/ucsd-mae-148-team-4/install/user_input_interfaces/share/user_input_interfaces/cmake/export_user_input_interfaces__rosidl_typesupport_fastrtps_cppExport.cmake
[1.409s] -- Up-to-date: /home/kneely-ubuntu-22-04/project-repo/ucsd-mae-148-team-4/install/user_input_interfaces/share/user_input_interfaces/cmake/export_user_input_interfaces__rosidl_typesupport_fastrtps_cppExport-noconfig.cmake
[1.410s] -- Up-to-date: /home/kneely-ubuntu-22-04/project-repo/ucsd-mae-148-team-4/install/user_input_interfaces/share/user_input_interfaces/cmake/user_input_interfaces__rosidl_typesupport_introspection_cppExport.cmake
[1.411s] -- Up-to-date: /home/kneely-ubuntu-22-04/project-repo/ucsd-mae-148-team-4/install/user_input_interfaces/share/user_input_interfaces/cmake/user_input_interfaces__rosidl_typesupport_introspection_cppExport-noconfig.cmake
[1.412s] -- Up-to-date: /home/kneely-ubuntu-22-04/project-repo/ucsd-mae-148-team-4/install/user_input_interfaces/share/user_input_interfaces/cmake/user_input_interfaces__rosidl_typesupport_cppExport.cmake
[1.417s] -- Up-to-date: /home/kneely-ubuntu-22-04/project-repo/ucsd-mae-148-team-4/install/user_input_interfaces/share/user_input_interfaces/cmake/user_input_interfaces__rosidl_typesupport_cppExport-noconfig.cmake
[1.419s] -- Up-to-date: /home/kneely-ubuntu-22-04/project-repo/ucsd-mae-148-team-4/install/user_input_interfaces/share/user_input_interfaces/cmake/export_user_input_interfaces__rosidl_generator_pyExport.cmake
[1.421s] -- Up-to-date: /home/kneely-ubuntu-22-04/project-repo/ucsd-mae-148-team-4/install/user_input_interfaces/share/user_input_interfaces/cmake/export_user_input_interfaces__rosidl_generator_pyExport-noconfig.cmake
[1.429s] -- Up-to-date: /home/kneely-ubuntu-22-04/project-repo/ucsd-mae-148-team-4/install/user_input_interfaces/share/user_input_interfaces/cmake/rosidl_cmake-extras.cmake
[1.431s] -- Up-to-date: /home/kneely-ubuntu-22-04/project-repo/ucsd-mae-148-team-4/install/user_input_interfaces/share/user_input_interfaces/cmake/ament_cmake_export_include_directories-extras.cmake
[1.431s] -- Up-to-date: /home/kneely-ubuntu-22-04/project-repo/ucsd-mae-148-team-4/install/user_input_interfaces/share/user_input_interfaces/cmake/ament_cmake_export_libraries-extras.cmake
[1.433s] -- Up-to-date: /home/kneely-ubuntu-22-04/project-repo/ucsd-mae-148-team-4/install/user_input_interfaces/share/user_input_interfaces/cmake/ament_cmake_export_targets-extras.cmake
[1.433s] -- Up-to-date: /home/kneely-ubuntu-22-04/project-repo/ucsd-mae-148-team-4/install/user_input_interfaces/share/user_input_interfaces/cmake/rosidl_cmake_export_typesupport_targets-extras.cmake
[1.434s] -- Up-to-date: /home/kneely-ubuntu-22-04/project-repo/ucsd-mae-148-team-4/install/user_input_interfaces/share/user_input_interfaces/cmake/ament_cmake_export_dependencies-extras.cmake
[1.435s] -- Up-to-date: /home/kneely-ubuntu-22-04/project-repo/ucsd-mae-148-team-4/install/user_input_interfaces/share/user_input_interfaces/cmake/rosidl_cmake_export_typesupport_libraries-extras.cmake
[1.435s] -- Up-to-date: /home/kneely-ubuntu-22-04/project-repo/ucsd-mae-148-team-4/install/user_input_interfaces/share/user_input_interfaces/cmake/user_input_interfacesConfig.cmake
[1.441s] -- Up-to-date: /home/kneely-ubuntu-22-04/project-repo/ucsd-mae-148-team-4/install/user_input_interfaces/share/user_input_interfaces/cmake/user_input_interfacesConfig-version.cmake
[1.443s] -- Up-to-date: /home/kneely-ubuntu-22-04/project-repo/ucsd-mae-148-team-4/install/user_input_interfaces/share/user_input_interfaces/package.xml
[1.444s] Invoked command in '/home/kneely-ubuntu-22-04/project-repo/ucsd-mae-148-team-4/build/user_input_interfaces' returned '0': CMAKE_PREFIX_PATH=/opt/ros/iron WSLENV=ELECTRON_RUN_AS_NODE/w:WT_SESSION:WT_PROFILE_ID: /usr/bin/cmake --install /home/kneely-ubuntu-22-04/project-repo/ucsd-mae-148-team-4/build/user_input_interfaces
