[3.411s] Invoking command in '/home/kneely-ubuntu-22-04/project-repo/ucsd-mae-148-team-4/drafts/ride_service_pkg': PYTHONPATH=/home/kneely-ubuntu-22-04/project-repo/ucsd-mae-148-team-4/build/ride_service_pkg/prefix_override:/home/kneely-ubuntu-22-04/project-repo/ucsd-mae-148-team-4/install/ride_service_pkg/lib/python3.10/site-packages:${PYTHONPATH} WSLENV=ELECTRON_RUN_AS_NODE/w:WT_SESSION:WT_PROFILE_ID: /usr/bin/python3 setup.py egg_info --egg-base ../../build/ride_service_pkg build --build-base /home/kneely-ubuntu-22-04/project-repo/ucsd-mae-148-team-4/build/ride_service_pkg/build install --record /home/kneely-ubuntu-22-04/project-repo/ucsd-mae-148-team-4/build/ride_service_pkg/install.log --single-version-externally-managed
[4.104s] running egg_info
[4.106s] writing ../../build/ride_service_pkg/ride_service_pkg.egg-info/PKG-INFO
[4.107s] writing dependency_links to ../../build/ride_service_pkg/ride_service_pkg.egg-info/dependency_links.txt
[4.108s] writing entry points to ../../build/ride_service_pkg/ride_service_pkg.egg-info/entry_points.txt
[4.109s] writing requirements to ../../build/ride_service_pkg/ride_service_pkg.egg-info/requires.txt
[4.109s] writing top-level names to ../../build/ride_service_pkg/ride_service_pkg.egg-info/top_level.txt
[4.116s] reading manifest file '../../build/ride_service_pkg/ride_service_pkg.egg-info/SOURCES.txt'
[4.119s] writing manifest file '../../build/ride_service_pkg/ride_service_pkg.egg-info/SOURCES.txt'
[4.120s] running build
[4.120s] running build_py
[4.122s] running install
[4.124s] /usr/lib/python3/dist-packages/setuptools/command/install.py:34: SetuptoolsDeprecationWarning: setup.py install is deprecated. Use build and pip and other standards-based tools.
[4.125s]   warnings.warn(
[4.126s] running install_lib
[4.131s] byte-compiling /home/kneely-ubuntu-22-04/project-repo/ucsd-mae-148-team-4/install/ride_service_pkg/lib/python3.10/site-packages/ride_service_pkg/ride_request_client.py to ride_request_client.cpython-310.pyc
[4.132s]   File "/home/kneely-ubuntu-22-04/project-repo/ucsd-mae-148-team-4/install/ride_service_pkg/lib/python3.10/site-packages/ride_service_pkg/ride_request_client.py", line 35
[4.132s]     else:
[4.133s]     ^^^^
[4.133s] SyntaxError: expected 'except' or 'finally' block
[4.134s] 
[4.134s] running install_data
[4.135s] running install_egg_info
[4.141s] removing '/home/kneely-ubuntu-22-04/project-repo/ucsd-mae-148-team-4/install/ride_service_pkg/lib/python3.10/site-packages/ride_service_pkg-0.0.1-py3.10.egg-info' (and everything under it)
[4.142s] Copying ../../build/ride_service_pkg/ride_service_pkg.egg-info to /home/kneely-ubuntu-22-04/project-repo/ucsd-mae-148-team-4/install/ride_service_pkg/lib/python3.10/site-packages/ride_service_pkg-0.0.1-py3.10.egg-info
[4.147s] running install_scripts
[4.225s] Installing ride_request_client script to /home/kneely-ubuntu-22-04/project-repo/ucsd-mae-148-team-4/install/ride_service_pkg/lib/ride_service_pkg
[4.226s] Installing ride_request_server script to /home/kneely-ubuntu-22-04/project-repo/ucsd-mae-148-team-4/install/ride_service_pkg/lib/ride_service_pkg
[4.227s] writing list of installed files to '/home/kneely-ubuntu-22-04/project-repo/ucsd-mae-148-team-4/build/ride_service_pkg/install.log'
