[1.994s] DEBUG:colcon:Command line arguments: ['/usr/bin/colcon', 'build']
[1.994s] DEBUG:colcon:Parsed command line arguments: Namespace(log_base=None, log_level=None, verb_name='build', build_base='build', install_base='install', merge_install=False, symlink_install=False, test_result_base=None, continue_on_error=False, executor='parallel', parallel_workers=8, event_handlers=None, ignore_user_meta=False, metas=['./colcon.meta'], base_paths=['.'], packages_ignore=None, packages_ignore_regex=None, paths=None, packages_up_to=None, packages_up_to_regex=None, packages_above=None, packages_above_and_dependencies=None, packages_above_depth=None, packages_select_by_dep=None, packages_skip_by_dep=None, packages_skip_up_to=None, packages_select_build_failed=False, packages_skip_build_finished=False, packages_select_test_failures=False, packages_skip_test_passed=False, packages_select=None, packages_skip=None, packages_select_regex=None, packages_skip_regex=None, packages_start=None, packages_end=None, allow_overriding=[], cmake_args=None, cmake_target=None, cmake_target_skip_unavailable=False, cmake_clean_cache=False, cmake_clean_first=False, cmake_force_configure=False, ament_cmake_args=None, catkin_cmake_args=None, catkin_skip_building_tests=False, verb_parser=<colcon_defaults.argument_parser.defaults.DefaultArgumentsDecorator object at 0x7fad4b94e290>, verb_extension=<colcon_core.verb.build.BuildVerb object at 0x7fad4b94dc30>, main=<bound method BuildVerb.main of <colcon_core.verb.build.BuildVerb object at 0x7fad4b94dc30>>)
[2.088s] Level 1:colcon.colcon_core.package_discovery:discover_packages(colcon_meta) check parameters
[2.088s] Level 1:colcon.colcon_core.package_discovery:discover_packages(recursive) check parameters
[2.088s] Level 1:colcon.colcon_core.package_discovery:discover_packages(ignore) check parameters
[2.088s] Level 1:colcon.colcon_core.package_discovery:discover_packages(path) check parameters
[2.089s] Level 1:colcon.colcon_core.package_discovery:discover_packages(colcon_meta) discover
[2.089s] Level 1:colcon.colcon_core.package_discovery:discover_packages(recursive) discover
[2.089s] INFO:colcon.colcon_core.package_discovery:Crawling recursively for packages in '/home/kneely-ubuntu-22-04/project-repo/ucsd-mae-148-team-4'
[2.090s] Level 1:colcon.colcon_core.package_identification:_identify(.) by extensions ['ignore', 'ignore_ament_install']
[2.090s] Level 1:colcon.colcon_core.package_identification:_identify(.) by extension 'ignore'
[2.090s] Level 1:colcon.colcon_core.package_identification:_identify(.) by extension 'ignore_ament_install'
[2.090s] Level 1:colcon.colcon_core.package_identification:_identify(.) by extensions ['colcon_pkg']
[2.090s] Level 1:colcon.colcon_core.package_identification:_identify(.) by extension 'colcon_pkg'
[2.090s] Level 1:colcon.colcon_core.package_identification:_identify(.) by extensions ['colcon_meta']
[2.090s] Level 1:colcon.colcon_core.package_identification:_identify(.) by extension 'colcon_meta'
[2.090s] Level 1:colcon.colcon_core.package_identification:_identify(.) by extensions ['ros']
[2.090s] Level 1:colcon.colcon_core.package_identification:_identify(.) by extension 'ros'
[2.109s] Level 1:colcon.colcon_core.package_identification:_identify(.) by extensions ['cmake', 'python']
[2.110s] Level 1:colcon.colcon_core.package_identification:_identify(.) by extension 'cmake'
[2.110s] Level 1:colcon.colcon_core.package_identification:_identify(.) by extension 'python'
[2.110s] Level 1:colcon.colcon_core.package_identification:_identify(.) by extensions ['python_setup_py']
[2.110s] Level 1:colcon.colcon_core.package_identification:_identify(.) by extension 'python_setup_py'
[2.110s] Level 1:colcon.colcon_core.package_identification:_identify(build) by extensions ['ignore', 'ignore_ament_install']
[2.110s] Level 1:colcon.colcon_core.package_identification:_identify(build) by extension 'ignore'
[2.110s] Level 1:colcon.colcon_core.package_identification:_identify(build) ignored
[2.111s] Level 1:colcon.colcon_core.package_identification:_identify(drafts) by extensions ['ignore', 'ignore_ament_install']
[2.111s] Level 1:colcon.colcon_core.package_identification:_identify(drafts) by extension 'ignore'
[2.111s] Level 1:colcon.colcon_core.package_identification:_identify(drafts) by extension 'ignore_ament_install'
[2.111s] Level 1:colcon.colcon_core.package_identification:_identify(drafts) by extensions ['colcon_pkg']
[2.111s] Level 1:colcon.colcon_core.package_identification:_identify(drafts) by extension 'colcon_pkg'
[2.111s] Level 1:colcon.colcon_core.package_identification:_identify(drafts) by extensions ['colcon_meta']
[2.111s] Level 1:colcon.colcon_core.package_identification:_identify(drafts) by extension 'colcon_meta'
[2.111s] Level 1:colcon.colcon_core.package_identification:_identify(drafts) by extensions ['ros']
[2.111s] Level 1:colcon.colcon_core.package_identification:_identify(drafts) by extension 'ros'
[2.111s] Level 1:colcon.colcon_core.package_identification:_identify(drafts) by extensions ['cmake', 'python']
[2.111s] Level 1:colcon.colcon_core.package_identification:_identify(drafts) by extension 'cmake'
[2.112s] Level 1:colcon.colcon_core.package_identification:_identify(drafts) by extension 'python'
[2.112s] Level 1:colcon.colcon_core.package_identification:_identify(drafts) by extensions ['python_setup_py']
[2.112s] Level 1:colcon.colcon_core.package_identification:_identify(drafts) by extension 'python_setup_py'
[2.112s] Level 1:colcon.colcon_core.package_identification:_identify(drafts/ride_service_pkg) by extensions ['ignore', 'ignore_ament_install']
[2.112s] Level 1:colcon.colcon_core.package_identification:_identify(drafts/ride_service_pkg) by extension 'ignore'
[2.112s] Level 1:colcon.colcon_core.package_identification:_identify(drafts/ride_service_pkg) by extension 'ignore_ament_install'
[2.112s] Level 1:colcon.colcon_core.package_identification:_identify(drafts/ride_service_pkg) by extensions ['colcon_pkg']
[2.112s] Level 1:colcon.colcon_core.package_identification:_identify(drafts/ride_service_pkg) by extension 'colcon_pkg'
[2.112s] Level 1:colcon.colcon_core.package_identification:_identify(drafts/ride_service_pkg) by extensions ['colcon_meta']
[2.112s] Level 1:colcon.colcon_core.package_identification:_identify(drafts/ride_service_pkg) by extension 'colcon_meta'
[2.112s] Level 1:colcon.colcon_core.package_identification:_identify(drafts/ride_service_pkg) by extensions ['ros']
[2.113s] Level 1:colcon.colcon_core.package_identification:_identify(drafts/ride_service_pkg) by extension 'ros'
[2.117s] DEBUG:colcon.colcon_core.package_identification:Package 'drafts/ride_service_pkg' with type 'ros.ament_python' and name 'ride_service_pkg'
[2.117s] Level 1:colcon.colcon_core.package_identification:_identify(images) by extensions ['ignore', 'ignore_ament_install']
[2.118s] Level 1:colcon.colcon_core.package_identification:_identify(images) by extension 'ignore'
[2.118s] Level 1:colcon.colcon_core.package_identification:_identify(images) by extension 'ignore_ament_install'
[2.118s] Level 1:colcon.colcon_core.package_identification:_identify(images) by extensions ['colcon_pkg']
[2.118s] Level 1:colcon.colcon_core.package_identification:_identify(images) by extension 'colcon_pkg'
[2.118s] Level 1:colcon.colcon_core.package_identification:_identify(images) by extensions ['colcon_meta']
[2.118s] Level 1:colcon.colcon_core.package_identification:_identify(images) by extension 'colcon_meta'
[2.118s] Level 1:colcon.colcon_core.package_identification:_identify(images) by extensions ['ros']
[2.118s] Level 1:colcon.colcon_core.package_identification:_identify(images) by extension 'ros'
[2.118s] Level 1:colcon.colcon_core.package_identification:_identify(images) by extensions ['cmake', 'python']
[2.118s] Level 1:colcon.colcon_core.package_identification:_identify(images) by extension 'cmake'
[2.118s] Level 1:colcon.colcon_core.package_identification:_identify(images) by extension 'python'
[2.118s] Level 1:colcon.colcon_core.package_identification:_identify(images) by extensions ['python_setup_py']
[2.119s] Level 1:colcon.colcon_core.package_identification:_identify(images) by extension 'python_setup_py'
[2.119s] Level 1:colcon.colcon_core.package_identification:_identify(install) by extensions ['ignore', 'ignore_ament_install']
[2.119s] Level 1:colcon.colcon_core.package_identification:_identify(install) by extension 'ignore'
[2.119s] Level 1:colcon.colcon_core.package_identification:_identify(install) ignored
[2.119s] Level 1:colcon.colcon_core.package_identification:_identify(log) by extensions ['ignore', 'ignore_ament_install']
[2.119s] Level 1:colcon.colcon_core.package_identification:_identify(log) by extension 'ignore'
[2.119s] Level 1:colcon.colcon_core.package_identification:_identify(log) ignored
[2.119s] Level 1:colcon.colcon_core.package_identification:_identify(src) by extensions ['ignore', 'ignore_ament_install']
[2.120s] Level 1:colcon.colcon_core.package_identification:_identify(src) by extension 'ignore'
[2.120s] Level 1:colcon.colcon_core.package_identification:_identify(src) by extension 'ignore_ament_install'
[2.120s] Level 1:colcon.colcon_core.package_identification:_identify(src) by extensions ['colcon_pkg']
[2.120s] Level 1:colcon.colcon_core.package_identification:_identify(src) by extension 'colcon_pkg'
[2.120s] Level 1:colcon.colcon_core.package_identification:_identify(src) by extensions ['colcon_meta']
[2.120s] Level 1:colcon.colcon_core.package_identification:_identify(src) by extension 'colcon_meta'
[2.120s] Level 1:colcon.colcon_core.package_identification:_identify(src) by extensions ['ros']
[2.120s] Level 1:colcon.colcon_core.package_identification:_identify(src) by extension 'ros'
[2.120s] Level 1:colcon.colcon_core.package_identification:_identify(src) by extensions ['cmake', 'python']
[2.120s] Level 1:colcon.colcon_core.package_identification:_identify(src) by extension 'cmake'
[2.120s] Level 1:colcon.colcon_core.package_identification:_identify(src) by extension 'python'
[2.120s] Level 1:colcon.colcon_core.package_identification:_identify(src) by extensions ['python_setup_py']
[2.120s] Level 1:colcon.colcon_core.package_identification:_identify(src) by extension 'python_setup_py'
[2.120s] Level 1:colcon.colcon_core.package_identification:_identify(src/face_rec_pkg) by extensions ['ignore', 'ignore_ament_install']
[2.121s] Level 1:colcon.colcon_core.package_identification:_identify(src/face_rec_pkg) by extension 'ignore'
[2.121s] Level 1:colcon.colcon_core.package_identification:_identify(src/face_rec_pkg) by extension 'ignore_ament_install'
[2.121s] Level 1:colcon.colcon_core.package_identification:_identify(src/face_rec_pkg) by extensions ['colcon_pkg']
[2.121s] Level 1:colcon.colcon_core.package_identification:_identify(src/face_rec_pkg) by extension 'colcon_pkg'
[2.121s] Level 1:colcon.colcon_core.package_identification:_identify(src/face_rec_pkg) by extensions ['colcon_meta']
[2.121s] Level 1:colcon.colcon_core.package_identification:_identify(src/face_rec_pkg) by extension 'colcon_meta'
[2.121s] Level 1:colcon.colcon_core.package_identification:_identify(src/face_rec_pkg) by extensions ['ros']
[2.121s] Level 1:colcon.colcon_core.package_identification:_identify(src/face_rec_pkg) by extension 'ros'
[2.123s] DEBUG:colcon.colcon_core.package_identification:Package 'src/face_rec_pkg' with type 'ros.ament_python' and name 'face_rec_pkg'
[2.123s] Level 1:colcon.colcon_core.package_identification:_identify(src/ride_request_pkg) by extensions ['ignore', 'ignore_ament_install']
[2.123s] Level 1:colcon.colcon_core.package_identification:_identify(src/ride_request_pkg) by extension 'ignore'
[2.124s] Level 1:colcon.colcon_core.package_identification:_identify(src/ride_request_pkg) by extension 'ignore_ament_install'
[2.124s] Level 1:colcon.colcon_core.package_identification:_identify(src/ride_request_pkg) by extensions ['colcon_pkg']
[2.124s] Level 1:colcon.colcon_core.package_identification:_identify(src/ride_request_pkg) by extension 'colcon_pkg'
[2.124s] Level 1:colcon.colcon_core.package_identification:_identify(src/ride_request_pkg) by extensions ['colcon_meta']
[2.124s] Level 1:colcon.colcon_core.package_identification:_identify(src/ride_request_pkg) by extension 'colcon_meta'
[2.124s] Level 1:colcon.colcon_core.package_identification:_identify(src/ride_request_pkg) by extensions ['ros']
[2.124s] Level 1:colcon.colcon_core.package_identification:_identify(src/ride_request_pkg) by extension 'ros'
[2.125s] DEBUG:colcon.colcon_core.package_identification:Package 'src/ride_request_pkg' with type 'ros.ament_python' and name 'ride_request_pkg'
[2.125s] Level 1:colcon.colcon_core.package_identification:_identify(src/user_input_interfaces) by extensions ['ignore', 'ignore_ament_install']
[2.125s] Level 1:colcon.colcon_core.package_identification:_identify(src/user_input_interfaces) by extension 'ignore'
[2.126s] Level 1:colcon.colcon_core.package_identification:_identify(src/user_input_interfaces) by extension 'ignore_ament_install'
[2.126s] Level 1:colcon.colcon_core.package_identification:_identify(src/user_input_interfaces) by extensions ['colcon_pkg']
[2.126s] Level 1:colcon.colcon_core.package_identification:_identify(src/user_input_interfaces) by extension 'colcon_pkg'
[2.126s] Level 1:colcon.colcon_core.package_identification:_identify(src/user_input_interfaces) by extensions ['colcon_meta']
[2.126s] Level 1:colcon.colcon_core.package_identification:_identify(src/user_input_interfaces) by extension 'colcon_meta'
[2.126s] Level 1:colcon.colcon_core.package_identification:_identify(src/user_input_interfaces) by extensions ['ros']
[2.126s] Level 1:colcon.colcon_core.package_identification:_identify(src/user_input_interfaces) by extension 'ros'
[2.127s] DEBUG:colcon.colcon_core.package_identification:Package 'src/user_input_interfaces' with type 'ros.ament_cmake' and name 'user_input_interfaces'
[2.127s] Level 1:colcon.colcon_core.package_discovery:discover_packages(recursive) using defaults
[2.127s] Level 1:colcon.colcon_core.package_discovery:discover_packages(ignore) discover
[2.127s] Level 1:colcon.colcon_core.package_discovery:discover_packages(ignore) using defaults
[2.127s] Level 1:colcon.colcon_core.package_discovery:discover_packages(path) discover
[2.128s] Level 1:colcon.colcon_core.package_discovery:discover_packages(path) using defaults
[2.295s] Level 1:colcon.colcon_core.package_discovery:discover_packages(prefix_path) check parameters
[2.295s] Level 1:colcon.colcon_core.package_discovery:discover_packages(prefix_path) discover
[2.350s] DEBUG:colcon.colcon_installed_package_information.package_discovery:Found 296 installed packages in /opt/ros/iron
[2.353s] Level 1:colcon.colcon_core.package_discovery:discover_packages(prefix_path) using defaults
[2.564s] Level 5:colcon.colcon_core.verb:set package 'user_input_interfaces' build argument 'cmake_args' from command line to 'None'
[2.564s] Level 5:colcon.colcon_core.verb:set package 'user_input_interfaces' build argument 'cmake_target' from command line to 'None'
[2.564s] Level 5:colcon.colcon_core.verb:set package 'user_input_interfaces' build argument 'cmake_target_skip_unavailable' from command line to 'False'
[2.564s] Level 5:colcon.colcon_core.verb:set package 'user_input_interfaces' build argument 'cmake_clean_cache' from command line to 'False'
[2.564s] Level 5:colcon.colcon_core.verb:set package 'user_input_interfaces' build argument 'cmake_clean_first' from command line to 'False'
[2.564s] Level 5:colcon.colcon_core.verb:set package 'user_input_interfaces' build argument 'cmake_force_configure' from command line to 'False'
[2.564s] Level 5:colcon.colcon_core.verb:set package 'user_input_interfaces' build argument 'ament_cmake_args' from command line to 'None'
[2.564s] Level 5:colcon.colcon_core.verb:set package 'user_input_interfaces' build argument 'catkin_cmake_args' from command line to 'None'
[2.564s] Level 5:colcon.colcon_core.verb:set package 'user_input_interfaces' build argument 'catkin_skip_building_tests' from command line to 'False'
[2.565s] DEBUG:colcon.colcon_core.verb:Building package 'user_input_interfaces' with the following arguments: {'ament_cmake_args': None, 'build_base': '/home/kneely-ubuntu-22-04/project-repo/ucsd-mae-148-team-4/build/user_input_interfaces', 'catkin_cmake_args': None, 'catkin_skip_building_tests': False, 'cmake_args': None, 'cmake_clean_cache': False, 'cmake_clean_first': False, 'cmake_force_configure': False, 'cmake_target': None, 'cmake_target_skip_unavailable': False, 'install_base': '/home/kneely-ubuntu-22-04/project-repo/ucsd-mae-148-team-4/install/user_input_interfaces', 'merge_install': False, 'path': '/home/kneely-ubuntu-22-04/project-repo/ucsd-mae-148-team-4/src/user_input_interfaces', 'symlink_install': False, 'test_result_base': None}
[2.593s] Level 5:colcon.colcon_core.verb:set package 'face_rec_pkg' build argument 'cmake_args' from command line to 'None'
[2.593s] Level 5:colcon.colcon_core.verb:set package 'face_rec_pkg' build argument 'cmake_target' from command line to 'None'
[2.593s] Level 5:colcon.colcon_core.verb:set package 'face_rec_pkg' build argument 'cmake_target_skip_unavailable' from command line to 'False'
[2.593s] Level 5:colcon.colcon_core.verb:set package 'face_rec_pkg' build argument 'cmake_clean_cache' from command line to 'False'
[2.593s] Level 5:colcon.colcon_core.verb:set package 'face_rec_pkg' build argument 'cmake_clean_first' from command line to 'False'
[2.593s] Level 5:colcon.colcon_core.verb:set package 'face_rec_pkg' build argument 'cmake_force_configure' from command line to 'False'
[2.593s] Level 5:colcon.colcon_core.verb:set package 'face_rec_pkg' build argument 'ament_cmake_args' from command line to 'None'
[2.593s] Level 5:colcon.colcon_core.verb:set package 'face_rec_pkg' build argument 'catkin_cmake_args' from command line to 'None'
[2.593s] Level 5:colcon.colcon_core.verb:set package 'face_rec_pkg' build argument 'catkin_skip_building_tests' from command line to 'False'
[2.593s] DEBUG:colcon.colcon_core.verb:Building package 'face_rec_pkg' with the following arguments: {'ament_cmake_args': None, 'build_base': '/home/kneely-ubuntu-22-04/project-repo/ucsd-mae-148-team-4/build/face_rec_pkg', 'catkin_cmake_args': None, 'catkin_skip_building_tests': False, 'cmake_args': None, 'cmake_clean_cache': False, 'cmake_clean_first': False, 'cmake_force_configure': False, 'cmake_target': None, 'cmake_target_skip_unavailable': False, 'install_base': '/home/kneely-ubuntu-22-04/project-repo/ucsd-mae-148-team-4/install/face_rec_pkg', 'merge_install': False, 'path': '/home/kneely-ubuntu-22-04/project-repo/ucsd-mae-148-team-4/src/face_rec_pkg', 'symlink_install': False, 'test_result_base': None}
[2.624s] Level 5:colcon.colcon_core.verb:set package 'ride_request_pkg' build argument 'cmake_args' from command line to 'None'
[2.624s] Level 5:colcon.colcon_core.verb:set package 'ride_request_pkg' build argument 'cmake_target' from command line to 'None'
[2.624s] Level 5:colcon.colcon_core.verb:set package 'ride_request_pkg' build argument 'cmake_target_skip_unavailable' from command line to 'False'
[2.624s] Level 5:colcon.colcon_core.verb:set package 'ride_request_pkg' build argument 'cmake_clean_cache' from command line to 'False'
[2.625s] Level 5:colcon.colcon_core.verb:set package 'ride_request_pkg' build argument 'cmake_clean_first' from command line to 'False'
[2.625s] Level 5:colcon.colcon_core.verb:set package 'ride_request_pkg' build argument 'cmake_force_configure' from command line to 'False'
[2.625s] Level 5:colcon.colcon_core.verb:set package 'ride_request_pkg' build argument 'ament_cmake_args' from command line to 'None'
[2.625s] Level 5:colcon.colcon_core.verb:set package 'ride_request_pkg' build argument 'catkin_cmake_args' from command line to 'None'
[2.625s] Level 5:colcon.colcon_core.verb:set package 'ride_request_pkg' build argument 'catkin_skip_building_tests' from command line to 'False'
[2.625s] DEBUG:colcon.colcon_core.verb:Building package 'ride_request_pkg' with the following arguments: {'ament_cmake_args': None, 'build_base': '/home/kneely-ubuntu-22-04/project-repo/ucsd-mae-148-team-4/build/ride_request_pkg', 'catkin_cmake_args': None, 'catkin_skip_building_tests': False, 'cmake_args': None, 'cmake_clean_cache': False, 'cmake_clean_first': False, 'cmake_force_configure': False, 'cmake_target': None, 'cmake_target_skip_unavailable': False, 'install_base': '/home/kneely-ubuntu-22-04/project-repo/ucsd-mae-148-team-4/install/ride_request_pkg', 'merge_install': False, 'path': '/home/kneely-ubuntu-22-04/project-repo/ucsd-mae-148-team-4/src/ride_request_pkg', 'symlink_install': False, 'test_result_base': None}
[2.655s] Level 5:colcon.colcon_core.verb:set package 'ride_service_pkg' build argument 'cmake_args' from command line to 'None'
[2.655s] Level 5:colcon.colcon_core.verb:set package 'ride_service_pkg' build argument 'cmake_target' from command line to 'None'
[2.655s] Level 5:colcon.colcon_core.verb:set package 'ride_service_pkg' build argument 'cmake_target_skip_unavailable' from command line to 'False'
[2.655s] Level 5:colcon.colcon_core.verb:set package 'ride_service_pkg' build argument 'cmake_clean_cache' from command line to 'False'
[2.655s] Level 5:colcon.colcon_core.verb:set package 'ride_service_pkg' build argument 'cmake_clean_first' from command line to 'False'
[2.656s] Level 5:colcon.colcon_core.verb:set package 'ride_service_pkg' build argument 'cmake_force_configure' from command line to 'False'
[2.656s] Level 5:colcon.colcon_core.verb:set package 'ride_service_pkg' build argument 'ament_cmake_args' from command line to 'None'
[2.656s] Level 5:colcon.colcon_core.verb:set package 'ride_service_pkg' build argument 'catkin_cmake_args' from command line to 'None'
[2.656s] Level 5:colcon.colcon_core.verb:set package 'ride_service_pkg' build argument 'catkin_skip_building_tests' from command line to 'False'
[2.656s] DEBUG:colcon.colcon_core.verb:Building package 'ride_service_pkg' with the following arguments: {'ament_cmake_args': None, 'build_base': '/home/kneely-ubuntu-22-04/project-repo/ucsd-mae-148-team-4/build/ride_service_pkg', 'catkin_cmake_args': None, 'catkin_skip_building_tests': False, 'cmake_args': None, 'cmake_clean_cache': False, 'cmake_clean_first': False, 'cmake_force_configure': False, 'cmake_target': None, 'cmake_target_skip_unavailable': False, 'install_base': '/home/kneely-ubuntu-22-04/project-repo/ucsd-mae-148-team-4/install/ride_service_pkg', 'merge_install': False, 'path': '/home/kneely-ubuntu-22-04/project-repo/ucsd-mae-148-team-4/drafts/ride_service_pkg', 'symlink_install': False, 'test_result_base': None}
[2.689s] INFO:colcon.colcon_core.executor:Executing jobs using 'parallel' executor
[2.739s] DEBUG:colcon.colcon_parallel_executor.executor.parallel:run_until_complete
[2.741s] INFO:colcon.colcon_ros.task.ament_cmake.build:Building ROS package in '/home/kneely-ubuntu-22-04/project-repo/ucsd-mae-148-team-4/src/user_input_interfaces' with build type 'ament_cmake'
[2.742s] INFO:colcon.colcon_cmake.task.cmake.build:Building CMake package in '/home/kneely-ubuntu-22-04/project-repo/ucsd-mae-148-team-4/src/user_input_interfaces'
[2.801s] INFO:colcon.colcon_core.plugin_system:Skipping extension 'colcon_core.shell.bat': Not used on non-Windows systems
[2.803s] INFO:colcon.colcon_core.shell:Skip shell extension 'powershell' for command environment: Not usable outside of PowerShell
[2.806s] DEBUG:colcon.colcon_core.shell:Skip shell extension 'dsv' for command environment
[2.924s] DEBUG:colcon.colcon_core.event_handler.log_command:Invoking command in '/home/kneely-ubuntu-22-04/project-repo/ucsd-mae-148-team-4/build/user_input_interfaces': CMAKE_PREFIX_PATH=/opt/ros/iron WSLENV=ELECTRON_RUN_AS_NODE/w:WT_SESSION:WT_PROFILE_ID: /usr/bin/cmake --build /home/kneely-ubuntu-22-04/project-repo/ucsd-mae-148-team-4/build/user_input_interfaces -- -j8 -l8
[3.714s] DEBUG:colcon.colcon_core.event_handler.log_command:Invoked command in '/home/kneely-ubuntu-22-04/project-repo/ucsd-mae-148-team-4/build/user_input_interfaces' returned '0': CMAKE_PREFIX_PATH=/opt/ros/iron WSLENV=ELECTRON_RUN_AS_NODE/w:WT_SESSION:WT_PROFILE_ID: /usr/bin/cmake --build /home/kneely-ubuntu-22-04/project-repo/ucsd-mae-148-team-4/build/user_input_interfaces -- -j8 -l8
[3.869s] DEBUG:colcon.colcon_core.event_handler.log_command:Invoking command in '/home/kneely-ubuntu-22-04/project-repo/ucsd-mae-148-team-4/build/user_input_interfaces': CMAKE_PREFIX_PATH=/opt/ros/iron WSLENV=ELECTRON_RUN_AS_NODE/w:WT_SESSION:WT_PROFILE_ID: /usr/bin/cmake --install /home/kneely-ubuntu-22-04/project-repo/ucsd-mae-148-team-4/build/user_input_interfaces
[3.984s] Level 1:colcon.colcon_core.environment:create_environment_scripts_only(user_input_interfaces)
[3.987s] DEBUG:colcon.colcon_core.event_handler.log_command:Invoked command in '/home/kneely-ubuntu-22-04/project-repo/ucsd-mae-148-team-4/build/user_input_interfaces' returned '0': CMAKE_PREFIX_PATH=/opt/ros/iron WSLENV=ELECTRON_RUN_AS_NODE/w:WT_SESSION:WT_PROFILE_ID: /usr/bin/cmake --install /home/kneely-ubuntu-22-04/project-repo/ucsd-mae-148-team-4/build/user_input_interfaces
[4.018s] Level 1:colcon.colcon_core.environment:checking '/home/kneely-ubuntu-22-04/project-repo/ucsd-mae-148-team-4/install/user_input_interfaces' for CMake module files
[4.019s] Level 1:colcon.colcon_core.environment:checking '/home/kneely-ubuntu-22-04/project-repo/ucsd-mae-148-team-4/install/user_input_interfaces' for CMake config files
[4.020s] Level 1:colcon.colcon_core.shell:create_environment_hook('user_input_interfaces', 'cmake_prefix_path')
[4.046s] INFO:colcon.colcon_core.shell:Creating environment hook '/home/kneely-ubuntu-22-04/project-repo/ucsd-mae-148-team-4/install/user_input_interfaces/share/user_input_interfaces/hook/cmake_prefix_path.ps1'
[4.048s] INFO:colcon.colcon_core.shell:Creating environment descriptor '/home/kneely-ubuntu-22-04/project-repo/ucsd-mae-148-team-4/install/user_input_interfaces/share/user_input_interfaces/hook/cmake_prefix_path.dsv'
[4.049s] INFO:colcon.colcon_core.shell:Creating environment hook '/home/kneely-ubuntu-22-04/project-repo/ucsd-mae-148-team-4/install/user_input_interfaces/share/user_input_interfaces/hook/cmake_prefix_path.sh'
[4.051s] Level 1:colcon.colcon_core.environment:checking '/home/kneely-ubuntu-22-04/project-repo/ucsd-mae-148-team-4/install/user_input_interfaces/lib'
[4.052s] Level 1:colcon.colcon_core.shell:create_environment_hook('user_input_interfaces', 'ld_library_path_lib')
[4.083s] INFO:colcon.colcon_core.shell:Creating environment hook '/home/kneely-ubuntu-22-04/project-repo/ucsd-mae-148-team-4/install/user_input_interfaces/share/user_input_interfaces/hook/ld_library_path_lib.ps1'
[4.084s] INFO:colcon.colcon_core.shell:Creating environment descriptor '/home/kneely-ubuntu-22-04/project-repo/ucsd-mae-148-team-4/install/user_input_interfaces/share/user_input_interfaces/hook/ld_library_path_lib.dsv'
[4.085s] INFO:colcon.colcon_core.shell:Creating environment hook '/home/kneely-ubuntu-22-04/project-repo/ucsd-mae-148-team-4/install/user_input_interfaces/share/user_input_interfaces/hook/ld_library_path_lib.sh'
[4.087s] Level 1:colcon.colcon_core.environment:checking '/home/kneely-ubuntu-22-04/project-repo/ucsd-mae-148-team-4/install/user_input_interfaces/bin'
[4.087s] Level 1:colcon.colcon_core.environment:checking '/home/kneely-ubuntu-22-04/project-repo/ucsd-mae-148-team-4/install/user_input_interfaces/lib/pkgconfig/user_input_interfaces.pc'
[4.088s] Level 1:colcon.colcon_core.environment:checking '/home/kneely-ubuntu-22-04/project-repo/ucsd-mae-148-team-4/install/user_input_interfaces/lib/python3.10/site-packages'
[4.088s] Level 1:colcon.colcon_core.shell:create_environment_hook('user_input_interfaces', 'pythonpath')
[4.115s] INFO:colcon.colcon_core.shell:Creating environment hook '/home/kneely-ubuntu-22-04/project-repo/ucsd-mae-148-team-4/install/user_input_interfaces/share/user_input_interfaces/hook/pythonpath.ps1'
[4.116s] INFO:colcon.colcon_core.shell:Creating environment descriptor '/home/kneely-ubuntu-22-04/project-repo/ucsd-mae-148-team-4/install/user_input_interfaces/share/user_input_interfaces/hook/pythonpath.dsv'
[4.116s] INFO:colcon.colcon_core.shell:Creating environment hook '/home/kneely-ubuntu-22-04/project-repo/ucsd-mae-148-team-4/install/user_input_interfaces/share/user_input_interfaces/hook/pythonpath.sh'
[4.118s] Level 1:colcon.colcon_core.environment:checking '/home/kneely-ubuntu-22-04/project-repo/ucsd-mae-148-team-4/install/user_input_interfaces/bin'
[4.146s] INFO:colcon.colcon_core.shell:Creating package script '/home/kneely-ubuntu-22-04/project-repo/ucsd-mae-148-team-4/install/user_input_interfaces/share/user_input_interfaces/package.ps1'
[4.150s] INFO:colcon.colcon_core.shell:Creating package descriptor '/home/kneely-ubuntu-22-04/project-repo/ucsd-mae-148-team-4/install/user_input_interfaces/share/user_input_interfaces/package.dsv'
[4.153s] INFO:colcon.colcon_core.shell:Creating package script '/home/kneely-ubuntu-22-04/project-repo/ucsd-mae-148-team-4/install/user_input_interfaces/share/user_input_interfaces/package.sh'
[4.156s] INFO:colcon.colcon_core.shell:Creating package script '/home/kneely-ubuntu-22-04/project-repo/ucsd-mae-148-team-4/install/user_input_interfaces/share/user_input_interfaces/package.bash'
[4.159s] INFO:colcon.colcon_core.shell:Creating package script '/home/kneely-ubuntu-22-04/project-repo/ucsd-mae-148-team-4/install/user_input_interfaces/share/user_input_interfaces/package.zsh'
[4.161s] Level 1:colcon.colcon_core.environment:create_file_with_runtime_dependencies(/home/kneely-ubuntu-22-04/project-repo/ucsd-mae-148-team-4/install/user_input_interfaces/share/colcon-core/packages/user_input_interfaces)
[4.358s] Level 1:colcon.colcon_core.environment:create_environment_scripts_only(user_input_interfaces)
[4.393s] Level 1:colcon.colcon_core.environment:checking '/home/kneely-ubuntu-22-04/project-repo/ucsd-mae-148-team-4/install/user_input_interfaces' for CMake module files
[4.395s] Level 1:colcon.colcon_core.environment:checking '/home/kneely-ubuntu-22-04/project-repo/ucsd-mae-148-team-4/install/user_input_interfaces' for CMake config files
[4.395s] Level 1:colcon.colcon_core.shell:create_environment_hook('user_input_interfaces', 'cmake_prefix_path')
[4.428s] INFO:colcon.colcon_core.shell:Creating environment hook '/home/kneely-ubuntu-22-04/project-repo/ucsd-mae-148-team-4/install/user_input_interfaces/share/user_input_interfaces/hook/cmake_prefix_path.ps1'
[4.430s] INFO:colcon.colcon_core.shell:Creating environment descriptor '/home/kneely-ubuntu-22-04/project-repo/ucsd-mae-148-team-4/install/user_input_interfaces/share/user_input_interfaces/hook/cmake_prefix_path.dsv'
[4.430s] INFO:colcon.colcon_core.shell:Creating environment hook '/home/kneely-ubuntu-22-04/project-repo/ucsd-mae-148-team-4/install/user_input_interfaces/share/user_input_interfaces/hook/cmake_prefix_path.sh'
[4.431s] Level 1:colcon.colcon_core.environment:checking '/home/kneely-ubuntu-22-04/project-repo/ucsd-mae-148-team-4/install/user_input_interfaces/lib'
[4.431s] Level 1:colcon.colcon_core.shell:create_environment_hook('user_input_interfaces', 'ld_library_path_lib')
[4.457s] INFO:colcon.colcon_core.shell:Creating environment hook '/home/kneely-ubuntu-22-04/project-repo/ucsd-mae-148-team-4/install/user_input_interfaces/share/user_input_interfaces/hook/ld_library_path_lib.ps1'
[4.459s] INFO:colcon.colcon_core.shell:Creating environment descriptor '/home/kneely-ubuntu-22-04/project-repo/ucsd-mae-148-team-4/install/user_input_interfaces/share/user_input_interfaces/hook/ld_library_path_lib.dsv'
[4.460s] INFO:colcon.colcon_core.shell:Creating environment hook '/home/kneely-ubuntu-22-04/project-repo/ucsd-mae-148-team-4/install/user_input_interfaces/share/user_input_interfaces/hook/ld_library_path_lib.sh'
[4.461s] Level 1:colcon.colcon_core.environment:checking '/home/kneely-ubuntu-22-04/project-repo/ucsd-mae-148-team-4/install/user_input_interfaces/bin'
[4.461s] Level 1:colcon.colcon_core.environment:checking '/home/kneely-ubuntu-22-04/project-repo/ucsd-mae-148-team-4/install/user_input_interfaces/lib/pkgconfig/user_input_interfaces.pc'
[4.461s] Level 1:colcon.colcon_core.environment:checking '/home/kneely-ubuntu-22-04/project-repo/ucsd-mae-148-team-4/install/user_input_interfaces/lib/python3.10/site-packages'
[4.461s] Level 1:colcon.colcon_core.shell:create_environment_hook('user_input_interfaces', 'pythonpath')
[4.492s] INFO:colcon.colcon_core.shell:Creating environment hook '/home/kneely-ubuntu-22-04/project-repo/ucsd-mae-148-team-4/install/user_input_interfaces/share/user_input_interfaces/hook/pythonpath.ps1'
[4.493s] INFO:colcon.colcon_core.shell:Creating environment descriptor '/home/kneely-ubuntu-22-04/project-repo/ucsd-mae-148-team-4/install/user_input_interfaces/share/user_input_interfaces/hook/pythonpath.dsv'
[4.494s] INFO:colcon.colcon_core.shell:Creating environment hook '/home/kneely-ubuntu-22-04/project-repo/ucsd-mae-148-team-4/install/user_input_interfaces/share/user_input_interfaces/hook/pythonpath.sh'
[4.496s] Level 1:colcon.colcon_core.environment:checking '/home/kneely-ubuntu-22-04/project-repo/ucsd-mae-148-team-4/install/user_input_interfaces/bin'
[4.525s] INFO:colcon.colcon_core.shell:Creating package script '/home/kneely-ubuntu-22-04/project-repo/ucsd-mae-148-team-4/install/user_input_interfaces/share/user_input_interfaces/package.ps1'
[4.526s] INFO:colcon.colcon_core.shell:Creating package descriptor '/home/kneely-ubuntu-22-04/project-repo/ucsd-mae-148-team-4/install/user_input_interfaces/share/user_input_interfaces/package.dsv'
[4.528s] INFO:colcon.colcon_core.shell:Creating package script '/home/kneely-ubuntu-22-04/project-repo/ucsd-mae-148-team-4/install/user_input_interfaces/share/user_input_interfaces/package.sh'
[4.529s] INFO:colcon.colcon_core.shell:Creating package script '/home/kneely-ubuntu-22-04/project-repo/ucsd-mae-148-team-4/install/user_input_interfaces/share/user_input_interfaces/package.bash'
[4.530s] INFO:colcon.colcon_core.shell:Creating package script '/home/kneely-ubuntu-22-04/project-repo/ucsd-mae-148-team-4/install/user_input_interfaces/share/user_input_interfaces/package.zsh'
[4.531s] Level 1:colcon.colcon_core.environment:create_file_with_runtime_dependencies(/home/kneely-ubuntu-22-04/project-repo/ucsd-mae-148-team-4/install/user_input_interfaces/share/colcon-core/packages/user_input_interfaces)
[4.532s] INFO:colcon.colcon_ros.task.ament_python.build:Building ROS package in '/home/kneely-ubuntu-22-04/project-repo/ucsd-mae-148-team-4/src/face_rec_pkg' with build type 'ament_python'
[4.533s] Level 1:colcon.colcon_core.shell:create_environment_hook('face_rec_pkg', 'ament_prefix_path')
[4.586s] INFO:colcon.colcon_core.shell:Creating environment hook '/home/kneely-ubuntu-22-04/project-repo/ucsd-mae-148-team-4/install/face_rec_pkg/share/face_rec_pkg/hook/ament_prefix_path.ps1'
[4.590s] INFO:colcon.colcon_core.shell:Creating environment descriptor '/home/kneely-ubuntu-22-04/project-repo/ucsd-mae-148-team-4/install/face_rec_pkg/share/face_rec_pkg/hook/ament_prefix_path.dsv'
[4.591s] INFO:colcon.colcon_core.shell:Creating environment hook '/home/kneely-ubuntu-22-04/project-repo/ucsd-mae-148-team-4/install/face_rec_pkg/share/face_rec_pkg/hook/ament_prefix_path.sh'
[4.631s] INFO:colcon.colcon_core.shell:Skip shell extension 'powershell' for command environment: Not usable outside of PowerShell
[4.632s] DEBUG:colcon.colcon_core.shell:Skip shell extension 'dsv' for command environment
[4.699s] INFO:colcon.colcon_ros.task.ament_python.build:Building ROS package in '/home/kneely-ubuntu-22-04/project-repo/ucsd-mae-148-team-4/src/ride_request_pkg' with build type 'ament_python'
[4.699s] Level 1:colcon.colcon_core.shell:create_environment_hook('ride_request_pkg', 'ament_prefix_path')
[4.744s] INFO:colcon.colcon_core.shell:Creating environment hook '/home/kneely-ubuntu-22-04/project-repo/ucsd-mae-148-team-4/install/ride_request_pkg/share/ride_request_pkg/hook/ament_prefix_path.ps1'
[4.746s] INFO:colcon.colcon_core.shell:Creating environment descriptor '/home/kneely-ubuntu-22-04/project-repo/ucsd-mae-148-team-4/install/ride_request_pkg/share/ride_request_pkg/hook/ament_prefix_path.dsv'
[4.749s] INFO:colcon.colcon_core.shell:Creating environment hook '/home/kneely-ubuntu-22-04/project-repo/ucsd-mae-148-team-4/install/ride_request_pkg/share/ride_request_pkg/hook/ament_prefix_path.sh'
[4.802s] INFO:colcon.colcon_core.shell:Skip shell extension 'powershell' for command environment: Not usable outside of PowerShell
[4.802s] DEBUG:colcon.colcon_core.shell:Skip shell extension 'dsv' for command environment
[4.869s] INFO:colcon.colcon_ros.task.ament_python.build:Building ROS package in '/home/kneely-ubuntu-22-04/project-repo/ucsd-mae-148-team-4/drafts/ride_service_pkg' with build type 'ament_python'
[4.870s] Level 1:colcon.colcon_core.shell:create_environment_hook('ride_service_pkg', 'ament_prefix_path')
[4.932s] INFO:colcon.colcon_core.shell:Creating environment hook '/home/kneely-ubuntu-22-04/project-repo/ucsd-mae-148-team-4/install/ride_service_pkg/share/ride_service_pkg/hook/ament_prefix_path.ps1'
[4.934s] INFO:colcon.colcon_core.shell:Creating environment descriptor '/home/kneely-ubuntu-22-04/project-repo/ucsd-mae-148-team-4/install/ride_service_pkg/share/ride_service_pkg/hook/ament_prefix_path.dsv'
[4.938s] INFO:colcon.colcon_core.shell:Creating environment hook '/home/kneely-ubuntu-22-04/project-repo/ucsd-mae-148-team-4/install/ride_service_pkg/share/ride_service_pkg/hook/ament_prefix_path.sh'
[4.972s] INFO:colcon.colcon_core.shell:Skip shell extension 'powershell' for command environment: Not usable outside of PowerShell
[4.972s] DEBUG:colcon.colcon_core.shell:Skip shell extension 'dsv' for command environment
[5.664s] INFO:colcon.colcon_core.task.python.build:Building Python package in '/home/kneely-ubuntu-22-04/project-repo/ucsd-mae-148-team-4/src/face_rec_pkg'
[5.693s] INFO:colcon.colcon_core.shell:Skip shell extension 'powershell' for command environment: Not usable outside of PowerShell
[5.693s] DEBUG:colcon.colcon_core.shell:Skip shell extension 'dsv' for command environment
[6.344s] INFO:colcon.colcon_core.task.python.build:Building Python package in '/home/kneely-ubuntu-22-04/project-repo/ucsd-mae-148-team-4/src/ride_request_pkg'
[6.371s] INFO:colcon.colcon_core.shell:Skip shell extension 'powershell' for command environment: Not usable outside of PowerShell
[6.371s] DEBUG:colcon.colcon_core.shell:Skip shell extension 'dsv' for command environment
[6.989s] INFO:colcon.colcon_core.task.python.build:Building Python package in '/home/kneely-ubuntu-22-04/project-repo/ucsd-mae-148-team-4/drafts/ride_service_pkg'
[7.019s] INFO:colcon.colcon_core.shell:Skip shell extension 'powershell' for command environment: Not usable outside of PowerShell
[7.019s] DEBUG:colcon.colcon_core.shell:Skip shell extension 'dsv' for command environment
[8.160s] DEBUG:colcon.colcon_core.event_handler.log_command:Invoking command in '/home/kneely-ubuntu-22-04/project-repo/ucsd-mae-148-team-4/src/ride_request_pkg': AMENT_PREFIX_PATH=/home/kneely-ubuntu-22-04/project-repo/ucsd-mae-148-team-4/install/user_input_interfaces:${AMENT_PREFIX_PATH} CMAKE_PREFIX_PATH=/home/kneely-ubuntu-22-04/project-repo/ucsd-mae-148-team-4/install/user_input_interfaces LD_LIBRARY_PATH=/home/kneely-ubuntu-22-04/project-repo/ucsd-mae-148-team-4/install/user_input_interfaces/lib:${LD_LIBRARY_PATH} PYTHONPATH=/home/kneely-ubuntu-22-04/project-repo/ucsd-mae-148-team-4/build/ride_request_pkg/prefix_override:/home/kneely-ubuntu-22-04/project-repo/ucsd-mae-148-team-4/install/ride_request_pkg/lib/python3.10/site-packages:/home/kneely-ubuntu-22-04/project-repo/ucsd-mae-148-team-4/install/user_input_interfaces/lib/python3.10/site-packages:${PYTHONPATH} WSLENV=ELECTRON_RUN_AS_NODE/w:WT_SESSION:WT_PROFILE_ID: /usr/bin/python3 setup.py egg_info --egg-base ../../build/ride_request_pkg build --build-base /home/kneely-ubuntu-22-04/project-repo/ucsd-mae-148-team-4/build/ride_request_pkg/build install --record /home/kneely-ubuntu-22-04/project-repo/ucsd-mae-148-team-4/build/ride_request_pkg/install.log --single-version-externally-managed
[8.175s] DEBUG:colcon.colcon_core.event_handler.log_command:Invoking command in '/home/kneely-ubuntu-22-04/project-repo/ucsd-mae-148-team-4/src/face_rec_pkg': AMENT_PREFIX_PATH=/home/kneely-ubuntu-22-04/project-repo/ucsd-mae-148-team-4/install/user_input_interfaces:${AMENT_PREFIX_PATH} CMAKE_PREFIX_PATH=/home/kneely-ubuntu-22-04/project-repo/ucsd-mae-148-team-4/install/user_input_interfaces LD_LIBRARY_PATH=/home/kneely-ubuntu-22-04/project-repo/ucsd-mae-148-team-4/install/user_input_interfaces/lib:${LD_LIBRARY_PATH} PYTHONPATH=/home/kneely-ubuntu-22-04/project-repo/ucsd-mae-148-team-4/build/face_rec_pkg/prefix_override:/home/kneely-ubuntu-22-04/project-repo/ucsd-mae-148-team-4/install/face_rec_pkg/lib/python3.10/site-packages:/home/kneely-ubuntu-22-04/project-repo/ucsd-mae-148-team-4/install/user_input_interfaces/lib/python3.10/site-packages:${PYTHONPATH} WSLENV=ELECTRON_RUN_AS_NODE/w:WT_SESSION:WT_PROFILE_ID: /usr/bin/python3 setup.py egg_info --egg-base ../../build/face_rec_pkg build --build-base /home/kneely-ubuntu-22-04/project-repo/ucsd-mae-148-team-4/build/face_rec_pkg/build install --record /home/kneely-ubuntu-22-04/project-repo/ucsd-mae-148-team-4/build/face_rec_pkg/install.log --single-version-externally-managed
[8.208s] DEBUG:colcon.colcon_core.event_handler.log_command:Invoking command in '/home/kneely-ubuntu-22-04/project-repo/ucsd-mae-148-team-4/drafts/ride_service_pkg': AMENT_PREFIX_PATH=/home/kneely-ubuntu-22-04/project-repo/ucsd-mae-148-team-4/install/user_input_interfaces:${AMENT_PREFIX_PATH} CMAKE_PREFIX_PATH=/home/kneely-ubuntu-22-04/project-repo/ucsd-mae-148-team-4/install/user_input_interfaces LD_LIBRARY_PATH=/home/kneely-ubuntu-22-04/project-repo/ucsd-mae-148-team-4/install/user_input_interfaces/lib:${LD_LIBRARY_PATH} PYTHONPATH=/home/kneely-ubuntu-22-04/project-repo/ucsd-mae-148-team-4/build/ride_service_pkg/prefix_override:/home/kneely-ubuntu-22-04/project-repo/ucsd-mae-148-team-4/install/ride_service_pkg/lib/python3.10/site-packages:/home/kneely-ubuntu-22-04/project-repo/ucsd-mae-148-team-4/install/user_input_interfaces/lib/python3.10/site-packages:${PYTHONPATH} WSLENV=ELECTRON_RUN_AS_NODE/w:WT_SESSION:WT_PROFILE_ID: /usr/bin/python3 setup.py egg_info --egg-base ../../build/ride_service_pkg build --build-base /home/kneely-ubuntu-22-04/project-repo/ucsd-mae-148-team-4/build/ride_service_pkg/build install --record /home/kneely-ubuntu-22-04/project-repo/ucsd-mae-148-team-4/build/ride_service_pkg/install.log --single-version-externally-managed
[8.989s] DEBUG:colcon.colcon_core.event_handler.log_command:Invoked command in '/home/kneely-ubuntu-22-04/project-repo/ucsd-mae-148-team-4/src/face_rec_pkg' returned '1': AMENT_PREFIX_PATH=/home/kneely-ubuntu-22-04/project-repo/ucsd-mae-148-team-4/install/user_input_interfaces:${AMENT_PREFIX_PATH} CMAKE_PREFIX_PATH=/home/kneely-ubuntu-22-04/project-repo/ucsd-mae-148-team-4/install/user_input_interfaces LD_LIBRARY_PATH=/home/kneely-ubuntu-22-04/project-repo/ucsd-mae-148-team-4/install/user_input_interfaces/lib:${LD_LIBRARY_PATH} PYTHONPATH=/home/kneely-ubuntu-22-04/project-repo/ucsd-mae-148-team-4/build/face_rec_pkg/prefix_override:/home/kneely-ubuntu-22-04/project-repo/ucsd-mae-148-team-4/install/face_rec_pkg/lib/python3.10/site-packages:/home/kneely-ubuntu-22-04/project-repo/ucsd-mae-148-team-4/install/user_input_interfaces/lib/python3.10/site-packages:${PYTHONPATH} WSLENV=ELECTRON_RUN_AS_NODE/w:WT_SESSION:WT_PROFILE_ID: /usr/bin/python3 setup.py egg_info --egg-base ../../build/face_rec_pkg build --build-base /home/kneely-ubuntu-22-04/project-repo/ucsd-mae-148-team-4/build/face_rec_pkg/build install --record /home/kneely-ubuntu-22-04/project-repo/ucsd-mae-148-team-4/build/face_rec_pkg/install.log --single-version-externally-managed
[9.127s] DEBUG:colcon.colcon_parallel_executor.executor.parallel:closing loop
[9.129s] DEBUG:colcon.colcon_parallel_executor.executor.parallel:loop closed
[9.130s] DEBUG:colcon.colcon_parallel_executor.executor.parallel:run_until_complete finished with '1'
[9.131s] DEBUG:colcon.colcon_core.event_reactor:joining thread
[9.286s] INFO:colcon.colcon_core.plugin_system:Skipping extension 'colcon_notification.desktop_notification.notify_send': Could not find 'notify-send'
[9.286s] INFO:colcon.colcon_core.plugin_system:Skipping extension 'colcon_notification.desktop_notification.terminal_notifier': Not used on non-Darwin systems
[9.287s] INFO:colcon.colcon_core.plugin_system:Skipping extension 'colcon_notification.desktop_notification.win32': Not used on non-Windows systems
[9.287s] INFO:colcon.colcon_notification.desktop_notification:Sending desktop notification using 'notify2'
[9.289s] DEBUG:colcon.colcon_notification.desktop_notification.notify2:Failed to initialize notify2: org.freedesktop.DBus.Error.ServiceUnknown: The name org.freedesktop.Notifications was not provided by any .service files
[9.289s] DEBUG:colcon.colcon_core.event_reactor:joined thread
[9.318s] INFO:colcon.colcon_core.shell:Creating prefix script '/home/kneely-ubuntu-22-04/project-repo/ucsd-mae-148-team-4/install/local_setup.ps1'
[9.321s] INFO:colcon.colcon_core.shell:Creating prefix util module '/home/kneely-ubuntu-22-04/project-repo/ucsd-mae-148-team-4/install/_local_setup_util_ps1.py'
[9.324s] INFO:colcon.colcon_core.shell:Creating prefix chain script '/home/kneely-ubuntu-22-04/project-repo/ucsd-mae-148-team-4/install/setup.ps1'
[9.353s] INFO:colcon.colcon_core.shell:Creating prefix script '/home/kneely-ubuntu-22-04/project-repo/ucsd-mae-148-team-4/install/local_setup.sh'
[9.355s] INFO:colcon.colcon_core.shell:Creating prefix util module '/home/kneely-ubuntu-22-04/project-repo/ucsd-mae-148-team-4/install/_local_setup_util_sh.py'
[9.357s] INFO:colcon.colcon_core.shell:Creating prefix chain script '/home/kneely-ubuntu-22-04/project-repo/ucsd-mae-148-team-4/install/setup.sh'
[9.383s] INFO:colcon.colcon_core.shell:Creating prefix script '/home/kneely-ubuntu-22-04/project-repo/ucsd-mae-148-team-4/install/local_setup.bash'
[9.384s] INFO:colcon.colcon_core.shell:Creating prefix chain script '/home/kneely-ubuntu-22-04/project-repo/ucsd-mae-148-team-4/install/setup.bash'
[9.412s] INFO:colcon.colcon_core.shell:Creating prefix script '/home/kneely-ubuntu-22-04/project-repo/ucsd-mae-148-team-4/install/local_setup.zsh'
[9.413s] INFO:colcon.colcon_core.shell:Creating prefix chain script '/home/kneely-ubuntu-22-04/project-repo/ucsd-mae-148-team-4/install/setup.zsh'
