[3.394s] Invoking command in '/home/kneely-ubuntu-22-04/project-repo/ucsd-mae-148-team-4/src/ride_request_pkg': PYTHONPATH=/home/kneely-ubuntu-22-04/project-repo/ucsd-mae-148-team-4/build/ride_request_pkg/prefix_override:/home/kneely-ubuntu-22-04/project-repo/ucsd-mae-148-team-4/install/ride_request_pkg/lib/python3.10/site-packages:/home/kneely-ubuntu-22-04/project-repo/ucsd-mae-148-team-4/install/user_input_interfaces/lib/python3.10/site-packages:/home/kneely-ubuntu-22-04/project-repo/ucsd-mae-148-team-4/install/ride_service_pkg/lib/python3.10/site-packages:/home/kneely-ubuntu-22-04/project-repo/ucsd-mae-148-team-4/install/ride_request_pkg/lib/python3.10/site-packages:/home/kneely-ubuntu-22-04/project-repo/ucsd-mae-148-team-4/install/face_rec_pkg/lib/python3.10/site-packages:/opt/ros/iron/lib/python3.10/site-packages /usr/bin/python3 setup.py egg_info --egg-base ../../build/ride_request_pkg build --build-base /home/kneely-ubuntu-22-04/project-repo/ucsd-mae-148-team-4/build/ride_request_pkg/build install --record /home/kneely-ubuntu-22-04/project-repo/ucsd-mae-148-team-4/build/ride_request_pkg/install.log --single-version-externally-managed
[3.900s] running egg_info
[3.903s] creating ../../build/ride_request_pkg/ride_request_pkg.egg-info
[3.905s] writing ../../build/ride_request_pkg/ride_request_pkg.egg-info/PKG-INFO
[3.907s] writing dependency_links to ../../build/ride_request_pkg/ride_request_pkg.egg-info/dependency_links.txt
[3.908s] writing entry points to ../../build/ride_request_pkg/ride_request_pkg.egg-info/entry_points.txt
[3.908s] writing requirements to ../../build/ride_request_pkg/ride_request_pkg.egg-info/requires.txt
[3.909s] writing top-level names to ../../build/ride_request_pkg/ride_request_pkg.egg-info/top_level.txt
[3.909s] writing manifest file '../../build/ride_request_pkg/ride_request_pkg.egg-info/SOURCES.txt'
[3.915s] reading manifest file '../../build/ride_request_pkg/ride_request_pkg.egg-info/SOURCES.txt'
[3.917s] writing manifest file '../../build/ride_request_pkg/ride_request_pkg.egg-info/SOURCES.txt'
[3.918s] running build
[3.918s] running build_py
[3.919s] creating /home/kneely-ubuntu-22-04/project-repo/ucsd-mae-148-team-4/build/ride_request_pkg/build
[3.921s] creating /home/kneely-ubuntu-22-04/project-repo/ucsd-mae-148-team-4/build/ride_request_pkg/build/lib
[3.922s] creating /home/kneely-ubuntu-22-04/project-repo/ucsd-mae-148-team-4/build/ride_request_pkg/build/lib/ride_request_pkg
[3.924s] copying ride_request_pkg/ride_request_publisher.py -> /home/kneely-ubuntu-22-04/project-repo/ucsd-mae-148-team-4/build/ride_request_pkg/build/lib/ride_request_pkg
[3.925s] copying ride_request_pkg/__init__.py -> /home/kneely-ubuntu-22-04/project-repo/ucsd-mae-148-team-4/build/ride_request_pkg/build/lib/ride_request_pkg
[3.928s] running install
[3.929s] /usr/lib/python3/dist-packages/setuptools/command/install.py:34: SetuptoolsDeprecationWarning: setup.py install is deprecated. Use build and pip and other standards-based tools.
[3.930s]   warnings.warn(
[3.932s] running install_lib
[3.939s] running install_data
[3.942s] running install_egg_info
[3.951s] removing '/home/kneely-ubuntu-22-04/project-repo/ucsd-mae-148-team-4/install/ride_request_pkg/lib/python3.10/site-packages/ride_request_pkg-0.0.0-py3.10.egg-info' (and everything under it)
[3.952s] Copying ../../build/ride_request_pkg/ride_request_pkg.egg-info to /home/kneely-ubuntu-22-04/project-repo/ucsd-mae-148-team-4/install/ride_request_pkg/lib/python3.10/site-packages/ride_request_pkg-0.0.0-py3.10.egg-info
[3.956s] running install_scripts
[4.007s] Installing ride_request script to /home/kneely-ubuntu-22-04/project-repo/ucsd-mae-148-team-4/install/ride_request_pkg/lib/ride_request_pkg
[4.009s] writing list of installed files to '/home/kneely-ubuntu-22-04/project-repo/ucsd-mae-148-team-4/build/ride_request_pkg/install.log'
[4.131s] Invoked command in '/home/kneely-ubuntu-22-04/project-repo/ucsd-mae-148-team-4/src/ride_request_pkg' returned '0': PYTHONPATH=/home/kneely-ubuntu-22-04/project-repo/ucsd-mae-148-team-4/build/ride_request_pkg/prefix_override:/home/kneely-ubuntu-22-04/project-repo/ucsd-mae-148-team-4/install/ride_request_pkg/lib/python3.10/site-packages:/home/kneely-ubuntu-22-04/project-repo/ucsd-mae-148-team-4/install/user_input_interfaces/lib/python3.10/site-packages:/home/kneely-ubuntu-22-04/project-repo/ucsd-mae-148-team-4/install/ride_service_pkg/lib/python3.10/site-packages:/home/kneely-ubuntu-22-04/project-repo/ucsd-mae-148-team-4/install/ride_request_pkg/lib/python3.10/site-packages:/home/kneely-ubuntu-22-04/project-repo/ucsd-mae-148-team-4/install/face_rec_pkg/lib/python3.10/site-packages:/opt/ros/iron/lib/python3.10/site-packages /usr/bin/python3 setup.py egg_info --egg-base ../../build/ride_request_pkg build --build-base /home/kneely-ubuntu-22-04/project-repo/ucsd-mae-148-team-4/build/ride_request_pkg/build install --record /home/kneely-ubuntu-22-04/project-repo/ucsd-mae-148-team-4/build/ride_request_pkg/install.log --single-version-externally-managed
